running egg_info
writing ../build/fixposition_extractor/fixposition_extractor.egg-info/PKG-INFO
writing dependency_links to ../build/fixposition_extractor/fixposition_extractor.egg-info/dependency_links.txt
writing entry points to ../build/fixposition_extractor/fixposition_extractor.egg-info/entry_points.txt
writing requirements to ../build/fixposition_extractor/fixposition_extractor.egg-info/requires.txt
writing top-level names to ../build/fixposition_extractor/fixposition_extractor.egg-info/top_level.txt
reading manifest file '../build/fixposition_extractor/fixposition_extractor.egg-info/SOURCES.txt'
writing manifest file '../build/fixposition_extractor/fixposition_extractor.egg-info/SOURCES.txt'
running build
running build_py
running install
running install_lib
creating /home/lhl/fixposition_driver/install/fixposition_extractor/lib/python3.10/site-packages/fixposition_extractor
copying /home/lhl/fixposition_driver/build/fixposition_extractor/build/lib/fixposition_extractor/pose_twist_extractor.py -> /home/lhl/fixposition_driver/install/fixposition_extractor/lib/python3.10/site-packages/fixposition_extractor
copying /home/lhl/fixposition_driver/build/fixposition_extractor/build/lib/fixposition_extractor/__init__.py -> /home/lhl/fixposition_driver/install/fixposition_extractor/lib/python3.10/site-packages/fixposition_extractor
byte-compiling /home/lhl/fixposition_driver/install/fixposition_extractor/lib/python3.10/site-packages/fixposition_extractor/pose_twist_extractor.py to pose_twist_extractor.cpython-310.pyc
byte-compiling /home/lhl/fixposition_driver/install/fixposition_extractor/lib/python3.10/site-packages/fixposition_extractor/__init__.py to __init__.cpython-310.pyc
running install_data
creating /home/lhl/fixposition_driver/install/fixposition_extractor/share/ament_index
creating /home/lhl/fixposition_driver/install/fixposition_extractor/share/ament_index/resource_index
creating /home/lhl/fixposition_driver/install/fixposition_extractor/share/ament_index/resource_index/packages
copying resource/fixposition_extractor -> /home/lhl/fixposition_driver/install/fixposition_extractor/share/ament_index/resource_index/packages
copying package.xml -> /home/lhl/fixposition_driver/install/fixposition_extractor/share/fixposition_extractor
creating /home/lhl/fixposition_driver/install/fixposition_extractor/share/fixposition_extractor/launch
copying launch/pose_twist_extractor.launch.xml -> /home/lhl/fixposition_driver/install/fixposition_extractor/share/fixposition_extractor/launch
running install_egg_info
Copying ../build/fixposition_extractor/fixposition_extractor.egg-info to /home/lhl/fixposition_driver/install/fixposition_extractor/lib/python3.10/site-packages/fixposition_extractor-0.0.0-py3.10.egg-info
running install_scripts
Installing pose_twist_extractor script to /home/lhl/fixposition_driver/install/fixposition_extractor/lib/fixposition_extractor
writing list of installed files to '/home/lhl/fixposition_driver/build/fixposition_extractor/install.log'
