[0.024s] Invoking command in '/home/lhl/fixposition_driver/build/rtcm_msgs': CMAKE_PREFIX_PATH=${CMAKE_PREFIX_PATH}:/opt/ros/humble /usr/bin/cmake --build /home/lhl/fixposition_driver/build/rtcm_msgs -- -j8 -l8
[0.123s] [35m[1mConsolidate compiler generated dependencies of target rtcm_msgs__rosidl_generator_c[0m
[0.146s] [  3%] Built target rtcm_msgs__cpp
[0.154s] [ 12%] Built target rtcm_msgs__rosidl_generator_c
[0.170s] [35m[1mConsolidate compiler generated dependencies of target rtcm_msgs__rosidl_typesupport_cpp[0m
[0.174s] [35m[1mConsolidate compiler generated dependencies of target rtcm_msgs__rosidl_typesupport_introspection_cpp[0m
[0.175s] [35m[1mConsolidate compiler generated dependencies of target rtcm_msgs__rosidl_typesupport_fastrtps_cpp[0m
[0.176s] [35m[1mConsolidate compiler generated dependencies of target rtcm_msgs__rosidl_typesupport_fastrtps_c[0m
[0.180s] [ 12%] Built target ament_cmake_python_copy_rtcm_msgs
[0.180s] [35m[1mConsolidate compiler generated dependencies of target rtcm_msgs__rosidl_typesupport_introspection_c[0m
[0.198s] [35m[1mConsolidate compiler generated dependencies of target rtcm_msgs__rosidl_typesupport_c[0m
[0.210s] [ 22%] Built target rtcm_msgs__rosidl_typesupport_cpp
[0.212s] [ 32%] Built target rtcm_msgs__rosidl_typesupport_fastrtps_cpp
[0.215s] [ 41%] Built target rtcm_msgs__rosidl_typesupport_introspection_cpp
[0.227s] [ 58%] Built target rtcm_msgs__rosidl_typesupport_introspection_c
[0.227s] [ 61%] Built target rtcm_msgs__rosidl_typesupport_fastrtps_c
[0.232s] [ 70%] Built target rtcm_msgs__rosidl_typesupport_c
[0.275s] [ 70%] Built target rtcm_msgs
[0.325s] [ 74%] Built target rtcm_msgs__py
[0.346s] [35m[1mConsolidate compiler generated dependencies of target rtcm_msgs__rosidl_generator_py[0m
[0.374s] [ 80%] Built target rtcm_msgs__rosidl_generator_py
[0.397s] [35m[1mConsolidate compiler generated dependencies of target rtcm_msgs__rosidl_typesupport_fastrtps_c__pyext[0m
[0.397s] [35m[1mConsolidate compiler generated dependencies of target rtcm_msgs__rosidl_typesupport_c__pyext[0m
[0.397s] [35m[1mConsolidate compiler generated dependencies of target rtcm_msgs__rosidl_typesupport_introspection_c__pyext[0m
[0.436s] [ 87%] Built target rtcm_msgs__rosidl_typesupport_c__pyext
[0.437s] [ 93%] Built target rtcm_msgs__rosidl_typesupport_fastrtps_c__pyext
[0.437s] [100%] Built target rtcm_msgs__rosidl_typesupport_introspection_c__pyext
[0.761s] running egg_info
[0.762s] writing rtcm_msgs.egg-info/PKG-INFO
[0.762s] writing dependency_links to rtcm_msgs.egg-info/dependency_links.txt
[0.763s] writing top-level names to rtcm_msgs.egg-info/top_level.txt
[0.768s] reading manifest file 'rtcm_msgs.egg-info/SOURCES.txt'
[0.769s] writing manifest file 'rtcm_msgs.egg-info/SOURCES.txt'
[0.846s] [100%] Built target ament_cmake_python_build_rtcm_msgs_egg
[0.877s] Invoked command in '/home/lhl/fixposition_driver/build/rtcm_msgs' returned '0': CMAKE_PREFIX_PATH=${CMAKE_PREFIX_PATH}:/opt/ros/humble /usr/bin/cmake --build /home/lhl/fixposition_driver/build/rtcm_msgs -- -j8 -l8
[0.990s] Invoking command in '/home/lhl/fixposition_driver/build/rtcm_msgs': CMAKE_PREFIX_PATH=${CMAKE_PREFIX_PATH}:/opt/ros/humble /usr/bin/cmake --install /home/lhl/fixposition_driver/build/rtcm_msgs
[1.014s] -- Install configuration: ""
[1.015s] -- Up-to-date: /home/lhl/fixposition_driver/install/rtcm_msgs/share/ament_index/resource_index/rosidl_interfaces/rtcm_msgs
[1.015s] -- Up-to-date: /home/lhl/fixposition_driver/install/rtcm_msgs/include/rtcm_msgs/rtcm_msgs
[1.015s] -- Up-to-date: /home/lhl/fixposition_driver/install/rtcm_msgs/include/rtcm_msgs/rtcm_msgs/msg
[1.015s] -- Up-to-date: /home/lhl/fixposition_driver/install/rtcm_msgs/include/rtcm_msgs/rtcm_msgs/msg/detail
[1.015s] -- Up-to-date: /home/lhl/fixposition_driver/install/rtcm_msgs/include/rtcm_msgs/rtcm_msgs/msg/detail/message__type_support.h
[1.016s] -- Up-to-date: /home/lhl/fixposition_driver/install/rtcm_msgs/include/rtcm_msgs/rtcm_msgs/msg/detail/message__functions.h
[1.016s] -- Up-to-date: /home/lhl/fixposition_driver/install/rtcm_msgs/include/rtcm_msgs/rtcm_msgs/msg/detail/message__struct.h
[1.016s] -- Up-to-date: /home/lhl/fixposition_driver/install/rtcm_msgs/include/rtcm_msgs/rtcm_msgs/msg/detail/message__functions.c
[1.016s] -- Up-to-date: /home/lhl/fixposition_driver/install/rtcm_msgs/include/rtcm_msgs/rtcm_msgs/msg/rosidl_generator_c__visibility_control.h
[1.017s] -- Up-to-date: /home/lhl/fixposition_driver/install/rtcm_msgs/include/rtcm_msgs/rtcm_msgs/msg/message.h
[1.017s] -- Up-to-date: /home/lhl/fixposition_driver/install/rtcm_msgs/share/rtcm_msgs/environment/library_path.sh
[1.017s] -- Up-to-date: /home/lhl/fixposition_driver/install/rtcm_msgs/share/rtcm_msgs/environment/library_path.dsv
[1.017s] -- Up-to-date: /home/lhl/fixposition_driver/install/rtcm_msgs/lib/librtcm_msgs__rosidl_generator_c.so
[1.017s] -- Up-to-date: /home/lhl/fixposition_driver/install/rtcm_msgs/include/rtcm_msgs/rtcm_msgs
[1.018s] -- Up-to-date: /home/lhl/fixposition_driver/install/rtcm_msgs/include/rtcm_msgs/rtcm_msgs/msg
[1.018s] -- Up-to-date: /home/lhl/fixposition_driver/install/rtcm_msgs/include/rtcm_msgs/rtcm_msgs/msg/detail
[1.018s] -- Up-to-date: /home/lhl/fixposition_driver/install/rtcm_msgs/include/rtcm_msgs/rtcm_msgs/msg/detail/message__rosidl_typesupport_fastrtps_c.h
[1.018s] -- Up-to-date: /home/lhl/fixposition_driver/install/rtcm_msgs/include/rtcm_msgs/rtcm_msgs/msg/rosidl_typesupport_fastrtps_c__visibility_control.h
[1.018s] -- Up-to-date: /home/lhl/fixposition_driver/install/rtcm_msgs/lib/librtcm_msgs__rosidl_typesupport_fastrtps_c.so
[1.018s] -- Up-to-date: /home/lhl/fixposition_driver/install/rtcm_msgs/include/rtcm_msgs/rtcm_msgs
[1.018s] -- Up-to-date: /home/lhl/fixposition_driver/install/rtcm_msgs/include/rtcm_msgs/rtcm_msgs/msg
[1.019s] -- Up-to-date: /home/lhl/fixposition_driver/install/rtcm_msgs/include/rtcm_msgs/rtcm_msgs/msg/message.hpp
[1.019s] -- Up-to-date: /home/lhl/fixposition_driver/install/rtcm_msgs/include/rtcm_msgs/rtcm_msgs/msg/detail
[1.019s] -- Up-to-date: /home/lhl/fixposition_driver/install/rtcm_msgs/include/rtcm_msgs/rtcm_msgs/msg/detail/message__struct.hpp
[1.019s] -- Up-to-date: /home/lhl/fixposition_driver/install/rtcm_msgs/include/rtcm_msgs/rtcm_msgs/msg/detail/message__traits.hpp
[1.019s] -- Up-to-date: /home/lhl/fixposition_driver/install/rtcm_msgs/include/rtcm_msgs/rtcm_msgs/msg/detail/message__builder.hpp
[1.019s] -- Up-to-date: /home/lhl/fixposition_driver/install/rtcm_msgs/include/rtcm_msgs/rtcm_msgs
[1.020s] -- Up-to-date: /home/lhl/fixposition_driver/install/rtcm_msgs/include/rtcm_msgs/rtcm_msgs/msg
[1.020s] -- Up-to-date: /home/lhl/fixposition_driver/install/rtcm_msgs/include/rtcm_msgs/rtcm_msgs/msg/detail
[1.020s] -- Up-to-date: /home/lhl/fixposition_driver/install/rtcm_msgs/include/rtcm_msgs/rtcm_msgs/msg/detail/message__rosidl_typesupport_fastrtps_cpp.hpp
[1.020s] -- Up-to-date: /home/lhl/fixposition_driver/install/rtcm_msgs/include/rtcm_msgs/rtcm_msgs/msg/detail/dds_fastrtps
[1.021s] -- Up-to-date: /home/lhl/fixposition_driver/install/rtcm_msgs/include/rtcm_msgs/rtcm_msgs/msg/rosidl_typesupport_fastrtps_cpp__visibility_control.h
[1.021s] -- Up-to-date: /home/lhl/fixposition_driver/install/rtcm_msgs/lib/librtcm_msgs__rosidl_typesupport_fastrtps_cpp.so
[1.021s] -- Up-to-date: /home/lhl/fixposition_driver/install/rtcm_msgs/include/rtcm_msgs/rtcm_msgs
[1.022s] -- Up-to-date: /home/lhl/fixposition_driver/install/rtcm_msgs/include/rtcm_msgs/rtcm_msgs/msg
[1.022s] -- Up-to-date: /home/lhl/fixposition_driver/install/rtcm_msgs/include/rtcm_msgs/rtcm_msgs/msg/detail
[1.022s] -- Up-to-date: /home/lhl/fixposition_driver/install/rtcm_msgs/include/rtcm_msgs/rtcm_msgs/msg/detail/message__type_support.c
[1.022s] -- Up-to-date: /home/lhl/fixposition_driver/install/rtcm_msgs/include/rtcm_msgs/rtcm_msgs/msg/detail/message__rosidl_typesupport_introspection_c.h
[1.022s] -- Up-to-date: /home/lhl/fixposition_driver/install/rtcm_msgs/include/rtcm_msgs/rtcm_msgs/msg/rosidl_typesupport_introspection_c__visibility_control.h
[1.022s] -- Up-to-date: /home/lhl/fixposition_driver/install/rtcm_msgs/lib/librtcm_msgs__rosidl_typesupport_introspection_c.so
[1.022s] -- Up-to-date: /home/lhl/fixposition_driver/install/rtcm_msgs/lib/librtcm_msgs__rosidl_typesupport_c.so
[1.022s] -- Up-to-date: /home/lhl/fixposition_driver/install/rtcm_msgs/include/rtcm_msgs/rtcm_msgs
[1.023s] -- Up-to-date: /home/lhl/fixposition_driver/install/rtcm_msgs/include/rtcm_msgs/rtcm_msgs/msg
[1.023s] -- Up-to-date: /home/lhl/fixposition_driver/install/rtcm_msgs/include/rtcm_msgs/rtcm_msgs/msg/detail
[1.023s] -- Up-to-date: /home/lhl/fixposition_driver/install/rtcm_msgs/include/rtcm_msgs/rtcm_msgs/msg/detail/message__rosidl_typesupport_introspection_cpp.hpp
[1.023s] -- Up-to-date: /home/lhl/fixposition_driver/install/rtcm_msgs/include/rtcm_msgs/rtcm_msgs/msg/detail/message__type_support.cpp
[1.023s] -- Up-to-date: /home/lhl/fixposition_driver/install/rtcm_msgs/lib/librtcm_msgs__rosidl_typesupport_introspection_cpp.so
[1.023s] -- Up-to-date: /home/lhl/fixposition_driver/install/rtcm_msgs/lib/librtcm_msgs__rosidl_typesupport_cpp.so
[1.023s] -- Up-to-date: /home/lhl/fixposition_driver/install/rtcm_msgs/share/rtcm_msgs/environment/pythonpath.sh
[1.023s] -- Up-to-date: /home/lhl/fixposition_driver/install/rtcm_msgs/share/rtcm_msgs/environment/pythonpath.dsv
[1.024s] -- Up-to-date: /home/lhl/fixposition_driver/install/rtcm_msgs/local/lib/python3.10/dist-packages/rtcm_msgs-1.1.6-py3.10.egg-info
[1.024s] -- Installing: /home/lhl/fixposition_driver/install/rtcm_msgs/local/lib/python3.10/dist-packages/rtcm_msgs-1.1.6-py3.10.egg-info/dependency_links.txt
[1.024s] -- Installing: /home/lhl/fixposition_driver/install/rtcm_msgs/local/lib/python3.10/dist-packages/rtcm_msgs-1.1.6-py3.10.egg-info/PKG-INFO
[1.024s] -- Installing: /home/lhl/fixposition_driver/install/rtcm_msgs/local/lib/python3.10/dist-packages/rtcm_msgs-1.1.6-py3.10.egg-info/top_level.txt
[1.024s] -- Installing: /home/lhl/fixposition_driver/install/rtcm_msgs/local/lib/python3.10/dist-packages/rtcm_msgs-1.1.6-py3.10.egg-info/SOURCES.txt
[1.024s] -- Up-to-date: /home/lhl/fixposition_driver/install/rtcm_msgs/local/lib/python3.10/dist-packages/rtcm_msgs
[1.024s] -- Up-to-date: /home/lhl/fixposition_driver/install/rtcm_msgs/local/lib/python3.10/dist-packages/rtcm_msgs/_rtcm_msgs_s.ep.rosidl_typesupport_fastrtps_c.c
[1.025s] -- Up-to-date: /home/lhl/fixposition_driver/install/rtcm_msgs/local/lib/python3.10/dist-packages/rtcm_msgs/_rtcm_msgs_s.ep.rosidl_typesupport_c.c
[1.025s] -- Up-to-date: /home/lhl/fixposition_driver/install/rtcm_msgs/local/lib/python3.10/dist-packages/rtcm_msgs/rtcm_msgs_s__rosidl_typesupport_fastrtps_c.cpython-310-aarch64-linux-gnu.so
[1.025s] -- Up-to-date: /home/lhl/fixposition_driver/install/rtcm_msgs/local/lib/python3.10/dist-packages/rtcm_msgs/librtcm_msgs__rosidl_generator_py.so
[1.025s] -- Up-to-date: /home/lhl/fixposition_driver/install/rtcm_msgs/local/lib/python3.10/dist-packages/rtcm_msgs/rtcm_msgs_s__rosidl_typesupport_introspection_c.cpython-310-aarch64-linux-gnu.so
[1.025s] -- Up-to-date: /home/lhl/fixposition_driver/install/rtcm_msgs/local/lib/python3.10/dist-packages/rtcm_msgs/msg
[1.025s] -- Up-to-date: /home/lhl/fixposition_driver/install/rtcm_msgs/local/lib/python3.10/dist-packages/rtcm_msgs/msg/_message.py
[1.025s] -- Up-to-date: /home/lhl/fixposition_driver/install/rtcm_msgs/local/lib/python3.10/dist-packages/rtcm_msgs/msg/_message_s.c
[1.025s] -- Up-to-date: /home/lhl/fixposition_driver/install/rtcm_msgs/local/lib/python3.10/dist-packages/rtcm_msgs/msg/__init__.py
[1.026s] -- Up-to-date: /home/lhl/fixposition_driver/install/rtcm_msgs/local/lib/python3.10/dist-packages/rtcm_msgs/__init__.py
[1.026s] -- Up-to-date: /home/lhl/fixposition_driver/install/rtcm_msgs/local/lib/python3.10/dist-packages/rtcm_msgs/rtcm_msgs_s__rosidl_typesupport_c.cpython-310-aarch64-linux-gnu.so
[1.026s] -- Up-to-date: /home/lhl/fixposition_driver/install/rtcm_msgs/local/lib/python3.10/dist-packages/rtcm_msgs/_rtcm_msgs_s.ep.rosidl_typesupport_introspection_c.c
[1.081s] Listing '/home/lhl/fixposition_driver/install/rtcm_msgs/local/lib/python3.10/dist-packages/rtcm_msgs'...
[1.081s] Listing '/home/lhl/fixposition_driver/install/rtcm_msgs/local/lib/python3.10/dist-packages/rtcm_msgs/msg'...
[1.091s] -- Up-to-date: /home/lhl/fixposition_driver/install/rtcm_msgs/local/lib/python3.10/dist-packages/rtcm_msgs/rtcm_msgs_s__rosidl_typesupport_fastrtps_c.cpython-310-aarch64-linux-gnu.so
[1.091s] -- Up-to-date: /home/lhl/fixposition_driver/install/rtcm_msgs/local/lib/python3.10/dist-packages/rtcm_msgs/rtcm_msgs_s__rosidl_typesupport_introspection_c.cpython-310-aarch64-linux-gnu.so
[1.091s] -- Up-to-date: /home/lhl/fixposition_driver/install/rtcm_msgs/local/lib/python3.10/dist-packages/rtcm_msgs/rtcm_msgs_s__rosidl_typesupport_c.cpython-310-aarch64-linux-gnu.so
[1.092s] -- Up-to-date: /home/lhl/fixposition_driver/install/rtcm_msgs/lib/librtcm_msgs__rosidl_generator_py.so
[1.093s] -- Up-to-date: /home/lhl/fixposition_driver/install/rtcm_msgs/share/rtcm_msgs/msg/Message.idl
[1.093s] -- Up-to-date: /home/lhl/fixposition_driver/install/rtcm_msgs/share/rtcm_msgs/msg/Message.msg
[1.093s] -- Up-to-date: /home/lhl/fixposition_driver/install/rtcm_msgs/share/ament_index/resource_index/package_run_dependencies/rtcm_msgs
[1.094s] -- Up-to-date: /home/lhl/fixposition_driver/install/rtcm_msgs/share/ament_index/resource_index/parent_prefix_path/rtcm_msgs
[1.094s] -- Up-to-date: /home/lhl/fixposition_driver/install/rtcm_msgs/share/rtcm_msgs/environment/ament_prefix_path.sh
[1.094s] -- Up-to-date: /home/lhl/fixposition_driver/install/rtcm_msgs/share/rtcm_msgs/environment/ament_prefix_path.dsv
[1.095s] -- Up-to-date: /home/lhl/fixposition_driver/install/rtcm_msgs/share/rtcm_msgs/environment/path.sh
[1.095s] -- Up-to-date: /home/lhl/fixposition_driver/install/rtcm_msgs/share/rtcm_msgs/environment/path.dsv
[1.095s] -- Up-to-date: /home/lhl/fixposition_driver/install/rtcm_msgs/share/rtcm_msgs/local_setup.bash
[1.096s] -- Up-to-date: /home/lhl/fixposition_driver/install/rtcm_msgs/share/rtcm_msgs/local_setup.sh
[1.096s] -- Up-to-date: /home/lhl/fixposition_driver/install/rtcm_msgs/share/rtcm_msgs/local_setup.zsh
[1.097s] -- Up-to-date: /home/lhl/fixposition_driver/install/rtcm_msgs/share/rtcm_msgs/local_setup.dsv
[1.097s] -- Installing: /home/lhl/fixposition_driver/install/rtcm_msgs/share/rtcm_msgs/package.dsv
[1.097s] -- Up-to-date: /home/lhl/fixposition_driver/install/rtcm_msgs/share/ament_index/resource_index/packages/rtcm_msgs
[1.097s] -- Up-to-date: /home/lhl/fixposition_driver/install/rtcm_msgs/share/rtcm_msgs/cmake/export_rtcm_msgs__rosidl_generator_cExport.cmake
[1.097s] -- Up-to-date: /home/lhl/fixposition_driver/install/rtcm_msgs/share/rtcm_msgs/cmake/export_rtcm_msgs__rosidl_generator_cExport-noconfig.cmake
[1.098s] -- Up-to-date: /home/lhl/fixposition_driver/install/rtcm_msgs/share/rtcm_msgs/cmake/export_rtcm_msgs__rosidl_typesupport_fastrtps_cExport.cmake
[1.098s] -- Up-to-date: /home/lhl/fixposition_driver/install/rtcm_msgs/share/rtcm_msgs/cmake/export_rtcm_msgs__rosidl_typesupport_fastrtps_cExport-noconfig.cmake
[1.098s] -- Up-to-date: /home/lhl/fixposition_driver/install/rtcm_msgs/share/rtcm_msgs/cmake/export_rtcm_msgs__rosidl_generator_cppExport.cmake
[1.098s] -- Up-to-date: /home/lhl/fixposition_driver/install/rtcm_msgs/share/rtcm_msgs/cmake/export_rtcm_msgs__rosidl_typesupport_fastrtps_cppExport.cmake
[1.099s] -- Up-to-date: /home/lhl/fixposition_driver/install/rtcm_msgs/share/rtcm_msgs/cmake/export_rtcm_msgs__rosidl_typesupport_fastrtps_cppExport-noconfig.cmake
[1.099s] -- Up-to-date: /home/lhl/fixposition_driver/install/rtcm_msgs/share/rtcm_msgs/cmake/rtcm_msgs__rosidl_typesupport_introspection_cExport.cmake
[1.099s] -- Up-to-date: /home/lhl/fixposition_driver/install/rtcm_msgs/share/rtcm_msgs/cmake/rtcm_msgs__rosidl_typesupport_introspection_cExport-noconfig.cmake
[1.099s] -- Up-to-date: /home/lhl/fixposition_driver/install/rtcm_msgs/share/rtcm_msgs/cmake/rtcm_msgs__rosidl_typesupport_cExport.cmake
[1.099s] -- Up-to-date: /home/lhl/fixposition_driver/install/rtcm_msgs/share/rtcm_msgs/cmake/rtcm_msgs__rosidl_typesupport_cExport-noconfig.cmake
[1.100s] -- Up-to-date: /home/lhl/fixposition_driver/install/rtcm_msgs/share/rtcm_msgs/cmake/rtcm_msgs__rosidl_typesupport_introspection_cppExport.cmake
[1.100s] -- Up-to-date: /home/lhl/fixposition_driver/install/rtcm_msgs/share/rtcm_msgs/cmake/rtcm_msgs__rosidl_typesupport_introspection_cppExport-noconfig.cmake
[1.103s] -- Up-to-date: /home/lhl/fixposition_driver/install/rtcm_msgs/share/rtcm_msgs/cmake/rtcm_msgs__rosidl_typesupport_cppExport.cmake
[1.105s] -- Up-to-date: /home/lhl/fixposition_driver/install/rtcm_msgs/share/rtcm_msgs/cmake/rtcm_msgs__rosidl_typesupport_cppExport-noconfig.cmake
[1.106s] -- Up-to-date: /home/lhl/fixposition_driver/install/rtcm_msgs/share/rtcm_msgs/cmake/export_rtcm_msgs__rosidl_generator_pyExport.cmake
[1.106s] -- Up-to-date: /home/lhl/fixposition_driver/install/rtcm_msgs/share/rtcm_msgs/cmake/export_rtcm_msgs__rosidl_generator_pyExport-noconfig.cmake
[1.107s] -- Up-to-date: /home/lhl/fixposition_driver/install/rtcm_msgs/share/rtcm_msgs/cmake/rosidl_cmake-extras.cmake
[1.108s] -- Up-to-date: /home/lhl/fixposition_driver/install/rtcm_msgs/share/rtcm_msgs/cmake/ament_cmake_export_dependencies-extras.cmake
[1.109s] -- Up-to-date: /home/lhl/fixposition_driver/install/rtcm_msgs/share/rtcm_msgs/cmake/ament_cmake_export_include_directories-extras.cmake
[1.110s] -- Up-to-date: /home/lhl/fixposition_driver/install/rtcm_msgs/share/rtcm_msgs/cmake/ament_cmake_export_libraries-extras.cmake
[1.111s] -- Up-to-date: /home/lhl/fixposition_driver/install/rtcm_msgs/share/rtcm_msgs/cmake/ament_cmake_export_targets-extras.cmake
[1.112s] -- Up-to-date: /home/lhl/fixposition_driver/install/rtcm_msgs/share/rtcm_msgs/cmake/rosidl_cmake_export_typesupport_targets-extras.cmake
[1.112s] -- Up-to-date: /home/lhl/fixposition_driver/install/rtcm_msgs/share/rtcm_msgs/cmake/rosidl_cmake_export_typesupport_libraries-extras.cmake
[1.113s] -- Up-to-date: /home/lhl/fixposition_driver/install/rtcm_msgs/share/rtcm_msgs/cmake/rtcm_msgsConfig.cmake
[1.113s] -- Up-to-date: /home/lhl/fixposition_driver/install/rtcm_msgs/share/rtcm_msgs/cmake/rtcm_msgsConfig-version.cmake
[1.114s] -- Up-to-date: /home/lhl/fixposition_driver/install/rtcm_msgs/share/rtcm_msgs/package.xml
[1.115s] Invoked command in '/home/lhl/fixposition_driver/build/rtcm_msgs' returned '0': CMAKE_PREFIX_PATH=${CMAKE_PREFIX_PATH}:/opt/ros/humble /usr/bin/cmake --install /home/lhl/fixposition_driver/build/rtcm_msgs
