[0.042s] Invoking command in '/home/lhl/fixposition_driver/build/rtcm_msgs': CMAKE_PREFIX_PATH=${CMAKE_PREFIX_PATH}:/home/lhl/fixposition_driver/install/fixposition_extractor:/opt/ros/humble /usr/bin/cmake --build /home/lhl/fixposition_driver/build/rtcm_msgs -- -j8 -l8
[0.159s] [  3%] Built target rtcm_msgs__cpp
[0.168s] [ 12%] Built target rtcm_msgs__rosidl_generator_c
[0.181s] [ 12%] Built target ament_cmake_python_copy_rtcm_msgs
[0.217s] [ 22%] Built target rtcm_msgs__rosidl_typesupport_cpp
[0.230s] [ 32%] Built target rtcm_msgs__rosidl_typesupport_introspection_cpp
[0.232s] [ 41%] Built target rtcm_msgs__rosidl_typesupport_fastrtps_cpp
[0.236s] [ 51%] Built target rtcm_msgs__rosidl_typesupport_fastrtps_c
[0.242s] [ 61%] Built target rtcm_msgs__rosidl_typesupport_introspection_c
[0.250s] [ 70%] Built target rtcm_msgs__rosidl_typesupport_c
[0.291s] [ 70%] Built target rtcm_msgs
[0.334s] [ 74%] Built target rtcm_msgs__py
[0.380s] [ 80%] Built target rtcm_msgs__rosidl_generator_py
[0.441s] [ 87%] Built target rtcm_msgs__rosidl_typesupport_introspection_c__pyext
[0.441s] [ 93%] Built target rtcm_msgs__rosidl_typesupport_c__pyext
[0.446s] [100%] Built target rtcm_msgs__rosidl_typesupport_fastrtps_c__pyext
[0.740s] running egg_info
[0.741s] writing rtcm_msgs.egg-info/PKG-INFO
[0.742s] writing dependency_links to rtcm_msgs.egg-info/dependency_links.txt
[0.742s] writing top-level names to rtcm_msgs.egg-info/top_level.txt
[0.748s] reading manifest file 'rtcm_msgs.egg-info/SOURCES.txt'
[0.749s] writing manifest file 'rtcm_msgs.egg-info/SOURCES.txt'
[0.828s] [100%] Built target ament_cmake_python_build_rtcm_msgs_egg
[0.858s] Invoked command in '/home/lhl/fixposition_driver/build/rtcm_msgs' returned '0': CMAKE_PREFIX_PATH=${CMAKE_PREFIX_PATH}:/home/lhl/fixposition_driver/install/fixposition_extractor:/opt/ros/humble /usr/bin/cmake --build /home/lhl/fixposition_driver/build/rtcm_msgs -- -j8 -l8
[0.979s] Invoking command in '/home/lhl/fixposition_driver/build/rtcm_msgs': CMAKE_PREFIX_PATH=${CMAKE_PREFIX_PATH}:/home/lhl/fixposition_driver/install/fixposition_extractor:/opt/ros/humble /usr/bin/cmake --install /home/lhl/fixposition_driver/build/rtcm_msgs
[0.996s] -- Install configuration: ""
[0.997s] -- Up-to-date: /home/lhl/fixposition_driver/install/rtcm_msgs/share/ament_index/resource_index/rosidl_interfaces/rtcm_msgs
[0.997s] -- Up-to-date: /home/lhl/fixposition_driver/install/rtcm_msgs/include/rtcm_msgs/rtcm_msgs
[0.997s] -- Up-to-date: /home/lhl/fixposition_driver/install/rtcm_msgs/include/rtcm_msgs/rtcm_msgs/msg
[0.997s] -- Up-to-date: /home/lhl/fixposition_driver/install/rtcm_msgs/include/rtcm_msgs/rtcm_msgs/msg/detail
[0.998s] -- Up-to-date: /home/lhl/fixposition_driver/install/rtcm_msgs/include/rtcm_msgs/rtcm_msgs/msg/detail/message__type_support.h
[0.998s] -- Up-to-date: /home/lhl/fixposition_driver/install/rtcm_msgs/include/rtcm_msgs/rtcm_msgs/msg/detail/message__functions.h
[0.998s] -- Up-to-date: /home/lhl/fixposition_driver/install/rtcm_msgs/include/rtcm_msgs/rtcm_msgs/msg/detail/message__struct.h
[0.998s] -- Up-to-date: /home/lhl/fixposition_driver/install/rtcm_msgs/include/rtcm_msgs/rtcm_msgs/msg/detail/message__functions.c
[0.998s] -- Up-to-date: /home/lhl/fixposition_driver/install/rtcm_msgs/include/rtcm_msgs/rtcm_msgs/msg/rosidl_generator_c__visibility_control.h
[0.999s] -- Up-to-date: /home/lhl/fixposition_driver/install/rtcm_msgs/include/rtcm_msgs/rtcm_msgs/msg/message.h
[0.999s] -- Up-to-date: /home/lhl/fixposition_driver/install/rtcm_msgs/share/rtcm_msgs/environment/library_path.sh
[0.999s] -- Up-to-date: /home/lhl/fixposition_driver/install/rtcm_msgs/share/rtcm_msgs/environment/library_path.dsv
[0.999s] -- Up-to-date: /home/lhl/fixposition_driver/install/rtcm_msgs/lib/librtcm_msgs__rosidl_generator_c.so
[1.000s] -- Up-to-date: /home/lhl/fixposition_driver/install/rtcm_msgs/include/rtcm_msgs/rtcm_msgs
[1.001s] -- Up-to-date: /home/lhl/fixposition_driver/install/rtcm_msgs/include/rtcm_msgs/rtcm_msgs/msg
[1.001s] -- Up-to-date: /home/lhl/fixposition_driver/install/rtcm_msgs/include/rtcm_msgs/rtcm_msgs/msg/detail
[1.001s] -- Up-to-date: /home/lhl/fixposition_driver/install/rtcm_msgs/include/rtcm_msgs/rtcm_msgs/msg/detail/message__rosidl_typesupport_fastrtps_c.h
[1.001s] -- Up-to-date: /home/lhl/fixposition_driver/install/rtcm_msgs/include/rtcm_msgs/rtcm_msgs/msg/rosidl_typesupport_fastrtps_c__visibility_control.h
[1.001s] -- Up-to-date: /home/lhl/fixposition_driver/install/rtcm_msgs/lib/librtcm_msgs__rosidl_typesupport_fastrtps_c.so
[1.002s] -- Up-to-date: /home/lhl/fixposition_driver/install/rtcm_msgs/include/rtcm_msgs/rtcm_msgs
[1.002s] -- Up-to-date: /home/lhl/fixposition_driver/install/rtcm_msgs/include/rtcm_msgs/rtcm_msgs/msg
[1.002s] -- Up-to-date: /home/lhl/fixposition_driver/install/rtcm_msgs/include/rtcm_msgs/rtcm_msgs/msg/message.hpp
[1.002s] -- Up-to-date: /home/lhl/fixposition_driver/install/rtcm_msgs/include/rtcm_msgs/rtcm_msgs/msg/detail
[1.002s] -- Up-to-date: /home/lhl/fixposition_driver/install/rtcm_msgs/include/rtcm_msgs/rtcm_msgs/msg/detail/message__struct.hpp
[1.003s] -- Up-to-date: /home/lhl/fixposition_driver/install/rtcm_msgs/include/rtcm_msgs/rtcm_msgs/msg/detail/message__traits.hpp
[1.003s] -- Up-to-date: /home/lhl/fixposition_driver/install/rtcm_msgs/include/rtcm_msgs/rtcm_msgs/msg/detail/message__builder.hpp
[1.003s] -- Up-to-date: /home/lhl/fixposition_driver/install/rtcm_msgs/include/rtcm_msgs/rtcm_msgs
[1.003s] -- Up-to-date: /home/lhl/fixposition_driver/install/rtcm_msgs/include/rtcm_msgs/rtcm_msgs/msg
[1.003s] -- Up-to-date: /home/lhl/fixposition_driver/install/rtcm_msgs/include/rtcm_msgs/rtcm_msgs/msg/detail
[1.003s] -- Up-to-date: /home/lhl/fixposition_driver/install/rtcm_msgs/include/rtcm_msgs/rtcm_msgs/msg/detail/message__rosidl_typesupport_fastrtps_cpp.hpp
[1.004s] -- Up-to-date: /home/lhl/fixposition_driver/install/rtcm_msgs/include/rtcm_msgs/rtcm_msgs/msg/detail/dds_fastrtps
[1.004s] -- Up-to-date: /home/lhl/fixposition_driver/install/rtcm_msgs/include/rtcm_msgs/rtcm_msgs/msg/rosidl_typesupport_fastrtps_cpp__visibility_control.h
[1.004s] -- Up-to-date: /home/lhl/fixposition_driver/install/rtcm_msgs/lib/librtcm_msgs__rosidl_typesupport_fastrtps_cpp.so
[1.004s] -- Up-to-date: /home/lhl/fixposition_driver/install/rtcm_msgs/include/rtcm_msgs/rtcm_msgs
[1.004s] -- Up-to-date: /home/lhl/fixposition_driver/install/rtcm_msgs/include/rtcm_msgs/rtcm_msgs/msg
[1.005s] -- Up-to-date: /home/lhl/fixposition_driver/install/rtcm_msgs/include/rtcm_msgs/rtcm_msgs/msg/detail
[1.005s] -- Up-to-date: /home/lhl/fixposition_driver/install/rtcm_msgs/include/rtcm_msgs/rtcm_msgs/msg/detail/message__type_support.c
[1.005s] -- Up-to-date: /home/lhl/fixposition_driver/install/rtcm_msgs/include/rtcm_msgs/rtcm_msgs/msg/detail/message__rosidl_typesupport_introspection_c.h
[1.005s] -- Up-to-date: /home/lhl/fixposition_driver/install/rtcm_msgs/include/rtcm_msgs/rtcm_msgs/msg/rosidl_typesupport_introspection_c__visibility_control.h
[1.005s] -- Up-to-date: /home/lhl/fixposition_driver/install/rtcm_msgs/lib/librtcm_msgs__rosidl_typesupport_introspection_c.so
[1.005s] -- Up-to-date: /home/lhl/fixposition_driver/install/rtcm_msgs/lib/librtcm_msgs__rosidl_typesupport_c.so
[1.005s] -- Up-to-date: /home/lhl/fixposition_driver/install/rtcm_msgs/include/rtcm_msgs/rtcm_msgs
[1.005s] -- Up-to-date: /home/lhl/fixposition_driver/install/rtcm_msgs/include/rtcm_msgs/rtcm_msgs/msg
[1.005s] -- Up-to-date: /home/lhl/fixposition_driver/install/rtcm_msgs/include/rtcm_msgs/rtcm_msgs/msg/detail
[1.006s] -- Up-to-date: /home/lhl/fixposition_driver/install/rtcm_msgs/include/rtcm_msgs/rtcm_msgs/msg/detail/message__rosidl_typesupport_introspection_cpp.hpp
[1.006s] -- Up-to-date: /home/lhl/fixposition_driver/install/rtcm_msgs/include/rtcm_msgs/rtcm_msgs/msg/detail/message__type_support.cpp
[1.006s] -- Up-to-date: /home/lhl/fixposition_driver/install/rtcm_msgs/lib/librtcm_msgs__rosidl_typesupport_introspection_cpp.so
[1.006s] -- Up-to-date: /home/lhl/fixposition_driver/install/rtcm_msgs/lib/librtcm_msgs__rosidl_typesupport_cpp.so
[1.006s] -- Up-to-date: /home/lhl/fixposition_driver/install/rtcm_msgs/share/rtcm_msgs/environment/pythonpath.sh
[1.006s] -- Up-to-date: /home/lhl/fixposition_driver/install/rtcm_msgs/share/rtcm_msgs/environment/pythonpath.dsv
[1.006s] -- Up-to-date: /home/lhl/fixposition_driver/install/rtcm_msgs/local/lib/python3.10/dist-packages/rtcm_msgs-1.1.6-py3.10.egg-info
[1.006s] -- Installing: /home/lhl/fixposition_driver/install/rtcm_msgs/local/lib/python3.10/dist-packages/rtcm_msgs-1.1.6-py3.10.egg-info/dependency_links.txt
[1.007s] -- Installing: /home/lhl/fixposition_driver/install/rtcm_msgs/local/lib/python3.10/dist-packages/rtcm_msgs-1.1.6-py3.10.egg-info/PKG-INFO
[1.007s] -- Installing: /home/lhl/fixposition_driver/install/rtcm_msgs/local/lib/python3.10/dist-packages/rtcm_msgs-1.1.6-py3.10.egg-info/top_level.txt
[1.007s] -- Installing: /home/lhl/fixposition_driver/install/rtcm_msgs/local/lib/python3.10/dist-packages/rtcm_msgs-1.1.6-py3.10.egg-info/SOURCES.txt
[1.007s] -- Up-to-date: /home/lhl/fixposition_driver/install/rtcm_msgs/local/lib/python3.10/dist-packages/rtcm_msgs
[1.007s] -- Up-to-date: /home/lhl/fixposition_driver/install/rtcm_msgs/local/lib/python3.10/dist-packages/rtcm_msgs/_rtcm_msgs_s.ep.rosidl_typesupport_fastrtps_c.c
[1.007s] -- Up-to-date: /home/lhl/fixposition_driver/install/rtcm_msgs/local/lib/python3.10/dist-packages/rtcm_msgs/_rtcm_msgs_s.ep.rosidl_typesupport_c.c
[1.007s] -- Up-to-date: /home/lhl/fixposition_driver/install/rtcm_msgs/local/lib/python3.10/dist-packages/rtcm_msgs/rtcm_msgs_s__rosidl_typesupport_fastrtps_c.cpython-310-aarch64-linux-gnu.so
[1.007s] -- Up-to-date: /home/lhl/fixposition_driver/install/rtcm_msgs/local/lib/python3.10/dist-packages/rtcm_msgs/librtcm_msgs__rosidl_generator_py.so
[1.007s] -- Up-to-date: /home/lhl/fixposition_driver/install/rtcm_msgs/local/lib/python3.10/dist-packages/rtcm_msgs/rtcm_msgs_s__rosidl_typesupport_introspection_c.cpython-310-aarch64-linux-gnu.so
[1.008s] -- Up-to-date: /home/lhl/fixposition_driver/install/rtcm_msgs/local/lib/python3.10/dist-packages/rtcm_msgs/msg
[1.008s] -- Up-to-date: /home/lhl/fixposition_driver/install/rtcm_msgs/local/lib/python3.10/dist-packages/rtcm_msgs/msg/_message.py
[1.008s] -- Up-to-date: /home/lhl/fixposition_driver/install/rtcm_msgs/local/lib/python3.10/dist-packages/rtcm_msgs/msg/_message_s.c
[1.008s] -- Up-to-date: /home/lhl/fixposition_driver/install/rtcm_msgs/local/lib/python3.10/dist-packages/rtcm_msgs/msg/__init__.py
[1.008s] -- Up-to-date: /home/lhl/fixposition_driver/install/rtcm_msgs/local/lib/python3.10/dist-packages/rtcm_msgs/__init__.py
[1.008s] -- Up-to-date: /home/lhl/fixposition_driver/install/rtcm_msgs/local/lib/python3.10/dist-packages/rtcm_msgs/rtcm_msgs_s__rosidl_typesupport_c.cpython-310-aarch64-linux-gnu.so
[1.008s] -- Up-to-date: /home/lhl/fixposition_driver/install/rtcm_msgs/local/lib/python3.10/dist-packages/rtcm_msgs/_rtcm_msgs_s.ep.rosidl_typesupport_introspection_c.c
[1.065s] Listing '/home/lhl/fixposition_driver/install/rtcm_msgs/local/lib/python3.10/dist-packages/rtcm_msgs'...
[1.065s] Listing '/home/lhl/fixposition_driver/install/rtcm_msgs/local/lib/python3.10/dist-packages/rtcm_msgs/msg'...
[1.074s] -- Up-to-date: /home/lhl/fixposition_driver/install/rtcm_msgs/local/lib/python3.10/dist-packages/rtcm_msgs/rtcm_msgs_s__rosidl_typesupport_fastrtps_c.cpython-310-aarch64-linux-gnu.so
[1.075s] -- Up-to-date: /home/lhl/fixposition_driver/install/rtcm_msgs/local/lib/python3.10/dist-packages/rtcm_msgs/rtcm_msgs_s__rosidl_typesupport_introspection_c.cpython-310-aarch64-linux-gnu.so
[1.075s] -- Up-to-date: /home/lhl/fixposition_driver/install/rtcm_msgs/local/lib/python3.10/dist-packages/rtcm_msgs/rtcm_msgs_s__rosidl_typesupport_c.cpython-310-aarch64-linux-gnu.so
[1.075s] -- Up-to-date: /home/lhl/fixposition_driver/install/rtcm_msgs/lib/librtcm_msgs__rosidl_generator_py.so
[1.076s] -- Up-to-date: /home/lhl/fixposition_driver/install/rtcm_msgs/share/rtcm_msgs/msg/Message.idl
[1.076s] -- Up-to-date: /home/lhl/fixposition_driver/install/rtcm_msgs/share/rtcm_msgs/msg/Message.msg
[1.077s] -- Up-to-date: /home/lhl/fixposition_driver/install/rtcm_msgs/share/ament_index/resource_index/package_run_dependencies/rtcm_msgs
[1.077s] -- Up-to-date: /home/lhl/fixposition_driver/install/rtcm_msgs/share/ament_index/resource_index/parent_prefix_path/rtcm_msgs
[1.077s] -- Up-to-date: /home/lhl/fixposition_driver/install/rtcm_msgs/share/rtcm_msgs/environment/ament_prefix_path.sh
[1.078s] -- Up-to-date: /home/lhl/fixposition_driver/install/rtcm_msgs/share/rtcm_msgs/environment/ament_prefix_path.dsv
[1.078s] -- Up-to-date: /home/lhl/fixposition_driver/install/rtcm_msgs/share/rtcm_msgs/environment/path.sh
[1.078s] -- Up-to-date: /home/lhl/fixposition_driver/install/rtcm_msgs/share/rtcm_msgs/environment/path.dsv
[1.078s] -- Up-to-date: /home/lhl/fixposition_driver/install/rtcm_msgs/share/rtcm_msgs/local_setup.bash
[1.079s] -- Up-to-date: /home/lhl/fixposition_driver/install/rtcm_msgs/share/rtcm_msgs/local_setup.sh
[1.079s] -- Up-to-date: /home/lhl/fixposition_driver/install/rtcm_msgs/share/rtcm_msgs/local_setup.zsh
[1.080s] -- Up-to-date: /home/lhl/fixposition_driver/install/rtcm_msgs/share/rtcm_msgs/local_setup.dsv
[1.080s] -- Installing: /home/lhl/fixposition_driver/install/rtcm_msgs/share/rtcm_msgs/package.dsv
[1.080s] -- Up-to-date: /home/lhl/fixposition_driver/install/rtcm_msgs/share/ament_index/resource_index/packages/rtcm_msgs
[1.081s] -- Up-to-date: /home/lhl/fixposition_driver/install/rtcm_msgs/share/rtcm_msgs/cmake/export_rtcm_msgs__rosidl_generator_cExport.cmake
[1.081s] -- Up-to-date: /home/lhl/fixposition_driver/install/rtcm_msgs/share/rtcm_msgs/cmake/export_rtcm_msgs__rosidl_generator_cExport-noconfig.cmake
[1.081s] -- Up-to-date: /home/lhl/fixposition_driver/install/rtcm_msgs/share/rtcm_msgs/cmake/export_rtcm_msgs__rosidl_typesupport_fastrtps_cExport.cmake
[1.081s] -- Up-to-date: /home/lhl/fixposition_driver/install/rtcm_msgs/share/rtcm_msgs/cmake/export_rtcm_msgs__rosidl_typesupport_fastrtps_cExport-noconfig.cmake
[1.082s] -- Up-to-date: /home/lhl/fixposition_driver/install/rtcm_msgs/share/rtcm_msgs/cmake/export_rtcm_msgs__rosidl_generator_cppExport.cmake
[1.082s] -- Up-to-date: /home/lhl/fixposition_driver/install/rtcm_msgs/share/rtcm_msgs/cmake/export_rtcm_msgs__rosidl_typesupport_fastrtps_cppExport.cmake
[1.082s] -- Up-to-date: /home/lhl/fixposition_driver/install/rtcm_msgs/share/rtcm_msgs/cmake/export_rtcm_msgs__rosidl_typesupport_fastrtps_cppExport-noconfig.cmake
[1.082s] -- Up-to-date: /home/lhl/fixposition_driver/install/rtcm_msgs/share/rtcm_msgs/cmake/rtcm_msgs__rosidl_typesupport_introspection_cExport.cmake
[1.083s] -- Up-to-date: /home/lhl/fixposition_driver/install/rtcm_msgs/share/rtcm_msgs/cmake/rtcm_msgs__rosidl_typesupport_introspection_cExport-noconfig.cmake
[1.083s] -- Up-to-date: /home/lhl/fixposition_driver/install/rtcm_msgs/share/rtcm_msgs/cmake/rtcm_msgs__rosidl_typesupport_cExport.cmake
[1.083s] -- Up-to-date: /home/lhl/fixposition_driver/install/rtcm_msgs/share/rtcm_msgs/cmake/rtcm_msgs__rosidl_typesupport_cExport-noconfig.cmake
[1.083s] -- Up-to-date: /home/lhl/fixposition_driver/install/rtcm_msgs/share/rtcm_msgs/cmake/rtcm_msgs__rosidl_typesupport_introspection_cppExport.cmake
[1.084s] -- Up-to-date: /home/lhl/fixposition_driver/install/rtcm_msgs/share/rtcm_msgs/cmake/rtcm_msgs__rosidl_typesupport_introspection_cppExport-noconfig.cmake
[1.084s] -- Up-to-date: /home/lhl/fixposition_driver/install/rtcm_msgs/share/rtcm_msgs/cmake/rtcm_msgs__rosidl_typesupport_cppExport.cmake
[1.084s] -- Up-to-date: /home/lhl/fixposition_driver/install/rtcm_msgs/share/rtcm_msgs/cmake/rtcm_msgs__rosidl_typesupport_cppExport-noconfig.cmake
[1.084s] -- Up-to-date: /home/lhl/fixposition_driver/install/rtcm_msgs/share/rtcm_msgs/cmake/export_rtcm_msgs__rosidl_generator_pyExport.cmake
[1.085s] -- Up-to-date: /home/lhl/fixposition_driver/install/rtcm_msgs/share/rtcm_msgs/cmake/export_rtcm_msgs__rosidl_generator_pyExport-noconfig.cmake
[1.086s] -- Up-to-date: /home/lhl/fixposition_driver/install/rtcm_msgs/share/rtcm_msgs/cmake/rosidl_cmake-extras.cmake
[1.089s] -- Up-to-date: /home/lhl/fixposition_driver/install/rtcm_msgs/share/rtcm_msgs/cmake/ament_cmake_export_dependencies-extras.cmake
[1.090s] -- Up-to-date: /home/lhl/fixposition_driver/install/rtcm_msgs/share/rtcm_msgs/cmake/ament_cmake_export_include_directories-extras.cmake
[1.091s] -- Up-to-date: /home/lhl/fixposition_driver/install/rtcm_msgs/share/rtcm_msgs/cmake/ament_cmake_export_libraries-extras.cmake
[1.091s] -- Up-to-date: /home/lhl/fixposition_driver/install/rtcm_msgs/share/rtcm_msgs/cmake/ament_cmake_export_targets-extras.cmake
[1.092s] -- Up-to-date: /home/lhl/fixposition_driver/install/rtcm_msgs/share/rtcm_msgs/cmake/rosidl_cmake_export_typesupport_targets-extras.cmake
[1.092s] -- Up-to-date: /home/lhl/fixposition_driver/install/rtcm_msgs/share/rtcm_msgs/cmake/rosidl_cmake_export_typesupport_libraries-extras.cmake
[1.093s] -- Up-to-date: /home/lhl/fixposition_driver/install/rtcm_msgs/share/rtcm_msgs/cmake/rtcm_msgsConfig.cmake
[1.093s] -- Up-to-date: /home/lhl/fixposition_driver/install/rtcm_msgs/share/rtcm_msgs/cmake/rtcm_msgsConfig-version.cmake
[1.094s] -- Up-to-date: /home/lhl/fixposition_driver/install/rtcm_msgs/share/rtcm_msgs/package.xml
[1.094s] Invoked command in '/home/lhl/fixposition_driver/build/rtcm_msgs' returned '0': CMAKE_PREFIX_PATH=${CMAKE_PREFIX_PATH}:/home/lhl/fixposition_driver/install/fixposition_extractor:/opt/ros/humble /usr/bin/cmake --install /home/lhl/fixposition_driver/build/rtcm_msgs
