[0.028s] Invoking command in '/home/lhl/fixposition_driver/build/fixposition_driver_lib': CMAKE_PREFIX_PATH=${CMAKE_PREFIX_PATH}:/opt/ros/humble /usr/bin/cmake --build /home/lhl/fixposition_driver/build/fixposition_driver_lib -- -j8 -l8
[0.261s] [100%] Built target fixposition_driver_lib
[0.288s] Invoked command in '/home/lhl/fixposition_driver/build/fixposition_driver_lib' returned '0': CMAKE_PREFIX_PATH=${CMAKE_PREFIX_PATH}:/opt/ros/humble /usr/bin/cmake --build /home/lhl/fixposition_driver/build/fixposition_driver_lib -- -j8 -l8
[0.509s] Invoking command in '/home/lhl/fixposition_driver/build/fixposition_driver_lib': CMAKE_PREFIX_PATH=${CMAKE_PREFIX_PATH}:/opt/ros/humble /usr/bin/cmake --install /home/lhl/fixposition_driver/build/fixposition_driver_lib
[0.525s] -- Install configuration: "Release"
[0.526s] -- Up-to-date: /home/lhl/fixposition_driver/install/fixposition_driver_lib/./include
[0.526s] -- Up-to-date: /home/lhl/fixposition_driver/install/fixposition_driver_lib/./include/fixposition_driver_lib
[0.526s] -- Up-to-date: /home/lhl/fixposition_driver/install/fixposition_driver_lib/./include/fixposition_driver_lib/gnss_tf.hpp
[0.526s] -- Up-to-date: /home/lhl/fixposition_driver/install/fixposition_driver_lib/./include/fixposition_driver_lib/parser.hpp
[0.526s] -- Up-to-date: /home/lhl/fixposition_driver/install/fixposition_driver_lib/./include/fixposition_driver_lib/messages
[0.527s] -- Up-to-date: /home/lhl/fixposition_driver/install/fixposition_driver_lib/./include/fixposition_driver_lib/messages/nov_type.hpp
[0.527s] -- Up-to-date: /home/lhl/fixposition_driver/install/fixposition_driver_lib/./include/fixposition_driver_lib/messages/nmea_type.hpp
[0.527s] -- Up-to-date: /home/lhl/fixposition_driver/install/fixposition_driver_lib/./include/fixposition_driver_lib/messages/msg_data.hpp
[0.528s] -- Up-to-date: /home/lhl/fixposition_driver/install/fixposition_driver_lib/./include/fixposition_driver_lib/messages/fpb_measurements.hpp
[0.529s] -- Up-to-date: /home/lhl/fixposition_driver/install/fixposition_driver_lib/./include/fixposition_driver_lib/messages/fpb_type.hpp
[0.529s] -- Up-to-date: /home/lhl/fixposition_driver/install/fixposition_driver_lib/./include/fixposition_driver_lib/messages/base_converter.hpp
[0.529s] -- Up-to-date: /home/lhl/fixposition_driver/install/fixposition_driver_lib/./include/fixposition_driver_lib/messages/fpa_type.hpp
[0.529s] -- Up-to-date: /home/lhl/fixposition_driver/install/fixposition_driver_lib/./include/fixposition_driver_lib/params.hpp
[0.529s] -- Up-to-date: /home/lhl/fixposition_driver/install/fixposition_driver_lib/./include/fixposition_driver_lib/time_conversions.hpp
[0.529s] -- Up-to-date: /home/lhl/fixposition_driver/install/fixposition_driver_lib/./include/fixposition_driver_lib/fixposition_driver.hpp
[0.529s] -- Up-to-date: /home/lhl/fixposition_driver/install/fixposition_driver_lib/./include/fixposition_driver_lib/helper.hpp
[0.529s] -- Up-to-date: /home/lhl/fixposition_driver/install/fixposition_driver_lib/lib/libfixposition_driver_lib.so
[0.530s] -- Up-to-date: /home/lhl/fixposition_driver/install/fixposition_driver_lib/lib/libfixposition_driver_lib.so
[0.530s] -- Up-to-date: /home/lhl/fixposition_driver/install/fixposition_driver_lib/lib/cmake/fixposition_driver_lib/fixposition_driver_lib-targets.cmake
[0.531s] -- Up-to-date: /home/lhl/fixposition_driver/install/fixposition_driver_lib/lib/cmake/fixposition_driver_lib/fixposition_driver_lib-targets-release.cmake
[0.534s] -- Up-to-date: /home/lhl/fixposition_driver/install/fixposition_driver_lib/include/fixposition_driver_lib
[0.534s] -- Up-to-date: /home/lhl/fixposition_driver/install/fixposition_driver_lib/include/fixposition_driver_lib/gnss_tf.hpp
[0.534s] -- Up-to-date: /home/lhl/fixposition_driver/install/fixposition_driver_lib/include/fixposition_driver_lib/parser.hpp
[0.535s] -- Up-to-date: /home/lhl/fixposition_driver/install/fixposition_driver_lib/include/fixposition_driver_lib/messages
[0.535s] -- Up-to-date: /home/lhl/fixposition_driver/install/fixposition_driver_lib/include/fixposition_driver_lib/messages/nov_type.hpp
[0.535s] -- Up-to-date: /home/lhl/fixposition_driver/install/fixposition_driver_lib/include/fixposition_driver_lib/messages/nmea_type.hpp
[0.535s] -- Up-to-date: /home/lhl/fixposition_driver/install/fixposition_driver_lib/include/fixposition_driver_lib/messages/msg_data.hpp
[0.535s] -- Up-to-date: /home/lhl/fixposition_driver/install/fixposition_driver_lib/include/fixposition_driver_lib/messages/fpb_measurements.hpp
[0.535s] -- Up-to-date: /home/lhl/fixposition_driver/install/fixposition_driver_lib/include/fixposition_driver_lib/messages/fpb_type.hpp
[0.535s] -- Up-to-date: /home/lhl/fixposition_driver/install/fixposition_driver_lib/include/fixposition_driver_lib/messages/base_converter.hpp
[0.535s] -- Up-to-date: /home/lhl/fixposition_driver/install/fixposition_driver_lib/include/fixposition_driver_lib/messages/fpa_type.hpp
[0.535s] -- Up-to-date: /home/lhl/fixposition_driver/install/fixposition_driver_lib/include/fixposition_driver_lib/params.hpp
[0.536s] -- Up-to-date: /home/lhl/fixposition_driver/install/fixposition_driver_lib/include/fixposition_driver_lib/time_conversions.hpp
[0.536s] -- Up-to-date: /home/lhl/fixposition_driver/install/fixposition_driver_lib/include/fixposition_driver_lib/fixposition_driver.hpp
[0.536s] -- Up-to-date: /home/lhl/fixposition_driver/install/fixposition_driver_lib/include/fixposition_driver_lib/helper.hpp
[0.536s] -- Up-to-date: /home/lhl/fixposition_driver/install/fixposition_driver_lib/share/fixposition_driver_lib/package.xml
[0.536s] -- Up-to-date: /home/lhl/fixposition_driver/install/fixposition_driver_lib/lib/cmake/fixposition_driver_lib/fixposition_driver_lib-config.cmake
[0.536s] -- Up-to-date: /home/lhl/fixposition_driver/install/fixposition_driver_lib/lib/cmake/fixposition_driver_lib/fixposition_driver_lib-config-version.cmake
[0.537s] Invoked command in '/home/lhl/fixposition_driver/build/fixposition_driver_lib' returned '0': CMAKE_PREFIX_PATH=${CMAKE_PREFIX_PATH}:/opt/ros/humble /usr/bin/cmake --install /home/lhl/fixposition_driver/build/fixposition_driver_lib
