[1.578s] Invoking command in '/home/lhl/fixposition_driver/fixposition_extractor': PYTHONPATH=/home/lhl/fixposition_driver/build/fixposition_extractor/prefix_override:/usr/lib/python3/dist-packages/colcon_core/task/python/colcon_distutils_commands:/home/lhl/fixposition_driver/install/fixposition_extractor/lib/python3.10/site-packages:${PYTHONPATH} /usr/bin/python3 -W ignore:setup.py install is deprecated setup.py egg_info --egg-base ../build/fixposition_extractor build --build-base /home/lhl/fixposition_driver/build/fixposition_extractor/build install --record /home/lhl/fixposition_driver/build/fixposition_extractor/install.log --single-version-externally-managed install_data
[2.084s] running egg_info
[2.085s] creating ../build/fixposition_extractor/fixposition_extractor.egg-info
[2.085s] writing ../build/fixposition_extractor/fixposition_extractor.egg-info/PKG-INFO
[2.086s] writing dependency_links to ../build/fixposition_extractor/fixposition_extractor.egg-info/dependency_links.txt
[2.086s] writing entry points to ../build/fixposition_extractor/fixposition_extractor.egg-info/entry_points.txt
[2.086s] writing requirements to ../build/fixposition_extractor/fixposition_extractor.egg-info/requires.txt
[2.086s] writing top-level names to ../build/fixposition_extractor/fixposition_extractor.egg-info/top_level.txt
[2.087s] writing manifest file '../build/fixposition_extractor/fixposition_extractor.egg-info/SOURCES.txt'
[2.090s] reading manifest file '../build/fixposition_extractor/fixposition_extractor.egg-info/SOURCES.txt'
[2.091s] writing manifest file '../build/fixposition_extractor/fixposition_extractor.egg-info/SOURCES.txt'
[2.092s] running build
[2.092s] running build_py
[2.092s] creating /home/lhl/fixposition_driver/build/fixposition_extractor/build
[2.092s] creating /home/lhl/fixposition_driver/build/fixposition_extractor/build/lib
[2.093s] creating /home/lhl/fixposition_driver/build/fixposition_extractor/build/lib/fixposition_extractor
[2.093s] copying fixposition_extractor/pose_twist_extractor.py -> /home/lhl/fixposition_driver/build/fixposition_extractor/build/lib/fixposition_extractor
[2.093s] copying fixposition_extractor/__init__.py -> /home/lhl/fixposition_driver/build/fixposition_extractor/build/lib/fixposition_extractor
[2.093s] running install
[2.094s] running install_lib
[2.095s] creating /home/lhl/fixposition_driver/install/fixposition_extractor/lib/python3.10/site-packages/fixposition_extractor
[2.096s] copying /home/lhl/fixposition_driver/build/fixposition_extractor/build/lib/fixposition_extractor/pose_twist_extractor.py -> /home/lhl/fixposition_driver/install/fixposition_extractor/lib/python3.10/site-packages/fixposition_extractor
[2.096s] copying /home/lhl/fixposition_driver/build/fixposition_extractor/build/lib/fixposition_extractor/__init__.py -> /home/lhl/fixposition_driver/install/fixposition_extractor/lib/python3.10/site-packages/fixposition_extractor
[2.097s] byte-compiling /home/lhl/fixposition_driver/install/fixposition_extractor/lib/python3.10/site-packages/fixposition_extractor/pose_twist_extractor.py to pose_twist_extractor.cpython-310.pyc
[2.098s] byte-compiling /home/lhl/fixposition_driver/install/fixposition_extractor/lib/python3.10/site-packages/fixposition_extractor/__init__.py to __init__.cpython-310.pyc
[2.098s] running install_data
[2.099s] creating /home/lhl/fixposition_driver/install/fixposition_extractor/share
[2.099s] creating /home/lhl/fixposition_driver/install/fixposition_extractor/share/ament_index
[2.099s] creating /home/lhl/fixposition_driver/install/fixposition_extractor/share/ament_index/resource_index
[2.099s] creating /home/lhl/fixposition_driver/install/fixposition_extractor/share/ament_index/resource_index/packages
[2.099s] copying resource/fixposition_extractor -> /home/lhl/fixposition_driver/install/fixposition_extractor/share/ament_index/resource_index/packages
[2.099s] creating /home/lhl/fixposition_driver/install/fixposition_extractor/share/fixposition_extractor
[2.100s] copying package.xml -> /home/lhl/fixposition_driver/install/fixposition_extractor/share/fixposition_extractor
[2.100s] running install_egg_info
[2.104s] Copying ../build/fixposition_extractor/fixposition_extractor.egg-info to /home/lhl/fixposition_driver/install/fixposition_extractor/lib/python3.10/site-packages/fixposition_extractor-0.0.0-py3.10.egg-info
[2.105s] running install_scripts
[2.146s] writing list of installed files to '/home/lhl/fixposition_driver/build/fixposition_extractor/install.log'
[2.215s] Invoked command in '/home/lhl/fixposition_driver/fixposition_extractor' returned '0': PYTHONPATH=/home/lhl/fixposition_driver/build/fixposition_extractor/prefix_override:/usr/lib/python3/dist-packages/colcon_core/task/python/colcon_distutils_commands:/home/lhl/fixposition_driver/install/fixposition_extractor/lib/python3.10/site-packages:${PYTHONPATH} /usr/bin/python3 -W ignore:setup.py install is deprecated setup.py egg_info --egg-base ../build/fixposition_extractor build --build-base /home/lhl/fixposition_driver/build/fixposition_extractor/build install --record /home/lhl/fixposition_driver/build/fixposition_extractor/install.log --single-version-externally-managed install_data
