[0.029s] Invoking command in '/home/lhl/fixposition_driver/build/fixposition_odometry_converter_ros2': AMENT_PREFIX_PATH=/home/lhl/fixposition_driver/install/fixposition_driver_ros2:/home/lhl/fixposition_driver/install/rtcm_msgs:${AMENT_PREFIX_PATH} CMAKE_PREFIX_PATH=/home/lhl/fixposition_driver/install/fixposition_driver_ros2:/home/lhl/fixposition_driver/install/rtcm_msgs:/home/lhl/fixposition_driver/install/fixposition_driver_lib:/opt/ros/humble LD_LIBRARY_PATH=/home/lhl/fixposition_driver/install/fixposition_driver_ros2/lib:/home/lhl/fixposition_driver/install/rtcm_msgs/lib:/home/lhl/fixposition_driver/install/fixposition_driver_lib/lib:/usr/local/cuda-12.2/lib64:/opt/ros/humble/opt/rviz_ogre_vendor/lib:/opt/ros/humble/lib/aarch64-linux-gnu:/opt/ros/humble/lib:/usr/local/cuda-12.2/lib64 PKG_CONFIG_PATH=/home/lhl/fixposition_driver/install/fixposition_driver_lib/lib/aarch64-linux-gnu/pkgconfig:/home/lhl/fixposition_driver/install/fixposition_driver_lib/lib/pkgconfig PYTHONPATH=/home/lhl/fixposition_driver/install/fixposition_driver_ros2/local/lib/python3.10/dist-packages:/home/lhl/fixposition_driver/install/rtcm_msgs/local/lib/python3.10/dist-packages:${PYTHONPATH} /usr/bin/cmake /home/lhl/fixposition_driver/fixposition_odometry_converter_ros2 -DCMAKE_INSTALL_PREFIX=/home/lhl/fixposition_driver/install/fixposition_odometry_converter_ros2
[0.146s] -- The C compiler identification is GNU 11.4.0
[0.260s] -- The CXX compiler identification is GNU 11.4.0
[0.292s] -- Detecting C compiler ABI info
[0.414s] -- Detecting C compiler ABI info - done
[0.427s] -- Check for working C compiler: /usr/lib/ccache/gcc - skipped
[0.427s] -- Detecting C compile features
[0.428s] -- Detecting C compile features - done
[0.438s] -- Detecting CXX compiler ABI info
[0.584s] -- Detecting CXX compiler ABI info - done
[0.605s] -- Check for working CXX compiler: /usr/lib/ccache/g++ - skipped
[0.605s] -- Detecting CXX compile features
[0.607s] -- Detecting CXX compile features - done
[0.615s] -- Found ament_cmake: 1.3.10 (/opt/ros/humble/share/ament_cmake/cmake)
[0.949s] -- Found Python3: /usr/bin/python3 (found version "3.10.12") found components: Interpreter 
[1.171s] -- Found rclcpp: 16.0.10 (/opt/ros/humble/share/rclcpp/cmake)
[1.257s] -- Found rosidl_generator_c: 3.1.5 (/opt/ros/humble/share/rosidl_generator_c/cmake)
[1.266s] -- Found rosidl_adapter: 3.1.5 (/opt/ros/humble/share/rosidl_adapter/cmake)
[1.281s] -- Found rosidl_generator_cpp: 3.1.5 (/opt/ros/humble/share/rosidl_generator_cpp/cmake)
[1.304s] -- Using all available rosidl_typesupport_c: rosidl_typesupport_fastrtps_c;rosidl_typesupport_introspection_c
[1.335s] -- Using all available rosidl_typesupport_cpp: rosidl_typesupport_fastrtps_cpp;rosidl_typesupport_introspection_cpp
[1.415s] -- Found rmw_implementation_cmake: 6.1.2 (/opt/ros/humble/share/rmw_implementation_cmake/cmake)
[1.419s] -- Found rmw_cyclonedds_cpp: 1.3.4 (/opt/ros/humble/share/rmw_cyclonedds_cpp/cmake)
[1.459s] -- Using RMW implementation 'rmw_cyclonedds_cpp' as default
[1.474s] -- Looking for pthread.h
[1.647s] -- Looking for pthread.h - found
[1.647s] -- Performing Test CMAKE_HAVE_LIBC_PTHREAD
[1.836s] -- Performing Test CMAKE_HAVE_LIBC_PTHREAD - Success
[1.839s] -- Found Threads: TRUE  
[1.950s] -- Found rclcpp_components: 16.0.10 (/opt/ros/humble/share/rclcpp_components/cmake)
[1.999s] -- Found nav_msgs: 4.2.4 (/opt/ros/humble/share/nav_msgs/cmake)
[2.051s] -- Found fixposition_driver_ros2: 5.0.0 (/home/lhl/fixposition_driver/install/fixposition_driver_ros2/share/fixposition_driver_ros2/cmake)
[2.239s] -- Configuring done
[2.268s] -- Generating done
[2.271s] -- Build files have been written to: /home/lhl/fixposition_driver/build/fixposition_odometry_converter_ros2
[2.293s] Invoked command in '/home/lhl/fixposition_driver/build/fixposition_odometry_converter_ros2' returned '0': AMENT_PREFIX_PATH=/home/lhl/fixposition_driver/install/fixposition_driver_ros2:/home/lhl/fixposition_driver/install/rtcm_msgs:${AMENT_PREFIX_PATH} CMAKE_PREFIX_PATH=/home/lhl/fixposition_driver/install/fixposition_driver_ros2:/home/lhl/fixposition_driver/install/rtcm_msgs:/home/lhl/fixposition_driver/install/fixposition_driver_lib:/opt/ros/humble LD_LIBRARY_PATH=/home/lhl/fixposition_driver/install/fixposition_driver_ros2/lib:/home/lhl/fixposition_driver/install/rtcm_msgs/lib:/home/lhl/fixposition_driver/install/fixposition_driver_lib/lib:/usr/local/cuda-12.2/lib64:/opt/ros/humble/opt/rviz_ogre_vendor/lib:/opt/ros/humble/lib/aarch64-linux-gnu:/opt/ros/humble/lib:/usr/local/cuda-12.2/lib64 PKG_CONFIG_PATH=/home/lhl/fixposition_driver/install/fixposition_driver_lib/lib/aarch64-linux-gnu/pkgconfig:/home/lhl/fixposition_driver/install/fixposition_driver_lib/lib/pkgconfig PYTHONPATH=/home/lhl/fixposition_driver/install/fixposition_driver_ros2/local/lib/python3.10/dist-packages:/home/lhl/fixposition_driver/install/rtcm_msgs/local/lib/python3.10/dist-packages:${PYTHONPATH} /usr/bin/cmake /home/lhl/fixposition_driver/fixposition_odometry_converter_ros2 -DCMAKE_INSTALL_PREFIX=/home/lhl/fixposition_driver/install/fixposition_odometry_converter_ros2
[2.298s] Invoking command in '/home/lhl/fixposition_driver/build/fixposition_odometry_converter_ros2': AMENT_PREFIX_PATH=/home/lhl/fixposition_driver/install/fixposition_driver_ros2:/home/lhl/fixposition_driver/install/rtcm_msgs:${AMENT_PREFIX_PATH} CMAKE_PREFIX_PATH=/home/lhl/fixposition_driver/install/fixposition_driver_ros2:/home/lhl/fixposition_driver/install/rtcm_msgs:/home/lhl/fixposition_driver/install/fixposition_driver_lib:/opt/ros/humble LD_LIBRARY_PATH=/home/lhl/fixposition_driver/install/fixposition_driver_ros2/lib:/home/lhl/fixposition_driver/install/rtcm_msgs/lib:/home/lhl/fixposition_driver/install/fixposition_driver_lib/lib:/usr/local/cuda-12.2/lib64:/opt/ros/humble/opt/rviz_ogre_vendor/lib:/opt/ros/humble/lib/aarch64-linux-gnu:/opt/ros/humble/lib:/usr/local/cuda-12.2/lib64 PKG_CONFIG_PATH=/home/lhl/fixposition_driver/install/fixposition_driver_lib/lib/aarch64-linux-gnu/pkgconfig:/home/lhl/fixposition_driver/install/fixposition_driver_lib/lib/pkgconfig PYTHONPATH=/home/lhl/fixposition_driver/install/fixposition_driver_ros2/local/lib/python3.10/dist-packages:/home/lhl/fixposition_driver/install/rtcm_msgs/local/lib/python3.10/dist-packages:${PYTHONPATH} /usr/bin/cmake --build /home/lhl/fixposition_driver/build/fixposition_odometry_converter_ros2 -- -j8 -l8
[2.399s] [ 40%] [32mBuilding CXX object CMakeFiles/odom_converter.dir/src/odom_converter_node.cpp.o[0m
[2.399s] [ 40%] [32mBuilding CXX object CMakeFiles/odom_converter_node.dir/rclcpp_components/node_main_odom_converter_node.cpp.o[0m
[2.400s] [ 60%] [32mBuilding CXX object CMakeFiles/odom_converter.dir/src/params.cpp.o[0m
[10.861s] [ 80%] [32m[1mLinking CXX executable odom_converter_node[0m
[11.081s] [ 80%] Built target odom_converter_node
[42.582s] [100%] [32m[1mLinking CXX shared library libodom_converter.so[0m
[42.998s] [100%] Built target odom_converter
[43.021s] Invoked command in '/home/lhl/fixposition_driver/build/fixposition_odometry_converter_ros2' returned '0': AMENT_PREFIX_PATH=/home/lhl/fixposition_driver/install/fixposition_driver_ros2:/home/lhl/fixposition_driver/install/rtcm_msgs:${AMENT_PREFIX_PATH} CMAKE_PREFIX_PATH=/home/lhl/fixposition_driver/install/fixposition_driver_ros2:/home/lhl/fixposition_driver/install/rtcm_msgs:/home/lhl/fixposition_driver/install/fixposition_driver_lib:/opt/ros/humble LD_LIBRARY_PATH=/home/lhl/fixposition_driver/install/fixposition_driver_ros2/lib:/home/lhl/fixposition_driver/install/rtcm_msgs/lib:/home/lhl/fixposition_driver/install/fixposition_driver_lib/lib:/usr/local/cuda-12.2/lib64:/opt/ros/humble/opt/rviz_ogre_vendor/lib:/opt/ros/humble/lib/aarch64-linux-gnu:/opt/ros/humble/lib:/usr/local/cuda-12.2/lib64 PKG_CONFIG_PATH=/home/lhl/fixposition_driver/install/fixposition_driver_lib/lib/aarch64-linux-gnu/pkgconfig:/home/lhl/fixposition_driver/install/fixposition_driver_lib/lib/pkgconfig PYTHONPATH=/home/lhl/fixposition_driver/install/fixposition_driver_ros2/local/lib/python3.10/dist-packages:/home/lhl/fixposition_driver/install/rtcm_msgs/local/lib/python3.10/dist-packages:${PYTHONPATH} /usr/bin/cmake --build /home/lhl/fixposition_driver/build/fixposition_odometry_converter_ros2 -- -j8 -l8
[43.079s] Invoking command in '/home/lhl/fixposition_driver/build/fixposition_odometry_converter_ros2': AMENT_PREFIX_PATH=/home/lhl/fixposition_driver/install/fixposition_driver_ros2:/home/lhl/fixposition_driver/install/rtcm_msgs:${AMENT_PREFIX_PATH} CMAKE_PREFIX_PATH=/home/lhl/fixposition_driver/install/fixposition_driver_ros2:/home/lhl/fixposition_driver/install/rtcm_msgs:/home/lhl/fixposition_driver/install/fixposition_driver_lib:/opt/ros/humble LD_LIBRARY_PATH=/home/lhl/fixposition_driver/install/fixposition_driver_ros2/lib:/home/lhl/fixposition_driver/install/rtcm_msgs/lib:/home/lhl/fixposition_driver/install/fixposition_driver_lib/lib:/usr/local/cuda-12.2/lib64:/opt/ros/humble/opt/rviz_ogre_vendor/lib:/opt/ros/humble/lib/aarch64-linux-gnu:/opt/ros/humble/lib:/usr/local/cuda-12.2/lib64 PKG_CONFIG_PATH=/home/lhl/fixposition_driver/install/fixposition_driver_lib/lib/aarch64-linux-gnu/pkgconfig:/home/lhl/fixposition_driver/install/fixposition_driver_lib/lib/pkgconfig PYTHONPATH=/home/lhl/fixposition_driver/install/fixposition_driver_ros2/local/lib/python3.10/dist-packages:/home/lhl/fixposition_driver/install/rtcm_msgs/local/lib/python3.10/dist-packages:${PYTHONPATH} /usr/bin/cmake --install /home/lhl/fixposition_driver/build/fixposition_odometry_converter_ros2
[43.101s] -- Install configuration: "Release"
[43.101s] -- Installing: /home/lhl/fixposition_driver/install/fixposition_odometry_converter_ros2/lib/fixposition_odometry_converter_ros2/odom_converter_node
[43.102s] -- Set runtime path of "/home/lhl/fixposition_driver/install/fixposition_odometry_converter_ros2/lib/fixposition_odometry_converter_ros2/odom_converter_node" to ""
[43.102s] -- Installing: /home/lhl/fixposition_driver/install/fixposition_odometry_converter_ros2/share/fixposition_odometry_converter_ros2/launch
[43.103s] -- Installing: /home/lhl/fixposition_driver/install/fixposition_odometry_converter_ros2/share/fixposition_odometry_converter_ros2/launch/odom_converter.launch
[43.103s] -- Installing: /home/lhl/fixposition_driver/install/fixposition_odometry_converter_ros2/share/fixposition_odometry_converter_ros2/launch/odom_converter.yaml
[43.103s] -- Installing: /home/lhl/fixposition_driver/install/fixposition_odometry_converter_ros2/lib/libodom_converter.so
[43.110s] -- Set runtime path of "/home/lhl/fixposition_driver/install/fixposition_odometry_converter_ros2/lib/libodom_converter.so" to ""
[43.111s] -- Installing: /home/lhl/fixposition_driver/install/fixposition_odometry_converter_ros2/./include
[43.111s] -- Installing: /home/lhl/fixposition_driver/install/fixposition_odometry_converter_ros2/./include/fixposition_odometry_converter_ros2
[43.111s] -- Installing: /home/lhl/fixposition_driver/install/fixposition_odometry_converter_ros2/./include/fixposition_odometry_converter_ros2/ros2_msgs.hpp
[43.111s] -- Installing: /home/lhl/fixposition_driver/install/fixposition_odometry_converter_ros2/./include/fixposition_odometry_converter_ros2/odom_converter_node.hpp
[43.111s] -- Installing: /home/lhl/fixposition_driver/install/fixposition_odometry_converter_ros2/./include/fixposition_odometry_converter_ros2/params.hpp
[43.111s] -- Installing: /home/lhl/fixposition_driver/install/fixposition_odometry_converter_ros2/share/ament_index/resource_index/package_run_dependencies/fixposition_odometry_converter_ros2
[43.112s] -- Installing: /home/lhl/fixposition_driver/install/fixposition_odometry_converter_ros2/share/ament_index/resource_index/parent_prefix_path/fixposition_odometry_converter_ros2
[43.112s] -- Installing: /home/lhl/fixposition_driver/install/fixposition_odometry_converter_ros2/share/fixposition_odometry_converter_ros2/environment/ament_prefix_path.sh
[43.113s] -- Installing: /home/lhl/fixposition_driver/install/fixposition_odometry_converter_ros2/share/fixposition_odometry_converter_ros2/environment/ament_prefix_path.dsv
[43.114s] -- Installing: /home/lhl/fixposition_driver/install/fixposition_odometry_converter_ros2/share/fixposition_odometry_converter_ros2/environment/path.sh
[43.114s] -- Installing: /home/lhl/fixposition_driver/install/fixposition_odometry_converter_ros2/share/fixposition_odometry_converter_ros2/environment/path.dsv
[43.114s] -- Installing: /home/lhl/fixposition_driver/install/fixposition_odometry_converter_ros2/share/fixposition_odometry_converter_ros2/local_setup.bash
[43.114s] -- Installing: /home/lhl/fixposition_driver/install/fixposition_odometry_converter_ros2/share/fixposition_odometry_converter_ros2/local_setup.sh
[43.114s] -- Installing: /home/lhl/fixposition_driver/install/fixposition_odometry_converter_ros2/share/fixposition_odometry_converter_ros2/local_setup.zsh
[43.114s] -- Installing: /home/lhl/fixposition_driver/install/fixposition_odometry_converter_ros2/share/fixposition_odometry_converter_ros2/local_setup.dsv
[43.115s] -- Installing: /home/lhl/fixposition_driver/install/fixposition_odometry_converter_ros2/share/fixposition_odometry_converter_ros2/package.dsv
[43.115s] -- Installing: /home/lhl/fixposition_driver/install/fixposition_odometry_converter_ros2/share/ament_index/resource_index/packages/fixposition_odometry_converter_ros2
[43.115s] -- Installing: /home/lhl/fixposition_driver/install/fixposition_odometry_converter_ros2/share/ament_index/resource_index/rclcpp_components/fixposition_odometry_converter_ros2
[43.116s] -- Installing: /home/lhl/fixposition_driver/install/fixposition_odometry_converter_ros2/share/fixposition_odometry_converter_ros2/cmake/fixposition_odometry_converter_ros2Config.cmake
[43.116s] -- Installing: /home/lhl/fixposition_driver/install/fixposition_odometry_converter_ros2/share/fixposition_odometry_converter_ros2/cmake/fixposition_odometry_converter_ros2Config-version.cmake
[43.116s] -- Installing: /home/lhl/fixposition_driver/install/fixposition_odometry_converter_ros2/share/fixposition_odometry_converter_ros2/package.xml
[43.125s] Invoked command in '/home/lhl/fixposition_driver/build/fixposition_odometry_converter_ros2' returned '0': AMENT_PREFIX_PATH=/home/lhl/fixposition_driver/install/fixposition_driver_ros2:/home/lhl/fixposition_driver/install/rtcm_msgs:${AMENT_PREFIX_PATH} CMAKE_PREFIX_PATH=/home/lhl/fixposition_driver/install/fixposition_driver_ros2:/home/lhl/fixposition_driver/install/rtcm_msgs:/home/lhl/fixposition_driver/install/fixposition_driver_lib:/opt/ros/humble LD_LIBRARY_PATH=/home/lhl/fixposition_driver/install/fixposition_driver_ros2/lib:/home/lhl/fixposition_driver/install/rtcm_msgs/lib:/home/lhl/fixposition_driver/install/fixposition_driver_lib/lib:/usr/local/cuda-12.2/lib64:/opt/ros/humble/opt/rviz_ogre_vendor/lib:/opt/ros/humble/lib/aarch64-linux-gnu:/opt/ros/humble/lib:/usr/local/cuda-12.2/lib64 PKG_CONFIG_PATH=/home/lhl/fixposition_driver/install/fixposition_driver_lib/lib/aarch64-linux-gnu/pkgconfig:/home/lhl/fixposition_driver/install/fixposition_driver_lib/lib/pkgconfig PYTHONPATH=/home/lhl/fixposition_driver/install/fixposition_driver_ros2/local/lib/python3.10/dist-packages:/home/lhl/fixposition_driver/install/rtcm_msgs/local/lib/python3.10/dist-packages:${PYTHONPATH} /usr/bin/cmake --install /home/lhl/fixposition_driver/build/fixposition_odometry_converter_ros2
