[0.219s] DEBUG:colcon:Command line arguments: ['/usr/bin/colcon', 'build']
[0.219s] DEBUG:colcon:Parsed command line arguments: Namespace(log_base=None, log_level=None, verb_name='build', build_base='build', install_base='install', merge_install=False, symlink_install=False, test_result_base=None, continue_on_error=False, executor='parallel', parallel_workers=8, event_handlers=None, ignore_user_meta=False, metas=['./colcon.meta'], base_paths=['.'], packages_ignore=None, packages_ignore_regex=None, paths=None, packages_up_to=None, packages_up_to_regex=None, packages_above=None, packages_above_and_dependencies=None, packages_above_depth=None, packages_select_by_dep=None, packages_skip_by_dep=None, packages_skip_up_to=None, packages_select_build_failed=False, packages_skip_build_finished=False, packages_select_test_failures=False, packages_skip_test_passed=False, packages_select=None, packages_skip=None, packages_select_regex=None, packages_skip_regex=None, packages_start=None, packages_end=None, allow_overriding=[], cmake_args=None, cmake_target=None, cmake_target_skip_unavailable=False, cmake_clean_cache=False, cmake_clean_first=False, cmake_force_configure=False, ament_cmake_args=None, catkin_cmake_args=None, catkin_skip_building_tests=False, verb_parser=<colcon_defaults.argument_parser.defaults.DefaultArgumentsDecorator object at 0xffffbb3aa7a0>, verb_extension=<colcon_core.verb.build.BuildVerb object at 0xffffbb3aa260>, main=<bound method BuildVerb.main of <colcon_core.verb.build.BuildVerb object at 0xffffbb3aa260>>)
[0.587s] Level 1:colcon.colcon_core.package_discovery:discover_packages(colcon_meta) check parameters
[0.587s] Level 1:colcon.colcon_core.package_discovery:discover_packages(recursive) check parameters
[0.587s] Level 1:colcon.colcon_core.package_discovery:discover_packages(ignore) check parameters
[0.587s] Level 1:colcon.colcon_core.package_discovery:discover_packages(path) check parameters
[0.587s] Level 1:colcon.colcon_core.package_discovery:discover_packages(colcon_meta) discover
[0.588s] Level 1:colcon.colcon_core.package_discovery:discover_packages(recursive) discover
[0.588s] INFO:colcon.colcon_core.package_discovery:Crawling recursively for packages in '/home/lhl/fixposition_driver'
[0.588s] Level 1:colcon.colcon_core.package_identification:_identify(.) by extensions ['ignore', 'ignore_ament_install']
[0.588s] Level 1:colcon.colcon_core.package_identification:_identify(.) by extension 'ignore'
[0.589s] Level 1:colcon.colcon_core.package_identification:_identify(.) by extension 'ignore_ament_install'
[0.589s] Level 1:colcon.colcon_core.package_identification:_identify(.) by extensions ['colcon_pkg']
[0.589s] Level 1:colcon.colcon_core.package_identification:_identify(.) by extension 'colcon_pkg'
[0.589s] Level 1:colcon.colcon_core.package_identification:_identify(.) by extensions ['colcon_meta']
[0.589s] Level 1:colcon.colcon_core.package_identification:_identify(.) by extension 'colcon_meta'
[0.589s] Level 1:colcon.colcon_core.package_identification:_identify(.) by extensions ['ros']
[0.589s] Level 1:colcon.colcon_core.package_identification:_identify(.) by extension 'ros'
[0.611s] Level 1:colcon.colcon_core.package_identification:_identify(.) by extensions ['cmake', 'python']
[0.611s] Level 1:colcon.colcon_core.package_identification:_identify(.) by extension 'cmake'
[0.611s] Level 1:colcon.colcon_core.package_identification:_identify(.) by extension 'python'
[0.611s] Level 1:colcon.colcon_core.package_identification:_identify(.) by extensions ['python_setup_py']
[0.611s] Level 1:colcon.colcon_core.package_identification:_identify(.) by extension 'python_setup_py'
[0.612s] Level 1:colcon.colcon_core.package_identification:_identify(build) by extensions ['ignore', 'ignore_ament_install']
[0.612s] Level 1:colcon.colcon_core.package_identification:_identify(build) by extension 'ignore'
[0.612s] Level 1:colcon.colcon_core.package_identification:_identify(build) ignored
[0.612s] Level 1:colcon.colcon_core.package_identification:_identify(fixposition_driver_lib) by extensions ['ignore', 'ignore_ament_install']
[0.612s] Level 1:colcon.colcon_core.package_identification:_identify(fixposition_driver_lib) by extension 'ignore'
[0.613s] Level 1:colcon.colcon_core.package_identification:_identify(fixposition_driver_lib) by extension 'ignore_ament_install'
[0.613s] Level 1:colcon.colcon_core.package_identification:_identify(fixposition_driver_lib) by extensions ['colcon_pkg']
[0.613s] Level 1:colcon.colcon_core.package_identification:_identify(fixposition_driver_lib) by extension 'colcon_pkg'
[0.613s] Level 1:colcon.colcon_core.package_identification:_identify(fixposition_driver_lib) by extensions ['colcon_meta']
[0.613s] Level 1:colcon.colcon_core.package_identification:_identify(fixposition_driver_lib) by extension 'colcon_meta'
[0.613s] Level 1:colcon.colcon_core.package_identification:_identify(fixposition_driver_lib) by extensions ['ros']
[0.613s] Level 1:colcon.colcon_core.package_identification:_identify(fixposition_driver_lib) by extension 'ros'
[0.657s] DEBUG:colcon.colcon_core.package_identification:Package 'fixposition_driver_lib' with type 'ros.cmake' and name 'fixposition_driver_lib'
[0.657s] Level 1:colcon.colcon_core.package_identification:_identify(fixposition_driver_ros2) by extensions ['ignore', 'ignore_ament_install']
[0.657s] Level 1:colcon.colcon_core.package_identification:_identify(fixposition_driver_ros2) by extension 'ignore'
[0.657s] Level 1:colcon.colcon_core.package_identification:_identify(fixposition_driver_ros2) by extension 'ignore_ament_install'
[0.658s] Level 1:colcon.colcon_core.package_identification:_identify(fixposition_driver_ros2) by extensions ['colcon_pkg']
[0.658s] Level 1:colcon.colcon_core.package_identification:_identify(fixposition_driver_ros2) by extension 'colcon_pkg'
[0.658s] Level 1:colcon.colcon_core.package_identification:_identify(fixposition_driver_ros2) by extensions ['colcon_meta']
[0.658s] Level 1:colcon.colcon_core.package_identification:_identify(fixposition_driver_ros2) by extension 'colcon_meta'
[0.658s] Level 1:colcon.colcon_core.package_identification:_identify(fixposition_driver_ros2) by extensions ['ros']
[0.658s] Level 1:colcon.colcon_core.package_identification:_identify(fixposition_driver_ros2) by extension 'ros'
[0.661s] DEBUG:colcon.colcon_core.package_identification:Package 'fixposition_driver_ros2' with type 'ros.ament_cmake' and name 'fixposition_driver_ros2'
[0.661s] Level 1:colcon.colcon_core.package_identification:_identify(fixposition_extractor) by extensions ['ignore', 'ignore_ament_install']
[0.661s] Level 1:colcon.colcon_core.package_identification:_identify(fixposition_extractor) by extension 'ignore'
[0.661s] Level 1:colcon.colcon_core.package_identification:_identify(fixposition_extractor) by extension 'ignore_ament_install'
[0.661s] Level 1:colcon.colcon_core.package_identification:_identify(fixposition_extractor) by extensions ['colcon_pkg']
[0.661s] Level 1:colcon.colcon_core.package_identification:_identify(fixposition_extractor) by extension 'colcon_pkg'
[0.661s] Level 1:colcon.colcon_core.package_identification:_identify(fixposition_extractor) by extensions ['colcon_meta']
[0.662s] Level 1:colcon.colcon_core.package_identification:_identify(fixposition_extractor) by extension 'colcon_meta'
[0.662s] Level 1:colcon.colcon_core.package_identification:_identify(fixposition_extractor) by extensions ['ros']
[0.662s] Level 1:colcon.colcon_core.package_identification:_identify(fixposition_extractor) by extension 'ros'
[0.663s] DEBUG:colcon.colcon_core.package_identification:Package 'fixposition_extractor' with type 'ros.ament_python' and name 'fixposition_extractor'
[0.663s] Level 1:colcon.colcon_core.package_identification:_identify(fixposition_odometry_converter_ros2) by extensions ['ignore', 'ignore_ament_install']
[0.663s] Level 1:colcon.colcon_core.package_identification:_identify(fixposition_odometry_converter_ros2) by extension 'ignore'
[0.663s] Level 1:colcon.colcon_core.package_identification:_identify(fixposition_odometry_converter_ros2) by extension 'ignore_ament_install'
[0.663s] Level 1:colcon.colcon_core.package_identification:_identify(fixposition_odometry_converter_ros2) by extensions ['colcon_pkg']
[0.664s] Level 1:colcon.colcon_core.package_identification:_identify(fixposition_odometry_converter_ros2) by extension 'colcon_pkg'
[0.664s] Level 1:colcon.colcon_core.package_identification:_identify(fixposition_odometry_converter_ros2) by extensions ['colcon_meta']
[0.664s] Level 1:colcon.colcon_core.package_identification:_identify(fixposition_odometry_converter_ros2) by extension 'colcon_meta'
[0.664s] Level 1:colcon.colcon_core.package_identification:_identify(fixposition_odometry_converter_ros2) by extensions ['ros']
[0.664s] Level 1:colcon.colcon_core.package_identification:_identify(fixposition_odometry_converter_ros2) by extension 'ros'
[0.665s] DEBUG:colcon.colcon_core.package_identification:Package 'fixposition_odometry_converter_ros2' with type 'ros.ament_cmake' and name 'fixposition_odometry_converter_ros2'
[0.665s] Level 1:colcon.colcon_core.package_identification:_identify(install) by extensions ['ignore', 'ignore_ament_install']
[0.666s] Level 1:colcon.colcon_core.package_identification:_identify(install) by extension 'ignore'
[0.666s] Level 1:colcon.colcon_core.package_identification:_identify(install) ignored
[0.666s] Level 1:colcon.colcon_core.package_identification:_identify(log) by extensions ['ignore', 'ignore_ament_install']
[0.666s] Level 1:colcon.colcon_core.package_identification:_identify(log) by extension 'ignore'
[0.666s] Level 1:colcon.colcon_core.package_identification:_identify(log) ignored
[0.666s] Level 1:colcon.colcon_core.package_identification:_identify(rtcm_msgs) by extensions ['ignore', 'ignore_ament_install']
[0.667s] Level 1:colcon.colcon_core.package_identification:_identify(rtcm_msgs) by extension 'ignore'
[0.667s] Level 1:colcon.colcon_core.package_identification:_identify(rtcm_msgs) by extension 'ignore_ament_install'
[0.667s] Level 1:colcon.colcon_core.package_identification:_identify(rtcm_msgs) by extensions ['colcon_pkg']
[0.667s] Level 1:colcon.colcon_core.package_identification:_identify(rtcm_msgs) by extension 'colcon_pkg'
[0.667s] Level 1:colcon.colcon_core.package_identification:_identify(rtcm_msgs) by extensions ['colcon_meta']
[0.667s] Level 1:colcon.colcon_core.package_identification:_identify(rtcm_msgs) by extension 'colcon_meta'
[0.667s] Level 1:colcon.colcon_core.package_identification:_identify(rtcm_msgs) by extensions ['ros']
[0.667s] Level 1:colcon.colcon_core.package_identification:_identify(rtcm_msgs) by extension 'ros'
[0.674s] DEBUG:colcon.colcon_core.package_identification:Package 'rtcm_msgs' with type 'ros.ament_cmake' and name 'rtcm_msgs'
[0.674s] Level 1:colcon.colcon_core.package_discovery:discover_packages(recursive) using defaults
[0.675s] Level 1:colcon.colcon_core.package_discovery:discover_packages(ignore) discover
[0.675s] Level 1:colcon.colcon_core.package_discovery:discover_packages(ignore) using defaults
[0.675s] Level 1:colcon.colcon_core.package_discovery:discover_packages(path) discover
[0.675s] Level 1:colcon.colcon_core.package_discovery:discover_packages(path) using defaults
[0.716s] Level 1:colcon.colcon_core.package_discovery:discover_packages(prefix_path) check parameters
[0.716s] Level 1:colcon.colcon_core.package_discovery:discover_packages(prefix_path) discover
[0.721s] DEBUG:colcon.colcon_installed_package_information.package_discovery:Found 5 installed packages in /home/lhl/fixposition_driver/install
[0.724s] DEBUG:colcon.colcon_installed_package_information.package_discovery:Found 354 installed packages in /opt/ros/humble
[0.727s] Level 1:colcon.colcon_core.package_discovery:discover_packages(prefix_path) using defaults
[0.809s] Level 5:colcon.colcon_core.verb:set package 'fixposition_driver_lib' build argument 'cmake_args' from command line to 'None'
[0.809s] Level 5:colcon.colcon_core.verb:set package 'fixposition_driver_lib' build argument 'cmake_target' from command line to 'None'
[0.809s] Level 5:colcon.colcon_core.verb:set package 'fixposition_driver_lib' build argument 'cmake_target_skip_unavailable' from command line to 'False'
[0.809s] Level 5:colcon.colcon_core.verb:set package 'fixposition_driver_lib' build argument 'cmake_clean_cache' from command line to 'False'
[0.809s] Level 5:colcon.colcon_core.verb:set package 'fixposition_driver_lib' build argument 'cmake_clean_first' from command line to 'False'
[0.809s] Level 5:colcon.colcon_core.verb:set package 'fixposition_driver_lib' build argument 'cmake_force_configure' from command line to 'False'
[0.810s] Level 5:colcon.colcon_core.verb:set package 'fixposition_driver_lib' build argument 'ament_cmake_args' from command line to 'None'
[0.810s] Level 5:colcon.colcon_core.verb:set package 'fixposition_driver_lib' build argument 'catkin_cmake_args' from command line to 'None'
[0.810s] Level 5:colcon.colcon_core.verb:set package 'fixposition_driver_lib' build argument 'catkin_skip_building_tests' from command line to 'False'
[0.810s] DEBUG:colcon.colcon_core.verb:Building package 'fixposition_driver_lib' with the following arguments: {'ament_cmake_args': None, 'build_base': '/home/lhl/fixposition_driver/build/fixposition_driver_lib', 'catkin_cmake_args': None, 'catkin_skip_building_tests': False, 'cmake_args': None, 'cmake_clean_cache': False, 'cmake_clean_first': False, 'cmake_force_configure': False, 'cmake_target': None, 'cmake_target_skip_unavailable': False, 'install_base': '/home/lhl/fixposition_driver/install/fixposition_driver_lib', 'merge_install': False, 'path': '/home/lhl/fixposition_driver/fixposition_driver_lib', 'symlink_install': False, 'test_result_base': None}
[0.810s] Level 5:colcon.colcon_core.verb:set package 'rtcm_msgs' build argument 'cmake_args' from command line to 'None'
[0.810s] Level 5:colcon.colcon_core.verb:set package 'rtcm_msgs' build argument 'cmake_target' from command line to 'None'
[0.810s] Level 5:colcon.colcon_core.verb:set package 'rtcm_msgs' build argument 'cmake_target_skip_unavailable' from command line to 'False'
[0.811s] Level 5:colcon.colcon_core.verb:set package 'rtcm_msgs' build argument 'cmake_clean_cache' from command line to 'False'
[0.811s] Level 5:colcon.colcon_core.verb:set package 'rtcm_msgs' build argument 'cmake_clean_first' from command line to 'False'
[0.811s] Level 5:colcon.colcon_core.verb:set package 'rtcm_msgs' build argument 'cmake_force_configure' from command line to 'False'
[0.811s] Level 5:colcon.colcon_core.verb:set package 'rtcm_msgs' build argument 'ament_cmake_args' from command line to 'None'
[0.811s] Level 5:colcon.colcon_core.verb:set package 'rtcm_msgs' build argument 'catkin_cmake_args' from command line to 'None'
[0.811s] Level 5:colcon.colcon_core.verb:set package 'rtcm_msgs' build argument 'catkin_skip_building_tests' from command line to 'False'
[0.811s] DEBUG:colcon.colcon_core.verb:Building package 'rtcm_msgs' with the following arguments: {'ament_cmake_args': None, 'build_base': '/home/lhl/fixposition_driver/build/rtcm_msgs', 'catkin_cmake_args': None, 'catkin_skip_building_tests': False, 'cmake_args': None, 'cmake_clean_cache': False, 'cmake_clean_first': False, 'cmake_force_configure': False, 'cmake_target': None, 'cmake_target_skip_unavailable': False, 'install_base': '/home/lhl/fixposition_driver/install/rtcm_msgs', 'merge_install': False, 'path': '/home/lhl/fixposition_driver/rtcm_msgs', 'symlink_install': False, 'test_result_base': None}
[0.811s] Level 5:colcon.colcon_core.verb:set package 'fixposition_driver_ros2' build argument 'cmake_args' from command line to 'None'
[0.811s] Level 5:colcon.colcon_core.verb:set package 'fixposition_driver_ros2' build argument 'cmake_target' from command line to 'None'
[0.811s] Level 5:colcon.colcon_core.verb:set package 'fixposition_driver_ros2' build argument 'cmake_target_skip_unavailable' from command line to 'False'
[0.812s] Level 5:colcon.colcon_core.verb:set package 'fixposition_driver_ros2' build argument 'cmake_clean_cache' from command line to 'False'
[0.812s] Level 5:colcon.colcon_core.verb:set package 'fixposition_driver_ros2' build argument 'cmake_clean_first' from command line to 'False'
[0.812s] Level 5:colcon.colcon_core.verb:set package 'fixposition_driver_ros2' build argument 'cmake_force_configure' from command line to 'False'
[0.812s] Level 5:colcon.colcon_core.verb:set package 'fixposition_driver_ros2' build argument 'ament_cmake_args' from command line to 'None'
[0.812s] Level 5:colcon.colcon_core.verb:set package 'fixposition_driver_ros2' build argument 'catkin_cmake_args' from command line to 'None'
[0.812s] Level 5:colcon.colcon_core.verb:set package 'fixposition_driver_ros2' build argument 'catkin_skip_building_tests' from command line to 'False'
[0.812s] DEBUG:colcon.colcon_core.verb:Building package 'fixposition_driver_ros2' with the following arguments: {'ament_cmake_args': None, 'build_base': '/home/lhl/fixposition_driver/build/fixposition_driver_ros2', 'catkin_cmake_args': None, 'catkin_skip_building_tests': False, 'cmake_args': None, 'cmake_clean_cache': False, 'cmake_clean_first': False, 'cmake_force_configure': False, 'cmake_target': None, 'cmake_target_skip_unavailable': False, 'install_base': '/home/lhl/fixposition_driver/install/fixposition_driver_ros2', 'merge_install': False, 'path': '/home/lhl/fixposition_driver/fixposition_driver_ros2', 'symlink_install': False, 'test_result_base': None}
[0.812s] Level 5:colcon.colcon_core.verb:set package 'fixposition_extractor' build argument 'cmake_args' from command line to 'None'
[0.812s] Level 5:colcon.colcon_core.verb:set package 'fixposition_extractor' build argument 'cmake_target' from command line to 'None'
[0.813s] Level 5:colcon.colcon_core.verb:set package 'fixposition_extractor' build argument 'cmake_target_skip_unavailable' from command line to 'False'
[0.813s] Level 5:colcon.colcon_core.verb:set package 'fixposition_extractor' build argument 'cmake_clean_cache' from command line to 'False'
[0.813s] Level 5:colcon.colcon_core.verb:set package 'fixposition_extractor' build argument 'cmake_clean_first' from command line to 'False'
[0.813s] Level 5:colcon.colcon_core.verb:set package 'fixposition_extractor' build argument 'cmake_force_configure' from command line to 'False'
[0.813s] Level 5:colcon.colcon_core.verb:set package 'fixposition_extractor' build argument 'ament_cmake_args' from command line to 'None'
[0.813s] Level 5:colcon.colcon_core.verb:set package 'fixposition_extractor' build argument 'catkin_cmake_args' from command line to 'None'
[0.813s] Level 5:colcon.colcon_core.verb:set package 'fixposition_extractor' build argument 'catkin_skip_building_tests' from command line to 'False'
[0.813s] DEBUG:colcon.colcon_core.verb:Building package 'fixposition_extractor' with the following arguments: {'ament_cmake_args': None, 'build_base': '/home/lhl/fixposition_driver/build/fixposition_extractor', 'catkin_cmake_args': None, 'catkin_skip_building_tests': False, 'cmake_args': None, 'cmake_clean_cache': False, 'cmake_clean_first': False, 'cmake_force_configure': False, 'cmake_target': None, 'cmake_target_skip_unavailable': False, 'install_base': '/home/lhl/fixposition_driver/install/fixposition_extractor', 'merge_install': False, 'path': '/home/lhl/fixposition_driver/fixposition_extractor', 'symlink_install': False, 'test_result_base': None}
[0.813s] Level 5:colcon.colcon_core.verb:set package 'fixposition_odometry_converter_ros2' build argument 'cmake_args' from command line to 'None'
[0.813s] Level 5:colcon.colcon_core.verb:set package 'fixposition_odometry_converter_ros2' build argument 'cmake_target' from command line to 'None'
[0.814s] Level 5:colcon.colcon_core.verb:set package 'fixposition_odometry_converter_ros2' build argument 'cmake_target_skip_unavailable' from command line to 'False'
[0.814s] Level 5:colcon.colcon_core.verb:set package 'fixposition_odometry_converter_ros2' build argument 'cmake_clean_cache' from command line to 'False'
[0.814s] Level 5:colcon.colcon_core.verb:set package 'fixposition_odometry_converter_ros2' build argument 'cmake_clean_first' from command line to 'False'
[0.814s] Level 5:colcon.colcon_core.verb:set package 'fixposition_odometry_converter_ros2' build argument 'cmake_force_configure' from command line to 'False'
[0.814s] Level 5:colcon.colcon_core.verb:set package 'fixposition_odometry_converter_ros2' build argument 'ament_cmake_args' from command line to 'None'
[0.814s] Level 5:colcon.colcon_core.verb:set package 'fixposition_odometry_converter_ros2' build argument 'catkin_cmake_args' from command line to 'None'
[0.814s] Level 5:colcon.colcon_core.verb:set package 'fixposition_odometry_converter_ros2' build argument 'catkin_skip_building_tests' from command line to 'False'
[0.814s] DEBUG:colcon.colcon_core.verb:Building package 'fixposition_odometry_converter_ros2' with the following arguments: {'ament_cmake_args': None, 'build_base': '/home/lhl/fixposition_driver/build/fixposition_odometry_converter_ros2', 'catkin_cmake_args': None, 'catkin_skip_building_tests': False, 'cmake_args': None, 'cmake_clean_cache': False, 'cmake_clean_first': False, 'cmake_force_configure': False, 'cmake_target': None, 'cmake_target_skip_unavailable': False, 'install_base': '/home/lhl/fixposition_driver/install/fixposition_odometry_converter_ros2', 'merge_install': False, 'path': '/home/lhl/fixposition_driver/fixposition_odometry_converter_ros2', 'symlink_install': False, 'test_result_base': None}
[0.814s] INFO:colcon.colcon_core.executor:Executing jobs using 'parallel' executor
[0.817s] DEBUG:colcon.colcon_parallel_executor.executor.parallel:run_until_complete
[0.817s] INFO:colcon.colcon_ros.task.cmake.build:Building ROS package in '/home/lhl/fixposition_driver/fixposition_driver_lib' with build type 'cmake'
[0.817s] INFO:colcon.colcon_cmake.task.cmake.build:Building CMake package in '/home/lhl/fixposition_driver/fixposition_driver_lib'
[0.822s] INFO:colcon.colcon_core.plugin_system:Skipping extension 'colcon_core.shell.bat': Not used on non-Windows systems
[0.822s] INFO:colcon.colcon_core.shell:Skip shell extension 'powershell' for command environment: Not usable outside of PowerShell
[0.822s] DEBUG:colcon.colcon_core.shell:Skip shell extension 'dsv' for command environment
[0.830s] INFO:colcon.colcon_ros.task.ament_cmake.build:Building ROS package in '/home/lhl/fixposition_driver/rtcm_msgs' with build type 'ament_cmake'
[0.830s] INFO:colcon.colcon_cmake.task.cmake.build:Building CMake package in '/home/lhl/fixposition_driver/rtcm_msgs'
[0.831s] INFO:colcon.colcon_core.shell:Skip shell extension 'powershell' for command environment: Not usable outside of PowerShell
[0.831s] DEBUG:colcon.colcon_core.shell:Skip shell extension 'dsv' for command environment
[0.848s] DEBUG:colcon.colcon_core.event_handler.log_command:Invoking command in '/home/lhl/fixposition_driver/build/fixposition_driver_lib': CMAKE_PREFIX_PATH=${CMAKE_PREFIX_PATH}:/home/lhl/fixposition_driver/install/fixposition_extractor:/opt/ros/humble /usr/bin/cmake --build /home/lhl/fixposition_driver/build/fixposition_driver_lib -- -j8 -l8
[0.861s] DEBUG:colcon.colcon_core.event_handler.log_command:Invoking command in '/home/lhl/fixposition_driver/build/rtcm_msgs': CMAKE_PREFIX_PATH=${CMAKE_PREFIX_PATH}:/home/lhl/fixposition_driver/install/fixposition_extractor:/opt/ros/humble /usr/bin/cmake --build /home/lhl/fixposition_driver/build/rtcm_msgs -- -j8 -l8
[1.111s] DEBUG:colcon.colcon_core.event_handler.log_command:Invoked command in '/home/lhl/fixposition_driver/build/fixposition_driver_lib' returned '0': CMAKE_PREFIX_PATH=${CMAKE_PREFIX_PATH}:/home/lhl/fixposition_driver/install/fixposition_extractor:/opt/ros/humble /usr/bin/cmake --build /home/lhl/fixposition_driver/build/fixposition_driver_lib -- -j8 -l8
[1.292s] DEBUG:colcon.colcon_core.event_handler.log_command:Invoking command in '/home/lhl/fixposition_driver/build/fixposition_driver_lib': CMAKE_PREFIX_PATH=${CMAKE_PREFIX_PATH}:/home/lhl/fixposition_driver/install/fixposition_extractor:/opt/ros/humble /usr/bin/cmake --install /home/lhl/fixposition_driver/build/fixposition_driver_lib
[1.316s] DEBUG:colcon.colcon_core.event_handler.log_command:Invoked command in '/home/lhl/fixposition_driver/build/fixposition_driver_lib' returned '0': CMAKE_PREFIX_PATH=${CMAKE_PREFIX_PATH}:/home/lhl/fixposition_driver/install/fixposition_extractor:/opt/ros/humble /usr/bin/cmake --install /home/lhl/fixposition_driver/build/fixposition_driver_lib
[1.469s] Level 1:colcon.colcon_core.shell:create_environment_hook('fixposition_driver_lib', 'pkg_config_path')
[1.470s] INFO:colcon.colcon_core.shell:Creating environment hook '/home/lhl/fixposition_driver/install/fixposition_driver_lib/share/fixposition_driver_lib/hook/pkg_config_path.ps1'
[1.471s] INFO:colcon.colcon_core.shell:Creating environment descriptor '/home/lhl/fixposition_driver/install/fixposition_driver_lib/share/fixposition_driver_lib/hook/pkg_config_path.dsv'
[1.472s] INFO:colcon.colcon_core.shell:Creating environment hook '/home/lhl/fixposition_driver/install/fixposition_driver_lib/share/fixposition_driver_lib/hook/pkg_config_path.sh'
[1.477s] Level 1:colcon.colcon_core.shell:create_environment_hook('fixposition_driver_lib', 'pkg_config_path_multiarch')
[1.478s] INFO:colcon.colcon_core.shell:Creating environment hook '/home/lhl/fixposition_driver/install/fixposition_driver_lib/share/fixposition_driver_lib/hook/pkg_config_path_multiarch.ps1'
[1.480s] INFO:colcon.colcon_core.shell:Creating environment descriptor '/home/lhl/fixposition_driver/install/fixposition_driver_lib/share/fixposition_driver_lib/hook/pkg_config_path_multiarch.dsv'
[1.481s] INFO:colcon.colcon_core.shell:Creating environment hook '/home/lhl/fixposition_driver/install/fixposition_driver_lib/share/fixposition_driver_lib/hook/pkg_config_path_multiarch.sh'
[1.482s] Level 1:colcon.colcon_core.environment:create_environment_scripts_only(fixposition_driver_lib)
[1.487s] Level 1:colcon.colcon_core.environment:checking '/home/lhl/fixposition_driver/install/fixposition_driver_lib' for CMake module files
[1.487s] Level 1:colcon.colcon_core.environment:checking '/home/lhl/fixposition_driver/install/fixposition_driver_lib' for CMake config files
[1.488s] Level 1:colcon.colcon_core.shell:create_environment_hook('fixposition_driver_lib', 'cmake_prefix_path')
[1.488s] INFO:colcon.colcon_core.shell:Creating environment hook '/home/lhl/fixposition_driver/install/fixposition_driver_lib/share/fixposition_driver_lib/hook/cmake_prefix_path.ps1'
[1.489s] INFO:colcon.colcon_core.shell:Creating environment descriptor '/home/lhl/fixposition_driver/install/fixposition_driver_lib/share/fixposition_driver_lib/hook/cmake_prefix_path.dsv'
[1.490s] INFO:colcon.colcon_core.shell:Creating environment hook '/home/lhl/fixposition_driver/install/fixposition_driver_lib/share/fixposition_driver_lib/hook/cmake_prefix_path.sh'
[1.491s] Level 1:colcon.colcon_core.environment:checking '/home/lhl/fixposition_driver/install/fixposition_driver_lib/lib'
[1.491s] Level 1:colcon.colcon_core.shell:create_environment_hook('fixposition_driver_lib', 'ld_library_path_lib')
[1.492s] INFO:colcon.colcon_core.shell:Creating environment hook '/home/lhl/fixposition_driver/install/fixposition_driver_lib/share/fixposition_driver_lib/hook/ld_library_path_lib.ps1'
[1.493s] INFO:colcon.colcon_core.shell:Creating environment descriptor '/home/lhl/fixposition_driver/install/fixposition_driver_lib/share/fixposition_driver_lib/hook/ld_library_path_lib.dsv'
[1.494s] INFO:colcon.colcon_core.shell:Creating environment hook '/home/lhl/fixposition_driver/install/fixposition_driver_lib/share/fixposition_driver_lib/hook/ld_library_path_lib.sh'
[1.494s] Level 1:colcon.colcon_core.environment:checking '/home/lhl/fixposition_driver/install/fixposition_driver_lib/bin'
[1.495s] Level 1:colcon.colcon_core.environment:checking '/home/lhl/fixposition_driver/install/fixposition_driver_lib/lib/pkgconfig/fixposition_driver_lib.pc'
[1.495s] Level 1:colcon.colcon_core.environment:checking '/home/lhl/fixposition_driver/install/fixposition_driver_lib/lib/python3.10/site-packages'
[1.495s] Level 1:colcon.colcon_core.environment:checking '/home/lhl/fixposition_driver/install/fixposition_driver_lib/bin'
[1.496s] INFO:colcon.colcon_core.shell:Creating package script '/home/lhl/fixposition_driver/install/fixposition_driver_lib/share/fixposition_driver_lib/package.ps1'
[1.498s] INFO:colcon.colcon_core.shell:Creating package descriptor '/home/lhl/fixposition_driver/install/fixposition_driver_lib/share/fixposition_driver_lib/package.dsv'
[1.499s] INFO:colcon.colcon_core.shell:Creating package script '/home/lhl/fixposition_driver/install/fixposition_driver_lib/share/fixposition_driver_lib/package.sh'
[1.501s] INFO:colcon.colcon_core.shell:Creating package script '/home/lhl/fixposition_driver/install/fixposition_driver_lib/share/fixposition_driver_lib/package.bash'
[1.502s] INFO:colcon.colcon_core.shell:Creating package script '/home/lhl/fixposition_driver/install/fixposition_driver_lib/share/fixposition_driver_lib/package.zsh'
[1.504s] Level 1:colcon.colcon_core.environment:create_file_with_runtime_dependencies(/home/lhl/fixposition_driver/install/fixposition_driver_lib/share/colcon-core/packages/fixposition_driver_lib)
[1.781s] DEBUG:colcon.colcon_core.event_handler.log_command:Invoked command in '/home/lhl/fixposition_driver/build/rtcm_msgs' returned '0': CMAKE_PREFIX_PATH=${CMAKE_PREFIX_PATH}:/home/lhl/fixposition_driver/install/fixposition_extractor:/opt/ros/humble /usr/bin/cmake --build /home/lhl/fixposition_driver/build/rtcm_msgs -- -j8 -l8
[1.905s] DEBUG:colcon.colcon_core.event_handler.log_command:Invoking command in '/home/lhl/fixposition_driver/build/rtcm_msgs': CMAKE_PREFIX_PATH=${CMAKE_PREFIX_PATH}:/home/lhl/fixposition_driver/install/fixposition_extractor:/opt/ros/humble /usr/bin/cmake --install /home/lhl/fixposition_driver/build/rtcm_msgs
[2.017s] Level 1:colcon.colcon_core.environment:create_environment_scripts_only(rtcm_msgs)
[2.019s] Level 1:colcon.colcon_core.environment:checking '/home/lhl/fixposition_driver/install/rtcm_msgs' for CMake module files
[2.025s] Level 1:colcon.colcon_core.environment:checking '/home/lhl/fixposition_driver/install/rtcm_msgs' for CMake config files
[2.034s] Level 1:colcon.colcon_core.shell:create_environment_hook('rtcm_msgs', 'cmake_prefix_path')
[2.048s] INFO:colcon.colcon_core.shell:Creating environment hook '/home/lhl/fixposition_driver/install/rtcm_msgs/share/rtcm_msgs/hook/cmake_prefix_path.ps1'
[2.051s] INFO:colcon.colcon_core.shell:Creating environment descriptor '/home/lhl/fixposition_driver/install/rtcm_msgs/share/rtcm_msgs/hook/cmake_prefix_path.dsv'
[2.059s] INFO:colcon.colcon_core.shell:Creating environment hook '/home/lhl/fixposition_driver/install/rtcm_msgs/share/rtcm_msgs/hook/cmake_prefix_path.sh'
[2.067s] DEBUG:colcon.colcon_core.event_handler.log_command:Invoked command in '/home/lhl/fixposition_driver/build/rtcm_msgs' returned '0': CMAKE_PREFIX_PATH=${CMAKE_PREFIX_PATH}:/home/lhl/fixposition_driver/install/fixposition_extractor:/opt/ros/humble /usr/bin/cmake --install /home/lhl/fixposition_driver/build/rtcm_msgs
[2.069s] Level 1:colcon.colcon_core.environment:checking '/home/lhl/fixposition_driver/install/rtcm_msgs/lib'
[2.070s] Level 1:colcon.colcon_core.shell:create_environment_hook('rtcm_msgs', 'ld_library_path_lib')
[2.072s] INFO:colcon.colcon_core.shell:Creating environment hook '/home/lhl/fixposition_driver/install/rtcm_msgs/share/rtcm_msgs/hook/ld_library_path_lib.ps1'
[2.078s] INFO:colcon.colcon_core.shell:Creating environment descriptor '/home/lhl/fixposition_driver/install/rtcm_msgs/share/rtcm_msgs/hook/ld_library_path_lib.dsv'
[2.080s] INFO:colcon.colcon_core.shell:Creating environment hook '/home/lhl/fixposition_driver/install/rtcm_msgs/share/rtcm_msgs/hook/ld_library_path_lib.sh'
[2.087s] Level 1:colcon.colcon_core.environment:checking '/home/lhl/fixposition_driver/install/rtcm_msgs/bin'
[2.087s] Level 1:colcon.colcon_core.environment:checking '/home/lhl/fixposition_driver/install/rtcm_msgs/lib/pkgconfig/rtcm_msgs.pc'
[2.088s] Level 1:colcon.colcon_core.environment:checking '/home/lhl/fixposition_driver/install/rtcm_msgs/lib/python3.10/site-packages'
[2.088s] Level 1:colcon.colcon_core.environment:checking '/home/lhl/fixposition_driver/install/rtcm_msgs/bin'
[2.089s] INFO:colcon.colcon_core.shell:Creating package script '/home/lhl/fixposition_driver/install/rtcm_msgs/share/rtcm_msgs/package.ps1'
[2.091s] INFO:colcon.colcon_core.shell:Creating package descriptor '/home/lhl/fixposition_driver/install/rtcm_msgs/share/rtcm_msgs/package.dsv'
[2.092s] INFO:colcon.colcon_core.shell:Creating package script '/home/lhl/fixposition_driver/install/rtcm_msgs/share/rtcm_msgs/package.sh'
[2.092s] INFO:colcon.colcon_core.shell:Creating package script '/home/lhl/fixposition_driver/install/rtcm_msgs/share/rtcm_msgs/package.bash'
[2.093s] INFO:colcon.colcon_core.shell:Creating package script '/home/lhl/fixposition_driver/install/rtcm_msgs/share/rtcm_msgs/package.zsh'
[2.094s] Level 1:colcon.colcon_core.environment:create_file_with_runtime_dependencies(/home/lhl/fixposition_driver/install/rtcm_msgs/share/colcon-core/packages/rtcm_msgs)
[2.219s] Level 1:colcon.colcon_core.environment:create_environment_scripts_only(rtcm_msgs)
[2.220s] Level 1:colcon.colcon_core.environment:checking '/home/lhl/fixposition_driver/install/rtcm_msgs' for CMake module files
[2.221s] Level 1:colcon.colcon_core.environment:checking '/home/lhl/fixposition_driver/install/rtcm_msgs' for CMake config files
[2.223s] Level 1:colcon.colcon_core.shell:create_environment_hook('rtcm_msgs', 'cmake_prefix_path')
[2.223s] INFO:colcon.colcon_core.shell:Creating environment hook '/home/lhl/fixposition_driver/install/rtcm_msgs/share/rtcm_msgs/hook/cmake_prefix_path.ps1'
[2.224s] INFO:colcon.colcon_core.shell:Creating environment descriptor '/home/lhl/fixposition_driver/install/rtcm_msgs/share/rtcm_msgs/hook/cmake_prefix_path.dsv'
[2.225s] INFO:colcon.colcon_core.shell:Creating environment hook '/home/lhl/fixposition_driver/install/rtcm_msgs/share/rtcm_msgs/hook/cmake_prefix_path.sh'
[2.227s] Level 1:colcon.colcon_core.environment:checking '/home/lhl/fixposition_driver/install/rtcm_msgs/lib'
[2.227s] Level 1:colcon.colcon_core.shell:create_environment_hook('rtcm_msgs', 'ld_library_path_lib')
[2.227s] INFO:colcon.colcon_core.shell:Creating environment hook '/home/lhl/fixposition_driver/install/rtcm_msgs/share/rtcm_msgs/hook/ld_library_path_lib.ps1'
[2.228s] INFO:colcon.colcon_core.shell:Creating environment descriptor '/home/lhl/fixposition_driver/install/rtcm_msgs/share/rtcm_msgs/hook/ld_library_path_lib.dsv'
[2.229s] INFO:colcon.colcon_core.shell:Creating environment hook '/home/lhl/fixposition_driver/install/rtcm_msgs/share/rtcm_msgs/hook/ld_library_path_lib.sh'
[2.230s] Level 1:colcon.colcon_core.environment:checking '/home/lhl/fixposition_driver/install/rtcm_msgs/bin'
[2.230s] Level 1:colcon.colcon_core.environment:checking '/home/lhl/fixposition_driver/install/rtcm_msgs/lib/pkgconfig/rtcm_msgs.pc'
[2.231s] Level 1:colcon.colcon_core.environment:checking '/home/lhl/fixposition_driver/install/rtcm_msgs/lib/python3.10/site-packages'
[2.231s] Level 1:colcon.colcon_core.environment:checking '/home/lhl/fixposition_driver/install/rtcm_msgs/bin'
[2.232s] INFO:colcon.colcon_core.shell:Creating package script '/home/lhl/fixposition_driver/install/rtcm_msgs/share/rtcm_msgs/package.ps1'
[2.234s] INFO:colcon.colcon_core.shell:Creating package descriptor '/home/lhl/fixposition_driver/install/rtcm_msgs/share/rtcm_msgs/package.dsv'
[2.235s] INFO:colcon.colcon_core.shell:Creating package script '/home/lhl/fixposition_driver/install/rtcm_msgs/share/rtcm_msgs/package.sh'
[2.236s] INFO:colcon.colcon_core.shell:Creating package script '/home/lhl/fixposition_driver/install/rtcm_msgs/share/rtcm_msgs/package.bash'
[2.238s] INFO:colcon.colcon_core.shell:Creating package script '/home/lhl/fixposition_driver/install/rtcm_msgs/share/rtcm_msgs/package.zsh'
[2.239s] Level 1:colcon.colcon_core.environment:create_file_with_runtime_dependencies(/home/lhl/fixposition_driver/install/rtcm_msgs/share/colcon-core/packages/rtcm_msgs)
[2.240s] INFO:colcon.colcon_ros.task.ament_cmake.build:Building ROS package in '/home/lhl/fixposition_driver/fixposition_driver_ros2' with build type 'ament_cmake'
[2.241s] INFO:colcon.colcon_cmake.task.cmake.build:Building CMake package in '/home/lhl/fixposition_driver/fixposition_driver_ros2'
[2.242s] INFO:colcon.colcon_core.shell:Skip shell extension 'powershell' for command environment: Not usable outside of PowerShell
[2.243s] DEBUG:colcon.colcon_core.shell:Skip shell extension 'dsv' for command environment
[2.273s] DEBUG:colcon.colcon_core.event_handler.log_command:Invoking command in '/home/lhl/fixposition_driver/build/fixposition_driver_ros2': CMAKE_PREFIX_PATH=/home/lhl/fixposition_driver/install/rtcm_msgs:/home/lhl/fixposition_driver/install/fixposition_driver_lib:/home/lhl/fixposition_driver/install/fixposition_odometry_converter_ros2:/home/lhl/fixposition_driver/install/fixposition_driver_ros2:/home/lhl/fixposition_driver/install/fixposition_extractor:/opt/ros/humble LD_LIBRARY_PATH=/home/lhl/fixposition_driver/install/rtcm_msgs/lib:/home/lhl/fixposition_driver/install/fixposition_driver_lib/lib:/home/lhl/fixposition_driver/install/fixposition_odometry_converter_ros2/lib:/home/lhl/fixposition_driver/install/fixposition_driver_ros2/lib:/usr/local/cuda-12.2/lib64:/opt/ros/humble/opt/rviz_ogre_vendor/lib:/opt/ros/humble/lib/aarch64-linux-gnu:/opt/ros/humble/lib:/usr/local/cuda-12.2/lib64 /usr/bin/cmake --build /home/lhl/fixposition_driver/build/fixposition_driver_ros2 -- -j8 -l8
[3.103s] DEBUG:colcon.colcon_core.event_handler.log_command:Invoked command in '/home/lhl/fixposition_driver/build/fixposition_driver_ros2' returned '0': CMAKE_PREFIX_PATH=/home/lhl/fixposition_driver/install/rtcm_msgs:/home/lhl/fixposition_driver/install/fixposition_driver_lib:/home/lhl/fixposition_driver/install/fixposition_odometry_converter_ros2:/home/lhl/fixposition_driver/install/fixposition_driver_ros2:/home/lhl/fixposition_driver/install/fixposition_extractor:/opt/ros/humble LD_LIBRARY_PATH=/home/lhl/fixposition_driver/install/rtcm_msgs/lib:/home/lhl/fixposition_driver/install/fixposition_driver_lib/lib:/home/lhl/fixposition_driver/install/fixposition_odometry_converter_ros2/lib:/home/lhl/fixposition_driver/install/fixposition_driver_ros2/lib:/usr/local/cuda-12.2/lib64:/opt/ros/humble/opt/rviz_ogre_vendor/lib:/opt/ros/humble/lib/aarch64-linux-gnu:/opt/ros/humble/lib:/usr/local/cuda-12.2/lib64 /usr/bin/cmake --build /home/lhl/fixposition_driver/build/fixposition_driver_ros2 -- -j8 -l8
[4.111s] DEBUG:colcon.colcon_core.event_handler.log_command:Invoking command in '/home/lhl/fixposition_driver/build/fixposition_driver_ros2': CMAKE_PREFIX_PATH=/home/lhl/fixposition_driver/install/rtcm_msgs:/home/lhl/fixposition_driver/install/fixposition_driver_lib:/home/lhl/fixposition_driver/install/fixposition_odometry_converter_ros2:/home/lhl/fixposition_driver/install/fixposition_driver_ros2:/home/lhl/fixposition_driver/install/fixposition_extractor:/opt/ros/humble LD_LIBRARY_PATH=/home/lhl/fixposition_driver/install/rtcm_msgs/lib:/home/lhl/fixposition_driver/install/fixposition_driver_lib/lib:/home/lhl/fixposition_driver/install/fixposition_odometry_converter_ros2/lib:/home/lhl/fixposition_driver/install/fixposition_driver_ros2/lib:/usr/local/cuda-12.2/lib64:/opt/ros/humble/opt/rviz_ogre_vendor/lib:/opt/ros/humble/lib/aarch64-linux-gnu:/opt/ros/humble/lib:/usr/local/cuda-12.2/lib64 /usr/bin/cmake --install /home/lhl/fixposition_driver/build/fixposition_driver_ros2
[4.262s] Level 1:colcon.colcon_core.environment:create_environment_scripts_only(fixposition_driver_ros2)
[4.263s] Level 1:colcon.colcon_core.environment:checking '/home/lhl/fixposition_driver/install/fixposition_driver_ros2' for CMake module files
[4.264s] DEBUG:colcon.colcon_core.event_handler.log_command:Invoked command in '/home/lhl/fixposition_driver/build/fixposition_driver_ros2' returned '0': CMAKE_PREFIX_PATH=/home/lhl/fixposition_driver/install/rtcm_msgs:/home/lhl/fixposition_driver/install/fixposition_driver_lib:/home/lhl/fixposition_driver/install/fixposition_odometry_converter_ros2:/home/lhl/fixposition_driver/install/fixposition_driver_ros2:/home/lhl/fixposition_driver/install/fixposition_extractor:/opt/ros/humble LD_LIBRARY_PATH=/home/lhl/fixposition_driver/install/rtcm_msgs/lib:/home/lhl/fixposition_driver/install/fixposition_driver_lib/lib:/home/lhl/fixposition_driver/install/fixposition_odometry_converter_ros2/lib:/home/lhl/fixposition_driver/install/fixposition_driver_ros2/lib:/usr/local/cuda-12.2/lib64:/opt/ros/humble/opt/rviz_ogre_vendor/lib:/opt/ros/humble/lib/aarch64-linux-gnu:/opt/ros/humble/lib:/usr/local/cuda-12.2/lib64 /usr/bin/cmake --install /home/lhl/fixposition_driver/build/fixposition_driver_ros2
[4.266s] Level 1:colcon.colcon_core.environment:checking '/home/lhl/fixposition_driver/install/fixposition_driver_ros2' for CMake config files
[4.267s] Level 1:colcon.colcon_core.shell:create_environment_hook('fixposition_driver_ros2', 'cmake_prefix_path')
[4.267s] INFO:colcon.colcon_core.shell:Creating environment hook '/home/lhl/fixposition_driver/install/fixposition_driver_ros2/share/fixposition_driver_ros2/hook/cmake_prefix_path.ps1'
[4.269s] INFO:colcon.colcon_core.shell:Creating environment descriptor '/home/lhl/fixposition_driver/install/fixposition_driver_ros2/share/fixposition_driver_ros2/hook/cmake_prefix_path.dsv'
[4.270s] INFO:colcon.colcon_core.shell:Creating environment hook '/home/lhl/fixposition_driver/install/fixposition_driver_ros2/share/fixposition_driver_ros2/hook/cmake_prefix_path.sh'
[4.272s] Level 1:colcon.colcon_core.environment:checking '/home/lhl/fixposition_driver/install/fixposition_driver_ros2/lib'
[4.272s] Level 1:colcon.colcon_core.shell:create_environment_hook('fixposition_driver_ros2', 'ld_library_path_lib')
[4.272s] INFO:colcon.colcon_core.shell:Creating environment hook '/home/lhl/fixposition_driver/install/fixposition_driver_ros2/share/fixposition_driver_ros2/hook/ld_library_path_lib.ps1'
[4.273s] INFO:colcon.colcon_core.shell:Creating environment descriptor '/home/lhl/fixposition_driver/install/fixposition_driver_ros2/share/fixposition_driver_ros2/hook/ld_library_path_lib.dsv'
[4.274s] INFO:colcon.colcon_core.shell:Creating environment hook '/home/lhl/fixposition_driver/install/fixposition_driver_ros2/share/fixposition_driver_ros2/hook/ld_library_path_lib.sh'
[4.275s] Level 1:colcon.colcon_core.environment:checking '/home/lhl/fixposition_driver/install/fixposition_driver_ros2/bin'
[4.275s] Level 1:colcon.colcon_core.environment:checking '/home/lhl/fixposition_driver/install/fixposition_driver_ros2/lib/pkgconfig/fixposition_driver_ros2.pc'
[4.276s] Level 1:colcon.colcon_core.environment:checking '/home/lhl/fixposition_driver/install/fixposition_driver_ros2/lib/python3.10/site-packages'
[4.276s] Level 1:colcon.colcon_core.environment:checking '/home/lhl/fixposition_driver/install/fixposition_driver_ros2/bin'
[4.277s] INFO:colcon.colcon_core.shell:Creating package script '/home/lhl/fixposition_driver/install/fixposition_driver_ros2/share/fixposition_driver_ros2/package.ps1'
[4.278s] INFO:colcon.colcon_core.shell:Creating package descriptor '/home/lhl/fixposition_driver/install/fixposition_driver_ros2/share/fixposition_driver_ros2/package.dsv'
[4.279s] INFO:colcon.colcon_core.shell:Creating package script '/home/lhl/fixposition_driver/install/fixposition_driver_ros2/share/fixposition_driver_ros2/package.sh'
[4.280s] INFO:colcon.colcon_core.shell:Creating package script '/home/lhl/fixposition_driver/install/fixposition_driver_ros2/share/fixposition_driver_ros2/package.bash'
[4.281s] INFO:colcon.colcon_core.shell:Creating package script '/home/lhl/fixposition_driver/install/fixposition_driver_ros2/share/fixposition_driver_ros2/package.zsh'
[4.282s] Level 1:colcon.colcon_core.environment:create_file_with_runtime_dependencies(/home/lhl/fixposition_driver/install/fixposition_driver_ros2/share/colcon-core/packages/fixposition_driver_ros2)
[5.319s] Level 1:colcon.colcon_core.environment:create_environment_scripts_only(fixposition_driver_ros2)
[5.321s] Level 1:colcon.colcon_core.environment:checking '/home/lhl/fixposition_driver/install/fixposition_driver_ros2' for CMake module files
[5.323s] Level 1:colcon.colcon_core.environment:checking '/home/lhl/fixposition_driver/install/fixposition_driver_ros2' for CMake config files
[5.325s] Level 1:colcon.colcon_core.shell:create_environment_hook('fixposition_driver_ros2', 'cmake_prefix_path')
[5.326s] INFO:colcon.colcon_core.shell:Creating environment hook '/home/lhl/fixposition_driver/install/fixposition_driver_ros2/share/fixposition_driver_ros2/hook/cmake_prefix_path.ps1'
[5.328s] INFO:colcon.colcon_core.shell:Creating environment descriptor '/home/lhl/fixposition_driver/install/fixposition_driver_ros2/share/fixposition_driver_ros2/hook/cmake_prefix_path.dsv'
[5.329s] INFO:colcon.colcon_core.shell:Creating environment hook '/home/lhl/fixposition_driver/install/fixposition_driver_ros2/share/fixposition_driver_ros2/hook/cmake_prefix_path.sh'
[5.331s] Level 1:colcon.colcon_core.environment:checking '/home/lhl/fixposition_driver/install/fixposition_driver_ros2/lib'
[5.331s] Level 1:colcon.colcon_core.shell:create_environment_hook('fixposition_driver_ros2', 'ld_library_path_lib')
[5.332s] INFO:colcon.colcon_core.shell:Creating environment hook '/home/lhl/fixposition_driver/install/fixposition_driver_ros2/share/fixposition_driver_ros2/hook/ld_library_path_lib.ps1'
[5.334s] INFO:colcon.colcon_core.shell:Creating environment descriptor '/home/lhl/fixposition_driver/install/fixposition_driver_ros2/share/fixposition_driver_ros2/hook/ld_library_path_lib.dsv'
[5.335s] INFO:colcon.colcon_core.shell:Creating environment hook '/home/lhl/fixposition_driver/install/fixposition_driver_ros2/share/fixposition_driver_ros2/hook/ld_library_path_lib.sh'
[5.337s] Level 1:colcon.colcon_core.environment:checking '/home/lhl/fixposition_driver/install/fixposition_driver_ros2/bin'
[5.337s] Level 1:colcon.colcon_core.environment:checking '/home/lhl/fixposition_driver/install/fixposition_driver_ros2/lib/pkgconfig/fixposition_driver_ros2.pc'
[5.338s] Level 1:colcon.colcon_core.environment:checking '/home/lhl/fixposition_driver/install/fixposition_driver_ros2/lib/python3.10/site-packages'
[5.338s] Level 1:colcon.colcon_core.environment:checking '/home/lhl/fixposition_driver/install/fixposition_driver_ros2/bin'
[5.340s] INFO:colcon.colcon_core.shell:Creating package script '/home/lhl/fixposition_driver/install/fixposition_driver_ros2/share/fixposition_driver_ros2/package.ps1'
[5.342s] INFO:colcon.colcon_core.shell:Creating package descriptor '/home/lhl/fixposition_driver/install/fixposition_driver_ros2/share/fixposition_driver_ros2/package.dsv'
[5.344s] INFO:colcon.colcon_core.shell:Creating package script '/home/lhl/fixposition_driver/install/fixposition_driver_ros2/share/fixposition_driver_ros2/package.sh'
[5.346s] INFO:colcon.colcon_core.shell:Creating package script '/home/lhl/fixposition_driver/install/fixposition_driver_ros2/share/fixposition_driver_ros2/package.bash'
[5.348s] INFO:colcon.colcon_core.shell:Creating package script '/home/lhl/fixposition_driver/install/fixposition_driver_ros2/share/fixposition_driver_ros2/package.zsh'
[5.350s] Level 1:colcon.colcon_core.environment:create_file_with_runtime_dependencies(/home/lhl/fixposition_driver/install/fixposition_driver_ros2/share/colcon-core/packages/fixposition_driver_ros2)
[5.352s] INFO:colcon.colcon_ros.task.ament_python.build:Building ROS package in '/home/lhl/fixposition_driver/fixposition_extractor' with build type 'ament_python'
[5.353s] Level 1:colcon.colcon_core.shell:create_environment_hook('fixposition_extractor', 'ament_prefix_path')
[5.354s] INFO:colcon.colcon_core.shell:Creating environment hook '/home/lhl/fixposition_driver/install/fixposition_extractor/share/fixposition_extractor/hook/ament_prefix_path.ps1'
[5.360s] INFO:colcon.colcon_core.shell:Creating environment descriptor '/home/lhl/fixposition_driver/install/fixposition_extractor/share/fixposition_extractor/hook/ament_prefix_path.dsv'
[5.363s] INFO:colcon.colcon_core.shell:Creating environment hook '/home/lhl/fixposition_driver/install/fixposition_extractor/share/fixposition_extractor/hook/ament_prefix_path.sh'
[5.366s] INFO:colcon.colcon_core.shell:Skip shell extension 'powershell' for command environment: Not usable outside of PowerShell
[5.367s] DEBUG:colcon.colcon_core.shell:Skip shell extension 'dsv' for command environment
[5.375s] INFO:colcon.colcon_ros.task.ament_cmake.build:Building ROS package in '/home/lhl/fixposition_driver/fixposition_odometry_converter_ros2' with build type 'ament_cmake'
[5.376s] INFO:colcon.colcon_cmake.task.cmake.build:Building CMake package in '/home/lhl/fixposition_driver/fixposition_odometry_converter_ros2'
[5.376s] INFO:colcon.colcon_core.shell:Skip shell extension 'powershell' for command environment: Not usable outside of PowerShell
[5.377s] DEBUG:colcon.colcon_core.shell:Skip shell extension 'dsv' for command environment
[5.982s] INFO:colcon.colcon_core.task.python.build:Building Python package in '/home/lhl/fixposition_driver/fixposition_extractor'
[5.983s] INFO:colcon.colcon_core.shell:Skip shell extension 'powershell' for command environment: Not usable outside of PowerShell
[5.983s] DEBUG:colcon.colcon_core.shell:Skip shell extension 'dsv' for command environment
[5.999s] DEBUG:colcon.colcon_core.event_handler.log_command:Invoking command in '/home/lhl/fixposition_driver/build/fixposition_odometry_converter_ros2': CMAKE_PREFIX_PATH=/home/lhl/fixposition_driver/install/fixposition_driver_ros2:/home/lhl/fixposition_driver/install/rtcm_msgs:/home/lhl/fixposition_driver/install/fixposition_driver_lib:/home/lhl/fixposition_driver/install/fixposition_odometry_converter_ros2:/home/lhl/fixposition_driver/install/fixposition_extractor:/opt/ros/humble LD_LIBRARY_PATH=/home/lhl/fixposition_driver/install/fixposition_driver_ros2/lib:/home/lhl/fixposition_driver/install/rtcm_msgs/lib:/home/lhl/fixposition_driver/install/fixposition_driver_lib/lib:/home/lhl/fixposition_driver/install/fixposition_odometry_converter_ros2/lib:/usr/local/cuda-12.2/lib64:/opt/ros/humble/opt/rviz_ogre_vendor/lib:/opt/ros/humble/lib/aarch64-linux-gnu:/opt/ros/humble/lib:/usr/local/cuda-12.2/lib64 /usr/bin/cmake --build /home/lhl/fixposition_driver/build/fixposition_odometry_converter_ros2 -- -j8 -l8
[6.140s] DEBUG:colcon.colcon_core.event_handler.log_command:Invoked command in '/home/lhl/fixposition_driver/build/fixposition_odometry_converter_ros2' returned '0': CMAKE_PREFIX_PATH=/home/lhl/fixposition_driver/install/fixposition_driver_ros2:/home/lhl/fixposition_driver/install/rtcm_msgs:/home/lhl/fixposition_driver/install/fixposition_driver_lib:/home/lhl/fixposition_driver/install/fixposition_odometry_converter_ros2:/home/lhl/fixposition_driver/install/fixposition_extractor:/opt/ros/humble LD_LIBRARY_PATH=/home/lhl/fixposition_driver/install/fixposition_driver_ros2/lib:/home/lhl/fixposition_driver/install/rtcm_msgs/lib:/home/lhl/fixposition_driver/install/fixposition_driver_lib/lib:/home/lhl/fixposition_driver/install/fixposition_odometry_converter_ros2/lib:/usr/local/cuda-12.2/lib64:/opt/ros/humble/opt/rviz_ogre_vendor/lib:/opt/ros/humble/lib/aarch64-linux-gnu:/opt/ros/humble/lib:/usr/local/cuda-12.2/lib64 /usr/bin/cmake --build /home/lhl/fixposition_driver/build/fixposition_odometry_converter_ros2 -- -j8 -l8
[6.212s] DEBUG:colcon.colcon_core.event_handler.log_command:Invoking command in '/home/lhl/fixposition_driver/build/fixposition_odometry_converter_ros2': CMAKE_PREFIX_PATH=/home/lhl/fixposition_driver/install/fixposition_driver_ros2:/home/lhl/fixposition_driver/install/rtcm_msgs:/home/lhl/fixposition_driver/install/fixposition_driver_lib:/home/lhl/fixposition_driver/install/fixposition_odometry_converter_ros2:/home/lhl/fixposition_driver/install/fixposition_extractor:/opt/ros/humble LD_LIBRARY_PATH=/home/lhl/fixposition_driver/install/fixposition_driver_ros2/lib:/home/lhl/fixposition_driver/install/rtcm_msgs/lib:/home/lhl/fixposition_driver/install/fixposition_driver_lib/lib:/home/lhl/fixposition_driver/install/fixposition_odometry_converter_ros2/lib:/usr/local/cuda-12.2/lib64:/opt/ros/humble/opt/rviz_ogre_vendor/lib:/opt/ros/humble/lib/aarch64-linux-gnu:/opt/ros/humble/lib:/usr/local/cuda-12.2/lib64 /usr/bin/cmake --install /home/lhl/fixposition_driver/build/fixposition_odometry_converter_ros2
[6.238s] Level 1:colcon.colcon_core.environment:create_environment_scripts_only(fixposition_odometry_converter_ros2)
[6.239s] Level 1:colcon.colcon_core.environment:checking '/home/lhl/fixposition_driver/install/fixposition_odometry_converter_ros2' for CMake module files
[6.240s] DEBUG:colcon.colcon_core.event_handler.log_command:Invoked command in '/home/lhl/fixposition_driver/build/fixposition_odometry_converter_ros2' returned '0': CMAKE_PREFIX_PATH=/home/lhl/fixposition_driver/install/fixposition_driver_ros2:/home/lhl/fixposition_driver/install/rtcm_msgs:/home/lhl/fixposition_driver/install/fixposition_driver_lib:/home/lhl/fixposition_driver/install/fixposition_odometry_converter_ros2:/home/lhl/fixposition_driver/install/fixposition_extractor:/opt/ros/humble LD_LIBRARY_PATH=/home/lhl/fixposition_driver/install/fixposition_driver_ros2/lib:/home/lhl/fixposition_driver/install/rtcm_msgs/lib:/home/lhl/fixposition_driver/install/fixposition_driver_lib/lib:/home/lhl/fixposition_driver/install/fixposition_odometry_converter_ros2/lib:/usr/local/cuda-12.2/lib64:/opt/ros/humble/opt/rviz_ogre_vendor/lib:/opt/ros/humble/lib/aarch64-linux-gnu:/opt/ros/humble/lib:/usr/local/cuda-12.2/lib64 /usr/bin/cmake --install /home/lhl/fixposition_driver/build/fixposition_odometry_converter_ros2
[6.241s] Level 1:colcon.colcon_core.environment:checking '/home/lhl/fixposition_driver/install/fixposition_odometry_converter_ros2' for CMake config files
[6.242s] Level 1:colcon.colcon_core.shell:create_environment_hook('fixposition_odometry_converter_ros2', 'cmake_prefix_path')
[6.242s] INFO:colcon.colcon_core.shell:Creating environment hook '/home/lhl/fixposition_driver/install/fixposition_odometry_converter_ros2/share/fixposition_odometry_converter_ros2/hook/cmake_prefix_path.ps1'
[6.243s] INFO:colcon.colcon_core.shell:Creating environment descriptor '/home/lhl/fixposition_driver/install/fixposition_odometry_converter_ros2/share/fixposition_odometry_converter_ros2/hook/cmake_prefix_path.dsv'
[6.244s] INFO:colcon.colcon_core.shell:Creating environment hook '/home/lhl/fixposition_driver/install/fixposition_odometry_converter_ros2/share/fixposition_odometry_converter_ros2/hook/cmake_prefix_path.sh'
[6.246s] Level 1:colcon.colcon_core.environment:checking '/home/lhl/fixposition_driver/install/fixposition_odometry_converter_ros2/lib'
[6.246s] Level 1:colcon.colcon_core.shell:create_environment_hook('fixposition_odometry_converter_ros2', 'ld_library_path_lib')
[6.246s] INFO:colcon.colcon_core.shell:Creating environment hook '/home/lhl/fixposition_driver/install/fixposition_odometry_converter_ros2/share/fixposition_odometry_converter_ros2/hook/ld_library_path_lib.ps1'
[6.247s] INFO:colcon.colcon_core.shell:Creating environment descriptor '/home/lhl/fixposition_driver/install/fixposition_odometry_converter_ros2/share/fixposition_odometry_converter_ros2/hook/ld_library_path_lib.dsv'
[6.248s] INFO:colcon.colcon_core.shell:Creating environment hook '/home/lhl/fixposition_driver/install/fixposition_odometry_converter_ros2/share/fixposition_odometry_converter_ros2/hook/ld_library_path_lib.sh'
[6.249s] Level 1:colcon.colcon_core.environment:checking '/home/lhl/fixposition_driver/install/fixposition_odometry_converter_ros2/bin'
[6.249s] Level 1:colcon.colcon_core.environment:checking '/home/lhl/fixposition_driver/install/fixposition_odometry_converter_ros2/lib/pkgconfig/fixposition_odometry_converter_ros2.pc'
[6.250s] Level 1:colcon.colcon_core.environment:checking '/home/lhl/fixposition_driver/install/fixposition_odometry_converter_ros2/lib/python3.10/site-packages'
[6.250s] Level 1:colcon.colcon_core.environment:checking '/home/lhl/fixposition_driver/install/fixposition_odometry_converter_ros2/bin'
[6.251s] INFO:colcon.colcon_core.shell:Creating package script '/home/lhl/fixposition_driver/install/fixposition_odometry_converter_ros2/share/fixposition_odometry_converter_ros2/package.ps1'
[6.252s] INFO:colcon.colcon_core.shell:Creating package descriptor '/home/lhl/fixposition_driver/install/fixposition_odometry_converter_ros2/share/fixposition_odometry_converter_ros2/package.dsv'
[6.253s] INFO:colcon.colcon_core.shell:Creating package script '/home/lhl/fixposition_driver/install/fixposition_odometry_converter_ros2/share/fixposition_odometry_converter_ros2/package.sh'
[6.255s] INFO:colcon.colcon_core.shell:Creating package script '/home/lhl/fixposition_driver/install/fixposition_odometry_converter_ros2/share/fixposition_odometry_converter_ros2/package.bash'
[6.255s] INFO:colcon.colcon_core.shell:Creating package script '/home/lhl/fixposition_driver/install/fixposition_odometry_converter_ros2/share/fixposition_odometry_converter_ros2/package.zsh'
[6.256s] Level 1:colcon.colcon_core.environment:create_file_with_runtime_dependencies(/home/lhl/fixposition_driver/install/fixposition_odometry_converter_ros2/share/colcon-core/packages/fixposition_odometry_converter_ros2)
[6.318s] Level 1:colcon.colcon_core.environment:create_environment_scripts_only(fixposition_odometry_converter_ros2)
[6.319s] Level 1:colcon.colcon_core.environment:checking '/home/lhl/fixposition_driver/install/fixposition_odometry_converter_ros2' for CMake module files
[6.320s] Level 1:colcon.colcon_core.environment:checking '/home/lhl/fixposition_driver/install/fixposition_odometry_converter_ros2' for CMake config files
[6.320s] Level 1:colcon.colcon_core.shell:create_environment_hook('fixposition_odometry_converter_ros2', 'cmake_prefix_path')
[6.321s] INFO:colcon.colcon_core.shell:Creating environment hook '/home/lhl/fixposition_driver/install/fixposition_odometry_converter_ros2/share/fixposition_odometry_converter_ros2/hook/cmake_prefix_path.ps1'
[6.322s] INFO:colcon.colcon_core.shell:Creating environment descriptor '/home/lhl/fixposition_driver/install/fixposition_odometry_converter_ros2/share/fixposition_odometry_converter_ros2/hook/cmake_prefix_path.dsv'
[6.323s] INFO:colcon.colcon_core.shell:Creating environment hook '/home/lhl/fixposition_driver/install/fixposition_odometry_converter_ros2/share/fixposition_odometry_converter_ros2/hook/cmake_prefix_path.sh'
[6.324s] Level 1:colcon.colcon_core.environment:checking '/home/lhl/fixposition_driver/install/fixposition_odometry_converter_ros2/lib'
[6.324s] Level 1:colcon.colcon_core.shell:create_environment_hook('fixposition_odometry_converter_ros2', 'ld_library_path_lib')
[6.325s] INFO:colcon.colcon_core.shell:Creating environment hook '/home/lhl/fixposition_driver/install/fixposition_odometry_converter_ros2/share/fixposition_odometry_converter_ros2/hook/ld_library_path_lib.ps1'
[6.326s] INFO:colcon.colcon_core.shell:Creating environment descriptor '/home/lhl/fixposition_driver/install/fixposition_odometry_converter_ros2/share/fixposition_odometry_converter_ros2/hook/ld_library_path_lib.dsv'
[6.326s] INFO:colcon.colcon_core.shell:Creating environment hook '/home/lhl/fixposition_driver/install/fixposition_odometry_converter_ros2/share/fixposition_odometry_converter_ros2/hook/ld_library_path_lib.sh'
[6.327s] Level 1:colcon.colcon_core.environment:checking '/home/lhl/fixposition_driver/install/fixposition_odometry_converter_ros2/bin'
[6.327s] Level 1:colcon.colcon_core.environment:checking '/home/lhl/fixposition_driver/install/fixposition_odometry_converter_ros2/lib/pkgconfig/fixposition_odometry_converter_ros2.pc'
[6.328s] Level 1:colcon.colcon_core.environment:checking '/home/lhl/fixposition_driver/install/fixposition_odometry_converter_ros2/lib/python3.10/site-packages'
[6.328s] Level 1:colcon.colcon_core.environment:checking '/home/lhl/fixposition_driver/install/fixposition_odometry_converter_ros2/bin'
[6.329s] INFO:colcon.colcon_core.shell:Creating package script '/home/lhl/fixposition_driver/install/fixposition_odometry_converter_ros2/share/fixposition_odometry_converter_ros2/package.ps1'
[6.330s] INFO:colcon.colcon_core.shell:Creating package descriptor '/home/lhl/fixposition_driver/install/fixposition_odometry_converter_ros2/share/fixposition_odometry_converter_ros2/package.dsv'
[6.331s] INFO:colcon.colcon_core.shell:Creating package script '/home/lhl/fixposition_driver/install/fixposition_odometry_converter_ros2/share/fixposition_odometry_converter_ros2/package.sh'
[6.333s] INFO:colcon.colcon_core.shell:Creating package script '/home/lhl/fixposition_driver/install/fixposition_odometry_converter_ros2/share/fixposition_odometry_converter_ros2/package.bash'
[6.333s] INFO:colcon.colcon_core.shell:Creating package script '/home/lhl/fixposition_driver/install/fixposition_odometry_converter_ros2/share/fixposition_odometry_converter_ros2/package.zsh'
[6.334s] Level 1:colcon.colcon_core.environment:create_file_with_runtime_dependencies(/home/lhl/fixposition_driver/install/fixposition_odometry_converter_ros2/share/colcon-core/packages/fixposition_odometry_converter_ros2)
[7.005s] DEBUG:colcon.colcon_core.event_handler.log_command:Invoking command in '/home/lhl/fixposition_driver/fixposition_extractor': CMAKE_PREFIX_PATH=/home/lhl/fixposition_driver/install/fixposition_driver_ros2:/home/lhl/fixposition_driver/install/rtcm_msgs:/home/lhl/fixposition_driver/install/fixposition_driver_lib:/home/lhl/fixposition_driver/install/fixposition_odometry_converter_ros2 LD_LIBRARY_PATH=/home/lhl/fixposition_driver/install/fixposition_driver_ros2/lib:/home/lhl/fixposition_driver/install/rtcm_msgs/lib:/home/lhl/fixposition_driver/install/fixposition_driver_lib/lib:/home/lhl/fixposition_driver/install/fixposition_odometry_converter_ros2/lib:/usr/local/cuda-12.2/lib64:/opt/ros/humble/opt/rviz_ogre_vendor/lib:/opt/ros/humble/lib/aarch64-linux-gnu:/opt/ros/humble/lib:/usr/local/cuda-12.2/lib64 PYTHONPATH=/home/lhl/fixposition_driver/build/fixposition_extractor/prefix_override:/usr/lib/python3/dist-packages/colcon_core/task/python/colcon_distutils_commands:/home/lhl/fixposition_driver/install/fixposition_extractor/lib/python3.10/site-packages:${PYTHONPATH} /usr/bin/python3 -W ignore:setup.py install is deprecated setup.py egg_info --egg-base ../build/fixposition_extractor build --build-base /home/lhl/fixposition_driver/build/fixposition_extractor/build install --record /home/lhl/fixposition_driver/build/fixposition_extractor/install.log --single-version-externally-managed install_data
[7.677s] Level 1:colcon.colcon_core.environment:checking '/home/lhl/fixposition_driver/install/fixposition_extractor' for CMake module files
[7.679s] DEBUG:colcon.colcon_core.event_handler.log_command:Invoked command in '/home/lhl/fixposition_driver/fixposition_extractor' returned '0': CMAKE_PREFIX_PATH=/home/lhl/fixposition_driver/install/fixposition_driver_ros2:/home/lhl/fixposition_driver/install/rtcm_msgs:/home/lhl/fixposition_driver/install/fixposition_driver_lib:/home/lhl/fixposition_driver/install/fixposition_odometry_converter_ros2 LD_LIBRARY_PATH=/home/lhl/fixposition_driver/install/fixposition_driver_ros2/lib:/home/lhl/fixposition_driver/install/rtcm_msgs/lib:/home/lhl/fixposition_driver/install/fixposition_driver_lib/lib:/home/lhl/fixposition_driver/install/fixposition_odometry_converter_ros2/lib:/usr/local/cuda-12.2/lib64:/opt/ros/humble/opt/rviz_ogre_vendor/lib:/opt/ros/humble/lib/aarch64-linux-gnu:/opt/ros/humble/lib:/usr/local/cuda-12.2/lib64 PYTHONPATH=/home/lhl/fixposition_driver/build/fixposition_extractor/prefix_override:/usr/lib/python3/dist-packages/colcon_core/task/python/colcon_distutils_commands:/home/lhl/fixposition_driver/install/fixposition_extractor/lib/python3.10/site-packages:${PYTHONPATH} /usr/bin/python3 -W ignore:setup.py install is deprecated setup.py egg_info --egg-base ../build/fixposition_extractor build --build-base /home/lhl/fixposition_driver/build/fixposition_extractor/build install --record /home/lhl/fixposition_driver/build/fixposition_extractor/install.log --single-version-externally-managed install_data
[7.679s] Level 1:colcon.colcon_core.environment:checking '/home/lhl/fixposition_driver/install/fixposition_extractor' for CMake config files
[7.681s] Level 1:colcon.colcon_core.environment:checking '/home/lhl/fixposition_driver/install/fixposition_extractor/lib'
[7.681s] Level 1:colcon.colcon_core.environment:checking '/home/lhl/fixposition_driver/install/fixposition_extractor/bin'
[7.682s] Level 1:colcon.colcon_core.environment:checking '/home/lhl/fixposition_driver/install/fixposition_extractor/lib/pkgconfig/fixposition_extractor.pc'
[7.682s] Level 1:colcon.colcon_core.environment:checking '/home/lhl/fixposition_driver/install/fixposition_extractor/lib/python3.10/site-packages'
[7.682s] Level 1:colcon.colcon_core.shell:create_environment_hook('fixposition_extractor', 'pythonpath')
[7.683s] INFO:colcon.colcon_core.shell:Creating environment hook '/home/lhl/fixposition_driver/install/fixposition_extractor/share/fixposition_extractor/hook/pythonpath.ps1'
[7.684s] INFO:colcon.colcon_core.shell:Creating environment descriptor '/home/lhl/fixposition_driver/install/fixposition_extractor/share/fixposition_extractor/hook/pythonpath.dsv'
[7.685s] INFO:colcon.colcon_core.shell:Creating environment hook '/home/lhl/fixposition_driver/install/fixposition_extractor/share/fixposition_extractor/hook/pythonpath.sh'
[7.686s] Level 1:colcon.colcon_core.environment:checking '/home/lhl/fixposition_driver/install/fixposition_extractor/bin'
[7.686s] Level 1:colcon.colcon_core.environment:create_environment_scripts_only(fixposition_extractor)
[7.687s] INFO:colcon.colcon_core.shell:Creating package script '/home/lhl/fixposition_driver/install/fixposition_extractor/share/fixposition_extractor/package.ps1'
[7.688s] INFO:colcon.colcon_core.shell:Creating package descriptor '/home/lhl/fixposition_driver/install/fixposition_extractor/share/fixposition_extractor/package.dsv'
[7.689s] INFO:colcon.colcon_core.shell:Creating package script '/home/lhl/fixposition_driver/install/fixposition_extractor/share/fixposition_extractor/package.sh'
[7.690s] INFO:colcon.colcon_core.shell:Creating package script '/home/lhl/fixposition_driver/install/fixposition_extractor/share/fixposition_extractor/package.bash'
[7.691s] INFO:colcon.colcon_core.shell:Creating package script '/home/lhl/fixposition_driver/install/fixposition_extractor/share/fixposition_extractor/package.zsh'
[7.692s] Level 1:colcon.colcon_core.environment:create_file_with_runtime_dependencies(/home/lhl/fixposition_driver/install/fixposition_extractor/share/colcon-core/packages/fixposition_extractor)
[7.693s] DEBUG:colcon.colcon_parallel_executor.executor.parallel:closing loop
[7.694s] DEBUG:colcon.colcon_parallel_executor.executor.parallel:loop closed
[7.694s] DEBUG:colcon.colcon_parallel_executor.executor.parallel:run_until_complete finished with '0'
[7.694s] DEBUG:colcon.colcon_core.event_reactor:joining thread
[7.713s] INFO:colcon.colcon_core.plugin_system:Skipping extension 'colcon_notification.desktop_notification.terminal_notifier': Not used on non-Darwin systems
[7.714s] INFO:colcon.colcon_core.plugin_system:Skipping extension 'colcon_notification.desktop_notification.win32': Not used on non-Windows systems
[7.714s] INFO:colcon.colcon_notification.desktop_notification:Sending desktop notification using 'notify2'
[7.750s] DEBUG:colcon.colcon_core.event_reactor:joined thread
[7.751s] INFO:colcon.colcon_core.shell:Creating prefix script '/home/lhl/fixposition_driver/install/local_setup.ps1'
[7.754s] INFO:colcon.colcon_core.shell:Creating prefix util module '/home/lhl/fixposition_driver/install/_local_setup_util_ps1.py'
[7.758s] INFO:colcon.colcon_core.shell:Creating prefix chain script '/home/lhl/fixposition_driver/install/setup.ps1'
[7.761s] INFO:colcon.colcon_core.shell:Creating prefix script '/home/lhl/fixposition_driver/install/local_setup.sh'
[7.763s] INFO:colcon.colcon_core.shell:Creating prefix util module '/home/lhl/fixposition_driver/install/_local_setup_util_sh.py'
[7.764s] INFO:colcon.colcon_core.shell:Creating prefix chain script '/home/lhl/fixposition_driver/install/setup.sh'
[7.767s] INFO:colcon.colcon_core.shell:Creating prefix script '/home/lhl/fixposition_driver/install/local_setup.bash'
[7.768s] INFO:colcon.colcon_core.shell:Creating prefix chain script '/home/lhl/fixposition_driver/install/setup.bash'
[7.771s] INFO:colcon.colcon_core.shell:Creating prefix script '/home/lhl/fixposition_driver/install/local_setup.zsh'
[7.773s] INFO:colcon.colcon_core.shell:Creating prefix chain script '/home/lhl/fixposition_driver/install/setup.zsh'
