[0.030s] Invoking command in '/home/lhl/fixposition_driver/build/rtcm_msgs': CMAKE_PREFIX_PATH=${CMAKE_PREFIX_PATH}:/home/lhl/fixposition_driver/install/fixposition_extractor:/opt/ros/humble /usr/bin/cmake --build /home/lhl/fixposition_driver/build/rtcm_msgs -- -j8 -l8
[0.144s] [  9%] Built target rtcm_msgs__rosidl_generator_c
[0.147s] [ 12%] Built target rtcm_msgs__cpp
[0.166s] [ 12%] Built target ament_cmake_python_copy_rtcm_msgs
[0.187s] [ 22%] Built target rtcm_msgs__rosidl_typesupport_c
[0.194s] [ 32%] Built target rtcm_msgs__rosidl_typesupport_fastrtps_c
[0.207s] [ 54%] Built target rtcm_msgs__rosidl_typesupport_fastrtps_cpp
[0.207s] [ 58%] Built target rtcm_msgs__rosidl_typesupport_introspection_cpp
[0.207s] [ 64%] Built target rtcm_msgs__rosidl_typesupport_cpp
[0.209s] [ 70%] Built target rtcm_msgs__rosidl_typesupport_introspection_c
[0.255s] [ 70%] Built target rtcm_msgs
[0.296s] [ 74%] Built target rtcm_msgs__py
[0.341s] [ 80%] Built target rtcm_msgs__rosidl_generator_py
[0.386s] [ 87%] Built target rtcm_msgs__rosidl_typesupport_introspection_c__pyext
[0.387s] [ 93%] Built target rtcm_msgs__rosidl_typesupport_c__pyext
[0.388s] [100%] Built target rtcm_msgs__rosidl_typesupport_fastrtps_c__pyext
[0.833s] running egg_info
[0.835s] writing rtcm_msgs.egg-info/PKG-INFO
[0.835s] writing dependency_links to rtcm_msgs.egg-info/dependency_links.txt
[0.836s] writing top-level names to rtcm_msgs.egg-info/top_level.txt
[0.844s] reading manifest file 'rtcm_msgs.egg-info/SOURCES.txt'
[0.845s] writing manifest file 'rtcm_msgs.egg-info/SOURCES.txt'
[0.925s] [100%] Built target ament_cmake_python_build_rtcm_msgs_egg
[0.950s] Invoked command in '/home/lhl/fixposition_driver/build/rtcm_msgs' returned '0': CMAKE_PREFIX_PATH=${CMAKE_PREFIX_PATH}:/home/lhl/fixposition_driver/install/fixposition_extractor:/opt/ros/humble /usr/bin/cmake --build /home/lhl/fixposition_driver/build/rtcm_msgs -- -j8 -l8
[1.073s] Invoking command in '/home/lhl/fixposition_driver/build/rtcm_msgs': CMAKE_PREFIX_PATH=${CMAKE_PREFIX_PATH}:/home/lhl/fixposition_driver/install/fixposition_extractor:/opt/ros/humble /usr/bin/cmake --install /home/lhl/fixposition_driver/build/rtcm_msgs
[1.089s] -- Install configuration: ""
[1.089s] -- Up-to-date: /home/lhl/fixposition_driver/install/rtcm_msgs/share/ament_index/resource_index/rosidl_interfaces/rtcm_msgs
[1.089s] -- Up-to-date: /home/lhl/fixposition_driver/install/rtcm_msgs/include/rtcm_msgs/rtcm_msgs
[1.090s] -- Up-to-date: /home/lhl/fixposition_driver/install/rtcm_msgs/include/rtcm_msgs/rtcm_msgs/msg
[1.090s] -- Up-to-date: /home/lhl/fixposition_driver/install/rtcm_msgs/include/rtcm_msgs/rtcm_msgs/msg/detail
[1.090s] -- Up-to-date: /home/lhl/fixposition_driver/install/rtcm_msgs/include/rtcm_msgs/rtcm_msgs/msg/detail/message__type_support.h
[1.090s] -- Up-to-date: /home/lhl/fixposition_driver/install/rtcm_msgs/include/rtcm_msgs/rtcm_msgs/msg/detail/message__functions.h
[1.090s] -- Up-to-date: /home/lhl/fixposition_driver/install/rtcm_msgs/include/rtcm_msgs/rtcm_msgs/msg/detail/message__struct.h
[1.091s] -- Up-to-date: /home/lhl/fixposition_driver/install/rtcm_msgs/include/rtcm_msgs/rtcm_msgs/msg/detail/message__functions.c
[1.091s] -- Up-to-date: /home/lhl/fixposition_driver/install/rtcm_msgs/include/rtcm_msgs/rtcm_msgs/msg/rosidl_generator_c__visibility_control.h
[1.091s] -- Up-to-date: /home/lhl/fixposition_driver/install/rtcm_msgs/include/rtcm_msgs/rtcm_msgs/msg/message.h
[1.091s] -- Up-to-date: /home/lhl/fixposition_driver/install/rtcm_msgs/share/rtcm_msgs/environment/library_path.sh
[1.092s] -- Up-to-date: /home/lhl/fixposition_driver/install/rtcm_msgs/share/rtcm_msgs/environment/library_path.dsv
[1.092s] -- Up-to-date: /home/lhl/fixposition_driver/install/rtcm_msgs/lib/librtcm_msgs__rosidl_generator_c.so
[1.092s] -- Up-to-date: /home/lhl/fixposition_driver/install/rtcm_msgs/include/rtcm_msgs/rtcm_msgs
[1.092s] -- Up-to-date: /home/lhl/fixposition_driver/install/rtcm_msgs/include/rtcm_msgs/rtcm_msgs/msg
[1.092s] -- Up-to-date: /home/lhl/fixposition_driver/install/rtcm_msgs/include/rtcm_msgs/rtcm_msgs/msg/detail
[1.093s] -- Up-to-date: /home/lhl/fixposition_driver/install/rtcm_msgs/include/rtcm_msgs/rtcm_msgs/msg/detail/message__rosidl_typesupport_fastrtps_c.h
[1.093s] -- Up-to-date: /home/lhl/fixposition_driver/install/rtcm_msgs/include/rtcm_msgs/rtcm_msgs/msg/rosidl_typesupport_fastrtps_c__visibility_control.h
[1.093s] -- Up-to-date: /home/lhl/fixposition_driver/install/rtcm_msgs/lib/librtcm_msgs__rosidl_typesupport_fastrtps_c.so
[1.094s] -- Up-to-date: /home/lhl/fixposition_driver/install/rtcm_msgs/include/rtcm_msgs/rtcm_msgs
[1.094s] -- Up-to-date: /home/lhl/fixposition_driver/install/rtcm_msgs/include/rtcm_msgs/rtcm_msgs/msg
[1.094s] -- Up-to-date: /home/lhl/fixposition_driver/install/rtcm_msgs/include/rtcm_msgs/rtcm_msgs/msg/message.hpp
[1.094s] -- Up-to-date: /home/lhl/fixposition_driver/install/rtcm_msgs/include/rtcm_msgs/rtcm_msgs/msg/detail
[1.094s] -- Up-to-date: /home/lhl/fixposition_driver/install/rtcm_msgs/include/rtcm_msgs/rtcm_msgs/msg/detail/message__struct.hpp
[1.095s] -- Up-to-date: /home/lhl/fixposition_driver/install/rtcm_msgs/include/rtcm_msgs/rtcm_msgs/msg/detail/message__traits.hpp
[1.095s] -- Up-to-date: /home/lhl/fixposition_driver/install/rtcm_msgs/include/rtcm_msgs/rtcm_msgs/msg/detail/message__builder.hpp
[1.095s] -- Up-to-date: /home/lhl/fixposition_driver/install/rtcm_msgs/include/rtcm_msgs/rtcm_msgs
[1.095s] -- Up-to-date: /home/lhl/fixposition_driver/install/rtcm_msgs/include/rtcm_msgs/rtcm_msgs/msg
[1.095s] -- Up-to-date: /home/lhl/fixposition_driver/install/rtcm_msgs/include/rtcm_msgs/rtcm_msgs/msg/detail
[1.095s] -- Up-to-date: /home/lhl/fixposition_driver/install/rtcm_msgs/include/rtcm_msgs/rtcm_msgs/msg/detail/message__rosidl_typesupport_fastrtps_cpp.hpp
[1.096s] -- Up-to-date: /home/lhl/fixposition_driver/install/rtcm_msgs/include/rtcm_msgs/rtcm_msgs/msg/detail/dds_fastrtps
[1.096s] -- Up-to-date: /home/lhl/fixposition_driver/install/rtcm_msgs/include/rtcm_msgs/rtcm_msgs/msg/rosidl_typesupport_fastrtps_cpp__visibility_control.h
[1.096s] -- Up-to-date: /home/lhl/fixposition_driver/install/rtcm_msgs/lib/librtcm_msgs__rosidl_typesupport_fastrtps_cpp.so
[1.096s] -- Up-to-date: /home/lhl/fixposition_driver/install/rtcm_msgs/include/rtcm_msgs/rtcm_msgs
[1.096s] -- Up-to-date: /home/lhl/fixposition_driver/install/rtcm_msgs/include/rtcm_msgs/rtcm_msgs/msg
[1.096s] -- Up-to-date: /home/lhl/fixposition_driver/install/rtcm_msgs/include/rtcm_msgs/rtcm_msgs/msg/detail
[1.096s] -- Up-to-date: /home/lhl/fixposition_driver/install/rtcm_msgs/include/rtcm_msgs/rtcm_msgs/msg/detail/message__type_support.c
[1.097s] -- Up-to-date: /home/lhl/fixposition_driver/install/rtcm_msgs/include/rtcm_msgs/rtcm_msgs/msg/detail/message__rosidl_typesupport_introspection_c.h
[1.097s] -- Up-to-date: /home/lhl/fixposition_driver/install/rtcm_msgs/include/rtcm_msgs/rtcm_msgs/msg/rosidl_typesupport_introspection_c__visibility_control.h
[1.097s] -- Up-to-date: /home/lhl/fixposition_driver/install/rtcm_msgs/lib/librtcm_msgs__rosidl_typesupport_introspection_c.so
[1.097s] -- Up-to-date: /home/lhl/fixposition_driver/install/rtcm_msgs/lib/librtcm_msgs__rosidl_typesupport_c.so
[1.097s] -- Up-to-date: /home/lhl/fixposition_driver/install/rtcm_msgs/include/rtcm_msgs/rtcm_msgs
[1.097s] -- Up-to-date: /home/lhl/fixposition_driver/install/rtcm_msgs/include/rtcm_msgs/rtcm_msgs/msg
[1.097s] -- Up-to-date: /home/lhl/fixposition_driver/install/rtcm_msgs/include/rtcm_msgs/rtcm_msgs/msg/detail
[1.098s] -- Up-to-date: /home/lhl/fixposition_driver/install/rtcm_msgs/include/rtcm_msgs/rtcm_msgs/msg/detail/message__rosidl_typesupport_introspection_cpp.hpp
[1.098s] -- Up-to-date: /home/lhl/fixposition_driver/install/rtcm_msgs/include/rtcm_msgs/rtcm_msgs/msg/detail/message__type_support.cpp
[1.098s] -- Up-to-date: /home/lhl/fixposition_driver/install/rtcm_msgs/lib/librtcm_msgs__rosidl_typesupport_introspection_cpp.so
[1.098s] -- Up-to-date: /home/lhl/fixposition_driver/install/rtcm_msgs/lib/librtcm_msgs__rosidl_typesupport_cpp.so
[1.098s] -- Up-to-date: /home/lhl/fixposition_driver/install/rtcm_msgs/share/rtcm_msgs/environment/pythonpath.sh
[1.098s] -- Up-to-date: /home/lhl/fixposition_driver/install/rtcm_msgs/share/rtcm_msgs/environment/pythonpath.dsv
[1.098s] -- Up-to-date: /home/lhl/fixposition_driver/install/rtcm_msgs/local/lib/python3.10/dist-packages/rtcm_msgs-1.1.6-py3.10.egg-info
[1.098s] -- Installing: /home/lhl/fixposition_driver/install/rtcm_msgs/local/lib/python3.10/dist-packages/rtcm_msgs-1.1.6-py3.10.egg-info/dependency_links.txt
[1.098s] -- Installing: /home/lhl/fixposition_driver/install/rtcm_msgs/local/lib/python3.10/dist-packages/rtcm_msgs-1.1.6-py3.10.egg-info/PKG-INFO
[1.099s] -- Installing: /home/lhl/fixposition_driver/install/rtcm_msgs/local/lib/python3.10/dist-packages/rtcm_msgs-1.1.6-py3.10.egg-info/top_level.txt
[1.099s] -- Installing: /home/lhl/fixposition_driver/install/rtcm_msgs/local/lib/python3.10/dist-packages/rtcm_msgs-1.1.6-py3.10.egg-info/SOURCES.txt
[1.099s] -- Up-to-date: /home/lhl/fixposition_driver/install/rtcm_msgs/local/lib/python3.10/dist-packages/rtcm_msgs
[1.099s] -- Up-to-date: /home/lhl/fixposition_driver/install/rtcm_msgs/local/lib/python3.10/dist-packages/rtcm_msgs/_rtcm_msgs_s.ep.rosidl_typesupport_fastrtps_c.c
[1.099s] -- Up-to-date: /home/lhl/fixposition_driver/install/rtcm_msgs/local/lib/python3.10/dist-packages/rtcm_msgs/_rtcm_msgs_s.ep.rosidl_typesupport_c.c
[1.099s] -- Up-to-date: /home/lhl/fixposition_driver/install/rtcm_msgs/local/lib/python3.10/dist-packages/rtcm_msgs/rtcm_msgs_s__rosidl_typesupport_fastrtps_c.cpython-310-aarch64-linux-gnu.so
[1.099s] -- Up-to-date: /home/lhl/fixposition_driver/install/rtcm_msgs/local/lib/python3.10/dist-packages/rtcm_msgs/librtcm_msgs__rosidl_generator_py.so
[1.099s] -- Up-to-date: /home/lhl/fixposition_driver/install/rtcm_msgs/local/lib/python3.10/dist-packages/rtcm_msgs/rtcm_msgs_s__rosidl_typesupport_introspection_c.cpython-310-aarch64-linux-gnu.so
[1.100s] -- Up-to-date: /home/lhl/fixposition_driver/install/rtcm_msgs/local/lib/python3.10/dist-packages/rtcm_msgs/msg
[1.100s] -- Up-to-date: /home/lhl/fixposition_driver/install/rtcm_msgs/local/lib/python3.10/dist-packages/rtcm_msgs/msg/_message.py
[1.100s] -- Up-to-date: /home/lhl/fixposition_driver/install/rtcm_msgs/local/lib/python3.10/dist-packages/rtcm_msgs/msg/_message_s.c
[1.100s] -- Up-to-date: /home/lhl/fixposition_driver/install/rtcm_msgs/local/lib/python3.10/dist-packages/rtcm_msgs/msg/__init__.py
[1.100s] -- Up-to-date: /home/lhl/fixposition_driver/install/rtcm_msgs/local/lib/python3.10/dist-packages/rtcm_msgs/__init__.py
[1.100s] -- Up-to-date: /home/lhl/fixposition_driver/install/rtcm_msgs/local/lib/python3.10/dist-packages/rtcm_msgs/rtcm_msgs_s__rosidl_typesupport_c.cpython-310-aarch64-linux-gnu.so
[1.100s] -- Up-to-date: /home/lhl/fixposition_driver/install/rtcm_msgs/local/lib/python3.10/dist-packages/rtcm_msgs/_rtcm_msgs_s.ep.rosidl_typesupport_introspection_c.c
[1.161s] Listing '/home/lhl/fixposition_driver/install/rtcm_msgs/local/lib/python3.10/dist-packages/rtcm_msgs'...
[1.161s] Listing '/home/lhl/fixposition_driver/install/rtcm_msgs/local/lib/python3.10/dist-packages/rtcm_msgs/msg'...
[1.180s] -- Up-to-date: /home/lhl/fixposition_driver/install/rtcm_msgs/local/lib/python3.10/dist-packages/rtcm_msgs/rtcm_msgs_s__rosidl_typesupport_fastrtps_c.cpython-310-aarch64-linux-gnu.so
[1.181s] -- Up-to-date: /home/lhl/fixposition_driver/install/rtcm_msgs/local/lib/python3.10/dist-packages/rtcm_msgs/rtcm_msgs_s__rosidl_typesupport_introspection_c.cpython-310-aarch64-linux-gnu.so
[1.181s] -- Up-to-date: /home/lhl/fixposition_driver/install/rtcm_msgs/local/lib/python3.10/dist-packages/rtcm_msgs/rtcm_msgs_s__rosidl_typesupport_c.cpython-310-aarch64-linux-gnu.so
[1.181s] -- Up-to-date: /home/lhl/fixposition_driver/install/rtcm_msgs/lib/librtcm_msgs__rosidl_generator_py.so
[1.182s] -- Up-to-date: /home/lhl/fixposition_driver/install/rtcm_msgs/share/rtcm_msgs/msg/Message.idl
[1.183s] -- Up-to-date: /home/lhl/fixposition_driver/install/rtcm_msgs/share/rtcm_msgs/msg/Message.msg
[1.184s] -- Up-to-date: /home/lhl/fixposition_driver/install/rtcm_msgs/share/ament_index/resource_index/package_run_dependencies/rtcm_msgs
[1.190s] -- Up-to-date: /home/lhl/fixposition_driver/install/rtcm_msgs/share/ament_index/resource_index/parent_prefix_path/rtcm_msgs
[1.191s] -- Up-to-date: /home/lhl/fixposition_driver/install/rtcm_msgs/share/rtcm_msgs/environment/ament_prefix_path.sh
[1.191s] -- Up-to-date: /home/lhl/fixposition_driver/install/rtcm_msgs/share/rtcm_msgs/environment/ament_prefix_path.dsv
[1.191s] -- Up-to-date: /home/lhl/fixposition_driver/install/rtcm_msgs/share/rtcm_msgs/environment/path.sh
[1.192s] -- Up-to-date: /home/lhl/fixposition_driver/install/rtcm_msgs/share/rtcm_msgs/environment/path.dsv
[1.192s] -- Up-to-date: /home/lhl/fixposition_driver/install/rtcm_msgs/share/rtcm_msgs/local_setup.bash
[1.193s] -- Up-to-date: /home/lhl/fixposition_driver/install/rtcm_msgs/share/rtcm_msgs/local_setup.sh
[1.195s] -- Up-to-date: /home/lhl/fixposition_driver/install/rtcm_msgs/share/rtcm_msgs/local_setup.zsh
[1.195s] -- Up-to-date: /home/lhl/fixposition_driver/install/rtcm_msgs/share/rtcm_msgs/local_setup.dsv
[1.196s] -- Installing: /home/lhl/fixposition_driver/install/rtcm_msgs/share/rtcm_msgs/package.dsv
[1.196s] -- Up-to-date: /home/lhl/fixposition_driver/install/rtcm_msgs/share/ament_index/resource_index/packages/rtcm_msgs
[1.196s] -- Up-to-date: /home/lhl/fixposition_driver/install/rtcm_msgs/share/rtcm_msgs/cmake/export_rtcm_msgs__rosidl_generator_cExport.cmake
[1.197s] -- Up-to-date: /home/lhl/fixposition_driver/install/rtcm_msgs/share/rtcm_msgs/cmake/export_rtcm_msgs__rosidl_generator_cExport-noconfig.cmake
[1.197s] -- Up-to-date: /home/lhl/fixposition_driver/install/rtcm_msgs/share/rtcm_msgs/cmake/export_rtcm_msgs__rosidl_typesupport_fastrtps_cExport.cmake
[1.198s] -- Up-to-date: /home/lhl/fixposition_driver/install/rtcm_msgs/share/rtcm_msgs/cmake/export_rtcm_msgs__rosidl_typesupport_fastrtps_cExport-noconfig.cmake
[1.198s] -- Up-to-date: /home/lhl/fixposition_driver/install/rtcm_msgs/share/rtcm_msgs/cmake/export_rtcm_msgs__rosidl_generator_cppExport.cmake
[1.198s] -- Up-to-date: /home/lhl/fixposition_driver/install/rtcm_msgs/share/rtcm_msgs/cmake/export_rtcm_msgs__rosidl_typesupport_fastrtps_cppExport.cmake
[1.198s] -- Up-to-date: /home/lhl/fixposition_driver/install/rtcm_msgs/share/rtcm_msgs/cmake/export_rtcm_msgs__rosidl_typesupport_fastrtps_cppExport-noconfig.cmake
[1.198s] -- Up-to-date: /home/lhl/fixposition_driver/install/rtcm_msgs/share/rtcm_msgs/cmake/rtcm_msgs__rosidl_typesupport_introspection_cExport.cmake
[1.199s] -- Up-to-date: /home/lhl/fixposition_driver/install/rtcm_msgs/share/rtcm_msgs/cmake/rtcm_msgs__rosidl_typesupport_introspection_cExport-noconfig.cmake
[1.199s] -- Up-to-date: /home/lhl/fixposition_driver/install/rtcm_msgs/share/rtcm_msgs/cmake/rtcm_msgs__rosidl_typesupport_cExport.cmake
[1.199s] -- Up-to-date: /home/lhl/fixposition_driver/install/rtcm_msgs/share/rtcm_msgs/cmake/rtcm_msgs__rosidl_typesupport_cExport-noconfig.cmake
[1.199s] -- Up-to-date: /home/lhl/fixposition_driver/install/rtcm_msgs/share/rtcm_msgs/cmake/rtcm_msgs__rosidl_typesupport_introspection_cppExport.cmake
[1.200s] -- Up-to-date: /home/lhl/fixposition_driver/install/rtcm_msgs/share/rtcm_msgs/cmake/rtcm_msgs__rosidl_typesupport_introspection_cppExport-noconfig.cmake
[1.200s] -- Up-to-date: /home/lhl/fixposition_driver/install/rtcm_msgs/share/rtcm_msgs/cmake/rtcm_msgs__rosidl_typesupport_cppExport.cmake
[1.200s] -- Up-to-date: /home/lhl/fixposition_driver/install/rtcm_msgs/share/rtcm_msgs/cmake/rtcm_msgs__rosidl_typesupport_cppExport-noconfig.cmake
[1.200s] -- Up-to-date: /home/lhl/fixposition_driver/install/rtcm_msgs/share/rtcm_msgs/cmake/export_rtcm_msgs__rosidl_generator_pyExport.cmake
[1.200s] -- Up-to-date: /home/lhl/fixposition_driver/install/rtcm_msgs/share/rtcm_msgs/cmake/export_rtcm_msgs__rosidl_generator_pyExport-noconfig.cmake
[1.201s] -- Up-to-date: /home/lhl/fixposition_driver/install/rtcm_msgs/share/rtcm_msgs/cmake/rosidl_cmake-extras.cmake
[1.222s] -- Up-to-date: /home/lhl/fixposition_driver/install/rtcm_msgs/share/rtcm_msgs/cmake/ament_cmake_export_dependencies-extras.cmake
[1.226s] -- Up-to-date: /home/lhl/fixposition_driver/install/rtcm_msgs/share/rtcm_msgs/cmake/ament_cmake_export_include_directories-extras.cmake
[1.228s] -- Up-to-date: /home/lhl/fixposition_driver/install/rtcm_msgs/share/rtcm_msgs/cmake/ament_cmake_export_libraries-extras.cmake
[1.229s] -- Up-to-date: /home/lhl/fixposition_driver/install/rtcm_msgs/share/rtcm_msgs/cmake/ament_cmake_export_targets-extras.cmake
[1.231s] -- Up-to-date: /home/lhl/fixposition_driver/install/rtcm_msgs/share/rtcm_msgs/cmake/rosidl_cmake_export_typesupport_targets-extras.cmake
[1.233s] -- Up-to-date: /home/lhl/fixposition_driver/install/rtcm_msgs/share/rtcm_msgs/cmake/rosidl_cmake_export_typesupport_libraries-extras.cmake
[1.233s] -- Up-to-date: /home/lhl/fixposition_driver/install/rtcm_msgs/share/rtcm_msgs/cmake/rtcm_msgsConfig.cmake
[1.233s] -- Up-to-date: /home/lhl/fixposition_driver/install/rtcm_msgs/share/rtcm_msgs/cmake/rtcm_msgsConfig-version.cmake
[1.233s] -- Up-to-date: /home/lhl/fixposition_driver/install/rtcm_msgs/share/rtcm_msgs/package.xml
[1.235s] Invoked command in '/home/lhl/fixposition_driver/build/rtcm_msgs' returned '0': CMAKE_PREFIX_PATH=${CMAKE_PREFIX_PATH}:/home/lhl/fixposition_driver/install/fixposition_extractor:/opt/ros/humble /usr/bin/cmake --install /home/lhl/fixposition_driver/build/rtcm_msgs
