-- The CXX compiler identification is GNU 11.4.0
-- Detecting CXX compiler ABI info
-- Detecting CXX compiler ABI info - done
-- Check for working CXX compiler: /usr/lib/ccache/g++ - skipped
-- Detecting CXX compile features
-- Detecting CXX compile features - done
-- Found Boost: /usr/lib/aarch64-linux-gnu/cmake/Boost-1.74.0/BoostConfig.cmake (found suitable version "1.74.0", minimum required is "1.65.0")  
-- Configuring done
-- Generating done
-- Build files have been written to: /home/lhl/fixposition_driver/build/fixposition_driver_lib
[  6%] [32mBuilding CXX object CMakeFiles/fixposition_driver_lib.dir/src/messages/fpa/corrimu.cpp.o[0m
[  6%] [32mBuilding CXX object CMakeFiles/fixposition_driver_lib.dir/src/messages/fpa/eoe.cpp.o[0m
[ 10%] [32mBuilding CXX object CMakeFiles/fixposition_driver_lib.dir/src/messages/fpa/gnsscorr.cpp.o[0m
[ 13%] [32mBuilding CXX object CMakeFiles/fixposition_driver_lib.dir/src/messages/fpa/gnssant.cpp.o[0m
[ 17%] [32mBuilding CXX object CMakeFiles/fixposition_driver_lib.dir/src/messages/fpa/imubias.cpp.o[0m
[ 20%] [32mBuilding CXX object CMakeFiles/fixposition_driver_lib.dir/src/messages/fpa/llh.cpp.o[0m
[ 24%] [32mBuilding CXX object CMakeFiles/fixposition_driver_lib.dir/src/messages/fpa/odomenu.cpp.o[0m
[ 27%] [32mBuilding CXX object CMakeFiles/fixposition_driver_lib.dir/src/messages/fpa/odometry.cpp.o[0m
[ 31%] [32mBuilding CXX object CMakeFiles/fixposition_driver_lib.dir/src/messages/fpa/odomsh.cpp.o[0m
[ 34%] [32mBuilding CXX object CMakeFiles/fixposition_driver_lib.dir/src/messages/fpa/odomstatus.cpp.o[0m
[ 37%] [32mBuilding CXX object CMakeFiles/fixposition_driver_lib.dir/src/messages/fpa/rawimu.cpp.o[0m
[ 41%] [32mBuilding CXX object CMakeFiles/fixposition_driver_lib.dir/src/messages/fpa/text.cpp.o[0m
[ 44%] [32mBuilding CXX object CMakeFiles/fixposition_driver_lib.dir/src/messages/fpa/tp.cpp.o[0m
[ 48%] [32mBuilding CXX object CMakeFiles/fixposition_driver_lib.dir/src/messages/fpa/tf.cpp.o[0m
[ 51%] [32mBuilding CXX object CMakeFiles/fixposition_driver_lib.dir/src/messages/nmea/gpgga.cpp.o[0m
[ 55%] [32mBuilding CXX object CMakeFiles/fixposition_driver_lib.dir/src/messages/nmea/gpgll.cpp.o[0m
[ 58%] [32mBuilding CXX object CMakeFiles/fixposition_driver_lib.dir/src/messages/nmea/gpzda.cpp.o[0m
[ 65%] [32mBuilding CXX object CMakeFiles/fixposition_driver_lib.dir/src/messages/nmea/nmea.cpp.o[0m
[ 65%] [32mBuilding CXX object CMakeFiles/fixposition_driver_lib.dir/src/messages/nmea/gpvtg.cpp.o[0m
[ 72%] [32mBuilding CXX object CMakeFiles/fixposition_driver_lib.dir/src/messages/nmea/gphdt.cpp.o[0m
[ 72%] [32mBuilding CXX object CMakeFiles/fixposition_driver_lib.dir/src/messages/nmea/gprmc.cpp.o[0m
[ 75%] [32mBuilding CXX object CMakeFiles/fixposition_driver_lib.dir/src/messages/nmea/gxgsv.cpp.o[0m
[ 79%] [32mBuilding CXX object CMakeFiles/fixposition_driver_lib.dir/src/messages/nmea/gpgst.cpp.o[0m
[ 82%] [32mBuilding CXX object CMakeFiles/fixposition_driver_lib.dir/src/messages/nmea/gngsa.cpp.o[0m
[ 86%] [32mBuilding CXX object CMakeFiles/fixposition_driver_lib.dir/src/fixposition_driver.cpp.o[0m
[ 89%] [32mBuilding CXX object CMakeFiles/fixposition_driver_lib.dir/src/helper.cpp.o[0m
[ 93%] [32mBuilding CXX object CMakeFiles/fixposition_driver_lib.dir/src/parser.cpp.o[0m
[ 96%] [32mBuilding CXX object CMakeFiles/fixposition_driver_lib.dir/src/gnss_tf.cpp.o[0m
[100%] [32m[1mLinking CXX shared library libfixposition_driver_lib.so[0m
[100%] Built target fixposition_driver_lib
-- Install configuration: "Release"
-- Installing: /home/lhl/fixposition_driver/install/fixposition_driver_lib/./include
-- Installing: /home/lhl/fixposition_driver/install/fixposition_driver_lib/./include/fixposition_driver_lib
-- Installing: /home/lhl/fixposition_driver/install/fixposition_driver_lib/./include/fixposition_driver_lib/gnss_tf.hpp
-- Installing: /home/lhl/fixposition_driver/install/fixposition_driver_lib/./include/fixposition_driver_lib/parser.hpp
-- Installing: /home/lhl/fixposition_driver/install/fixposition_driver_lib/./include/fixposition_driver_lib/messages
-- Installing: /home/lhl/fixposition_driver/install/fixposition_driver_lib/./include/fixposition_driver_lib/messages/nov_type.hpp
-- Installing: /home/lhl/fixposition_driver/install/fixposition_driver_lib/./include/fixposition_driver_lib/messages/nmea_type.hpp
-- Installing: /home/lhl/fixposition_driver/install/fixposition_driver_lib/./include/fixposition_driver_lib/messages/msg_data.hpp
-- Installing: /home/lhl/fixposition_driver/install/fixposition_driver_lib/./include/fixposition_driver_lib/messages/fpb_measurements.hpp
-- Installing: /home/lhl/fixposition_driver/install/fixposition_driver_lib/./include/fixposition_driver_lib/messages/fpb_type.hpp
-- Installing: /home/lhl/fixposition_driver/install/fixposition_driver_lib/./include/fixposition_driver_lib/messages/base_converter.hpp
-- Installing: /home/lhl/fixposition_driver/install/fixposition_driver_lib/./include/fixposition_driver_lib/messages/fpa_type.hpp
-- Installing: /home/lhl/fixposition_driver/install/fixposition_driver_lib/./include/fixposition_driver_lib/params.hpp
-- Installing: /home/lhl/fixposition_driver/install/fixposition_driver_lib/./include/fixposition_driver_lib/time_conversions.hpp
-- Installing: /home/lhl/fixposition_driver/install/fixposition_driver_lib/./include/fixposition_driver_lib/fixposition_driver.hpp
-- Installing: /home/lhl/fixposition_driver/install/fixposition_driver_lib/./include/fixposition_driver_lib/helper.hpp
-- Installing: /home/lhl/fixposition_driver/install/fixposition_driver_lib/lib/libfixposition_driver_lib.so
-- Up-to-date: /home/lhl/fixposition_driver/install/fixposition_driver_lib/lib/libfixposition_driver_lib.so
-- Installing: /home/lhl/fixposition_driver/install/fixposition_driver_lib/lib/cmake/fixposition_driver_lib/fixposition_driver_lib-targets.cmake
-- Installing: /home/lhl/fixposition_driver/install/fixposition_driver_lib/lib/cmake/fixposition_driver_lib/fixposition_driver_lib-targets-release.cmake
-- Up-to-date: /home/lhl/fixposition_driver/install/fixposition_driver_lib/include/fixposition_driver_lib
-- Up-to-date: /home/lhl/fixposition_driver/install/fixposition_driver_lib/include/fixposition_driver_lib/gnss_tf.hpp
-- Up-to-date: /home/lhl/fixposition_driver/install/fixposition_driver_lib/include/fixposition_driver_lib/parser.hpp
-- Up-to-date: /home/lhl/fixposition_driver/install/fixposition_driver_lib/include/fixposition_driver_lib/messages
-- Up-to-date: /home/lhl/fixposition_driver/install/fixposition_driver_lib/include/fixposition_driver_lib/messages/nov_type.hpp
-- Up-to-date: /home/lhl/fixposition_driver/install/fixposition_driver_lib/include/fixposition_driver_lib/messages/nmea_type.hpp
-- Up-to-date: /home/lhl/fixposition_driver/install/fixposition_driver_lib/include/fixposition_driver_lib/messages/msg_data.hpp
-- Up-to-date: /home/lhl/fixposition_driver/install/fixposition_driver_lib/include/fixposition_driver_lib/messages/fpb_measurements.hpp
-- Up-to-date: /home/lhl/fixposition_driver/install/fixposition_driver_lib/include/fixposition_driver_lib/messages/fpb_type.hpp
-- Up-to-date: /home/lhl/fixposition_driver/install/fixposition_driver_lib/include/fixposition_driver_lib/messages/base_converter.hpp
-- Up-to-date: /home/lhl/fixposition_driver/install/fixposition_driver_lib/include/fixposition_driver_lib/messages/fpa_type.hpp
-- Up-to-date: /home/lhl/fixposition_driver/install/fixposition_driver_lib/include/fixposition_driver_lib/params.hpp
-- Up-to-date: /home/lhl/fixposition_driver/install/fixposition_driver_lib/include/fixposition_driver_lib/time_conversions.hpp
-- Up-to-date: /home/lhl/fixposition_driver/install/fixposition_driver_lib/include/fixposition_driver_lib/fixposition_driver.hpp
-- Up-to-date: /home/lhl/fixposition_driver/install/fixposition_driver_lib/include/fixposition_driver_lib/helper.hpp
-- Installing: /home/lhl/fixposition_driver/install/fixposition_driver_lib/share/fixposition_driver_lib/package.xml
-- Installing: /home/lhl/fixposition_driver/install/fixposition_driver_lib/lib/cmake/fixposition_driver_lib/fixposition_driver_lib-config.cmake
-- Installing: /home/lhl/fixposition_driver/install/fixposition_driver_lib/lib/cmake/fixposition_driver_lib/fixposition_driver_lib-config-version.cmake
