[0.029s] Invoking command in '/home/lhl/fixposition_driver/build/fixposition_driver_lib': CMAKE_PREFIX_PATH=/opt/ros/humble /usr/bin/cmake /home/lhl/fixposition_driver/fixposition_driver_lib -DCMAKE_INSTALL_PREFIX=/home/lhl/fixposition_driver/install/fixposition_driver_lib
[0.158s] -- The CXX compiler identification is GNU 11.4.0
[0.175s] -- Detecting CXX compiler ABI info
[0.302s] -- Detecting CXX compiler ABI info - done
[0.315s] -- Check for working CXX compiler: /usr/lib/ccache/g++ - skipped
[0.315s] -- Detecting CXX compile features
[0.316s] -- Detecting CXX compile features - done
[0.331s] -- Found Boost: /usr/lib/aarch64-linux-gnu/cmake/Boost-1.74.0/BoostConfig.cmake (found suitable version "1.74.0", minimum required is "1.65.0")  
[0.347s] -- Configuring done
[0.361s] -- Generating done
[0.361s] -- Build files have been written to: /home/lhl/fixposition_driver/build/fixposition_driver_lib
[0.365s] Invoked command in '/home/lhl/fixposition_driver/build/fixposition_driver_lib' returned '0': CMAKE_PREFIX_PATH=/opt/ros/humble /usr/bin/cmake /home/lhl/fixposition_driver/fixposition_driver_lib -DCMAKE_INSTALL_PREFIX=/home/lhl/fixposition_driver/install/fixposition_driver_lib
[0.369s] Invoking command in '/home/lhl/fixposition_driver/build/fixposition_driver_lib': CMAKE_PREFIX_PATH=/opt/ros/humble /usr/bin/cmake --build /home/lhl/fixposition_driver/build/fixposition_driver_lib -- -j8 -l8
[0.468s] [  6%] [32mBuilding CXX object CMakeFiles/fixposition_driver_lib.dir/src/messages/fpa/corrimu.cpp.o[0m
[0.469s] [  6%] [32mBuilding CXX object CMakeFiles/fixposition_driver_lib.dir/src/messages/fpa/eoe.cpp.o[0m
[0.469s] [ 10%] [32mBuilding CXX object CMakeFiles/fixposition_driver_lib.dir/src/messages/fpa/gnsscorr.cpp.o[0m
[0.471s] [ 13%] [32mBuilding CXX object CMakeFiles/fixposition_driver_lib.dir/src/messages/fpa/gnssant.cpp.o[0m
[0.476s] [ 17%] [32mBuilding CXX object CMakeFiles/fixposition_driver_lib.dir/src/messages/fpa/imubias.cpp.o[0m
[0.479s] [ 20%] [32mBuilding CXX object CMakeFiles/fixposition_driver_lib.dir/src/messages/fpa/llh.cpp.o[0m
[0.486s] [ 24%] [32mBuilding CXX object CMakeFiles/fixposition_driver_lib.dir/src/messages/fpa/odomenu.cpp.o[0m
[0.487s] [ 27%] [32mBuilding CXX object CMakeFiles/fixposition_driver_lib.dir/src/messages/fpa/odometry.cpp.o[0m
[15.482s] [ 31%] [32mBuilding CXX object CMakeFiles/fixposition_driver_lib.dir/src/messages/fpa/odomsh.cpp.o[0m
[16.356s] [ 34%] [32mBuilding CXX object CMakeFiles/fixposition_driver_lib.dir/src/messages/fpa/odomstatus.cpp.o[0m
[16.600s] [ 37%] [32mBuilding CXX object CMakeFiles/fixposition_driver_lib.dir/src/messages/fpa/rawimu.cpp.o[0m
[16.990s] [ 41%] [32mBuilding CXX object CMakeFiles/fixposition_driver_lib.dir/src/messages/fpa/text.cpp.o[0m
[17.386s] [ 44%] [32mBuilding CXX object CMakeFiles/fixposition_driver_lib.dir/src/messages/fpa/tp.cpp.o[0m
[17.407s] [ 48%] [32mBuilding CXX object CMakeFiles/fixposition_driver_lib.dir/src/messages/fpa/tf.cpp.o[0m
[17.943s] [ 51%] [32mBuilding CXX object CMakeFiles/fixposition_driver_lib.dir/src/messages/nmea/gpgga.cpp.o[0m
[18.296s] [ 55%] [32mBuilding CXX object CMakeFiles/fixposition_driver_lib.dir/src/messages/nmea/gpgll.cpp.o[0m
[31.276s] [ 58%] [32mBuilding CXX object CMakeFiles/fixposition_driver_lib.dir/src/messages/nmea/gpzda.cpp.o[0m
[32.295s] [ 65%] [32mBuilding CXX object CMakeFiles/fixposition_driver_lib.dir/src/messages/nmea/nmea.cpp.o[0m
[32.296s] [ 65%] [32mBuilding CXX object CMakeFiles/fixposition_driver_lib.dir/src/messages/nmea/gpvtg.cpp.o[0m
[33.315s] [ 72%] [32mBuilding CXX object CMakeFiles/fixposition_driver_lib.dir/src/messages/nmea/gphdt.cpp.o[0m
[33.315s] [ 72%] [32mBuilding CXX object CMakeFiles/fixposition_driver_lib.dir/src/messages/nmea/gprmc.cpp.o[0m
[34.349s] [ 75%] [32mBuilding CXX object CMakeFiles/fixposition_driver_lib.dir/src/messages/nmea/gxgsv.cpp.o[0m
[34.361s] [ 79%] [32mBuilding CXX object CMakeFiles/fixposition_driver_lib.dir/src/messages/nmea/gpgst.cpp.o[0m
[35.397s] [ 82%] [32mBuilding CXX object CMakeFiles/fixposition_driver_lib.dir/src/messages/nmea/gngsa.cpp.o[0m
[43.717s] [ 86%] [32mBuilding CXX object CMakeFiles/fixposition_driver_lib.dir/src/fixposition_driver.cpp.o[0m
[44.047s] [ 89%] [32mBuilding CXX object CMakeFiles/fixposition_driver_lib.dir/src/helper.cpp.o[0m
[45.044s] [ 93%] [32mBuilding CXX object CMakeFiles/fixposition_driver_lib.dir/src/parser.cpp.o[0m
[45.069s] [ 96%] [32mBuilding CXX object CMakeFiles/fixposition_driver_lib.dir/src/gnss_tf.cpp.o[0m
[58.720s] [100%] [32m[1mLinking CXX shared library libfixposition_driver_lib.so[0m
[58.967s] [100%] Built target fixposition_driver_lib
[58.993s] Invoked command in '/home/lhl/fixposition_driver/build/fixposition_driver_lib' returned '0': CMAKE_PREFIX_PATH=/opt/ros/humble /usr/bin/cmake --build /home/lhl/fixposition_driver/build/fixposition_driver_lib -- -j8 -l8
[59.150s] Invoking command in '/home/lhl/fixposition_driver/build/fixposition_driver_lib': CMAKE_PREFIX_PATH=/opt/ros/humble /usr/bin/cmake --install /home/lhl/fixposition_driver/build/fixposition_driver_lib
[59.168s] -- Install configuration: "Release"
[59.168s] -- Installing: /home/lhl/fixposition_driver/install/fixposition_driver_lib/./include
[59.168s] -- Installing: /home/lhl/fixposition_driver/install/fixposition_driver_lib/./include/fixposition_driver_lib
[59.169s] -- Installing: /home/lhl/fixposition_driver/install/fixposition_driver_lib/./include/fixposition_driver_lib/gnss_tf.hpp
[59.169s] -- Installing: /home/lhl/fixposition_driver/install/fixposition_driver_lib/./include/fixposition_driver_lib/parser.hpp
[59.169s] -- Installing: /home/lhl/fixposition_driver/install/fixposition_driver_lib/./include/fixposition_driver_lib/messages
[59.169s] -- Installing: /home/lhl/fixposition_driver/install/fixposition_driver_lib/./include/fixposition_driver_lib/messages/nov_type.hpp
[59.170s] -- Installing: /home/lhl/fixposition_driver/install/fixposition_driver_lib/./include/fixposition_driver_lib/messages/nmea_type.hpp
[59.170s] -- Installing: /home/lhl/fixposition_driver/install/fixposition_driver_lib/./include/fixposition_driver_lib/messages/msg_data.hpp
[59.171s] -- Installing: /home/lhl/fixposition_driver/install/fixposition_driver_lib/./include/fixposition_driver_lib/messages/fpb_measurements.hpp
[59.172s] -- Installing: /home/lhl/fixposition_driver/install/fixposition_driver_lib/./include/fixposition_driver_lib/messages/fpb_type.hpp
[59.172s] -- Installing: /home/lhl/fixposition_driver/install/fixposition_driver_lib/./include/fixposition_driver_lib/messages/base_converter.hpp
[59.172s] -- Installing: /home/lhl/fixposition_driver/install/fixposition_driver_lib/./include/fixposition_driver_lib/messages/fpa_type.hpp
[59.172s] -- Installing: /home/lhl/fixposition_driver/install/fixposition_driver_lib/./include/fixposition_driver_lib/params.hpp
[59.173s] -- Installing: /home/lhl/fixposition_driver/install/fixposition_driver_lib/./include/fixposition_driver_lib/time_conversions.hpp
[59.173s] -- Installing: /home/lhl/fixposition_driver/install/fixposition_driver_lib/./include/fixposition_driver_lib/fixposition_driver.hpp
[59.173s] -- Installing: /home/lhl/fixposition_driver/install/fixposition_driver_lib/./include/fixposition_driver_lib/helper.hpp
[59.173s] -- Installing: /home/lhl/fixposition_driver/install/fixposition_driver_lib/lib/libfixposition_driver_lib.so
[59.173s] -- Up-to-date: /home/lhl/fixposition_driver/install/fixposition_driver_lib/lib/libfixposition_driver_lib.so
[59.173s] -- Installing: /home/lhl/fixposition_driver/install/fixposition_driver_lib/lib/cmake/fixposition_driver_lib/fixposition_driver_lib-targets.cmake
[59.174s] -- Installing: /home/lhl/fixposition_driver/install/fixposition_driver_lib/lib/cmake/fixposition_driver_lib/fixposition_driver_lib-targets-release.cmake
[59.174s] -- Up-to-date: /home/lhl/fixposition_driver/install/fixposition_driver_lib/include/fixposition_driver_lib
[59.174s] -- Up-to-date: /home/lhl/fixposition_driver/install/fixposition_driver_lib/include/fixposition_driver_lib/gnss_tf.hpp
[59.174s] -- Up-to-date: /home/lhl/fixposition_driver/install/fixposition_driver_lib/include/fixposition_driver_lib/parser.hpp
[59.175s] -- Up-to-date: /home/lhl/fixposition_driver/install/fixposition_driver_lib/include/fixposition_driver_lib/messages
[59.175s] -- Up-to-date: /home/lhl/fixposition_driver/install/fixposition_driver_lib/include/fixposition_driver_lib/messages/nov_type.hpp
[59.175s] -- Up-to-date: /home/lhl/fixposition_driver/install/fixposition_driver_lib/include/fixposition_driver_lib/messages/nmea_type.hpp
[59.175s] -- Up-to-date: /home/lhl/fixposition_driver/install/fixposition_driver_lib/include/fixposition_driver_lib/messages/msg_data.hpp
[59.175s] -- Up-to-date: /home/lhl/fixposition_driver/install/fixposition_driver_lib/include/fixposition_driver_lib/messages/fpb_measurements.hpp
[59.175s] -- Up-to-date: /home/lhl/fixposition_driver/install/fixposition_driver_lib/include/fixposition_driver_lib/messages/fpb_type.hpp
[59.175s] -- Up-to-date: /home/lhl/fixposition_driver/install/fixposition_driver_lib/include/fixposition_driver_lib/messages/base_converter.hpp
[59.176s] -- Up-to-date: /home/lhl/fixposition_driver/install/fixposition_driver_lib/include/fixposition_driver_lib/messages/fpa_type.hpp
[59.176s] -- Up-to-date: /home/lhl/fixposition_driver/install/fixposition_driver_lib/include/fixposition_driver_lib/params.hpp
[59.176s] -- Up-to-date: /home/lhl/fixposition_driver/install/fixposition_driver_lib/include/fixposition_driver_lib/time_conversions.hpp
[59.176s] -- Up-to-date: /home/lhl/fixposition_driver/install/fixposition_driver_lib/include/fixposition_driver_lib/fixposition_driver.hpp
[59.176s] -- Up-to-date: /home/lhl/fixposition_driver/install/fixposition_driver_lib/include/fixposition_driver_lib/helper.hpp
[59.176s] -- Installing: /home/lhl/fixposition_driver/install/fixposition_driver_lib/share/fixposition_driver_lib/package.xml
[59.176s] -- Installing: /home/lhl/fixposition_driver/install/fixposition_driver_lib/lib/cmake/fixposition_driver_lib/fixposition_driver_lib-config.cmake
[59.176s] -- Installing: /home/lhl/fixposition_driver/install/fixposition_driver_lib/lib/cmake/fixposition_driver_lib/fixposition_driver_lib-config-version.cmake
[59.179s] Invoked command in '/home/lhl/fixposition_driver/build/fixposition_driver_lib' returned '0': CMAKE_PREFIX_PATH=/opt/ros/humble /usr/bin/cmake --install /home/lhl/fixposition_driver/build/fixposition_driver_lib
