[0.617s] Invoking command in '/home/lhl/fixposition_driver/build/fixposition_odometry_converter_ros2': CMAKE_PREFIX_PATH=/home/lhl/fixposition_driver/install/fixposition_driver_ros2:/home/lhl/fixposition_driver/install/rtcm_msgs:/home/lhl/fixposition_driver/install/fixposition_driver_lib:/home/lhl/fixposition_driver/install/fixposition_odometry_converter_ros2:/home/lhl/fixposition_driver/install/fixposition_extractor:/opt/ros/humble LD_LIBRARY_PATH=/home/lhl/fixposition_driver/install/fixposition_driver_ros2/lib:/home/lhl/fixposition_driver/install/rtcm_msgs/lib:/home/lhl/fixposition_driver/install/fixposition_driver_lib/lib:/home/lhl/fixposition_driver/install/fixposition_odometry_converter_ros2/lib:/usr/local/cuda-12.2/lib64:/opt/ros/humble/opt/rviz_ogre_vendor/lib:/opt/ros/humble/lib/aarch64-linux-gnu:/opt/ros/humble/lib:/usr/local/cuda-12.2/lib64 /usr/bin/cmake --build /home/lhl/fixposition_driver/build/fixposition_odometry_converter_ros2 -- -j8 -l8
[0.729s] [100%] Built target odom_converter_node
[0.729s] [100%] Built target odom_converter
[0.752s] Invoked command in '/home/lhl/fixposition_driver/build/fixposition_odometry_converter_ros2' returned '0': CMAKE_PREFIX_PATH=/home/lhl/fixposition_driver/install/fixposition_driver_ros2:/home/lhl/fixposition_driver/install/rtcm_msgs:/home/lhl/fixposition_driver/install/fixposition_driver_lib:/home/lhl/fixposition_driver/install/fixposition_odometry_converter_ros2:/home/lhl/fixposition_driver/install/fixposition_extractor:/opt/ros/humble LD_LIBRARY_PATH=/home/lhl/fixposition_driver/install/fixposition_driver_ros2/lib:/home/lhl/fixposition_driver/install/rtcm_msgs/lib:/home/lhl/fixposition_driver/install/fixposition_driver_lib/lib:/home/lhl/fixposition_driver/install/fixposition_odometry_converter_ros2/lib:/usr/local/cuda-12.2/lib64:/opt/ros/humble/opt/rviz_ogre_vendor/lib:/opt/ros/humble/lib/aarch64-linux-gnu:/opt/ros/humble/lib:/usr/local/cuda-12.2/lib64 /usr/bin/cmake --build /home/lhl/fixposition_driver/build/fixposition_odometry_converter_ros2 -- -j8 -l8
[0.819s] Invoking command in '/home/lhl/fixposition_driver/build/fixposition_odometry_converter_ros2': CMAKE_PREFIX_PATH=/home/lhl/fixposition_driver/install/fixposition_driver_ros2:/home/lhl/fixposition_driver/install/rtcm_msgs:/home/lhl/fixposition_driver/install/fixposition_driver_lib:/home/lhl/fixposition_driver/install/fixposition_odometry_converter_ros2:/home/lhl/fixposition_driver/install/fixposition_extractor:/opt/ros/humble LD_LIBRARY_PATH=/home/lhl/fixposition_driver/install/fixposition_driver_ros2/lib:/home/lhl/fixposition_driver/install/rtcm_msgs/lib:/home/lhl/fixposition_driver/install/fixposition_driver_lib/lib:/home/lhl/fixposition_driver/install/fixposition_odometry_converter_ros2/lib:/usr/local/cuda-12.2/lib64:/opt/ros/humble/opt/rviz_ogre_vendor/lib:/opt/ros/humble/lib/aarch64-linux-gnu:/opt/ros/humble/lib:/usr/local/cuda-12.2/lib64 /usr/bin/cmake --install /home/lhl/fixposition_driver/build/fixposition_odometry_converter_ros2
[0.833s] -- Install configuration: "Release"
[0.834s] -- Up-to-date: /home/lhl/fixposition_driver/install/fixposition_odometry_converter_ros2/lib/fixposition_odometry_converter_ros2/odom_converter_node
[0.834s] -- Up-to-date: /home/lhl/fixposition_driver/install/fixposition_odometry_converter_ros2/share/fixposition_odometry_converter_ros2/launch
[0.834s] -- Up-to-date: /home/lhl/fixposition_driver/install/fixposition_odometry_converter_ros2/share/fixposition_odometry_converter_ros2/launch/odom_converter.launch
[0.835s] -- Up-to-date: /home/lhl/fixposition_driver/install/fixposition_odometry_converter_ros2/share/fixposition_odometry_converter_ros2/launch/odom_converter.yaml
[0.835s] -- Up-to-date: /home/lhl/fixposition_driver/install/fixposition_odometry_converter_ros2/lib/libodom_converter.so
[0.835s] -- Up-to-date: /home/lhl/fixposition_driver/install/fixposition_odometry_converter_ros2/./include
[0.835s] -- Up-to-date: /home/lhl/fixposition_driver/install/fixposition_odometry_converter_ros2/./include/fixposition_odometry_converter_ros2
[0.835s] -- Up-to-date: /home/lhl/fixposition_driver/install/fixposition_odometry_converter_ros2/./include/fixposition_odometry_converter_ros2/ros2_msgs.hpp
[0.835s] -- Up-to-date: /home/lhl/fixposition_driver/install/fixposition_odometry_converter_ros2/./include/fixposition_odometry_converter_ros2/odom_converter_node.hpp
[0.836s] -- Up-to-date: /home/lhl/fixposition_driver/install/fixposition_odometry_converter_ros2/./include/fixposition_odometry_converter_ros2/params.hpp
[0.836s] -- Up-to-date: /home/lhl/fixposition_driver/install/fixposition_odometry_converter_ros2/share/ament_index/resource_index/package_run_dependencies/fixposition_odometry_converter_ros2
[0.836s] -- Up-to-date: /home/lhl/fixposition_driver/install/fixposition_odometry_converter_ros2/share/ament_index/resource_index/parent_prefix_path/fixposition_odometry_converter_ros2
[0.836s] -- Up-to-date: /home/lhl/fixposition_driver/install/fixposition_odometry_converter_ros2/share/fixposition_odometry_converter_ros2/environment/ament_prefix_path.sh
[0.836s] -- Up-to-date: /home/lhl/fixposition_driver/install/fixposition_odometry_converter_ros2/share/fixposition_odometry_converter_ros2/environment/ament_prefix_path.dsv
[0.836s] -- Up-to-date: /home/lhl/fixposition_driver/install/fixposition_odometry_converter_ros2/share/fixposition_odometry_converter_ros2/environment/path.sh
[0.836s] -- Up-to-date: /home/lhl/fixposition_driver/install/fixposition_odometry_converter_ros2/share/fixposition_odometry_converter_ros2/environment/path.dsv
[0.836s] -- Up-to-date: /home/lhl/fixposition_driver/install/fixposition_odometry_converter_ros2/share/fixposition_odometry_converter_ros2/local_setup.bash
[0.837s] -- Up-to-date: /home/lhl/fixposition_driver/install/fixposition_odometry_converter_ros2/share/fixposition_odometry_converter_ros2/local_setup.sh
[0.837s] -- Up-to-date: /home/lhl/fixposition_driver/install/fixposition_odometry_converter_ros2/share/fixposition_odometry_converter_ros2/local_setup.zsh
[0.837s] -- Up-to-date: /home/lhl/fixposition_driver/install/fixposition_odometry_converter_ros2/share/fixposition_odometry_converter_ros2/local_setup.dsv
[0.837s] -- Installing: /home/lhl/fixposition_driver/install/fixposition_odometry_converter_ros2/share/fixposition_odometry_converter_ros2/package.dsv
[0.837s] -- Up-to-date: /home/lhl/fixposition_driver/install/fixposition_odometry_converter_ros2/share/ament_index/resource_index/packages/fixposition_odometry_converter_ros2
[0.837s] -- Up-to-date: /home/lhl/fixposition_driver/install/fixposition_odometry_converter_ros2/share/ament_index/resource_index/rclcpp_components/fixposition_odometry_converter_ros2
[0.837s] -- Up-to-date: /home/lhl/fixposition_driver/install/fixposition_odometry_converter_ros2/share/fixposition_odometry_converter_ros2/cmake/fixposition_odometry_converter_ros2Config.cmake
[0.837s] -- Up-to-date: /home/lhl/fixposition_driver/install/fixposition_odometry_converter_ros2/share/fixposition_odometry_converter_ros2/cmake/fixposition_odometry_converter_ros2Config-version.cmake
[0.837s] -- Up-to-date: /home/lhl/fixposition_driver/install/fixposition_odometry_converter_ros2/share/fixposition_odometry_converter_ros2/package.xml
[0.841s] Invoked command in '/home/lhl/fixposition_driver/build/fixposition_odometry_converter_ros2' returned '0': CMAKE_PREFIX_PATH=/home/lhl/fixposition_driver/install/fixposition_driver_ros2:/home/lhl/fixposition_driver/install/rtcm_msgs:/home/lhl/fixposition_driver/install/fixposition_driver_lib:/home/lhl/fixposition_driver/install/fixposition_odometry_converter_ros2:/home/lhl/fixposition_driver/install/fixposition_extractor:/opt/ros/humble LD_LIBRARY_PATH=/home/lhl/fixposition_driver/install/fixposition_driver_ros2/lib:/home/lhl/fixposition_driver/install/rtcm_msgs/lib:/home/lhl/fixposition_driver/install/fixposition_driver_lib/lib:/home/lhl/fixposition_driver/install/fixposition_odometry_converter_ros2/lib:/usr/local/cuda-12.2/lib64:/opt/ros/humble/opt/rviz_ogre_vendor/lib:/opt/ros/humble/lib/aarch64-linux-gnu:/opt/ros/humble/lib:/usr/local/cuda-12.2/lib64 /usr/bin/cmake --install /home/lhl/fixposition_driver/build/fixposition_odometry_converter_ros2
