[0.032s] Invoking command in '/home/lhl/fixposition_driver/build/fixposition_driver_lib': CMAKE_PREFIX_PATH=${CMAKE_PREFIX_PATH}:/home/lhl/fixposition_driver/install/fixposition_extractor:/opt/ros/humble /usr/bin/cmake --build /home/lhl/fixposition_driver/build/fixposition_driver_lib -- -j8 -l8
[0.243s] [100%] Built target fixposition_driver_lib
[0.278s] Invoked command in '/home/lhl/fixposition_driver/build/fixposition_driver_lib' returned '0': CMAKE_PREFIX_PATH=${CMAKE_PREFIX_PATH}:/home/lhl/fixposition_driver/install/fixposition_extractor:/opt/ros/humble /usr/bin/cmake --build /home/lhl/fixposition_driver/build/fixposition_driver_lib -- -j8 -l8
[0.472s] Invoking command in '/home/lhl/fixposition_driver/build/fixposition_driver_lib': CMAKE_PREFIX_PATH=${CMAKE_PREFIX_PATH}:/home/lhl/fixposition_driver/install/fixposition_extractor:/opt/ros/humble /usr/bin/cmake --install /home/lhl/fixposition_driver/build/fixposition_driver_lib
[0.486s] -- Install configuration: "Release"
[0.487s] -- Up-to-date: /home/lhl/fixposition_driver/install/fixposition_driver_lib/./include
[0.487s] -- Up-to-date: /home/lhl/fixposition_driver/install/fixposition_driver_lib/./include/fixposition_driver_lib
[0.487s] -- Up-to-date: /home/lhl/fixposition_driver/install/fixposition_driver_lib/./include/fixposition_driver_lib/gnss_tf.hpp
[0.487s] -- Up-to-date: /home/lhl/fixposition_driver/install/fixposition_driver_lib/./include/fixposition_driver_lib/parser.hpp
[0.487s] -- Up-to-date: /home/lhl/fixposition_driver/install/fixposition_driver_lib/./include/fixposition_driver_lib/messages
[0.487s] -- Up-to-date: /home/lhl/fixposition_driver/install/fixposition_driver_lib/./include/fixposition_driver_lib/messages/nov_type.hpp
[0.488s] -- Up-to-date: /home/lhl/fixposition_driver/install/fixposition_driver_lib/./include/fixposition_driver_lib/messages/nmea_type.hpp
[0.488s] -- Up-to-date: /home/lhl/fixposition_driver/install/fixposition_driver_lib/./include/fixposition_driver_lib/messages/msg_data.hpp
[0.488s] -- Up-to-date: /home/lhl/fixposition_driver/install/fixposition_driver_lib/./include/fixposition_driver_lib/messages/fpb_measurements.hpp
[0.488s] -- Up-to-date: /home/lhl/fixposition_driver/install/fixposition_driver_lib/./include/fixposition_driver_lib/messages/fpb_type.hpp
[0.488s] -- Up-to-date: /home/lhl/fixposition_driver/install/fixposition_driver_lib/./include/fixposition_driver_lib/messages/base_converter.hpp
[0.488s] -- Up-to-date: /home/lhl/fixposition_driver/install/fixposition_driver_lib/./include/fixposition_driver_lib/messages/fpa_type.hpp
[0.488s] -- Up-to-date: /home/lhl/fixposition_driver/install/fixposition_driver_lib/./include/fixposition_driver_lib/params.hpp
[0.489s] -- Up-to-date: /home/lhl/fixposition_driver/install/fixposition_driver_lib/./include/fixposition_driver_lib/time_conversions.hpp
[0.489s] -- Up-to-date: /home/lhl/fixposition_driver/install/fixposition_driver_lib/./include/fixposition_driver_lib/fixposition_driver.hpp
[0.489s] -- Up-to-date: /home/lhl/fixposition_driver/install/fixposition_driver_lib/./include/fixposition_driver_lib/helper.hpp
[0.489s] -- Up-to-date: /home/lhl/fixposition_driver/install/fixposition_driver_lib/lib/libfixposition_driver_lib.so
[0.489s] -- Up-to-date: /home/lhl/fixposition_driver/install/fixposition_driver_lib/lib/libfixposition_driver_lib.so
[0.489s] -- Up-to-date: /home/lhl/fixposition_driver/install/fixposition_driver_lib/lib/cmake/fixposition_driver_lib/fixposition_driver_lib-targets.cmake
[0.489s] -- Up-to-date: /home/lhl/fixposition_driver/install/fixposition_driver_lib/lib/cmake/fixposition_driver_lib/fixposition_driver_lib-targets-release.cmake
[0.490s] -- Up-to-date: /home/lhl/fixposition_driver/install/fixposition_driver_lib/include/fixposition_driver_lib
[0.490s] -- Up-to-date: /home/lhl/fixposition_driver/install/fixposition_driver_lib/include/fixposition_driver_lib/gnss_tf.hpp
[0.490s] -- Up-to-date: /home/lhl/fixposition_driver/install/fixposition_driver_lib/include/fixposition_driver_lib/parser.hpp
[0.490s] -- Up-to-date: /home/lhl/fixposition_driver/install/fixposition_driver_lib/include/fixposition_driver_lib/messages
[0.490s] -- Up-to-date: /home/lhl/fixposition_driver/install/fixposition_driver_lib/include/fixposition_driver_lib/messages/nov_type.hpp
[0.490s] -- Up-to-date: /home/lhl/fixposition_driver/install/fixposition_driver_lib/include/fixposition_driver_lib/messages/nmea_type.hpp
[0.490s] -- Up-to-date: /home/lhl/fixposition_driver/install/fixposition_driver_lib/include/fixposition_driver_lib/messages/msg_data.hpp
[0.490s] -- Up-to-date: /home/lhl/fixposition_driver/install/fixposition_driver_lib/include/fixposition_driver_lib/messages/fpb_measurements.hpp
[0.491s] -- Up-to-date: /home/lhl/fixposition_driver/install/fixposition_driver_lib/include/fixposition_driver_lib/messages/fpb_type.hpp
[0.492s] -- Up-to-date: /home/lhl/fixposition_driver/install/fixposition_driver_lib/include/fixposition_driver_lib/messages/base_converter.hpp
[0.493s] -- Up-to-date: /home/lhl/fixposition_driver/install/fixposition_driver_lib/include/fixposition_driver_lib/messages/fpa_type.hpp
[0.495s] -- Up-to-date: /home/lhl/fixposition_driver/install/fixposition_driver_lib/include/fixposition_driver_lib/params.hpp
[0.495s] -- Up-to-date: /home/lhl/fixposition_driver/install/fixposition_driver_lib/include/fixposition_driver_lib/time_conversions.hpp
[0.495s] -- Up-to-date: /home/lhl/fixposition_driver/install/fixposition_driver_lib/include/fixposition_driver_lib/fixposition_driver.hpp
[0.495s] -- Up-to-date: /home/lhl/fixposition_driver/install/fixposition_driver_lib/include/fixposition_driver_lib/helper.hpp
[0.495s] -- Up-to-date: /home/lhl/fixposition_driver/install/fixposition_driver_lib/share/fixposition_driver_lib/package.xml
[0.496s] -- Up-to-date: /home/lhl/fixposition_driver/install/fixposition_driver_lib/lib/cmake/fixposition_driver_lib/fixposition_driver_lib-config.cmake
[0.496s] -- Up-to-date: /home/lhl/fixposition_driver/install/fixposition_driver_lib/lib/cmake/fixposition_driver_lib/fixposition_driver_lib-config-version.cmake
[0.496s] Invoked command in '/home/lhl/fixposition_driver/build/fixposition_driver_lib' returned '0': CMAKE_PREFIX_PATH=${CMAKE_PREFIX_PATH}:/home/lhl/fixposition_driver/install/fixposition_extractor:/opt/ros/humble /usr/bin/cmake --install /home/lhl/fixposition_driver/build/fixposition_driver_lib
