[0.029s] Invoking command in '/home/lhl/fixposition_driver/build/rtcm_msgs': CMAKE_PREFIX_PATH=${CMAKE_PREFIX_PATH}:/home/lhl/fixposition_driver/install/fixposition_extractor:/opt/ros/humble /usr/bin/cmake --build /home/lhl/fixposition_driver/build/rtcm_msgs -- -j8 -l8
[0.245s] [  9%] Built target rtcm_msgs__rosidl_generator_c
[0.252s] [ 12%] Built target rtcm_msgs__cpp
[0.276s] [ 12%] Built target ament_cmake_python_copy_rtcm_msgs
[0.300s] [ 22%] Built target rtcm_msgs__rosidl_typesupport_introspection_c
[0.301s] [ 32%] Built target rtcm_msgs__rosidl_typesupport_fastrtps_c
[0.302s] [ 41%] Built target rtcm_msgs__rosidl_typesupport_fastrtps_cpp
[0.310s] [ 51%] Built target rtcm_msgs__rosidl_typesupport_introspection_cpp
[0.315s] [ 61%] Built target rtcm_msgs__rosidl_typesupport_cpp
[0.329s] [ 70%] Built target rtcm_msgs__rosidl_typesupport_c
[0.373s] [ 70%] Built target rtcm_msgs
[0.416s] [ 74%] Built target rtcm_msgs__py
[0.462s] [ 80%] Built target rtcm_msgs__rosidl_generator_py
[0.510s] [ 87%] Built target rtcm_msgs__rosidl_typesupport_fastrtps_c__pyext
[0.513s] [ 96%] Built target rtcm_msgs__rosidl_typesupport_introspection_c__pyext
[0.520s] [100%] Built target rtcm_msgs__rosidl_typesupport_c__pyext
[0.857s] running egg_info
[0.859s] writing rtcm_msgs.egg-info/PKG-INFO
[0.859s] writing dependency_links to rtcm_msgs.egg-info/dependency_links.txt
[0.859s] writing top-level names to rtcm_msgs.egg-info/top_level.txt
[0.864s] reading manifest file 'rtcm_msgs.egg-info/SOURCES.txt'
[0.865s] writing manifest file 'rtcm_msgs.egg-info/SOURCES.txt'
[0.939s] [100%] Built target ament_cmake_python_build_rtcm_msgs_egg
[0.968s] Invoked command in '/home/lhl/fixposition_driver/build/rtcm_msgs' returned '0': CMAKE_PREFIX_PATH=${CMAKE_PREFIX_PATH}:/home/lhl/fixposition_driver/install/fixposition_extractor:/opt/ros/humble /usr/bin/cmake --build /home/lhl/fixposition_driver/build/rtcm_msgs -- -j8 -l8
[1.082s] Invoking command in '/home/lhl/fixposition_driver/build/rtcm_msgs': CMAKE_PREFIX_PATH=${CMAKE_PREFIX_PATH}:/home/lhl/fixposition_driver/install/fixposition_extractor:/opt/ros/humble /usr/bin/cmake --install /home/lhl/fixposition_driver/build/rtcm_msgs
[1.098s] -- Install configuration: ""
[1.099s] -- Up-to-date: /home/lhl/fixposition_driver/install/rtcm_msgs/share/ament_index/resource_index/rosidl_interfaces/rtcm_msgs
[1.099s] -- Up-to-date: /home/lhl/fixposition_driver/install/rtcm_msgs/include/rtcm_msgs/rtcm_msgs
[1.100s] -- Up-to-date: /home/lhl/fixposition_driver/install/rtcm_msgs/include/rtcm_msgs/rtcm_msgs/msg
[1.100s] -- Up-to-date: /home/lhl/fixposition_driver/install/rtcm_msgs/include/rtcm_msgs/rtcm_msgs/msg/detail
[1.101s] -- Up-to-date: /home/lhl/fixposition_driver/install/rtcm_msgs/include/rtcm_msgs/rtcm_msgs/msg/detail/message__type_support.h
[1.101s] -- Up-to-date: /home/lhl/fixposition_driver/install/rtcm_msgs/include/rtcm_msgs/rtcm_msgs/msg/detail/message__functions.h
[1.102s] -- Up-to-date: /home/lhl/fixposition_driver/install/rtcm_msgs/include/rtcm_msgs/rtcm_msgs/msg/detail/message__struct.h
[1.103s] -- Up-to-date: /home/lhl/fixposition_driver/install/rtcm_msgs/include/rtcm_msgs/rtcm_msgs/msg/detail/message__functions.c
[1.103s] -- Up-to-date: /home/lhl/fixposition_driver/install/rtcm_msgs/include/rtcm_msgs/rtcm_msgs/msg/rosidl_generator_c__visibility_control.h
[1.103s] -- Up-to-date: /home/lhl/fixposition_driver/install/rtcm_msgs/include/rtcm_msgs/rtcm_msgs/msg/message.h
[1.104s] -- Up-to-date: /home/lhl/fixposition_driver/install/rtcm_msgs/share/rtcm_msgs/environment/library_path.sh
[1.104s] -- Up-to-date: /home/lhl/fixposition_driver/install/rtcm_msgs/share/rtcm_msgs/environment/library_path.dsv
[1.105s] -- Up-to-date: /home/lhl/fixposition_driver/install/rtcm_msgs/lib/librtcm_msgs__rosidl_generator_c.so
[1.106s] -- Up-to-date: /home/lhl/fixposition_driver/install/rtcm_msgs/include/rtcm_msgs/rtcm_msgs
[1.106s] -- Up-to-date: /home/lhl/fixposition_driver/install/rtcm_msgs/include/rtcm_msgs/rtcm_msgs/msg
[1.106s] -- Up-to-date: /home/lhl/fixposition_driver/install/rtcm_msgs/include/rtcm_msgs/rtcm_msgs/msg/detail
[1.107s] -- Up-to-date: /home/lhl/fixposition_driver/install/rtcm_msgs/include/rtcm_msgs/rtcm_msgs/msg/detail/message__rosidl_typesupport_fastrtps_c.h
[1.107s] -- Up-to-date: /home/lhl/fixposition_driver/install/rtcm_msgs/include/rtcm_msgs/rtcm_msgs/msg/rosidl_typesupport_fastrtps_c__visibility_control.h
[1.107s] -- Up-to-date: /home/lhl/fixposition_driver/install/rtcm_msgs/lib/librtcm_msgs__rosidl_typesupport_fastrtps_c.so
[1.107s] -- Up-to-date: /home/lhl/fixposition_driver/install/rtcm_msgs/include/rtcm_msgs/rtcm_msgs
[1.108s] -- Up-to-date: /home/lhl/fixposition_driver/install/rtcm_msgs/include/rtcm_msgs/rtcm_msgs/msg
[1.108s] -- Up-to-date: /home/lhl/fixposition_driver/install/rtcm_msgs/include/rtcm_msgs/rtcm_msgs/msg/message.hpp
[1.108s] -- Up-to-date: /home/lhl/fixposition_driver/install/rtcm_msgs/include/rtcm_msgs/rtcm_msgs/msg/detail
[1.108s] -- Up-to-date: /home/lhl/fixposition_driver/install/rtcm_msgs/include/rtcm_msgs/rtcm_msgs/msg/detail/message__struct.hpp
[1.109s] -- Up-to-date: /home/lhl/fixposition_driver/install/rtcm_msgs/include/rtcm_msgs/rtcm_msgs/msg/detail/message__traits.hpp
[1.109s] -- Up-to-date: /home/lhl/fixposition_driver/install/rtcm_msgs/include/rtcm_msgs/rtcm_msgs/msg/detail/message__builder.hpp
[1.110s] -- Up-to-date: /home/lhl/fixposition_driver/install/rtcm_msgs/include/rtcm_msgs/rtcm_msgs
[1.110s] -- Up-to-date: /home/lhl/fixposition_driver/install/rtcm_msgs/include/rtcm_msgs/rtcm_msgs/msg
[1.110s] -- Up-to-date: /home/lhl/fixposition_driver/install/rtcm_msgs/include/rtcm_msgs/rtcm_msgs/msg/detail
[1.110s] -- Up-to-date: /home/lhl/fixposition_driver/install/rtcm_msgs/include/rtcm_msgs/rtcm_msgs/msg/detail/message__rosidl_typesupport_fastrtps_cpp.hpp
[1.111s] -- Up-to-date: /home/lhl/fixposition_driver/install/rtcm_msgs/include/rtcm_msgs/rtcm_msgs/msg/detail/dds_fastrtps
[1.111s] -- Up-to-date: /home/lhl/fixposition_driver/install/rtcm_msgs/include/rtcm_msgs/rtcm_msgs/msg/rosidl_typesupport_fastrtps_cpp__visibility_control.h
[1.111s] -- Up-to-date: /home/lhl/fixposition_driver/install/rtcm_msgs/lib/librtcm_msgs__rosidl_typesupport_fastrtps_cpp.so
[1.111s] -- Up-to-date: /home/lhl/fixposition_driver/install/rtcm_msgs/include/rtcm_msgs/rtcm_msgs
[1.112s] -- Up-to-date: /home/lhl/fixposition_driver/install/rtcm_msgs/include/rtcm_msgs/rtcm_msgs/msg
[1.112s] -- Up-to-date: /home/lhl/fixposition_driver/install/rtcm_msgs/include/rtcm_msgs/rtcm_msgs/msg/detail
[1.112s] -- Up-to-date: /home/lhl/fixposition_driver/install/rtcm_msgs/include/rtcm_msgs/rtcm_msgs/msg/detail/message__type_support.c
[1.112s] -- Up-to-date: /home/lhl/fixposition_driver/install/rtcm_msgs/include/rtcm_msgs/rtcm_msgs/msg/detail/message__rosidl_typesupport_introspection_c.h
[1.113s] -- Up-to-date: /home/lhl/fixposition_driver/install/rtcm_msgs/include/rtcm_msgs/rtcm_msgs/msg/rosidl_typesupport_introspection_c__visibility_control.h
[1.113s] -- Up-to-date: /home/lhl/fixposition_driver/install/rtcm_msgs/lib/librtcm_msgs__rosidl_typesupport_introspection_c.so
[1.113s] -- Up-to-date: /home/lhl/fixposition_driver/install/rtcm_msgs/lib/librtcm_msgs__rosidl_typesupport_c.so
[1.113s] -- Up-to-date: /home/lhl/fixposition_driver/install/rtcm_msgs/include/rtcm_msgs/rtcm_msgs
[1.114s] -- Up-to-date: /home/lhl/fixposition_driver/install/rtcm_msgs/include/rtcm_msgs/rtcm_msgs/msg
[1.114s] -- Up-to-date: /home/lhl/fixposition_driver/install/rtcm_msgs/include/rtcm_msgs/rtcm_msgs/msg/detail
[1.114s] -- Up-to-date: /home/lhl/fixposition_driver/install/rtcm_msgs/include/rtcm_msgs/rtcm_msgs/msg/detail/message__rosidl_typesupport_introspection_cpp.hpp
[1.114s] -- Up-to-date: /home/lhl/fixposition_driver/install/rtcm_msgs/include/rtcm_msgs/rtcm_msgs/msg/detail/message__type_support.cpp
[1.115s] -- Up-to-date: /home/lhl/fixposition_driver/install/rtcm_msgs/lib/librtcm_msgs__rosidl_typesupport_introspection_cpp.so
[1.115s] -- Up-to-date: /home/lhl/fixposition_driver/install/rtcm_msgs/lib/librtcm_msgs__rosidl_typesupport_cpp.so
[1.115s] -- Up-to-date: /home/lhl/fixposition_driver/install/rtcm_msgs/share/rtcm_msgs/environment/pythonpath.sh
[1.115s] -- Up-to-date: /home/lhl/fixposition_driver/install/rtcm_msgs/share/rtcm_msgs/environment/pythonpath.dsv
[1.116s] -- Up-to-date: /home/lhl/fixposition_driver/install/rtcm_msgs/local/lib/python3.10/dist-packages/rtcm_msgs-1.1.6-py3.10.egg-info
[1.116s] -- Installing: /home/lhl/fixposition_driver/install/rtcm_msgs/local/lib/python3.10/dist-packages/rtcm_msgs-1.1.6-py3.10.egg-info/dependency_links.txt
[1.116s] -- Installing: /home/lhl/fixposition_driver/install/rtcm_msgs/local/lib/python3.10/dist-packages/rtcm_msgs-1.1.6-py3.10.egg-info/PKG-INFO
[1.116s] -- Installing: /home/lhl/fixposition_driver/install/rtcm_msgs/local/lib/python3.10/dist-packages/rtcm_msgs-1.1.6-py3.10.egg-info/top_level.txt
[1.117s] -- Installing: /home/lhl/fixposition_driver/install/rtcm_msgs/local/lib/python3.10/dist-packages/rtcm_msgs-1.1.6-py3.10.egg-info/SOURCES.txt
[1.117s] -- Up-to-date: /home/lhl/fixposition_driver/install/rtcm_msgs/local/lib/python3.10/dist-packages/rtcm_msgs
[1.117s] -- Up-to-date: /home/lhl/fixposition_driver/install/rtcm_msgs/local/lib/python3.10/dist-packages/rtcm_msgs/_rtcm_msgs_s.ep.rosidl_typesupport_fastrtps_c.c
[1.117s] -- Up-to-date: /home/lhl/fixposition_driver/install/rtcm_msgs/local/lib/python3.10/dist-packages/rtcm_msgs/_rtcm_msgs_s.ep.rosidl_typesupport_c.c
[1.117s] -- Up-to-date: /home/lhl/fixposition_driver/install/rtcm_msgs/local/lib/python3.10/dist-packages/rtcm_msgs/rtcm_msgs_s__rosidl_typesupport_fastrtps_c.cpython-310-aarch64-linux-gnu.so
[1.118s] -- Up-to-date: /home/lhl/fixposition_driver/install/rtcm_msgs/local/lib/python3.10/dist-packages/rtcm_msgs/librtcm_msgs__rosidl_generator_py.so
[1.118s] -- Up-to-date: /home/lhl/fixposition_driver/install/rtcm_msgs/local/lib/python3.10/dist-packages/rtcm_msgs/rtcm_msgs_s__rosidl_typesupport_introspection_c.cpython-310-aarch64-linux-gnu.so
[1.118s] -- Up-to-date: /home/lhl/fixposition_driver/install/rtcm_msgs/local/lib/python3.10/dist-packages/rtcm_msgs/msg
[1.118s] -- Up-to-date: /home/lhl/fixposition_driver/install/rtcm_msgs/local/lib/python3.10/dist-packages/rtcm_msgs/msg/_message.py
[1.119s] -- Up-to-date: /home/lhl/fixposition_driver/install/rtcm_msgs/local/lib/python3.10/dist-packages/rtcm_msgs/msg/_message_s.c
[1.119s] -- Up-to-date: /home/lhl/fixposition_driver/install/rtcm_msgs/local/lib/python3.10/dist-packages/rtcm_msgs/msg/__init__.py
[1.119s] -- Up-to-date: /home/lhl/fixposition_driver/install/rtcm_msgs/local/lib/python3.10/dist-packages/rtcm_msgs/__init__.py
[1.119s] -- Up-to-date: /home/lhl/fixposition_driver/install/rtcm_msgs/local/lib/python3.10/dist-packages/rtcm_msgs/rtcm_msgs_s__rosidl_typesupport_c.cpython-310-aarch64-linux-gnu.so
[1.119s] -- Up-to-date: /home/lhl/fixposition_driver/install/rtcm_msgs/local/lib/python3.10/dist-packages/rtcm_msgs/_rtcm_msgs_s.ep.rosidl_typesupport_introspection_c.c
[1.173s] Listing '/home/lhl/fixposition_driver/install/rtcm_msgs/local/lib/python3.10/dist-packages/rtcm_msgs'...
[1.173s] Listing '/home/lhl/fixposition_driver/install/rtcm_msgs/local/lib/python3.10/dist-packages/rtcm_msgs/msg'...
[1.185s] -- Up-to-date: /home/lhl/fixposition_driver/install/rtcm_msgs/local/lib/python3.10/dist-packages/rtcm_msgs/rtcm_msgs_s__rosidl_typesupport_fastrtps_c.cpython-310-aarch64-linux-gnu.so
[1.185s] -- Up-to-date: /home/lhl/fixposition_driver/install/rtcm_msgs/local/lib/python3.10/dist-packages/rtcm_msgs/rtcm_msgs_s__rosidl_typesupport_introspection_c.cpython-310-aarch64-linux-gnu.so
[1.185s] -- Up-to-date: /home/lhl/fixposition_driver/install/rtcm_msgs/local/lib/python3.10/dist-packages/rtcm_msgs/rtcm_msgs_s__rosidl_typesupport_c.cpython-310-aarch64-linux-gnu.so
[1.186s] -- Up-to-date: /home/lhl/fixposition_driver/install/rtcm_msgs/lib/librtcm_msgs__rosidl_generator_py.so
[1.186s] -- Up-to-date: /home/lhl/fixposition_driver/install/rtcm_msgs/share/rtcm_msgs/msg/Message.idl
[1.186s] -- Up-to-date: /home/lhl/fixposition_driver/install/rtcm_msgs/share/rtcm_msgs/msg/Message.msg
[1.187s] -- Up-to-date: /home/lhl/fixposition_driver/install/rtcm_msgs/share/ament_index/resource_index/package_run_dependencies/rtcm_msgs
[1.187s] -- Up-to-date: /home/lhl/fixposition_driver/install/rtcm_msgs/share/ament_index/resource_index/parent_prefix_path/rtcm_msgs
[1.187s] -- Up-to-date: /home/lhl/fixposition_driver/install/rtcm_msgs/share/rtcm_msgs/environment/ament_prefix_path.sh
[1.187s] -- Up-to-date: /home/lhl/fixposition_driver/install/rtcm_msgs/share/rtcm_msgs/environment/ament_prefix_path.dsv
[1.188s] -- Up-to-date: /home/lhl/fixposition_driver/install/rtcm_msgs/share/rtcm_msgs/environment/path.sh
[1.188s] -- Up-to-date: /home/lhl/fixposition_driver/install/rtcm_msgs/share/rtcm_msgs/environment/path.dsv
[1.188s] -- Up-to-date: /home/lhl/fixposition_driver/install/rtcm_msgs/share/rtcm_msgs/local_setup.bash
[1.188s] -- Up-to-date: /home/lhl/fixposition_driver/install/rtcm_msgs/share/rtcm_msgs/local_setup.sh
[1.188s] -- Up-to-date: /home/lhl/fixposition_driver/install/rtcm_msgs/share/rtcm_msgs/local_setup.zsh
[1.189s] -- Up-to-date: /home/lhl/fixposition_driver/install/rtcm_msgs/share/rtcm_msgs/local_setup.dsv
[1.189s] -- Installing: /home/lhl/fixposition_driver/install/rtcm_msgs/share/rtcm_msgs/package.dsv
[1.189s] -- Up-to-date: /home/lhl/fixposition_driver/install/rtcm_msgs/share/ament_index/resource_index/packages/rtcm_msgs
[1.189s] -- Up-to-date: /home/lhl/fixposition_driver/install/rtcm_msgs/share/rtcm_msgs/cmake/export_rtcm_msgs__rosidl_generator_cExport.cmake
[1.189s] -- Up-to-date: /home/lhl/fixposition_driver/install/rtcm_msgs/share/rtcm_msgs/cmake/export_rtcm_msgs__rosidl_generator_cExport-noconfig.cmake
[1.189s] -- Up-to-date: /home/lhl/fixposition_driver/install/rtcm_msgs/share/rtcm_msgs/cmake/export_rtcm_msgs__rosidl_typesupport_fastrtps_cExport.cmake
[1.189s] -- Up-to-date: /home/lhl/fixposition_driver/install/rtcm_msgs/share/rtcm_msgs/cmake/export_rtcm_msgs__rosidl_typesupport_fastrtps_cExport-noconfig.cmake
[1.190s] -- Up-to-date: /home/lhl/fixposition_driver/install/rtcm_msgs/share/rtcm_msgs/cmake/export_rtcm_msgs__rosidl_generator_cppExport.cmake
[1.190s] -- Up-to-date: /home/lhl/fixposition_driver/install/rtcm_msgs/share/rtcm_msgs/cmake/export_rtcm_msgs__rosidl_typesupport_fastrtps_cppExport.cmake
[1.190s] -- Up-to-date: /home/lhl/fixposition_driver/install/rtcm_msgs/share/rtcm_msgs/cmake/export_rtcm_msgs__rosidl_typesupport_fastrtps_cppExport-noconfig.cmake
[1.190s] -- Up-to-date: /home/lhl/fixposition_driver/install/rtcm_msgs/share/rtcm_msgs/cmake/rtcm_msgs__rosidl_typesupport_introspection_cExport.cmake
[1.190s] -- Up-to-date: /home/lhl/fixposition_driver/install/rtcm_msgs/share/rtcm_msgs/cmake/rtcm_msgs__rosidl_typesupport_introspection_cExport-noconfig.cmake
[1.190s] -- Up-to-date: /home/lhl/fixposition_driver/install/rtcm_msgs/share/rtcm_msgs/cmake/rtcm_msgs__rosidl_typesupport_cExport.cmake
[1.191s] -- Up-to-date: /home/lhl/fixposition_driver/install/rtcm_msgs/share/rtcm_msgs/cmake/rtcm_msgs__rosidl_typesupport_cExport-noconfig.cmake
[1.191s] -- Up-to-date: /home/lhl/fixposition_driver/install/rtcm_msgs/share/rtcm_msgs/cmake/rtcm_msgs__rosidl_typesupport_introspection_cppExport.cmake
[1.191s] -- Up-to-date: /home/lhl/fixposition_driver/install/rtcm_msgs/share/rtcm_msgs/cmake/rtcm_msgs__rosidl_typesupport_introspection_cppExport-noconfig.cmake
[1.191s] -- Up-to-date: /home/lhl/fixposition_driver/install/rtcm_msgs/share/rtcm_msgs/cmake/rtcm_msgs__rosidl_typesupport_cppExport.cmake
[1.191s] -- Up-to-date: /home/lhl/fixposition_driver/install/rtcm_msgs/share/rtcm_msgs/cmake/rtcm_msgs__rosidl_typesupport_cppExport-noconfig.cmake
[1.191s] -- Up-to-date: /home/lhl/fixposition_driver/install/rtcm_msgs/share/rtcm_msgs/cmake/export_rtcm_msgs__rosidl_generator_pyExport.cmake
[1.192s] -- Up-to-date: /home/lhl/fixposition_driver/install/rtcm_msgs/share/rtcm_msgs/cmake/export_rtcm_msgs__rosidl_generator_pyExport-noconfig.cmake
[1.192s] -- Up-to-date: /home/lhl/fixposition_driver/install/rtcm_msgs/share/rtcm_msgs/cmake/rosidl_cmake-extras.cmake
[1.192s] -- Up-to-date: /home/lhl/fixposition_driver/install/rtcm_msgs/share/rtcm_msgs/cmake/ament_cmake_export_dependencies-extras.cmake
[1.192s] -- Up-to-date: /home/lhl/fixposition_driver/install/rtcm_msgs/share/rtcm_msgs/cmake/ament_cmake_export_include_directories-extras.cmake
[1.192s] -- Up-to-date: /home/lhl/fixposition_driver/install/rtcm_msgs/share/rtcm_msgs/cmake/ament_cmake_export_libraries-extras.cmake
[1.192s] -- Up-to-date: /home/lhl/fixposition_driver/install/rtcm_msgs/share/rtcm_msgs/cmake/ament_cmake_export_targets-extras.cmake
[1.192s] -- Up-to-date: /home/lhl/fixposition_driver/install/rtcm_msgs/share/rtcm_msgs/cmake/rosidl_cmake_export_typesupport_targets-extras.cmake
[1.192s] -- Up-to-date: /home/lhl/fixposition_driver/install/rtcm_msgs/share/rtcm_msgs/cmake/rosidl_cmake_export_typesupport_libraries-extras.cmake
[1.192s] -- Up-to-date: /home/lhl/fixposition_driver/install/rtcm_msgs/share/rtcm_msgs/cmake/rtcm_msgsConfig.cmake
[1.193s] -- Up-to-date: /home/lhl/fixposition_driver/install/rtcm_msgs/share/rtcm_msgs/cmake/rtcm_msgsConfig-version.cmake
[1.193s] -- Up-to-date: /home/lhl/fixposition_driver/install/rtcm_msgs/share/rtcm_msgs/package.xml
[1.197s] Invoked command in '/home/lhl/fixposition_driver/build/rtcm_msgs' returned '0': CMAKE_PREFIX_PATH=${CMAKE_PREFIX_PATH}:/home/lhl/fixposition_driver/install/fixposition_extractor:/opt/ros/humble /usr/bin/cmake --install /home/lhl/fixposition_driver/build/rtcm_msgs
