[0.207s] DEBUG:colcon:Command line arguments: ['/usr/bin/colcon', 'build']
[0.207s] DEBUG:colcon:Parsed command line arguments: Namespace(log_base=None, log_level=None, verb_name='build', build_base='build', install_base='install', merge_install=False, symlink_install=False, test_result_base=None, continue_on_error=False, executor='parallel', parallel_workers=8, event_handlers=None, ignore_user_meta=False, metas=['./colcon.meta'], base_paths=['.'], packages_ignore=None, packages_ignore_regex=None, paths=None, packages_up_to=None, packages_up_to_regex=None, packages_above=None, packages_above_and_dependencies=None, packages_above_depth=None, packages_select_by_dep=None, packages_skip_by_dep=None, packages_skip_up_to=None, packages_select_build_failed=False, packages_skip_build_finished=False, packages_select_test_failures=False, packages_skip_test_passed=False, packages_select=None, packages_skip=None, packages_select_regex=None, packages_skip_regex=None, packages_start=None, packages_end=None, allow_overriding=[], cmake_args=None, cmake_target=None, cmake_target_skip_unavailable=False, cmake_clean_cache=False, cmake_clean_first=False, cmake_force_configure=False, ament_cmake_args=None, catkin_cmake_args=None, catkin_skip_building_tests=False, verb_parser=<colcon_defaults.argument_parser.defaults.DefaultArgumentsDecorator object at 0xffff92746830>, verb_extension=<colcon_core.verb.build.BuildVerb object at 0xffff927462f0>, main=<bound method BuildVerb.main of <colcon_core.verb.build.BuildVerb object at 0xffff927462f0>>)
[0.564s] Level 1:colcon.colcon_core.package_discovery:discover_packages(colcon_meta) check parameters
[0.565s] Level 1:colcon.colcon_core.package_discovery:discover_packages(recursive) check parameters
[0.565s] Level 1:colcon.colcon_core.package_discovery:discover_packages(ignore) check parameters
[0.565s] Level 1:colcon.colcon_core.package_discovery:discover_packages(path) check parameters
[0.565s] Level 1:colcon.colcon_core.package_discovery:discover_packages(colcon_meta) discover
[0.565s] Level 1:colcon.colcon_core.package_discovery:discover_packages(recursive) discover
[0.565s] INFO:colcon.colcon_core.package_discovery:Crawling recursively for packages in '/home/lhl/fixposition_driver'
[0.565s] Level 1:colcon.colcon_core.package_identification:_identify(.) by extensions ['ignore', 'ignore_ament_install']
[0.566s] Level 1:colcon.colcon_core.package_identification:_identify(.) by extension 'ignore'
[0.566s] Level 1:colcon.colcon_core.package_identification:_identify(.) by extension 'ignore_ament_install'
[0.566s] Level 1:colcon.colcon_core.package_identification:_identify(.) by extensions ['colcon_pkg']
[0.566s] Level 1:colcon.colcon_core.package_identification:_identify(.) by extension 'colcon_pkg'
[0.566s] Level 1:colcon.colcon_core.package_identification:_identify(.) by extensions ['colcon_meta']
[0.566s] Level 1:colcon.colcon_core.package_identification:_identify(.) by extension 'colcon_meta'
[0.566s] Level 1:colcon.colcon_core.package_identification:_identify(.) by extensions ['ros']
[0.566s] Level 1:colcon.colcon_core.package_identification:_identify(.) by extension 'ros'
[0.587s] Level 1:colcon.colcon_core.package_identification:_identify(.) by extensions ['cmake', 'python']
[0.587s] Level 1:colcon.colcon_core.package_identification:_identify(.) by extension 'cmake'
[0.587s] Level 1:colcon.colcon_core.package_identification:_identify(.) by extension 'python'
[0.587s] Level 1:colcon.colcon_core.package_identification:_identify(.) by extensions ['python_setup_py']
[0.588s] Level 1:colcon.colcon_core.package_identification:_identify(.) by extension 'python_setup_py'
[0.588s] Level 1:colcon.colcon_core.package_identification:_identify(build) by extensions ['ignore', 'ignore_ament_install']
[0.588s] Level 1:colcon.colcon_core.package_identification:_identify(build) by extension 'ignore'
[0.588s] Level 1:colcon.colcon_core.package_identification:_identify(build) ignored
[0.588s] Level 1:colcon.colcon_core.package_identification:_identify(fixposition_driver_lib) by extensions ['ignore', 'ignore_ament_install']
[0.589s] Level 1:colcon.colcon_core.package_identification:_identify(fixposition_driver_lib) by extension 'ignore'
[0.589s] Level 1:colcon.colcon_core.package_identification:_identify(fixposition_driver_lib) by extension 'ignore_ament_install'
[0.589s] Level 1:colcon.colcon_core.package_identification:_identify(fixposition_driver_lib) by extensions ['colcon_pkg']
[0.589s] Level 1:colcon.colcon_core.package_identification:_identify(fixposition_driver_lib) by extension 'colcon_pkg'
[0.589s] Level 1:colcon.colcon_core.package_identification:_identify(fixposition_driver_lib) by extensions ['colcon_meta']
[0.589s] Level 1:colcon.colcon_core.package_identification:_identify(fixposition_driver_lib) by extension 'colcon_meta'
[0.589s] Level 1:colcon.colcon_core.package_identification:_identify(fixposition_driver_lib) by extensions ['ros']
[0.589s] Level 1:colcon.colcon_core.package_identification:_identify(fixposition_driver_lib) by extension 'ros'
[0.632s] DEBUG:colcon.colcon_core.package_identification:Package 'fixposition_driver_lib' with type 'ros.cmake' and name 'fixposition_driver_lib'
[0.633s] Level 1:colcon.colcon_core.package_identification:_identify(fixposition_driver_ros2) by extensions ['ignore', 'ignore_ament_install']
[0.633s] Level 1:colcon.colcon_core.package_identification:_identify(fixposition_driver_ros2) by extension 'ignore'
[0.633s] Level 1:colcon.colcon_core.package_identification:_identify(fixposition_driver_ros2) by extension 'ignore_ament_install'
[0.633s] Level 1:colcon.colcon_core.package_identification:_identify(fixposition_driver_ros2) by extensions ['colcon_pkg']
[0.633s] Level 1:colcon.colcon_core.package_identification:_identify(fixposition_driver_ros2) by extension 'colcon_pkg'
[0.634s] Level 1:colcon.colcon_core.package_identification:_identify(fixposition_driver_ros2) by extensions ['colcon_meta']
[0.634s] Level 1:colcon.colcon_core.package_identification:_identify(fixposition_driver_ros2) by extension 'colcon_meta'
[0.634s] Level 1:colcon.colcon_core.package_identification:_identify(fixposition_driver_ros2) by extensions ['ros']
[0.634s] Level 1:colcon.colcon_core.package_identification:_identify(fixposition_driver_ros2) by extension 'ros'
[0.637s] DEBUG:colcon.colcon_core.package_identification:Package 'fixposition_driver_ros2' with type 'ros.ament_cmake' and name 'fixposition_driver_ros2'
[0.637s] Level 1:colcon.colcon_core.package_identification:_identify(fixposition_extractor) by extensions ['ignore', 'ignore_ament_install']
[0.637s] Level 1:colcon.colcon_core.package_identification:_identify(fixposition_extractor) by extension 'ignore'
[0.637s] Level 1:colcon.colcon_core.package_identification:_identify(fixposition_extractor) by extension 'ignore_ament_install'
[0.637s] Level 1:colcon.colcon_core.package_identification:_identify(fixposition_extractor) by extensions ['colcon_pkg']
[0.638s] Level 1:colcon.colcon_core.package_identification:_identify(fixposition_extractor) by extension 'colcon_pkg'
[0.638s] Level 1:colcon.colcon_core.package_identification:_identify(fixposition_extractor) by extensions ['colcon_meta']
[0.638s] Level 1:colcon.colcon_core.package_identification:_identify(fixposition_extractor) by extension 'colcon_meta'
[0.638s] Level 1:colcon.colcon_core.package_identification:_identify(fixposition_extractor) by extensions ['ros']
[0.638s] Level 1:colcon.colcon_core.package_identification:_identify(fixposition_extractor) by extension 'ros'
[0.639s] DEBUG:colcon.colcon_core.package_identification:Package 'fixposition_extractor' with type 'ros.ament_python' and name 'fixposition_extractor'
[0.639s] Level 1:colcon.colcon_core.package_identification:_identify(fixposition_odometry_converter_ros2) by extensions ['ignore', 'ignore_ament_install']
[0.640s] Level 1:colcon.colcon_core.package_identification:_identify(fixposition_odometry_converter_ros2) by extension 'ignore'
[0.640s] Level 1:colcon.colcon_core.package_identification:_identify(fixposition_odometry_converter_ros2) by extension 'ignore_ament_install'
[0.640s] Level 1:colcon.colcon_core.package_identification:_identify(fixposition_odometry_converter_ros2) by extensions ['colcon_pkg']
[0.640s] Level 1:colcon.colcon_core.package_identification:_identify(fixposition_odometry_converter_ros2) by extension 'colcon_pkg'
[0.640s] Level 1:colcon.colcon_core.package_identification:_identify(fixposition_odometry_converter_ros2) by extensions ['colcon_meta']
[0.640s] Level 1:colcon.colcon_core.package_identification:_identify(fixposition_odometry_converter_ros2) by extension 'colcon_meta'
[0.640s] Level 1:colcon.colcon_core.package_identification:_identify(fixposition_odometry_converter_ros2) by extensions ['ros']
[0.640s] Level 1:colcon.colcon_core.package_identification:_identify(fixposition_odometry_converter_ros2) by extension 'ros'
[0.642s] DEBUG:colcon.colcon_core.package_identification:Package 'fixposition_odometry_converter_ros2' with type 'ros.ament_cmake' and name 'fixposition_odometry_converter_ros2'
[0.642s] Level 1:colcon.colcon_core.package_identification:_identify(install) by extensions ['ignore', 'ignore_ament_install']
[0.642s] Level 1:colcon.colcon_core.package_identification:_identify(install) by extension 'ignore'
[0.642s] Level 1:colcon.colcon_core.package_identification:_identify(install) ignored
[0.642s] Level 1:colcon.colcon_core.package_identification:_identify(log) by extensions ['ignore', 'ignore_ament_install']
[0.643s] Level 1:colcon.colcon_core.package_identification:_identify(log) by extension 'ignore'
[0.643s] Level 1:colcon.colcon_core.package_identification:_identify(log) ignored
[0.643s] Level 1:colcon.colcon_core.package_identification:_identify(rtcm_msgs) by extensions ['ignore', 'ignore_ament_install']
[0.643s] Level 1:colcon.colcon_core.package_identification:_identify(rtcm_msgs) by extension 'ignore'
[0.643s] Level 1:colcon.colcon_core.package_identification:_identify(rtcm_msgs) by extension 'ignore_ament_install'
[0.643s] Level 1:colcon.colcon_core.package_identification:_identify(rtcm_msgs) by extensions ['colcon_pkg']
[0.643s] Level 1:colcon.colcon_core.package_identification:_identify(rtcm_msgs) by extension 'colcon_pkg'
[0.643s] Level 1:colcon.colcon_core.package_identification:_identify(rtcm_msgs) by extensions ['colcon_meta']
[0.643s] Level 1:colcon.colcon_core.package_identification:_identify(rtcm_msgs) by extension 'colcon_meta'
[0.643s] Level 1:colcon.colcon_core.package_identification:_identify(rtcm_msgs) by extensions ['ros']
[0.644s] Level 1:colcon.colcon_core.package_identification:_identify(rtcm_msgs) by extension 'ros'
[0.650s] DEBUG:colcon.colcon_core.package_identification:Package 'rtcm_msgs' with type 'ros.ament_cmake' and name 'rtcm_msgs'
[0.650s] Level 1:colcon.colcon_core.package_discovery:discover_packages(recursive) using defaults
[0.650s] Level 1:colcon.colcon_core.package_discovery:discover_packages(ignore) discover
[0.650s] Level 1:colcon.colcon_core.package_discovery:discover_packages(ignore) using defaults
[0.650s] Level 1:colcon.colcon_core.package_discovery:discover_packages(path) discover
[0.650s] Level 1:colcon.colcon_core.package_discovery:discover_packages(path) using defaults
[0.690s] Level 1:colcon.colcon_core.package_discovery:discover_packages(prefix_path) check parameters
[0.690s] Level 1:colcon.colcon_core.package_discovery:discover_packages(prefix_path) discover
[0.695s] DEBUG:colcon.colcon_installed_package_information.package_discovery:Found 5 installed packages in /home/lhl/fixposition_driver/install
[0.698s] DEBUG:colcon.colcon_installed_package_information.package_discovery:Found 354 installed packages in /opt/ros/humble
[0.701s] Level 1:colcon.colcon_core.package_discovery:discover_packages(prefix_path) using defaults
[0.782s] Level 5:colcon.colcon_core.verb:set package 'fixposition_driver_lib' build argument 'cmake_args' from command line to 'None'
[0.782s] Level 5:colcon.colcon_core.verb:set package 'fixposition_driver_lib' build argument 'cmake_target' from command line to 'None'
[0.782s] Level 5:colcon.colcon_core.verb:set package 'fixposition_driver_lib' build argument 'cmake_target_skip_unavailable' from command line to 'False'
[0.782s] Level 5:colcon.colcon_core.verb:set package 'fixposition_driver_lib' build argument 'cmake_clean_cache' from command line to 'False'
[0.782s] Level 5:colcon.colcon_core.verb:set package 'fixposition_driver_lib' build argument 'cmake_clean_first' from command line to 'False'
[0.782s] Level 5:colcon.colcon_core.verb:set package 'fixposition_driver_lib' build argument 'cmake_force_configure' from command line to 'False'
[0.782s] Level 5:colcon.colcon_core.verb:set package 'fixposition_driver_lib' build argument 'ament_cmake_args' from command line to 'None'
[0.782s] Level 5:colcon.colcon_core.verb:set package 'fixposition_driver_lib' build argument 'catkin_cmake_args' from command line to 'None'
[0.782s] Level 5:colcon.colcon_core.verb:set package 'fixposition_driver_lib' build argument 'catkin_skip_building_tests' from command line to 'False'
[0.782s] DEBUG:colcon.colcon_core.verb:Building package 'fixposition_driver_lib' with the following arguments: {'ament_cmake_args': None, 'build_base': '/home/lhl/fixposition_driver/build/fixposition_driver_lib', 'catkin_cmake_args': None, 'catkin_skip_building_tests': False, 'cmake_args': None, 'cmake_clean_cache': False, 'cmake_clean_first': False, 'cmake_force_configure': False, 'cmake_target': None, 'cmake_target_skip_unavailable': False, 'install_base': '/home/lhl/fixposition_driver/install/fixposition_driver_lib', 'merge_install': False, 'path': '/home/lhl/fixposition_driver/fixposition_driver_lib', 'symlink_install': False, 'test_result_base': None}
[0.783s] Level 5:colcon.colcon_core.verb:set package 'rtcm_msgs' build argument 'cmake_args' from command line to 'None'
[0.783s] Level 5:colcon.colcon_core.verb:set package 'rtcm_msgs' build argument 'cmake_target' from command line to 'None'
[0.783s] Level 5:colcon.colcon_core.verb:set package 'rtcm_msgs' build argument 'cmake_target_skip_unavailable' from command line to 'False'
[0.783s] Level 5:colcon.colcon_core.verb:set package 'rtcm_msgs' build argument 'cmake_clean_cache' from command line to 'False'
[0.783s] Level 5:colcon.colcon_core.verb:set package 'rtcm_msgs' build argument 'cmake_clean_first' from command line to 'False'
[0.783s] Level 5:colcon.colcon_core.verb:set package 'rtcm_msgs' build argument 'cmake_force_configure' from command line to 'False'
[0.783s] Level 5:colcon.colcon_core.verb:set package 'rtcm_msgs' build argument 'ament_cmake_args' from command line to 'None'
[0.783s] Level 5:colcon.colcon_core.verb:set package 'rtcm_msgs' build argument 'catkin_cmake_args' from command line to 'None'
[0.783s] Level 5:colcon.colcon_core.verb:set package 'rtcm_msgs' build argument 'catkin_skip_building_tests' from command line to 'False'
[0.783s] DEBUG:colcon.colcon_core.verb:Building package 'rtcm_msgs' with the following arguments: {'ament_cmake_args': None, 'build_base': '/home/lhl/fixposition_driver/build/rtcm_msgs', 'catkin_cmake_args': None, 'catkin_skip_building_tests': False, 'cmake_args': None, 'cmake_clean_cache': False, 'cmake_clean_first': False, 'cmake_force_configure': False, 'cmake_target': None, 'cmake_target_skip_unavailable': False, 'install_base': '/home/lhl/fixposition_driver/install/rtcm_msgs', 'merge_install': False, 'path': '/home/lhl/fixposition_driver/rtcm_msgs', 'symlink_install': False, 'test_result_base': None}
[0.784s] Level 5:colcon.colcon_core.verb:set package 'fixposition_driver_ros2' build argument 'cmake_args' from command line to 'None'
[0.784s] Level 5:colcon.colcon_core.verb:set package 'fixposition_driver_ros2' build argument 'cmake_target' from command line to 'None'
[0.784s] Level 5:colcon.colcon_core.verb:set package 'fixposition_driver_ros2' build argument 'cmake_target_skip_unavailable' from command line to 'False'
[0.784s] Level 5:colcon.colcon_core.verb:set package 'fixposition_driver_ros2' build argument 'cmake_clean_cache' from command line to 'False'
[0.784s] Level 5:colcon.colcon_core.verb:set package 'fixposition_driver_ros2' build argument 'cmake_clean_first' from command line to 'False'
[0.784s] Level 5:colcon.colcon_core.verb:set package 'fixposition_driver_ros2' build argument 'cmake_force_configure' from command line to 'False'
[0.784s] Level 5:colcon.colcon_core.verb:set package 'fixposition_driver_ros2' build argument 'ament_cmake_args' from command line to 'None'
[0.784s] Level 5:colcon.colcon_core.verb:set package 'fixposition_driver_ros2' build argument 'catkin_cmake_args' from command line to 'None'
[0.784s] Level 5:colcon.colcon_core.verb:set package 'fixposition_driver_ros2' build argument 'catkin_skip_building_tests' from command line to 'False'
[0.785s] DEBUG:colcon.colcon_core.verb:Building package 'fixposition_driver_ros2' with the following arguments: {'ament_cmake_args': None, 'build_base': '/home/lhl/fixposition_driver/build/fixposition_driver_ros2', 'catkin_cmake_args': None, 'catkin_skip_building_tests': False, 'cmake_args': None, 'cmake_clean_cache': False, 'cmake_clean_first': False, 'cmake_force_configure': False, 'cmake_target': None, 'cmake_target_skip_unavailable': False, 'install_base': '/home/lhl/fixposition_driver/install/fixposition_driver_ros2', 'merge_install': False, 'path': '/home/lhl/fixposition_driver/fixposition_driver_ros2', 'symlink_install': False, 'test_result_base': None}
[0.785s] Level 5:colcon.colcon_core.verb:set package 'fixposition_extractor' build argument 'cmake_args' from command line to 'None'
[0.785s] Level 5:colcon.colcon_core.verb:set package 'fixposition_extractor' build argument 'cmake_target' from command line to 'None'
[0.785s] Level 5:colcon.colcon_core.verb:set package 'fixposition_extractor' build argument 'cmake_target_skip_unavailable' from command line to 'False'
[0.785s] Level 5:colcon.colcon_core.verb:set package 'fixposition_extractor' build argument 'cmake_clean_cache' from command line to 'False'
[0.785s] Level 5:colcon.colcon_core.verb:set package 'fixposition_extractor' build argument 'cmake_clean_first' from command line to 'False'
[0.785s] Level 5:colcon.colcon_core.verb:set package 'fixposition_extractor' build argument 'cmake_force_configure' from command line to 'False'
[0.785s] Level 5:colcon.colcon_core.verb:set package 'fixposition_extractor' build argument 'ament_cmake_args' from command line to 'None'
[0.785s] Level 5:colcon.colcon_core.verb:set package 'fixposition_extractor' build argument 'catkin_cmake_args' from command line to 'None'
[0.785s] Level 5:colcon.colcon_core.verb:set package 'fixposition_extractor' build argument 'catkin_skip_building_tests' from command line to 'False'
[0.786s] DEBUG:colcon.colcon_core.verb:Building package 'fixposition_extractor' with the following arguments: {'ament_cmake_args': None, 'build_base': '/home/lhl/fixposition_driver/build/fixposition_extractor', 'catkin_cmake_args': None, 'catkin_skip_building_tests': False, 'cmake_args': None, 'cmake_clean_cache': False, 'cmake_clean_first': False, 'cmake_force_configure': False, 'cmake_target': None, 'cmake_target_skip_unavailable': False, 'install_base': '/home/lhl/fixposition_driver/install/fixposition_extractor', 'merge_install': False, 'path': '/home/lhl/fixposition_driver/fixposition_extractor', 'symlink_install': False, 'test_result_base': None}
[0.786s] Level 5:colcon.colcon_core.verb:set package 'fixposition_odometry_converter_ros2' build argument 'cmake_args' from command line to 'None'
[0.786s] Level 5:colcon.colcon_core.verb:set package 'fixposition_odometry_converter_ros2' build argument 'cmake_target' from command line to 'None'
[0.786s] Level 5:colcon.colcon_core.verb:set package 'fixposition_odometry_converter_ros2' build argument 'cmake_target_skip_unavailable' from command line to 'False'
[0.786s] Level 5:colcon.colcon_core.verb:set package 'fixposition_odometry_converter_ros2' build argument 'cmake_clean_cache' from command line to 'False'
[0.786s] Level 5:colcon.colcon_core.verb:set package 'fixposition_odometry_converter_ros2' build argument 'cmake_clean_first' from command line to 'False'
[0.786s] Level 5:colcon.colcon_core.verb:set package 'fixposition_odometry_converter_ros2' build argument 'cmake_force_configure' from command line to 'False'
[0.786s] Level 5:colcon.colcon_core.verb:set package 'fixposition_odometry_converter_ros2' build argument 'ament_cmake_args' from command line to 'None'
[0.787s] Level 5:colcon.colcon_core.verb:set package 'fixposition_odometry_converter_ros2' build argument 'catkin_cmake_args' from command line to 'None'
[0.787s] Level 5:colcon.colcon_core.verb:set package 'fixposition_odometry_converter_ros2' build argument 'catkin_skip_building_tests' from command line to 'False'
[0.787s] DEBUG:colcon.colcon_core.verb:Building package 'fixposition_odometry_converter_ros2' with the following arguments: {'ament_cmake_args': None, 'build_base': '/home/lhl/fixposition_driver/build/fixposition_odometry_converter_ros2', 'catkin_cmake_args': None, 'catkin_skip_building_tests': False, 'cmake_args': None, 'cmake_clean_cache': False, 'cmake_clean_first': False, 'cmake_force_configure': False, 'cmake_target': None, 'cmake_target_skip_unavailable': False, 'install_base': '/home/lhl/fixposition_driver/install/fixposition_odometry_converter_ros2', 'merge_install': False, 'path': '/home/lhl/fixposition_driver/fixposition_odometry_converter_ros2', 'symlink_install': False, 'test_result_base': None}
[0.787s] INFO:colcon.colcon_core.executor:Executing jobs using 'parallel' executor
[0.790s] DEBUG:colcon.colcon_parallel_executor.executor.parallel:run_until_complete
[0.790s] INFO:colcon.colcon_ros.task.cmake.build:Building ROS package in '/home/lhl/fixposition_driver/fixposition_driver_lib' with build type 'cmake'
[0.791s] INFO:colcon.colcon_cmake.task.cmake.build:Building CMake package in '/home/lhl/fixposition_driver/fixposition_driver_lib'
[0.795s] INFO:colcon.colcon_core.plugin_system:Skipping extension 'colcon_core.shell.bat': Not used on non-Windows systems
[0.796s] INFO:colcon.colcon_core.shell:Skip shell extension 'powershell' for command environment: Not usable outside of PowerShell
[0.796s] DEBUG:colcon.colcon_core.shell:Skip shell extension 'dsv' for command environment
[0.805s] INFO:colcon.colcon_ros.task.ament_cmake.build:Building ROS package in '/home/lhl/fixposition_driver/rtcm_msgs' with build type 'ament_cmake'
[0.806s] INFO:colcon.colcon_cmake.task.cmake.build:Building CMake package in '/home/lhl/fixposition_driver/rtcm_msgs'
[0.806s] INFO:colcon.colcon_core.shell:Skip shell extension 'powershell' for command environment: Not usable outside of PowerShell
[0.806s] DEBUG:colcon.colcon_core.shell:Skip shell extension 'dsv' for command environment
[0.826s] DEBUG:colcon.colcon_core.event_handler.log_command:Invoking command in '/home/lhl/fixposition_driver/build/fixposition_driver_lib': CMAKE_PREFIX_PATH=${CMAKE_PREFIX_PATH}:/home/lhl/fixposition_driver/install/fixposition_extractor:/opt/ros/humble /usr/bin/cmake --build /home/lhl/fixposition_driver/build/fixposition_driver_lib -- -j8 -l8
[0.836s] DEBUG:colcon.colcon_core.event_handler.log_command:Invoking command in '/home/lhl/fixposition_driver/build/rtcm_msgs': CMAKE_PREFIX_PATH=${CMAKE_PREFIX_PATH}:/home/lhl/fixposition_driver/install/fixposition_extractor:/opt/ros/humble /usr/bin/cmake --build /home/lhl/fixposition_driver/build/rtcm_msgs -- -j8 -l8
[1.085s] DEBUG:colcon.colcon_core.event_handler.log_command:Invoked command in '/home/lhl/fixposition_driver/build/fixposition_driver_lib' returned '0': CMAKE_PREFIX_PATH=${CMAKE_PREFIX_PATH}:/home/lhl/fixposition_driver/install/fixposition_extractor:/opt/ros/humble /usr/bin/cmake --build /home/lhl/fixposition_driver/build/fixposition_driver_lib -- -j8 -l8
[1.353s] DEBUG:colcon.colcon_core.event_handler.log_command:Invoking command in '/home/lhl/fixposition_driver/build/fixposition_driver_lib': CMAKE_PREFIX_PATH=${CMAKE_PREFIX_PATH}:/home/lhl/fixposition_driver/install/fixposition_extractor:/opt/ros/humble /usr/bin/cmake --install /home/lhl/fixposition_driver/build/fixposition_driver_lib
[1.378s] DEBUG:colcon.colcon_core.event_handler.log_command:Invoked command in '/home/lhl/fixposition_driver/build/fixposition_driver_lib' returned '0': CMAKE_PREFIX_PATH=${CMAKE_PREFIX_PATH}:/home/lhl/fixposition_driver/install/fixposition_extractor:/opt/ros/humble /usr/bin/cmake --install /home/lhl/fixposition_driver/build/fixposition_driver_lib
[1.523s] Level 1:colcon.colcon_core.shell:create_environment_hook('fixposition_driver_lib', 'pkg_config_path')
[1.524s] INFO:colcon.colcon_core.shell:Creating environment hook '/home/lhl/fixposition_driver/install/fixposition_driver_lib/share/fixposition_driver_lib/hook/pkg_config_path.ps1'
[1.525s] INFO:colcon.colcon_core.shell:Creating environment descriptor '/home/lhl/fixposition_driver/install/fixposition_driver_lib/share/fixposition_driver_lib/hook/pkg_config_path.dsv'
[1.527s] INFO:colcon.colcon_core.shell:Creating environment hook '/home/lhl/fixposition_driver/install/fixposition_driver_lib/share/fixposition_driver_lib/hook/pkg_config_path.sh'
[1.532s] Level 1:colcon.colcon_core.shell:create_environment_hook('fixposition_driver_lib', 'pkg_config_path_multiarch')
[1.533s] INFO:colcon.colcon_core.shell:Creating environment hook '/home/lhl/fixposition_driver/install/fixposition_driver_lib/share/fixposition_driver_lib/hook/pkg_config_path_multiarch.ps1'
[1.534s] INFO:colcon.colcon_core.shell:Creating environment descriptor '/home/lhl/fixposition_driver/install/fixposition_driver_lib/share/fixposition_driver_lib/hook/pkg_config_path_multiarch.dsv'
[1.535s] INFO:colcon.colcon_core.shell:Creating environment hook '/home/lhl/fixposition_driver/install/fixposition_driver_lib/share/fixposition_driver_lib/hook/pkg_config_path_multiarch.sh'
[1.536s] Level 1:colcon.colcon_core.environment:create_environment_scripts_only(fixposition_driver_lib)
[1.541s] Level 1:colcon.colcon_core.environment:checking '/home/lhl/fixposition_driver/install/fixposition_driver_lib' for CMake module files
[1.542s] Level 1:colcon.colcon_core.environment:checking '/home/lhl/fixposition_driver/install/fixposition_driver_lib' for CMake config files
[1.542s] Level 1:colcon.colcon_core.shell:create_environment_hook('fixposition_driver_lib', 'cmake_prefix_path')
[1.543s] INFO:colcon.colcon_core.shell:Creating environment hook '/home/lhl/fixposition_driver/install/fixposition_driver_lib/share/fixposition_driver_lib/hook/cmake_prefix_path.ps1'
[1.544s] INFO:colcon.colcon_core.shell:Creating environment descriptor '/home/lhl/fixposition_driver/install/fixposition_driver_lib/share/fixposition_driver_lib/hook/cmake_prefix_path.dsv'
[1.545s] INFO:colcon.colcon_core.shell:Creating environment hook '/home/lhl/fixposition_driver/install/fixposition_driver_lib/share/fixposition_driver_lib/hook/cmake_prefix_path.sh'
[1.546s] Level 1:colcon.colcon_core.environment:checking '/home/lhl/fixposition_driver/install/fixposition_driver_lib/lib'
[1.547s] Level 1:colcon.colcon_core.shell:create_environment_hook('fixposition_driver_lib', 'ld_library_path_lib')
[1.547s] INFO:colcon.colcon_core.shell:Creating environment hook '/home/lhl/fixposition_driver/install/fixposition_driver_lib/share/fixposition_driver_lib/hook/ld_library_path_lib.ps1'
[1.549s] INFO:colcon.colcon_core.shell:Creating environment descriptor '/home/lhl/fixposition_driver/install/fixposition_driver_lib/share/fixposition_driver_lib/hook/ld_library_path_lib.dsv'
[1.549s] INFO:colcon.colcon_core.shell:Creating environment hook '/home/lhl/fixposition_driver/install/fixposition_driver_lib/share/fixposition_driver_lib/hook/ld_library_path_lib.sh'
[1.550s] Level 1:colcon.colcon_core.environment:checking '/home/lhl/fixposition_driver/install/fixposition_driver_lib/bin'
[1.550s] Level 1:colcon.colcon_core.environment:checking '/home/lhl/fixposition_driver/install/fixposition_driver_lib/lib/pkgconfig/fixposition_driver_lib.pc'
[1.551s] Level 1:colcon.colcon_core.environment:checking '/home/lhl/fixposition_driver/install/fixposition_driver_lib/lib/python3.10/site-packages'
[1.551s] Level 1:colcon.colcon_core.environment:checking '/home/lhl/fixposition_driver/install/fixposition_driver_lib/bin'
[1.552s] INFO:colcon.colcon_core.shell:Creating package script '/home/lhl/fixposition_driver/install/fixposition_driver_lib/share/fixposition_driver_lib/package.ps1'
[1.554s] INFO:colcon.colcon_core.shell:Creating package descriptor '/home/lhl/fixposition_driver/install/fixposition_driver_lib/share/fixposition_driver_lib/package.dsv'
[1.556s] INFO:colcon.colcon_core.shell:Creating package script '/home/lhl/fixposition_driver/install/fixposition_driver_lib/share/fixposition_driver_lib/package.sh'
[1.557s] INFO:colcon.colcon_core.shell:Creating package script '/home/lhl/fixposition_driver/install/fixposition_driver_lib/share/fixposition_driver_lib/package.bash'
[1.558s] INFO:colcon.colcon_core.shell:Creating package script '/home/lhl/fixposition_driver/install/fixposition_driver_lib/share/fixposition_driver_lib/package.zsh'
[1.559s] Level 1:colcon.colcon_core.environment:create_file_with_runtime_dependencies(/home/lhl/fixposition_driver/install/fixposition_driver_lib/share/colcon-core/packages/fixposition_driver_lib)
[1.694s] DEBUG:colcon.colcon_core.event_handler.log_command:Invoked command in '/home/lhl/fixposition_driver/build/rtcm_msgs' returned '0': CMAKE_PREFIX_PATH=${CMAKE_PREFIX_PATH}:/home/lhl/fixposition_driver/install/fixposition_extractor:/opt/ros/humble /usr/bin/cmake --build /home/lhl/fixposition_driver/build/rtcm_msgs -- -j8 -l8
[1.810s] DEBUG:colcon.colcon_core.event_handler.log_command:Invoking command in '/home/lhl/fixposition_driver/build/rtcm_msgs': CMAKE_PREFIX_PATH=${CMAKE_PREFIX_PATH}:/home/lhl/fixposition_driver/install/fixposition_extractor:/opt/ros/humble /usr/bin/cmake --install /home/lhl/fixposition_driver/build/rtcm_msgs
[1.927s] Level 1:colcon.colcon_core.environment:create_environment_scripts_only(rtcm_msgs)
[1.928s] Level 1:colcon.colcon_core.environment:checking '/home/lhl/fixposition_driver/install/rtcm_msgs' for CMake module files
[1.929s] DEBUG:colcon.colcon_core.event_handler.log_command:Invoked command in '/home/lhl/fixposition_driver/build/rtcm_msgs' returned '0': CMAKE_PREFIX_PATH=${CMAKE_PREFIX_PATH}:/home/lhl/fixposition_driver/install/fixposition_extractor:/opt/ros/humble /usr/bin/cmake --install /home/lhl/fixposition_driver/build/rtcm_msgs
[1.930s] Level 1:colcon.colcon_core.environment:checking '/home/lhl/fixposition_driver/install/rtcm_msgs' for CMake config files
[1.931s] Level 1:colcon.colcon_core.shell:create_environment_hook('rtcm_msgs', 'cmake_prefix_path')
[1.931s] INFO:colcon.colcon_core.shell:Creating environment hook '/home/lhl/fixposition_driver/install/rtcm_msgs/share/rtcm_msgs/hook/cmake_prefix_path.ps1'
[1.932s] INFO:colcon.colcon_core.shell:Creating environment descriptor '/home/lhl/fixposition_driver/install/rtcm_msgs/share/rtcm_msgs/hook/cmake_prefix_path.dsv'
[1.933s] INFO:colcon.colcon_core.shell:Creating environment hook '/home/lhl/fixposition_driver/install/rtcm_msgs/share/rtcm_msgs/hook/cmake_prefix_path.sh'
[1.934s] Level 1:colcon.colcon_core.environment:checking '/home/lhl/fixposition_driver/install/rtcm_msgs/lib'
[1.934s] Level 1:colcon.colcon_core.shell:create_environment_hook('rtcm_msgs', 'ld_library_path_lib')
[1.935s] INFO:colcon.colcon_core.shell:Creating environment hook '/home/lhl/fixposition_driver/install/rtcm_msgs/share/rtcm_msgs/hook/ld_library_path_lib.ps1'
[1.936s] INFO:colcon.colcon_core.shell:Creating environment descriptor '/home/lhl/fixposition_driver/install/rtcm_msgs/share/rtcm_msgs/hook/ld_library_path_lib.dsv'
[1.936s] INFO:colcon.colcon_core.shell:Creating environment hook '/home/lhl/fixposition_driver/install/rtcm_msgs/share/rtcm_msgs/hook/ld_library_path_lib.sh'
[1.937s] Level 1:colcon.colcon_core.environment:checking '/home/lhl/fixposition_driver/install/rtcm_msgs/bin'
[1.937s] Level 1:colcon.colcon_core.environment:checking '/home/lhl/fixposition_driver/install/rtcm_msgs/lib/pkgconfig/rtcm_msgs.pc'
[1.938s] Level 1:colcon.colcon_core.environment:checking '/home/lhl/fixposition_driver/install/rtcm_msgs/lib/python3.10/site-packages'
[1.938s] Level 1:colcon.colcon_core.environment:checking '/home/lhl/fixposition_driver/install/rtcm_msgs/bin'
[1.939s] INFO:colcon.colcon_core.shell:Creating package script '/home/lhl/fixposition_driver/install/rtcm_msgs/share/rtcm_msgs/package.ps1'
[1.940s] INFO:colcon.colcon_core.shell:Creating package descriptor '/home/lhl/fixposition_driver/install/rtcm_msgs/share/rtcm_msgs/package.dsv'
[1.940s] INFO:colcon.colcon_core.shell:Creating package script '/home/lhl/fixposition_driver/install/rtcm_msgs/share/rtcm_msgs/package.sh'
[1.941s] INFO:colcon.colcon_core.shell:Creating package script '/home/lhl/fixposition_driver/install/rtcm_msgs/share/rtcm_msgs/package.bash'
[1.942s] INFO:colcon.colcon_core.shell:Creating package script '/home/lhl/fixposition_driver/install/rtcm_msgs/share/rtcm_msgs/package.zsh'
[1.942s] Level 1:colcon.colcon_core.environment:create_file_with_runtime_dependencies(/home/lhl/fixposition_driver/install/rtcm_msgs/share/colcon-core/packages/rtcm_msgs)
[2.055s] Level 1:colcon.colcon_core.environment:create_environment_scripts_only(rtcm_msgs)
[2.056s] Level 1:colcon.colcon_core.environment:checking '/home/lhl/fixposition_driver/install/rtcm_msgs' for CMake module files
[2.058s] Level 1:colcon.colcon_core.environment:checking '/home/lhl/fixposition_driver/install/rtcm_msgs' for CMake config files
[2.059s] Level 1:colcon.colcon_core.shell:create_environment_hook('rtcm_msgs', 'cmake_prefix_path')
[2.060s] INFO:colcon.colcon_core.shell:Creating environment hook '/home/lhl/fixposition_driver/install/rtcm_msgs/share/rtcm_msgs/hook/cmake_prefix_path.ps1'
[2.062s] INFO:colcon.colcon_core.shell:Creating environment descriptor '/home/lhl/fixposition_driver/install/rtcm_msgs/share/rtcm_msgs/hook/cmake_prefix_path.dsv'
[2.063s] INFO:colcon.colcon_core.shell:Creating environment hook '/home/lhl/fixposition_driver/install/rtcm_msgs/share/rtcm_msgs/hook/cmake_prefix_path.sh'
[2.065s] Level 1:colcon.colcon_core.environment:checking '/home/lhl/fixposition_driver/install/rtcm_msgs/lib'
[2.065s] Level 1:colcon.colcon_core.shell:create_environment_hook('rtcm_msgs', 'ld_library_path_lib')
[2.066s] INFO:colcon.colcon_core.shell:Creating environment hook '/home/lhl/fixposition_driver/install/rtcm_msgs/share/rtcm_msgs/hook/ld_library_path_lib.ps1'
[2.067s] INFO:colcon.colcon_core.shell:Creating environment descriptor '/home/lhl/fixposition_driver/install/rtcm_msgs/share/rtcm_msgs/hook/ld_library_path_lib.dsv'
[2.068s] INFO:colcon.colcon_core.shell:Creating environment hook '/home/lhl/fixposition_driver/install/rtcm_msgs/share/rtcm_msgs/hook/ld_library_path_lib.sh'
[2.069s] Level 1:colcon.colcon_core.environment:checking '/home/lhl/fixposition_driver/install/rtcm_msgs/bin'
[2.070s] Level 1:colcon.colcon_core.environment:checking '/home/lhl/fixposition_driver/install/rtcm_msgs/lib/pkgconfig/rtcm_msgs.pc'
[2.070s] Level 1:colcon.colcon_core.environment:checking '/home/lhl/fixposition_driver/install/rtcm_msgs/lib/python3.10/site-packages'
[2.071s] Level 1:colcon.colcon_core.environment:checking '/home/lhl/fixposition_driver/install/rtcm_msgs/bin'
[2.072s] INFO:colcon.colcon_core.shell:Creating package script '/home/lhl/fixposition_driver/install/rtcm_msgs/share/rtcm_msgs/package.ps1'
[2.074s] INFO:colcon.colcon_core.shell:Creating package descriptor '/home/lhl/fixposition_driver/install/rtcm_msgs/share/rtcm_msgs/package.dsv'
[2.076s] INFO:colcon.colcon_core.shell:Creating package script '/home/lhl/fixposition_driver/install/rtcm_msgs/share/rtcm_msgs/package.sh'
[2.077s] INFO:colcon.colcon_core.shell:Creating package script '/home/lhl/fixposition_driver/install/rtcm_msgs/share/rtcm_msgs/package.bash'
[2.079s] INFO:colcon.colcon_core.shell:Creating package script '/home/lhl/fixposition_driver/install/rtcm_msgs/share/rtcm_msgs/package.zsh'
[2.081s] Level 1:colcon.colcon_core.environment:create_file_with_runtime_dependencies(/home/lhl/fixposition_driver/install/rtcm_msgs/share/colcon-core/packages/rtcm_msgs)
[2.082s] INFO:colcon.colcon_ros.task.ament_cmake.build:Building ROS package in '/home/lhl/fixposition_driver/fixposition_driver_ros2' with build type 'ament_cmake'
[2.083s] INFO:colcon.colcon_cmake.task.cmake.build:Building CMake package in '/home/lhl/fixposition_driver/fixposition_driver_ros2'
[2.084s] INFO:colcon.colcon_core.shell:Skip shell extension 'powershell' for command environment: Not usable outside of PowerShell
[2.084s] DEBUG:colcon.colcon_core.shell:Skip shell extension 'dsv' for command environment
[2.124s] DEBUG:colcon.colcon_core.event_handler.log_command:Invoking command in '/home/lhl/fixposition_driver/build/fixposition_driver_ros2': CMAKE_PREFIX_PATH=/home/lhl/fixposition_driver/install/rtcm_msgs:/home/lhl/fixposition_driver/install/fixposition_driver_lib:/home/lhl/fixposition_driver/install/fixposition_odometry_converter_ros2:/home/lhl/fixposition_driver/install/fixposition_driver_ros2:/home/lhl/fixposition_driver/install/fixposition_extractor:/opt/ros/humble LD_LIBRARY_PATH=/home/lhl/fixposition_driver/install/rtcm_msgs/lib:/home/lhl/fixposition_driver/install/fixposition_driver_lib/lib:/home/lhl/fixposition_driver/install/fixposition_odometry_converter_ros2/lib:/home/lhl/fixposition_driver/install/fixposition_driver_ros2/lib:/usr/local/cuda-12.2/lib64:/opt/ros/humble/opt/rviz_ogre_vendor/lib:/opt/ros/humble/lib/aarch64-linux-gnu:/opt/ros/humble/lib:/usr/local/cuda-12.2/lib64 /usr/bin/cmake --build /home/lhl/fixposition_driver/build/fixposition_driver_ros2 -- -j8 -l8
[3.040s] DEBUG:colcon.colcon_core.event_handler.log_command:Invoked command in '/home/lhl/fixposition_driver/build/fixposition_driver_ros2' returned '0': CMAKE_PREFIX_PATH=/home/lhl/fixposition_driver/install/rtcm_msgs:/home/lhl/fixposition_driver/install/fixposition_driver_lib:/home/lhl/fixposition_driver/install/fixposition_odometry_converter_ros2:/home/lhl/fixposition_driver/install/fixposition_driver_ros2:/home/lhl/fixposition_driver/install/fixposition_extractor:/opt/ros/humble LD_LIBRARY_PATH=/home/lhl/fixposition_driver/install/rtcm_msgs/lib:/home/lhl/fixposition_driver/install/fixposition_driver_lib/lib:/home/lhl/fixposition_driver/install/fixposition_odometry_converter_ros2/lib:/home/lhl/fixposition_driver/install/fixposition_driver_ros2/lib:/usr/local/cuda-12.2/lib64:/opt/ros/humble/opt/rviz_ogre_vendor/lib:/opt/ros/humble/lib/aarch64-linux-gnu:/opt/ros/humble/lib:/usr/local/cuda-12.2/lib64 /usr/bin/cmake --build /home/lhl/fixposition_driver/build/fixposition_driver_ros2 -- -j8 -l8
[4.012s] DEBUG:colcon.colcon_core.event_handler.log_command:Invoking command in '/home/lhl/fixposition_driver/build/fixposition_driver_ros2': CMAKE_PREFIX_PATH=/home/lhl/fixposition_driver/install/rtcm_msgs:/home/lhl/fixposition_driver/install/fixposition_driver_lib:/home/lhl/fixposition_driver/install/fixposition_odometry_converter_ros2:/home/lhl/fixposition_driver/install/fixposition_driver_ros2:/home/lhl/fixposition_driver/install/fixposition_extractor:/opt/ros/humble LD_LIBRARY_PATH=/home/lhl/fixposition_driver/install/rtcm_msgs/lib:/home/lhl/fixposition_driver/install/fixposition_driver_lib/lib:/home/lhl/fixposition_driver/install/fixposition_odometry_converter_ros2/lib:/home/lhl/fixposition_driver/install/fixposition_driver_ros2/lib:/usr/local/cuda-12.2/lib64:/opt/ros/humble/opt/rviz_ogre_vendor/lib:/opt/ros/humble/lib/aarch64-linux-gnu:/opt/ros/humble/lib:/usr/local/cuda-12.2/lib64 /usr/bin/cmake --install /home/lhl/fixposition_driver/build/fixposition_driver_ros2
[4.148s] Level 1:colcon.colcon_core.environment:create_environment_scripts_only(fixposition_driver_ros2)
[4.149s] Level 1:colcon.colcon_core.environment:checking '/home/lhl/fixposition_driver/install/fixposition_driver_ros2' for CMake module files
[4.150s] DEBUG:colcon.colcon_core.event_handler.log_command:Invoked command in '/home/lhl/fixposition_driver/build/fixposition_driver_ros2' returned '0': CMAKE_PREFIX_PATH=/home/lhl/fixposition_driver/install/rtcm_msgs:/home/lhl/fixposition_driver/install/fixposition_driver_lib:/home/lhl/fixposition_driver/install/fixposition_odometry_converter_ros2:/home/lhl/fixposition_driver/install/fixposition_driver_ros2:/home/lhl/fixposition_driver/install/fixposition_extractor:/opt/ros/humble LD_LIBRARY_PATH=/home/lhl/fixposition_driver/install/rtcm_msgs/lib:/home/lhl/fixposition_driver/install/fixposition_driver_lib/lib:/home/lhl/fixposition_driver/install/fixposition_odometry_converter_ros2/lib:/home/lhl/fixposition_driver/install/fixposition_driver_ros2/lib:/usr/local/cuda-12.2/lib64:/opt/ros/humble/opt/rviz_ogre_vendor/lib:/opt/ros/humble/lib/aarch64-linux-gnu:/opt/ros/humble/lib:/usr/local/cuda-12.2/lib64 /usr/bin/cmake --install /home/lhl/fixposition_driver/build/fixposition_driver_ros2
[4.152s] Level 1:colcon.colcon_core.environment:checking '/home/lhl/fixposition_driver/install/fixposition_driver_ros2' for CMake config files
[4.153s] Level 1:colcon.colcon_core.shell:create_environment_hook('fixposition_driver_ros2', 'cmake_prefix_path')
[4.153s] INFO:colcon.colcon_core.shell:Creating environment hook '/home/lhl/fixposition_driver/install/fixposition_driver_ros2/share/fixposition_driver_ros2/hook/cmake_prefix_path.ps1'
[4.154s] INFO:colcon.colcon_core.shell:Creating environment descriptor '/home/lhl/fixposition_driver/install/fixposition_driver_ros2/share/fixposition_driver_ros2/hook/cmake_prefix_path.dsv'
[4.155s] INFO:colcon.colcon_core.shell:Creating environment hook '/home/lhl/fixposition_driver/install/fixposition_driver_ros2/share/fixposition_driver_ros2/hook/cmake_prefix_path.sh'
[4.157s] Level 1:colcon.colcon_core.environment:checking '/home/lhl/fixposition_driver/install/fixposition_driver_ros2/lib'
[4.157s] Level 1:colcon.colcon_core.shell:create_environment_hook('fixposition_driver_ros2', 'ld_library_path_lib')
[4.157s] INFO:colcon.colcon_core.shell:Creating environment hook '/home/lhl/fixposition_driver/install/fixposition_driver_ros2/share/fixposition_driver_ros2/hook/ld_library_path_lib.ps1'
[4.158s] INFO:colcon.colcon_core.shell:Creating environment descriptor '/home/lhl/fixposition_driver/install/fixposition_driver_ros2/share/fixposition_driver_ros2/hook/ld_library_path_lib.dsv'
[4.159s] INFO:colcon.colcon_core.shell:Creating environment hook '/home/lhl/fixposition_driver/install/fixposition_driver_ros2/share/fixposition_driver_ros2/hook/ld_library_path_lib.sh'
[4.160s] Level 1:colcon.colcon_core.environment:checking '/home/lhl/fixposition_driver/install/fixposition_driver_ros2/bin'
[4.160s] Level 1:colcon.colcon_core.environment:checking '/home/lhl/fixposition_driver/install/fixposition_driver_ros2/lib/pkgconfig/fixposition_driver_ros2.pc'
[4.161s] Level 1:colcon.colcon_core.environment:checking '/home/lhl/fixposition_driver/install/fixposition_driver_ros2/lib/python3.10/site-packages'
[4.161s] Level 1:colcon.colcon_core.environment:checking '/home/lhl/fixposition_driver/install/fixposition_driver_ros2/bin'
[4.162s] INFO:colcon.colcon_core.shell:Creating package script '/home/lhl/fixposition_driver/install/fixposition_driver_ros2/share/fixposition_driver_ros2/package.ps1'
[4.164s] INFO:colcon.colcon_core.shell:Creating package descriptor '/home/lhl/fixposition_driver/install/fixposition_driver_ros2/share/fixposition_driver_ros2/package.dsv'
[4.165s] INFO:colcon.colcon_core.shell:Creating package script '/home/lhl/fixposition_driver/install/fixposition_driver_ros2/share/fixposition_driver_ros2/package.sh'
[4.166s] INFO:colcon.colcon_core.shell:Creating package script '/home/lhl/fixposition_driver/install/fixposition_driver_ros2/share/fixposition_driver_ros2/package.bash'
[4.167s] INFO:colcon.colcon_core.shell:Creating package script '/home/lhl/fixposition_driver/install/fixposition_driver_ros2/share/fixposition_driver_ros2/package.zsh'
[4.167s] Level 1:colcon.colcon_core.environment:create_file_with_runtime_dependencies(/home/lhl/fixposition_driver/install/fixposition_driver_ros2/share/colcon-core/packages/fixposition_driver_ros2)
[5.145s] Level 1:colcon.colcon_core.environment:create_environment_scripts_only(fixposition_driver_ros2)
[5.146s] Level 1:colcon.colcon_core.environment:checking '/home/lhl/fixposition_driver/install/fixposition_driver_ros2' for CMake module files
[5.148s] Level 1:colcon.colcon_core.environment:checking '/home/lhl/fixposition_driver/install/fixposition_driver_ros2' for CMake config files
[5.149s] Level 1:colcon.colcon_core.shell:create_environment_hook('fixposition_driver_ros2', 'cmake_prefix_path')
[5.150s] INFO:colcon.colcon_core.shell:Creating environment hook '/home/lhl/fixposition_driver/install/fixposition_driver_ros2/share/fixposition_driver_ros2/hook/cmake_prefix_path.ps1'
[5.151s] INFO:colcon.colcon_core.shell:Creating environment descriptor '/home/lhl/fixposition_driver/install/fixposition_driver_ros2/share/fixposition_driver_ros2/hook/cmake_prefix_path.dsv'
[5.153s] INFO:colcon.colcon_core.shell:Creating environment hook '/home/lhl/fixposition_driver/install/fixposition_driver_ros2/share/fixposition_driver_ros2/hook/cmake_prefix_path.sh'
[5.156s] Level 1:colcon.colcon_core.environment:checking '/home/lhl/fixposition_driver/install/fixposition_driver_ros2/lib'
[5.156s] Level 1:colcon.colcon_core.shell:create_environment_hook('fixposition_driver_ros2', 'ld_library_path_lib')
[5.157s] INFO:colcon.colcon_core.shell:Creating environment hook '/home/lhl/fixposition_driver/install/fixposition_driver_ros2/share/fixposition_driver_ros2/hook/ld_library_path_lib.ps1'
[5.159s] INFO:colcon.colcon_core.shell:Creating environment descriptor '/home/lhl/fixposition_driver/install/fixposition_driver_ros2/share/fixposition_driver_ros2/hook/ld_library_path_lib.dsv'
[5.161s] INFO:colcon.colcon_core.shell:Creating environment hook '/home/lhl/fixposition_driver/install/fixposition_driver_ros2/share/fixposition_driver_ros2/hook/ld_library_path_lib.sh'
[5.162s] Level 1:colcon.colcon_core.environment:checking '/home/lhl/fixposition_driver/install/fixposition_driver_ros2/bin'
[5.163s] Level 1:colcon.colcon_core.environment:checking '/home/lhl/fixposition_driver/install/fixposition_driver_ros2/lib/pkgconfig/fixposition_driver_ros2.pc'
[5.163s] Level 1:colcon.colcon_core.environment:checking '/home/lhl/fixposition_driver/install/fixposition_driver_ros2/lib/python3.10/site-packages'
[5.164s] Level 1:colcon.colcon_core.environment:checking '/home/lhl/fixposition_driver/install/fixposition_driver_ros2/bin'
[5.165s] INFO:colcon.colcon_core.shell:Creating package script '/home/lhl/fixposition_driver/install/fixposition_driver_ros2/share/fixposition_driver_ros2/package.ps1'
[5.168s] INFO:colcon.colcon_core.shell:Creating package descriptor '/home/lhl/fixposition_driver/install/fixposition_driver_ros2/share/fixposition_driver_ros2/package.dsv'
[5.171s] INFO:colcon.colcon_core.shell:Creating package script '/home/lhl/fixposition_driver/install/fixposition_driver_ros2/share/fixposition_driver_ros2/package.sh'
[5.173s] INFO:colcon.colcon_core.shell:Creating package script '/home/lhl/fixposition_driver/install/fixposition_driver_ros2/share/fixposition_driver_ros2/package.bash'
[5.174s] INFO:colcon.colcon_core.shell:Creating package script '/home/lhl/fixposition_driver/install/fixposition_driver_ros2/share/fixposition_driver_ros2/package.zsh'
[5.175s] Level 1:colcon.colcon_core.environment:create_file_with_runtime_dependencies(/home/lhl/fixposition_driver/install/fixposition_driver_ros2/share/colcon-core/packages/fixposition_driver_ros2)
[5.177s] INFO:colcon.colcon_ros.task.ament_python.build:Building ROS package in '/home/lhl/fixposition_driver/fixposition_extractor' with build type 'ament_python'
[5.177s] Level 1:colcon.colcon_core.shell:create_environment_hook('fixposition_extractor', 'ament_prefix_path')
[5.179s] INFO:colcon.colcon_core.shell:Creating environment hook '/home/lhl/fixposition_driver/install/fixposition_extractor/share/fixposition_extractor/hook/ament_prefix_path.ps1'
[5.181s] INFO:colcon.colcon_core.shell:Creating environment descriptor '/home/lhl/fixposition_driver/install/fixposition_extractor/share/fixposition_extractor/hook/ament_prefix_path.dsv'
[5.183s] INFO:colcon.colcon_core.shell:Creating environment hook '/home/lhl/fixposition_driver/install/fixposition_extractor/share/fixposition_extractor/hook/ament_prefix_path.sh'
[5.185s] INFO:colcon.colcon_core.shell:Skip shell extension 'powershell' for command environment: Not usable outside of PowerShell
[5.186s] DEBUG:colcon.colcon_core.shell:Skip shell extension 'dsv' for command environment
[5.197s] INFO:colcon.colcon_ros.task.ament_cmake.build:Building ROS package in '/home/lhl/fixposition_driver/fixposition_odometry_converter_ros2' with build type 'ament_cmake'
[5.198s] INFO:colcon.colcon_cmake.task.cmake.build:Building CMake package in '/home/lhl/fixposition_driver/fixposition_odometry_converter_ros2'
[5.198s] INFO:colcon.colcon_core.shell:Skip shell extension 'powershell' for command environment: Not usable outside of PowerShell
[5.198s] DEBUG:colcon.colcon_core.shell:Skip shell extension 'dsv' for command environment
[5.776s] INFO:colcon.colcon_core.task.python.build:Building Python package in '/home/lhl/fixposition_driver/fixposition_extractor'
[5.776s] INFO:colcon.colcon_core.shell:Skip shell extension 'powershell' for command environment: Not usable outside of PowerShell
[5.777s] DEBUG:colcon.colcon_core.shell:Skip shell extension 'dsv' for command environment
[5.801s] DEBUG:colcon.colcon_core.event_handler.log_command:Invoking command in '/home/lhl/fixposition_driver/build/fixposition_odometry_converter_ros2': CMAKE_PREFIX_PATH=/home/lhl/fixposition_driver/install/fixposition_driver_ros2:/home/lhl/fixposition_driver/install/rtcm_msgs:/home/lhl/fixposition_driver/install/fixposition_driver_lib:/home/lhl/fixposition_driver/install/fixposition_odometry_converter_ros2:/home/lhl/fixposition_driver/install/fixposition_extractor:/opt/ros/humble LD_LIBRARY_PATH=/home/lhl/fixposition_driver/install/fixposition_driver_ros2/lib:/home/lhl/fixposition_driver/install/rtcm_msgs/lib:/home/lhl/fixposition_driver/install/fixposition_driver_lib/lib:/home/lhl/fixposition_driver/install/fixposition_odometry_converter_ros2/lib:/usr/local/cuda-12.2/lib64:/opt/ros/humble/opt/rviz_ogre_vendor/lib:/opt/ros/humble/lib/aarch64-linux-gnu:/opt/ros/humble/lib:/usr/local/cuda-12.2/lib64 /usr/bin/cmake --build /home/lhl/fixposition_driver/build/fixposition_odometry_converter_ros2 -- -j8 -l8
[5.938s] DEBUG:colcon.colcon_core.event_handler.log_command:Invoked command in '/home/lhl/fixposition_driver/build/fixposition_odometry_converter_ros2' returned '0': CMAKE_PREFIX_PATH=/home/lhl/fixposition_driver/install/fixposition_driver_ros2:/home/lhl/fixposition_driver/install/rtcm_msgs:/home/lhl/fixposition_driver/install/fixposition_driver_lib:/home/lhl/fixposition_driver/install/fixposition_odometry_converter_ros2:/home/lhl/fixposition_driver/install/fixposition_extractor:/opt/ros/humble LD_LIBRARY_PATH=/home/lhl/fixposition_driver/install/fixposition_driver_ros2/lib:/home/lhl/fixposition_driver/install/rtcm_msgs/lib:/home/lhl/fixposition_driver/install/fixposition_driver_lib/lib:/home/lhl/fixposition_driver/install/fixposition_odometry_converter_ros2/lib:/usr/local/cuda-12.2/lib64:/opt/ros/humble/opt/rviz_ogre_vendor/lib:/opt/ros/humble/lib/aarch64-linux-gnu:/opt/ros/humble/lib:/usr/local/cuda-12.2/lib64 /usr/bin/cmake --build /home/lhl/fixposition_driver/build/fixposition_odometry_converter_ros2 -- -j8 -l8
[6.005s] DEBUG:colcon.colcon_core.event_handler.log_command:Invoking command in '/home/lhl/fixposition_driver/build/fixposition_odometry_converter_ros2': CMAKE_PREFIX_PATH=/home/lhl/fixposition_driver/install/fixposition_driver_ros2:/home/lhl/fixposition_driver/install/rtcm_msgs:/home/lhl/fixposition_driver/install/fixposition_driver_lib:/home/lhl/fixposition_driver/install/fixposition_odometry_converter_ros2:/home/lhl/fixposition_driver/install/fixposition_extractor:/opt/ros/humble LD_LIBRARY_PATH=/home/lhl/fixposition_driver/install/fixposition_driver_ros2/lib:/home/lhl/fixposition_driver/install/rtcm_msgs/lib:/home/lhl/fixposition_driver/install/fixposition_driver_lib/lib:/home/lhl/fixposition_driver/install/fixposition_odometry_converter_ros2/lib:/usr/local/cuda-12.2/lib64:/opt/ros/humble/opt/rviz_ogre_vendor/lib:/opt/ros/humble/lib/aarch64-linux-gnu:/opt/ros/humble/lib:/usr/local/cuda-12.2/lib64 /usr/bin/cmake --install /home/lhl/fixposition_driver/build/fixposition_odometry_converter_ros2
[6.027s] Level 1:colcon.colcon_core.environment:create_environment_scripts_only(fixposition_odometry_converter_ros2)
[6.028s] Level 1:colcon.colcon_core.environment:checking '/home/lhl/fixposition_driver/install/fixposition_odometry_converter_ros2' for CMake module files
[6.029s] DEBUG:colcon.colcon_core.event_handler.log_command:Invoked command in '/home/lhl/fixposition_driver/build/fixposition_odometry_converter_ros2' returned '0': CMAKE_PREFIX_PATH=/home/lhl/fixposition_driver/install/fixposition_driver_ros2:/home/lhl/fixposition_driver/install/rtcm_msgs:/home/lhl/fixposition_driver/install/fixposition_driver_lib:/home/lhl/fixposition_driver/install/fixposition_odometry_converter_ros2:/home/lhl/fixposition_driver/install/fixposition_extractor:/opt/ros/humble LD_LIBRARY_PATH=/home/lhl/fixposition_driver/install/fixposition_driver_ros2/lib:/home/lhl/fixposition_driver/install/rtcm_msgs/lib:/home/lhl/fixposition_driver/install/fixposition_driver_lib/lib:/home/lhl/fixposition_driver/install/fixposition_odometry_converter_ros2/lib:/usr/local/cuda-12.2/lib64:/opt/ros/humble/opt/rviz_ogre_vendor/lib:/opt/ros/humble/lib/aarch64-linux-gnu:/opt/ros/humble/lib:/usr/local/cuda-12.2/lib64 /usr/bin/cmake --install /home/lhl/fixposition_driver/build/fixposition_odometry_converter_ros2
[6.030s] Level 1:colcon.colcon_core.environment:checking '/home/lhl/fixposition_driver/install/fixposition_odometry_converter_ros2' for CMake config files
[6.030s] Level 1:colcon.colcon_core.shell:create_environment_hook('fixposition_odometry_converter_ros2', 'cmake_prefix_path')
[6.031s] INFO:colcon.colcon_core.shell:Creating environment hook '/home/lhl/fixposition_driver/install/fixposition_odometry_converter_ros2/share/fixposition_odometry_converter_ros2/hook/cmake_prefix_path.ps1'
[6.033s] INFO:colcon.colcon_core.shell:Creating environment descriptor '/home/lhl/fixposition_driver/install/fixposition_odometry_converter_ros2/share/fixposition_odometry_converter_ros2/hook/cmake_prefix_path.dsv'
[6.034s] INFO:colcon.colcon_core.shell:Creating environment hook '/home/lhl/fixposition_driver/install/fixposition_odometry_converter_ros2/share/fixposition_odometry_converter_ros2/hook/cmake_prefix_path.sh'
[6.036s] Level 1:colcon.colcon_core.environment:checking '/home/lhl/fixposition_driver/install/fixposition_odometry_converter_ros2/lib'
[6.036s] Level 1:colcon.colcon_core.shell:create_environment_hook('fixposition_odometry_converter_ros2', 'ld_library_path_lib')
[6.037s] INFO:colcon.colcon_core.shell:Creating environment hook '/home/lhl/fixposition_driver/install/fixposition_odometry_converter_ros2/share/fixposition_odometry_converter_ros2/hook/ld_library_path_lib.ps1'
[6.038s] INFO:colcon.colcon_core.shell:Creating environment descriptor '/home/lhl/fixposition_driver/install/fixposition_odometry_converter_ros2/share/fixposition_odometry_converter_ros2/hook/ld_library_path_lib.dsv'
[6.039s] INFO:colcon.colcon_core.shell:Creating environment hook '/home/lhl/fixposition_driver/install/fixposition_odometry_converter_ros2/share/fixposition_odometry_converter_ros2/hook/ld_library_path_lib.sh'
[6.040s] Level 1:colcon.colcon_core.environment:checking '/home/lhl/fixposition_driver/install/fixposition_odometry_converter_ros2/bin'
[6.040s] Level 1:colcon.colcon_core.environment:checking '/home/lhl/fixposition_driver/install/fixposition_odometry_converter_ros2/lib/pkgconfig/fixposition_odometry_converter_ros2.pc'
[6.040s] Level 1:colcon.colcon_core.environment:checking '/home/lhl/fixposition_driver/install/fixposition_odometry_converter_ros2/lib/python3.10/site-packages'
[6.041s] Level 1:colcon.colcon_core.environment:checking '/home/lhl/fixposition_driver/install/fixposition_odometry_converter_ros2/bin'
[6.042s] INFO:colcon.colcon_core.shell:Creating package script '/home/lhl/fixposition_driver/install/fixposition_odometry_converter_ros2/share/fixposition_odometry_converter_ros2/package.ps1'
[6.043s] INFO:colcon.colcon_core.shell:Creating package descriptor '/home/lhl/fixposition_driver/install/fixposition_odometry_converter_ros2/share/fixposition_odometry_converter_ros2/package.dsv'
[6.044s] INFO:colcon.colcon_core.shell:Creating package script '/home/lhl/fixposition_driver/install/fixposition_odometry_converter_ros2/share/fixposition_odometry_converter_ros2/package.sh'
[6.045s] INFO:colcon.colcon_core.shell:Creating package script '/home/lhl/fixposition_driver/install/fixposition_odometry_converter_ros2/share/fixposition_odometry_converter_ros2/package.bash'
[6.046s] INFO:colcon.colcon_core.shell:Creating package script '/home/lhl/fixposition_driver/install/fixposition_odometry_converter_ros2/share/fixposition_odometry_converter_ros2/package.zsh'
[6.047s] Level 1:colcon.colcon_core.environment:create_file_with_runtime_dependencies(/home/lhl/fixposition_driver/install/fixposition_odometry_converter_ros2/share/colcon-core/packages/fixposition_odometry_converter_ros2)
[6.102s] Level 1:colcon.colcon_core.environment:create_environment_scripts_only(fixposition_odometry_converter_ros2)
[6.103s] Level 1:colcon.colcon_core.environment:checking '/home/lhl/fixposition_driver/install/fixposition_odometry_converter_ros2' for CMake module files
[6.104s] Level 1:colcon.colcon_core.environment:checking '/home/lhl/fixposition_driver/install/fixposition_odometry_converter_ros2' for CMake config files
[6.105s] Level 1:colcon.colcon_core.shell:create_environment_hook('fixposition_odometry_converter_ros2', 'cmake_prefix_path')
[6.105s] INFO:colcon.colcon_core.shell:Creating environment hook '/home/lhl/fixposition_driver/install/fixposition_odometry_converter_ros2/share/fixposition_odometry_converter_ros2/hook/cmake_prefix_path.ps1'
[6.107s] INFO:colcon.colcon_core.shell:Creating environment descriptor '/home/lhl/fixposition_driver/install/fixposition_odometry_converter_ros2/share/fixposition_odometry_converter_ros2/hook/cmake_prefix_path.dsv'
[6.108s] INFO:colcon.colcon_core.shell:Creating environment hook '/home/lhl/fixposition_driver/install/fixposition_odometry_converter_ros2/share/fixposition_odometry_converter_ros2/hook/cmake_prefix_path.sh'
[6.109s] Level 1:colcon.colcon_core.environment:checking '/home/lhl/fixposition_driver/install/fixposition_odometry_converter_ros2/lib'
[6.109s] Level 1:colcon.colcon_core.shell:create_environment_hook('fixposition_odometry_converter_ros2', 'ld_library_path_lib')
[6.110s] INFO:colcon.colcon_core.shell:Creating environment hook '/home/lhl/fixposition_driver/install/fixposition_odometry_converter_ros2/share/fixposition_odometry_converter_ros2/hook/ld_library_path_lib.ps1'
[6.110s] INFO:colcon.colcon_core.shell:Creating environment descriptor '/home/lhl/fixposition_driver/install/fixposition_odometry_converter_ros2/share/fixposition_odometry_converter_ros2/hook/ld_library_path_lib.dsv'
[6.111s] INFO:colcon.colcon_core.shell:Creating environment hook '/home/lhl/fixposition_driver/install/fixposition_odometry_converter_ros2/share/fixposition_odometry_converter_ros2/hook/ld_library_path_lib.sh'
[6.112s] Level 1:colcon.colcon_core.environment:checking '/home/lhl/fixposition_driver/install/fixposition_odometry_converter_ros2/bin'
[6.112s] Level 1:colcon.colcon_core.environment:checking '/home/lhl/fixposition_driver/install/fixposition_odometry_converter_ros2/lib/pkgconfig/fixposition_odometry_converter_ros2.pc'
[6.112s] Level 1:colcon.colcon_core.environment:checking '/home/lhl/fixposition_driver/install/fixposition_odometry_converter_ros2/lib/python3.10/site-packages'
[6.113s] Level 1:colcon.colcon_core.environment:checking '/home/lhl/fixposition_driver/install/fixposition_odometry_converter_ros2/bin'
[6.113s] INFO:colcon.colcon_core.shell:Creating package script '/home/lhl/fixposition_driver/install/fixposition_odometry_converter_ros2/share/fixposition_odometry_converter_ros2/package.ps1'
[6.115s] INFO:colcon.colcon_core.shell:Creating package descriptor '/home/lhl/fixposition_driver/install/fixposition_odometry_converter_ros2/share/fixposition_odometry_converter_ros2/package.dsv'
[6.116s] INFO:colcon.colcon_core.shell:Creating package script '/home/lhl/fixposition_driver/install/fixposition_odometry_converter_ros2/share/fixposition_odometry_converter_ros2/package.sh'
[6.117s] INFO:colcon.colcon_core.shell:Creating package script '/home/lhl/fixposition_driver/install/fixposition_odometry_converter_ros2/share/fixposition_odometry_converter_ros2/package.bash'
[6.117s] INFO:colcon.colcon_core.shell:Creating package script '/home/lhl/fixposition_driver/install/fixposition_odometry_converter_ros2/share/fixposition_odometry_converter_ros2/package.zsh'
[6.118s] Level 1:colcon.colcon_core.environment:create_file_with_runtime_dependencies(/home/lhl/fixposition_driver/install/fixposition_odometry_converter_ros2/share/colcon-core/packages/fixposition_odometry_converter_ros2)
[6.763s] DEBUG:colcon.colcon_core.event_handler.log_command:Invoking command in '/home/lhl/fixposition_driver/fixposition_extractor': CMAKE_PREFIX_PATH=/home/lhl/fixposition_driver/install/fixposition_driver_ros2:/home/lhl/fixposition_driver/install/rtcm_msgs:/home/lhl/fixposition_driver/install/fixposition_driver_lib:/home/lhl/fixposition_driver/install/fixposition_odometry_converter_ros2 LD_LIBRARY_PATH=/home/lhl/fixposition_driver/install/fixposition_driver_ros2/lib:/home/lhl/fixposition_driver/install/rtcm_msgs/lib:/home/lhl/fixposition_driver/install/fixposition_driver_lib/lib:/home/lhl/fixposition_driver/install/fixposition_odometry_converter_ros2/lib:/usr/local/cuda-12.2/lib64:/opt/ros/humble/opt/rviz_ogre_vendor/lib:/opt/ros/humble/lib/aarch64-linux-gnu:/opt/ros/humble/lib:/usr/local/cuda-12.2/lib64 PYTHONPATH=/home/lhl/fixposition_driver/build/fixposition_extractor/prefix_override:/usr/lib/python3/dist-packages/colcon_core/task/python/colcon_distutils_commands:/home/lhl/fixposition_driver/install/fixposition_extractor/lib/python3.10/site-packages:${PYTHONPATH} /usr/bin/python3 -W ignore:setup.py install is deprecated setup.py egg_info --egg-base ../build/fixposition_extractor build --build-base /home/lhl/fixposition_driver/build/fixposition_extractor/build install --record /home/lhl/fixposition_driver/build/fixposition_extractor/install.log --single-version-externally-managed install_data
[7.523s] Level 1:colcon.colcon_core.environment:checking '/home/lhl/fixposition_driver/install/fixposition_extractor' for CMake module files
[7.525s] DEBUG:colcon.colcon_core.event_handler.log_command:Invoked command in '/home/lhl/fixposition_driver/fixposition_extractor' returned '0': CMAKE_PREFIX_PATH=/home/lhl/fixposition_driver/install/fixposition_driver_ros2:/home/lhl/fixposition_driver/install/rtcm_msgs:/home/lhl/fixposition_driver/install/fixposition_driver_lib:/home/lhl/fixposition_driver/install/fixposition_odometry_converter_ros2 LD_LIBRARY_PATH=/home/lhl/fixposition_driver/install/fixposition_driver_ros2/lib:/home/lhl/fixposition_driver/install/rtcm_msgs/lib:/home/lhl/fixposition_driver/install/fixposition_driver_lib/lib:/home/lhl/fixposition_driver/install/fixposition_odometry_converter_ros2/lib:/usr/local/cuda-12.2/lib64:/opt/ros/humble/opt/rviz_ogre_vendor/lib:/opt/ros/humble/lib/aarch64-linux-gnu:/opt/ros/humble/lib:/usr/local/cuda-12.2/lib64 PYTHONPATH=/home/lhl/fixposition_driver/build/fixposition_extractor/prefix_override:/usr/lib/python3/dist-packages/colcon_core/task/python/colcon_distutils_commands:/home/lhl/fixposition_driver/install/fixposition_extractor/lib/python3.10/site-packages:${PYTHONPATH} /usr/bin/python3 -W ignore:setup.py install is deprecated setup.py egg_info --egg-base ../build/fixposition_extractor build --build-base /home/lhl/fixposition_driver/build/fixposition_extractor/build install --record /home/lhl/fixposition_driver/build/fixposition_extractor/install.log --single-version-externally-managed install_data
[7.526s] Level 1:colcon.colcon_core.environment:checking '/home/lhl/fixposition_driver/install/fixposition_extractor' for CMake config files
[7.528s] Level 1:colcon.colcon_core.environment:checking '/home/lhl/fixposition_driver/install/fixposition_extractor/lib'
[7.528s] Level 1:colcon.colcon_core.environment:checking '/home/lhl/fixposition_driver/install/fixposition_extractor/bin'
[7.528s] Level 1:colcon.colcon_core.environment:checking '/home/lhl/fixposition_driver/install/fixposition_extractor/lib/pkgconfig/fixposition_extractor.pc'
[7.529s] Level 1:colcon.colcon_core.environment:checking '/home/lhl/fixposition_driver/install/fixposition_extractor/lib/python3.10/site-packages'
[7.529s] Level 1:colcon.colcon_core.shell:create_environment_hook('fixposition_extractor', 'pythonpath')
[7.530s] INFO:colcon.colcon_core.shell:Creating environment hook '/home/lhl/fixposition_driver/install/fixposition_extractor/share/fixposition_extractor/hook/pythonpath.ps1'
[7.531s] INFO:colcon.colcon_core.shell:Creating environment descriptor '/home/lhl/fixposition_driver/install/fixposition_extractor/share/fixposition_extractor/hook/pythonpath.dsv'
[7.532s] INFO:colcon.colcon_core.shell:Creating environment hook '/home/lhl/fixposition_driver/install/fixposition_extractor/share/fixposition_extractor/hook/pythonpath.sh'
[7.534s] Level 1:colcon.colcon_core.environment:checking '/home/lhl/fixposition_driver/install/fixposition_extractor/bin'
[7.534s] Level 1:colcon.colcon_core.environment:create_environment_scripts_only(fixposition_extractor)
[7.535s] INFO:colcon.colcon_core.shell:Creating package script '/home/lhl/fixposition_driver/install/fixposition_extractor/share/fixposition_extractor/package.ps1'
[7.537s] INFO:colcon.colcon_core.shell:Creating package descriptor '/home/lhl/fixposition_driver/install/fixposition_extractor/share/fixposition_extractor/package.dsv'
[7.538s] INFO:colcon.colcon_core.shell:Creating package script '/home/lhl/fixposition_driver/install/fixposition_extractor/share/fixposition_extractor/package.sh'
[7.540s] INFO:colcon.colcon_core.shell:Creating package script '/home/lhl/fixposition_driver/install/fixposition_extractor/share/fixposition_extractor/package.bash'
[7.541s] INFO:colcon.colcon_core.shell:Creating package script '/home/lhl/fixposition_driver/install/fixposition_extractor/share/fixposition_extractor/package.zsh'
[7.542s] Level 1:colcon.colcon_core.environment:create_file_with_runtime_dependencies(/home/lhl/fixposition_driver/install/fixposition_extractor/share/colcon-core/packages/fixposition_extractor)
[7.543s] DEBUG:colcon.colcon_parallel_executor.executor.parallel:closing loop
[7.544s] DEBUG:colcon.colcon_parallel_executor.executor.parallel:loop closed
[7.544s] DEBUG:colcon.colcon_parallel_executor.executor.parallel:run_until_complete finished with '0'
[7.545s] DEBUG:colcon.colcon_core.event_reactor:joining thread
[7.566s] INFO:colcon.colcon_core.plugin_system:Skipping extension 'colcon_notification.desktop_notification.terminal_notifier': Not used on non-Darwin systems
[7.566s] INFO:colcon.colcon_core.plugin_system:Skipping extension 'colcon_notification.desktop_notification.win32': Not used on non-Windows systems
[7.566s] INFO:colcon.colcon_notification.desktop_notification:Sending desktop notification using 'notify2'
[7.612s] DEBUG:colcon.colcon_core.event_reactor:joined thread
[7.613s] INFO:colcon.colcon_core.shell:Creating prefix script '/home/lhl/fixposition_driver/install/local_setup.ps1'
[7.616s] INFO:colcon.colcon_core.shell:Creating prefix util module '/home/lhl/fixposition_driver/install/_local_setup_util_ps1.py'
[7.619s] INFO:colcon.colcon_core.shell:Creating prefix chain script '/home/lhl/fixposition_driver/install/setup.ps1'
[7.623s] INFO:colcon.colcon_core.shell:Creating prefix script '/home/lhl/fixposition_driver/install/local_setup.sh'
[7.624s] INFO:colcon.colcon_core.shell:Creating prefix util module '/home/lhl/fixposition_driver/install/_local_setup_util_sh.py'
[7.625s] INFO:colcon.colcon_core.shell:Creating prefix chain script '/home/lhl/fixposition_driver/install/setup.sh'
[7.628s] INFO:colcon.colcon_core.shell:Creating prefix script '/home/lhl/fixposition_driver/install/local_setup.bash'
[7.629s] INFO:colcon.colcon_core.shell:Creating prefix chain script '/home/lhl/fixposition_driver/install/setup.bash'
[7.631s] INFO:colcon.colcon_core.shell:Creating prefix script '/home/lhl/fixposition_driver/install/local_setup.zsh'
[7.633s] INFO:colcon.colcon_core.shell:Creating prefix chain script '/home/lhl/fixposition_driver/install/setup.zsh'
