[100%] Built target fixposition_driver_lib
-- Install configuration: "Release"
-- Up-to-date: /home/lhl/fixposition_driver/install/fixposition_driver_lib/./include
-- Up-to-date: /home/lhl/fixposition_driver/install/fixposition_driver_lib/./include/fixposition_driver_lib
-- Up-to-date: /home/lhl/fixposition_driver/install/fixposition_driver_lib/./include/fixposition_driver_lib/gnss_tf.hpp
-- Up-to-date: /home/lhl/fixposition_driver/install/fixposition_driver_lib/./include/fixposition_driver_lib/parser.hpp
-- Up-to-date: /home/lhl/fixposition_driver/install/fixposition_driver_lib/./include/fixposition_driver_lib/messages
-- Up-to-date: /home/lhl/fixposition_driver/install/fixposition_driver_lib/./include/fixposition_driver_lib/messages/nov_type.hpp
-- Up-to-date: /home/lhl/fixposition_driver/install/fixposition_driver_lib/./include/fixposition_driver_lib/messages/nmea_type.hpp
-- Up-to-date: /home/lhl/fixposition_driver/install/fixposition_driver_lib/./include/fixposition_driver_lib/messages/msg_data.hpp
-- Up-to-date: /home/lhl/fixposition_driver/install/fixposition_driver_lib/./include/fixposition_driver_lib/messages/fpb_measurements.hpp
-- Up-to-date: /home/lhl/fixposition_driver/install/fixposition_driver_lib/./include/fixposition_driver_lib/messages/fpb_type.hpp
-- Up-to-date: /home/lhl/fixposition_driver/install/fixposition_driver_lib/./include/fixposition_driver_lib/messages/base_converter.hpp
-- Up-to-date: /home/lhl/fixposition_driver/install/fixposition_driver_lib/./include/fixposition_driver_lib/messages/fpa_type.hpp
-- Up-to-date: /home/lhl/fixposition_driver/install/fixposition_driver_lib/./include/fixposition_driver_lib/params.hpp
-- Up-to-date: /home/lhl/fixposition_driver/install/fixposition_driver_lib/./include/fixposition_driver_lib/time_conversions.hpp
-- Up-to-date: /home/lhl/fixposition_driver/install/fixposition_driver_lib/./include/fixposition_driver_lib/fixposition_driver.hpp
-- Up-to-date: /home/lhl/fixposition_driver/install/fixposition_driver_lib/./include/fixposition_driver_lib/helper.hpp
-- Up-to-date: /home/lhl/fixposition_driver/install/fixposition_driver_lib/lib/libfixposition_driver_lib.so
-- Up-to-date: /home/lhl/fixposition_driver/install/fixposition_driver_lib/lib/libfixposition_driver_lib.so
-- Up-to-date: /home/lhl/fixposition_driver/install/fixposition_driver_lib/lib/cmake/fixposition_driver_lib/fixposition_driver_lib-targets.cmake
-- Up-to-date: /home/lhl/fixposition_driver/install/fixposition_driver_lib/lib/cmake/fixposition_driver_lib/fixposition_driver_lib-targets-release.cmake
-- Up-to-date: /home/lhl/fixposition_driver/install/fixposition_driver_lib/include/fixposition_driver_lib
-- Up-to-date: /home/lhl/fixposition_driver/install/fixposition_driver_lib/include/fixposition_driver_lib/gnss_tf.hpp
-- Up-to-date: /home/lhl/fixposition_driver/install/fixposition_driver_lib/include/fixposition_driver_lib/parser.hpp
-- Up-to-date: /home/lhl/fixposition_driver/install/fixposition_driver_lib/include/fixposition_driver_lib/messages
-- Up-to-date: /home/lhl/fixposition_driver/install/fixposition_driver_lib/include/fixposition_driver_lib/messages/nov_type.hpp
-- Up-to-date: /home/lhl/fixposition_driver/install/fixposition_driver_lib/include/fixposition_driver_lib/messages/nmea_type.hpp
-- Up-to-date: /home/lhl/fixposition_driver/install/fixposition_driver_lib/include/fixposition_driver_lib/messages/msg_data.hpp
-- Up-to-date: /home/lhl/fixposition_driver/install/fixposition_driver_lib/include/fixposition_driver_lib/messages/fpb_measurements.hpp
-- Up-to-date: /home/lhl/fixposition_driver/install/fixposition_driver_lib/include/fixposition_driver_lib/messages/fpb_type.hpp
-- Up-to-date: /home/lhl/fixposition_driver/install/fixposition_driver_lib/include/fixposition_driver_lib/messages/base_converter.hpp
-- Up-to-date: /home/lhl/fixposition_driver/install/fixposition_driver_lib/include/fixposition_driver_lib/messages/fpa_type.hpp
-- Up-to-date: /home/lhl/fixposition_driver/install/fixposition_driver_lib/include/fixposition_driver_lib/params.hpp
-- Up-to-date: /home/lhl/fixposition_driver/install/fixposition_driver_lib/include/fixposition_driver_lib/time_conversions.hpp
-- Up-to-date: /home/lhl/fixposition_driver/install/fixposition_driver_lib/include/fixposition_driver_lib/fixposition_driver.hpp
-- Up-to-date: /home/lhl/fixposition_driver/install/fixposition_driver_lib/include/fixposition_driver_lib/helper.hpp
-- Up-to-date: /home/lhl/fixposition_driver/install/fixposition_driver_lib/share/fixposition_driver_lib/package.xml
-- Up-to-date: /home/lhl/fixposition_driver/install/fixposition_driver_lib/lib/cmake/fixposition_driver_lib/fixposition_driver_lib-config.cmake
-- Up-to-date: /home/lhl/fixposition_driver/install/fixposition_driver_lib/lib/cmake/fixposition_driver_lib/fixposition_driver_lib-config-version.cmake
