[1.790s] Invoking command in '/home/lhl/fixposition_driver/fixposition_extractor': CMAKE_PREFIX_PATH=/home/lhl/fixposition_driver/install/fixposition_driver_ros2:/home/lhl/fixposition_driver/install/rtcm_msgs:/home/lhl/fixposition_driver/install/fixposition_driver_lib:/home/lhl/fixposition_driver/install/fixposition_odometry_converter_ros2 LD_LIBRARY_PATH=/home/lhl/fixposition_driver/install/fixposition_driver_ros2/lib:/home/lhl/fixposition_driver/install/rtcm_msgs/lib:/home/lhl/fixposition_driver/install/fixposition_driver_lib/lib:/home/lhl/fixposition_driver/install/fixposition_odometry_converter_ros2/lib:/usr/local/cuda-12.2/lib64:/opt/ros/humble/opt/rviz_ogre_vendor/lib:/opt/ros/humble/lib/aarch64-linux-gnu:/opt/ros/humble/lib:/usr/local/cuda-12.2/lib64 PYTHONPATH=/home/lhl/fixposition_driver/build/fixposition_extractor/prefix_override:/usr/lib/python3/dist-packages/colcon_core/task/python/colcon_distutils_commands:/home/lhl/fixposition_driver/install/fixposition_extractor/lib/python3.10/site-packages:${PYTHONPATH} /usr/bin/python3 -W ignore:setup.py install is deprecated setup.py egg_info --egg-base ../build/fixposition_extractor build --build-base /home/lhl/fixposition_driver/build/fixposition_extractor/build install --record /home/lhl/fixposition_driver/build/fixposition_extractor/install.log --single-version-externally-managed install_data
[2.562s] running egg_info
[2.565s] writing ../build/fixposition_extractor/fixposition_extractor.egg-info/PKG-INFO
[2.566s] writing dependency_links to ../build/fixposition_extractor/fixposition_extractor.egg-info/dependency_links.txt
[2.566s] writing entry points to ../build/fixposition_extractor/fixposition_extractor.egg-info/entry_points.txt
[2.570s] writing requirements to ../build/fixposition_extractor/fixposition_extractor.egg-info/requires.txt
[2.570s] writing top-level names to ../build/fixposition_extractor/fixposition_extractor.egg-info/top_level.txt
[2.574s] reading manifest file '../build/fixposition_extractor/fixposition_extractor.egg-info/SOURCES.txt'
[2.577s] writing manifest file '../build/fixposition_extractor/fixposition_extractor.egg-info/SOURCES.txt'
[2.578s] running build
[2.578s] running build_py
[2.579s] running install
[2.579s] running install_lib
[2.583s] running install_data
[2.584s] copying launch/pose_twist_extractor.launch.xml -> /home/lhl/fixposition_driver/install/fixposition_extractor/share/fixposition_extractor/launch
[2.584s] running install_egg_info
[2.590s] removing '/home/lhl/fixposition_driver/install/fixposition_extractor/lib/python3.10/site-packages/fixposition_extractor-0.0.0-py3.10.egg-info' (and everything under it)
[2.591s] Copying ../build/fixposition_extractor/fixposition_extractor.egg-info to /home/lhl/fixposition_driver/install/fixposition_extractor/lib/python3.10/site-packages/fixposition_extractor-0.0.0-py3.10.egg-info
[2.594s] running install_scripts
[2.655s] Installing pose_twist_extractor script to /home/lhl/fixposition_driver/install/fixposition_extractor/lib/fixposition_extractor
[2.657s] writing list of installed files to '/home/lhl/fixposition_driver/build/fixposition_extractor/install.log'
[2.768s] Invoked command in '/home/lhl/fixposition_driver/fixposition_extractor' returned '0': CMAKE_PREFIX_PATH=/home/lhl/fixposition_driver/install/fixposition_driver_ros2:/home/lhl/fixposition_driver/install/rtcm_msgs:/home/lhl/fixposition_driver/install/fixposition_driver_lib:/home/lhl/fixposition_driver/install/fixposition_odometry_converter_ros2 LD_LIBRARY_PATH=/home/lhl/fixposition_driver/install/fixposition_driver_ros2/lib:/home/lhl/fixposition_driver/install/rtcm_msgs/lib:/home/lhl/fixposition_driver/install/fixposition_driver_lib/lib:/home/lhl/fixposition_driver/install/fixposition_odometry_converter_ros2/lib:/usr/local/cuda-12.2/lib64:/opt/ros/humble/opt/rviz_ogre_vendor/lib:/opt/ros/humble/lib/aarch64-linux-gnu:/opt/ros/humble/lib:/usr/local/cuda-12.2/lib64 PYTHONPATH=/home/lhl/fixposition_driver/build/fixposition_extractor/prefix_override:/usr/lib/python3/dist-packages/colcon_core/task/python/colcon_distutils_commands:/home/lhl/fixposition_driver/install/fixposition_extractor/lib/python3.10/site-packages:${PYTHONPATH} /usr/bin/python3 -W ignore:setup.py install is deprecated setup.py egg_info --egg-base ../build/fixposition_extractor build --build-base /home/lhl/fixposition_driver/build/fixposition_extractor/build install --record /home/lhl/fixposition_driver/build/fixposition_extractor/install.log --single-version-externally-managed install_data
