[  0%] Built target fixposition_driver_ros2__cpp
[ 12%] Built target fixposition_driver_ros2__rosidl_generator_c
[ 12%] Built target ament_cmake_python_copy_fixposition_driver_ros2
[ 24%] Built target fixposition_driver_ros2__rosidl_typesupport_cpp
[ 35%] Built target fixposition_driver_ros2__rosidl_typesupport_introspection_cpp
[ 47%] Built target fixposition_driver_ros2__rosidl_typesupport_fastrtps_cpp
[ 59%] Built target fixposition_driver_ros2__rosidl_typesupport_introspection_c
[ 71%] Built target fixposition_driver_ros2__rosidl_typesupport_c
[ 83%] Built target fixposition_driver_ros2__rosidl_typesupport_fastrtps_c
[ 83%] Built target fixposition_driver_ros2
[ 85%] Built target fixposition_driver_ros2_exec
[ 85%] Built target fixposition_driver_ros2__py
[ 97%] Built target fixposition_driver_ros2__rosidl_generator_py
[ 99%] Built target fixposition_driver_ros2__rosidl_typesupport_fastrtps_c__pyext
[ 99%] Built target fixposition_driver_ros2__rosidl_typesupport_introspection_c__pyext
[100%] Built target fixposition_driver_ros2__rosidl_typesupport_c__pyext
running egg_info
writing fixposition_driver_ros2.egg-info/PKG-INFO
writing dependency_links to fixposition_driver_ros2.egg-info/dependency_links.txt
writing top-level names to fixposition_driver_ros2.egg-info/top_level.txt
reading manifest file 'fixposition_driver_ros2.egg-info/SOURCES.txt'
writing manifest file 'fixposition_driver_ros2.egg-info/SOURCES.txt'
[100%] Built target ament_cmake_python_build_fixposition_driver_ros2_egg
-- Install configuration: "Release"
-- Up-to-date: /home/lhl/fixposition_driver/install/fixposition_driver_ros2/share/ament_index/resource_index/rosidl_interfaces/fixposition_driver_ros2
-- Up-to-date: /home/lhl/fixposition_driver/install/fixposition_driver_ros2/include/fixposition_driver_ros2/fixposition_driver_ros2
-- Up-to-date: /home/lhl/fixposition_driver/install/fixposition_driver_ros2/include/fixposition_driver_ros2/fixposition_driver_ros2/msg
-- Up-to-date: /home/lhl/fixposition_driver/install/fixposition_driver_ros2/include/fixposition_driver_ros2/fixposition_driver_ros2/msg/imubias.h
-- Up-to-date: /home/lhl/fixposition_driver/install/fixposition_driver_ros2/include/fixposition_driver_ros2/fixposition_driver_ros2/msg/gngsa.h
-- Up-to-date: /home/lhl/fixposition_driver/install/fixposition_driver_ros2/include/fixposition_driver_ros2/fixposition_driver_ros2/msg/gnssant.h
-- Up-to-date: /home/lhl/fixposition_driver/install/fixposition_driver_ros2/include/fixposition_driver_ros2/fixposition_driver_ros2/msg/covwarn.h
-- Up-to-date: /home/lhl/fixposition_driver/install/fixposition_driver_ros2/include/fixposition_driver_ros2/fixposition_driver_ros2/msg/gnsssats.h
-- Up-to-date: /home/lhl/fixposition_driver/install/fixposition_driver_ros2/include/fixposition_driver_ros2/fixposition_driver_ros2/msg/odomstatus.h
-- Up-to-date: /home/lhl/fixposition_driver/install/fixposition_driver_ros2/include/fixposition_driver_ros2/fixposition_driver_ros2/msg/speed.h
-- Up-to-date: /home/lhl/fixposition_driver/install/fixposition_driver_ros2/include/fixposition_driver_ros2/fixposition_driver_ros2/msg/llh.h
-- Up-to-date: /home/lhl/fixposition_driver/install/fixposition_driver_ros2/include/fixposition_driver_ros2/fixposition_driver_ros2/msg/odomenu.h
-- Up-to-date: /home/lhl/fixposition_driver/install/fixposition_driver_ros2/include/fixposition_driver_ros2/fixposition_driver_ros2/msg/tp.h
-- Up-to-date: /home/lhl/fixposition_driver/install/fixposition_driver_ros2/include/fixposition_driver_ros2/fixposition_driver_ros2/msg/nmea.h
-- Up-to-date: /home/lhl/fixposition_driver/install/fixposition_driver_ros2/include/fixposition_driver_ros2/fixposition_driver_ros2/msg/gpvtg.h
-- Up-to-date: /home/lhl/fixposition_driver/install/fixposition_driver_ros2/include/fixposition_driver_ros2/fixposition_driver_ros2/msg/detail
-- Up-to-date: /home/lhl/fixposition_driver/install/fixposition_driver_ros2/include/fixposition_driver_ros2/fixposition_driver_ros2/msg/detail/gngsa__type_support.h
-- Up-to-date: /home/lhl/fixposition_driver/install/fixposition_driver_ros2/include/fixposition_driver_ros2/fixposition_driver_ros2/msg/detail/odometry__functions.c
-- Up-to-date: /home/lhl/fixposition_driver/install/fixposition_driver_ros2/include/fixposition_driver_ros2/fixposition_driver_ros2/msg/detail/gpgga__functions.h
-- Up-to-date: /home/lhl/fixposition_driver/install/fixposition_driver_ros2/include/fixposition_driver_ros2/fixposition_driver_ros2/msg/detail/eoe__functions.c
-- Up-to-date: /home/lhl/fixposition_driver/install/fixposition_driver_ros2/include/fixposition_driver_ros2/fixposition_driver_ros2/msg/detail/gpgst__type_support.h
-- Up-to-date: /home/lhl/fixposition_driver/install/fixposition_driver_ros2/include/fixposition_driver_ros2/fixposition_driver_ros2/msg/detail/odometry__functions.h
-- Up-to-date: /home/lhl/fixposition_driver/install/fixposition_driver_ros2/include/fixposition_driver_ros2/fixposition_driver_ros2/msg/detail/odomsh__functions.h
-- Up-to-date: /home/lhl/fixposition_driver/install/fixposition_driver_ros2/include/fixposition_driver_ros2/fixposition_driver_ros2/msg/detail/odomenu__functions.h
-- Up-to-date: /home/lhl/fixposition_driver/install/fixposition_driver_ros2/include/fixposition_driver_ros2/fixposition_driver_ros2/msg/detail/tp__functions.c
-- Up-to-date: /home/lhl/fixposition_driver/install/fixposition_driver_ros2/include/fixposition_driver_ros2/fixposition_driver_ros2/msg/detail/odomsh__struct.h
-- Up-to-date: /home/lhl/fixposition_driver/install/fixposition_driver_ros2/include/fixposition_driver_ros2/fixposition_driver_ros2/msg/detail/gnssant__struct.h
-- Up-to-date: /home/lhl/fixposition_driver/install/fixposition_driver_ros2/include/fixposition_driver_ros2/fixposition_driver_ros2/msg/detail/odomenu__struct.h
-- Up-to-date: /home/lhl/fixposition_driver/install/fixposition_driver_ros2/include/fixposition_driver_ros2/fixposition_driver_ros2/msg/detail/tp__type_support.h
-- Up-to-date: /home/lhl/fixposition_driver/install/fixposition_driver_ros2/include/fixposition_driver_ros2/fixposition_driver_ros2/msg/detail/nmea__type_support.h
-- Up-to-date: /home/lhl/fixposition_driver/install/fixposition_driver_ros2/include/fixposition_driver_ros2/fixposition_driver_ros2/msg/detail/covwarn__type_support.h
-- Up-to-date: /home/lhl/fixposition_driver/install/fixposition_driver_ros2/include/fixposition_driver_ros2/fixposition_driver_ros2/msg/detail/text__functions.h
-- Up-to-date: /home/lhl/fixposition_driver/install/fixposition_driver_ros2/include/fixposition_driver_ros2/fixposition_driver_ros2/msg/detail/gnsssats__functions.h
-- Up-to-date: /home/lhl/fixposition_driver/install/fixposition_driver_ros2/include/fixposition_driver_ros2/fixposition_driver_ros2/msg/detail/wheel_sensor__functions.c
-- Up-to-date: /home/lhl/fixposition_driver/install/fixposition_driver_ros2/include/fixposition_driver_ros2/fixposition_driver_ros2/msg/detail/gnsscorr__struct.h
-- Up-to-date: /home/lhl/fixposition_driver/install/fixposition_driver_ros2/include/fixposition_driver_ros2/fixposition_driver_ros2/msg/detail/gphdt__functions.h
-- Up-to-date: /home/lhl/fixposition_driver/install/fixposition_driver_ros2/include/fixposition_driver_ros2/fixposition_driver_ros2/msg/detail/speed__functions.h
-- Up-to-date: /home/lhl/fixposition_driver/install/fixposition_driver_ros2/include/fixposition_driver_ros2/fixposition_driver_ros2/msg/detail/covwarn__functions.c
-- Up-to-date: /home/lhl/fixposition_driver/install/fixposition_driver_ros2/include/fixposition_driver_ros2/fixposition_driver_ros2/msg/detail/gphdt__functions.c
-- Up-to-date: /home/lhl/fixposition_driver/install/fixposition_driver_ros2/include/fixposition_driver_ros2/fixposition_driver_ros2/msg/detail/covwarn__struct.h
-- Up-to-date: /home/lhl/fixposition_driver/install/fixposition_driver_ros2/include/fixposition_driver_ros2/fixposition_driver_ros2/msg/detail/gnsssats__type_support.h
-- Up-to-date: /home/lhl/fixposition_driver/install/fixposition_driver_ros2/include/fixposition_driver_ros2/fixposition_driver_ros2/msg/detail/odomstatus__struct.h
-- Up-to-date: /home/lhl/fixposition_driver/install/fixposition_driver_ros2/include/fixposition_driver_ros2/fixposition_driver_ros2/msg/detail/gngsa__functions.c
-- Up-to-date: /home/lhl/fixposition_driver/install/fixposition_driver_ros2/include/fixposition_driver_ros2/fixposition_driver_ros2/msg/detail/text__struct.h
-- Up-to-date: /home/lhl/fixposition_driver/install/fixposition_driver_ros2/include/fixposition_driver_ros2/fixposition_driver_ros2/msg/detail/wheel_sensor__type_support.h
-- Up-to-date: /home/lhl/fixposition_driver/install/fixposition_driver_ros2/include/fixposition_driver_ros2/fixposition_driver_ros2/msg/detail/wheel_sensor__struct.h
-- Up-to-date: /home/lhl/fixposition_driver/install/fixposition_driver_ros2/include/fixposition_driver_ros2/fixposition_driver_ros2/msg/detail/imubias__struct.h
-- Up-to-date: /home/lhl/fixposition_driver/install/fixposition_driver_ros2/include/fixposition_driver_ros2/fixposition_driver_ros2/msg/detail/gpgga__struct.h
-- Up-to-date: /home/lhl/fixposition_driver/install/fixposition_driver_ros2/include/fixposition_driver_ros2/fixposition_driver_ros2/msg/detail/speed__type_support.h
-- Up-to-date: /home/lhl/fixposition_driver/install/fixposition_driver_ros2/include/fixposition_driver_ros2/fixposition_driver_ros2/msg/detail/gpzda__functions.h
-- Up-to-date: /home/lhl/fixposition_driver/install/fixposition_driver_ros2/include/fixposition_driver_ros2/fixposition_driver_ros2/msg/detail/odometry__struct.h
-- Up-to-date: /home/lhl/fixposition_driver/install/fixposition_driver_ros2/include/fixposition_driver_ros2/fixposition_driver_ros2/msg/detail/nmea__struct.h
-- Up-to-date: /home/lhl/fixposition_driver/install/fixposition_driver_ros2/include/fixposition_driver_ros2/fixposition_driver_ros2/msg/detail/gphdt__type_support.h
-- Up-to-date: /home/lhl/fixposition_driver/install/fixposition_driver_ros2/include/fixposition_driver_ros2/fixposition_driver_ros2/msg/detail/gnssant__type_support.h
-- Up-to-date: /home/lhl/fixposition_driver/install/fixposition_driver_ros2/include/fixposition_driver_ros2/fixposition_driver_ros2/msg/detail/gpgll__struct.h
-- Up-to-date: /home/lhl/fixposition_driver/install/fixposition_driver_ros2/include/fixposition_driver_ros2/fixposition_driver_ros2/msg/detail/gngsa__struct.h
-- Up-to-date: /home/lhl/fixposition_driver/install/fixposition_driver_ros2/include/fixposition_driver_ros2/fixposition_driver_ros2/msg/detail/gprmc__functions.c
-- Up-to-date: /home/lhl/fixposition_driver/install/fixposition_driver_ros2/include/fixposition_driver_ros2/fixposition_driver_ros2/msg/detail/gnssant__functions.c
-- Up-to-date: /home/lhl/fixposition_driver/install/fixposition_driver_ros2/include/fixposition_driver_ros2/fixposition_driver_ros2/msg/detail/gngsa__functions.h
-- Up-to-date: /home/lhl/fixposition_driver/install/fixposition_driver_ros2/include/fixposition_driver_ros2/fixposition_driver_ros2/msg/detail/text__type_support.h
-- Up-to-date: /home/lhl/fixposition_driver/install/fixposition_driver_ros2/include/fixposition_driver_ros2/fixposition_driver_ros2/msg/detail/odomsh__type_support.h
-- Up-to-date: /home/lhl/fixposition_driver/install/fixposition_driver_ros2/include/fixposition_driver_ros2/fixposition_driver_ros2/msg/detail/gpgll__functions.h
-- Up-to-date: /home/lhl/fixposition_driver/install/fixposition_driver_ros2/include/fixposition_driver_ros2/fixposition_driver_ros2/msg/detail/gpvtg__functions.h
-- Up-to-date: /home/lhl/fixposition_driver/install/fixposition_driver_ros2/include/fixposition_driver_ros2/fixposition_driver_ros2/msg/detail/speed__functions.c
-- Up-to-date: /home/lhl/fixposition_driver/install/fixposition_driver_ros2/include/fixposition_driver_ros2/fixposition_driver_ros2/msg/detail/gpgll__functions.c
-- Up-to-date: /home/lhl/fixposition_driver/install/fixposition_driver_ros2/include/fixposition_driver_ros2/fixposition_driver_ros2/msg/detail/odometry__type_support.h
-- Up-to-date: /home/lhl/fixposition_driver/install/fixposition_driver_ros2/include/fixposition_driver_ros2/fixposition_driver_ros2/msg/detail/odomenu__functions.c
-- Up-to-date: /home/lhl/fixposition_driver/install/fixposition_driver_ros2/include/fixposition_driver_ros2/fixposition_driver_ros2/msg/detail/imubias__functions.h
-- Up-to-date: /home/lhl/fixposition_driver/install/fixposition_driver_ros2/include/fixposition_driver_ros2/fixposition_driver_ros2/msg/detail/gpgst__functions.h
-- Up-to-date: /home/lhl/fixposition_driver/install/fixposition_driver_ros2/include/fixposition_driver_ros2/fixposition_driver_ros2/msg/detail/imubias__type_support.h
-- Up-to-date: /home/lhl/fixposition_driver/install/fixposition_driver_ros2/include/fixposition_driver_ros2/fixposition_driver_ros2/msg/detail/gpzda__struct.h
-- Up-to-date: /home/lhl/fixposition_driver/install/fixposition_driver_ros2/include/fixposition_driver_ros2/fixposition_driver_ros2/msg/detail/gnsscorr__type_support.h
-- Up-to-date: /home/lhl/fixposition_driver/install/fixposition_driver_ros2/include/fixposition_driver_ros2/fixposition_driver_ros2/msg/detail/gxgsv__struct.h
-- Up-to-date: /home/lhl/fixposition_driver/install/fixposition_driver_ros2/include/fixposition_driver_ros2/fixposition_driver_ros2/msg/detail/covwarn__functions.h
-- Up-to-date: /home/lhl/fixposition_driver/install/fixposition_driver_ros2/include/fixposition_driver_ros2/fixposition_driver_ros2/msg/detail/llh__type_support.h
-- Up-to-date: /home/lhl/fixposition_driver/install/fixposition_driver_ros2/include/fixposition_driver_ros2/fixposition_driver_ros2/msg/detail/gnsssats__struct.h
-- Up-to-date: /home/lhl/fixposition_driver/install/fixposition_driver_ros2/include/fixposition_driver_ros2/fixposition_driver_ros2/msg/detail/llh__functions.h
-- Up-to-date: /home/lhl/fixposition_driver/install/fixposition_driver_ros2/include/fixposition_driver_ros2/fixposition_driver_ros2/msg/detail/gpvtg__functions.c
-- Up-to-date: /home/lhl/fixposition_driver/install/fixposition_driver_ros2/include/fixposition_driver_ros2/fixposition_driver_ros2/msg/detail/gpgst__struct.h
-- Up-to-date: /home/lhl/fixposition_driver/install/fixposition_driver_ros2/include/fixposition_driver_ros2/fixposition_driver_ros2/msg/detail/llh__struct.h
-- Up-to-date: /home/lhl/fixposition_driver/install/fixposition_driver_ros2/include/fixposition_driver_ros2/fixposition_driver_ros2/msg/detail/gnsssats__functions.c
-- Up-to-date: /home/lhl/fixposition_driver/install/fixposition_driver_ros2/include/fixposition_driver_ros2/fixposition_driver_ros2/msg/detail/wheel_sensor__functions.h
-- Up-to-date: /home/lhl/fixposition_driver/install/fixposition_driver_ros2/include/fixposition_driver_ros2/fixposition_driver_ros2/msg/detail/speed__struct.h
-- Up-to-date: /home/lhl/fixposition_driver/install/fixposition_driver_ros2/include/fixposition_driver_ros2/fixposition_driver_ros2/msg/detail/odomstatus__functions.c
-- Up-to-date: /home/lhl/fixposition_driver/install/fixposition_driver_ros2/include/fixposition_driver_ros2/fixposition_driver_ros2/msg/detail/gnsscorr__functions.c
-- Up-to-date: /home/lhl/fixposition_driver/install/fixposition_driver_ros2/include/fixposition_driver_ros2/fixposition_driver_ros2/msg/detail/eoe__functions.h
-- Up-to-date: /home/lhl/fixposition_driver/install/fixposition_driver_ros2/include/fixposition_driver_ros2/fixposition_driver_ros2/msg/detail/odomstatus__functions.h
-- Up-to-date: /home/lhl/fixposition_driver/install/fixposition_driver_ros2/include/fixposition_driver_ros2/fixposition_driver_ros2/msg/detail/gxgsv__type_support.h
-- Up-to-date: /home/lhl/fixposition_driver/install/fixposition_driver_ros2/include/fixposition_driver_ros2/fixposition_driver_ros2/msg/detail/nmea__functions.h
-- Up-to-date: /home/lhl/fixposition_driver/install/fixposition_driver_ros2/include/fixposition_driver_ros2/fixposition_driver_ros2/msg/detail/gxgsv__functions.h
-- Up-to-date: /home/lhl/fixposition_driver/install/fixposition_driver_ros2/include/fixposition_driver_ros2/fixposition_driver_ros2/msg/detail/tp__struct.h
-- Up-to-date: /home/lhl/fixposition_driver/install/fixposition_driver_ros2/include/fixposition_driver_ros2/fixposition_driver_ros2/msg/detail/gpgll__type_support.h
-- Up-to-date: /home/lhl/fixposition_driver/install/fixposition_driver_ros2/include/fixposition_driver_ros2/fixposition_driver_ros2/msg/detail/odomstatus__type_support.h
-- Up-to-date: /home/lhl/fixposition_driver/install/fixposition_driver_ros2/include/fixposition_driver_ros2/fixposition_driver_ros2/msg/detail/gphdt__struct.h
-- Up-to-date: /home/lhl/fixposition_driver/install/fixposition_driver_ros2/include/fixposition_driver_ros2/fixposition_driver_ros2/msg/detail/gprmc__functions.h
-- Up-to-date: /home/lhl/fixposition_driver/install/fixposition_driver_ros2/include/fixposition_driver_ros2/fixposition_driver_ros2/msg/detail/gpzda__functions.c
-- Up-to-date: /home/lhl/fixposition_driver/install/fixposition_driver_ros2/include/fixposition_driver_ros2/fixposition_driver_ros2/msg/detail/gpvtg__type_support.h
-- Up-to-date: /home/lhl/fixposition_driver/install/fixposition_driver_ros2/include/fixposition_driver_ros2/fixposition_driver_ros2/msg/detail/gnssant__functions.h
-- Up-to-date: /home/lhl/fixposition_driver/install/fixposition_driver_ros2/include/fixposition_driver_ros2/fixposition_driver_ros2/msg/detail/gpzda__type_support.h
-- Up-to-date: /home/lhl/fixposition_driver/install/fixposition_driver_ros2/include/fixposition_driver_ros2/fixposition_driver_ros2/msg/detail/gpvtg__struct.h
-- Up-to-date: /home/lhl/fixposition_driver/install/fixposition_driver_ros2/include/fixposition_driver_ros2/fixposition_driver_ros2/msg/detail/odomsh__functions.c
-- Up-to-date: /home/lhl/fixposition_driver/install/fixposition_driver_ros2/include/fixposition_driver_ros2/fixposition_driver_ros2/msg/detail/eoe__type_support.h
-- Up-to-date: /home/lhl/fixposition_driver/install/fixposition_driver_ros2/include/fixposition_driver_ros2/fixposition_driver_ros2/msg/detail/imubias__functions.c
-- Up-to-date: /home/lhl/fixposition_driver/install/fixposition_driver_ros2/include/fixposition_driver_ros2/fixposition_driver_ros2/msg/detail/gnsscorr__functions.h
-- Up-to-date: /home/lhl/fixposition_driver/install/fixposition_driver_ros2/include/fixposition_driver_ros2/fixposition_driver_ros2/msg/detail/gpgga__type_support.h
-- Up-to-date: /home/lhl/fixposition_driver/install/fixposition_driver_ros2/include/fixposition_driver_ros2/fixposition_driver_ros2/msg/detail/gxgsv__functions.c
-- Up-to-date: /home/lhl/fixposition_driver/install/fixposition_driver_ros2/include/fixposition_driver_ros2/fixposition_driver_ros2/msg/detail/llh__functions.c
-- Up-to-date: /home/lhl/fixposition_driver/install/fixposition_driver_ros2/include/fixposition_driver_ros2/fixposition_driver_ros2/msg/detail/nmea__functions.c
-- Up-to-date: /home/lhl/fixposition_driver/install/fixposition_driver_ros2/include/fixposition_driver_ros2/fixposition_driver_ros2/msg/detail/eoe__struct.h
-- Up-to-date: /home/lhl/fixposition_driver/install/fixposition_driver_ros2/include/fixposition_driver_ros2/fixposition_driver_ros2/msg/detail/odomenu__type_support.h
-- Up-to-date: /home/lhl/fixposition_driver/install/fixposition_driver_ros2/include/fixposition_driver_ros2/fixposition_driver_ros2/msg/detail/text__functions.c
-- Up-to-date: /home/lhl/fixposition_driver/install/fixposition_driver_ros2/include/fixposition_driver_ros2/fixposition_driver_ros2/msg/detail/tp__functions.h
-- Up-to-date: /home/lhl/fixposition_driver/install/fixposition_driver_ros2/include/fixposition_driver_ros2/fixposition_driver_ros2/msg/detail/gprmc__struct.h
-- Up-to-date: /home/lhl/fixposition_driver/install/fixposition_driver_ros2/include/fixposition_driver_ros2/fixposition_driver_ros2/msg/detail/gpgst__functions.c
-- Up-to-date: /home/lhl/fixposition_driver/install/fixposition_driver_ros2/include/fixposition_driver_ros2/fixposition_driver_ros2/msg/detail/gpgga__functions.c
-- Up-to-date: /home/lhl/fixposition_driver/install/fixposition_driver_ros2/include/fixposition_driver_ros2/fixposition_driver_ros2/msg/detail/gprmc__type_support.h
-- Up-to-date: /home/lhl/fixposition_driver/install/fixposition_driver_ros2/include/fixposition_driver_ros2/fixposition_driver_ros2/msg/gpzda.h
-- Up-to-date: /home/lhl/fixposition_driver/install/fixposition_driver_ros2/include/fixposition_driver_ros2/fixposition_driver_ros2/msg/odometry.h
-- Up-to-date: /home/lhl/fixposition_driver/install/fixposition_driver_ros2/include/fixposition_driver_ros2/fixposition_driver_ros2/msg/gnsscorr.h
-- Up-to-date: /home/lhl/fixposition_driver/install/fixposition_driver_ros2/include/fixposition_driver_ros2/fixposition_driver_ros2/msg/text.h
-- Up-to-date: /home/lhl/fixposition_driver/install/fixposition_driver_ros2/include/fixposition_driver_ros2/fixposition_driver_ros2/msg/gpgll.h
-- Up-to-date: /home/lhl/fixposition_driver/install/fixposition_driver_ros2/include/fixposition_driver_ros2/fixposition_driver_ros2/msg/eoe.h
-- Up-to-date: /home/lhl/fixposition_driver/install/fixposition_driver_ros2/include/fixposition_driver_ros2/fixposition_driver_ros2/msg/gphdt.h
-- Up-to-date: /home/lhl/fixposition_driver/install/fixposition_driver_ros2/include/fixposition_driver_ros2/fixposition_driver_ros2/msg/gpgst.h
-- Up-to-date: /home/lhl/fixposition_driver/install/fixposition_driver_ros2/include/fixposition_driver_ros2/fixposition_driver_ros2/msg/gxgsv.h
-- Up-to-date: /home/lhl/fixposition_driver/install/fixposition_driver_ros2/include/fixposition_driver_ros2/fixposition_driver_ros2/msg/odomsh.h
-- Up-to-date: /home/lhl/fixposition_driver/install/fixposition_driver_ros2/include/fixposition_driver_ros2/fixposition_driver_ros2/msg/gprmc.h
-- Up-to-date: /home/lhl/fixposition_driver/install/fixposition_driver_ros2/include/fixposition_driver_ros2/fixposition_driver_ros2/msg/rosidl_generator_c__visibility_control.h
-- Up-to-date: /home/lhl/fixposition_driver/install/fixposition_driver_ros2/include/fixposition_driver_ros2/fixposition_driver_ros2/msg/wheel_sensor.h
-- Up-to-date: /home/lhl/fixposition_driver/install/fixposition_driver_ros2/include/fixposition_driver_ros2/fixposition_driver_ros2/msg/gpgga.h
-- Up-to-date: /home/lhl/fixposition_driver/install/fixposition_driver_ros2/share/fixposition_driver_ros2/environment/library_path.sh
-- Up-to-date: /home/lhl/fixposition_driver/install/fixposition_driver_ros2/share/fixposition_driver_ros2/environment/library_path.dsv
-- Up-to-date: /home/lhl/fixposition_driver/install/fixposition_driver_ros2/lib/libfixposition_driver_ros2__rosidl_generator_c.so
-- Up-to-date: /home/lhl/fixposition_driver/install/fixposition_driver_ros2/include/fixposition_driver_ros2/fixposition_driver_ros2
-- Up-to-date: /home/lhl/fixposition_driver/install/fixposition_driver_ros2/include/fixposition_driver_ros2/fixposition_driver_ros2/msg
-- Up-to-date: /home/lhl/fixposition_driver/install/fixposition_driver_ros2/include/fixposition_driver_ros2/fixposition_driver_ros2/msg/detail
-- Up-to-date: /home/lhl/fixposition_driver/install/fixposition_driver_ros2/include/fixposition_driver_ros2/fixposition_driver_ros2/msg/detail/gpgga__rosidl_typesupport_fastrtps_c.h
-- Up-to-date: /home/lhl/fixposition_driver/install/fixposition_driver_ros2/include/fixposition_driver_ros2/fixposition_driver_ros2/msg/detail/nmea__rosidl_typesupport_fastrtps_c.h
-- Up-to-date: /home/lhl/fixposition_driver/install/fixposition_driver_ros2/include/fixposition_driver_ros2/fixposition_driver_ros2/msg/detail/odomsh__rosidl_typesupport_fastrtps_c.h
-- Up-to-date: /home/lhl/fixposition_driver/install/fixposition_driver_ros2/include/fixposition_driver_ros2/fixposition_driver_ros2/msg/detail/llh__rosidl_typesupport_fastrtps_c.h
-- Up-to-date: /home/lhl/fixposition_driver/install/fixposition_driver_ros2/include/fixposition_driver_ros2/fixposition_driver_ros2/msg/detail/eoe__rosidl_typesupport_fastrtps_c.h
-- Up-to-date: /home/lhl/fixposition_driver/install/fixposition_driver_ros2/include/fixposition_driver_ros2/fixposition_driver_ros2/msg/detail/gxgsv__rosidl_typesupport_fastrtps_c.h
-- Up-to-date: /home/lhl/fixposition_driver/install/fixposition_driver_ros2/include/fixposition_driver_ros2/fixposition_driver_ros2/msg/detail/gpvtg__rosidl_typesupport_fastrtps_c.h
-- Up-to-date: /home/lhl/fixposition_driver/install/fixposition_driver_ros2/include/fixposition_driver_ros2/fixposition_driver_ros2/msg/detail/gnsssats__rosidl_typesupport_fastrtps_c.h
-- Up-to-date: /home/lhl/fixposition_driver/install/fixposition_driver_ros2/include/fixposition_driver_ros2/fixposition_driver_ros2/msg/detail/gpgst__rosidl_typesupport_fastrtps_c.h
-- Up-to-date: /home/lhl/fixposition_driver/install/fixposition_driver_ros2/include/fixposition_driver_ros2/fixposition_driver_ros2/msg/detail/gprmc__rosidl_typesupport_fastrtps_c.h
-- Up-to-date: /home/lhl/fixposition_driver/install/fixposition_driver_ros2/include/fixposition_driver_ros2/fixposition_driver_ros2/msg/detail/text__rosidl_typesupport_fastrtps_c.h
-- Up-to-date: /home/lhl/fixposition_driver/install/fixposition_driver_ros2/include/fixposition_driver_ros2/fixposition_driver_ros2/msg/detail/imubias__rosidl_typesupport_fastrtps_c.h
-- Up-to-date: /home/lhl/fixposition_driver/install/fixposition_driver_ros2/include/fixposition_driver_ros2/fixposition_driver_ros2/msg/detail/odomenu__rosidl_typesupport_fastrtps_c.h
-- Up-to-date: /home/lhl/fixposition_driver/install/fixposition_driver_ros2/include/fixposition_driver_ros2/fixposition_driver_ros2/msg/detail/gphdt__rosidl_typesupport_fastrtps_c.h
-- Up-to-date: /home/lhl/fixposition_driver/install/fixposition_driver_ros2/include/fixposition_driver_ros2/fixposition_driver_ros2/msg/detail/speed__rosidl_typesupport_fastrtps_c.h
-- Up-to-date: /home/lhl/fixposition_driver/install/fixposition_driver_ros2/include/fixposition_driver_ros2/fixposition_driver_ros2/msg/detail/odometry__rosidl_typesupport_fastrtps_c.h
-- Up-to-date: /home/lhl/fixposition_driver/install/fixposition_driver_ros2/include/fixposition_driver_ros2/fixposition_driver_ros2/msg/detail/gpgll__rosidl_typesupport_fastrtps_c.h
-- Up-to-date: /home/lhl/fixposition_driver/install/fixposition_driver_ros2/include/fixposition_driver_ros2/fixposition_driver_ros2/msg/detail/gpzda__rosidl_typesupport_fastrtps_c.h
-- Up-to-date: /home/lhl/fixposition_driver/install/fixposition_driver_ros2/include/fixposition_driver_ros2/fixposition_driver_ros2/msg/detail/gngsa__rosidl_typesupport_fastrtps_c.h
-- Up-to-date: /home/lhl/fixposition_driver/install/fixposition_driver_ros2/include/fixposition_driver_ros2/fixposition_driver_ros2/msg/detail/gnsscorr__rosidl_typesupport_fastrtps_c.h
-- Up-to-date: /home/lhl/fixposition_driver/install/fixposition_driver_ros2/include/fixposition_driver_ros2/fixposition_driver_ros2/msg/detail/covwarn__rosidl_typesupport_fastrtps_c.h
-- Up-to-date: /home/lhl/fixposition_driver/install/fixposition_driver_ros2/include/fixposition_driver_ros2/fixposition_driver_ros2/msg/detail/wheel_sensor__rosidl_typesupport_fastrtps_c.h
-- Up-to-date: /home/lhl/fixposition_driver/install/fixposition_driver_ros2/include/fixposition_driver_ros2/fixposition_driver_ros2/msg/detail/gnssant__rosidl_typesupport_fastrtps_c.h
-- Up-to-date: /home/lhl/fixposition_driver/install/fixposition_driver_ros2/include/fixposition_driver_ros2/fixposition_driver_ros2/msg/detail/tp__rosidl_typesupport_fastrtps_c.h
-- Up-to-date: /home/lhl/fixposition_driver/install/fixposition_driver_ros2/include/fixposition_driver_ros2/fixposition_driver_ros2/msg/detail/odomstatus__rosidl_typesupport_fastrtps_c.h
-- Up-to-date: /home/lhl/fixposition_driver/install/fixposition_driver_ros2/include/fixposition_driver_ros2/fixposition_driver_ros2/msg/rosidl_typesupport_fastrtps_c__visibility_control.h
-- Up-to-date: /home/lhl/fixposition_driver/install/fixposition_driver_ros2/lib/libfixposition_driver_ros2__rosidl_typesupport_fastrtps_c.so
-- Up-to-date: /home/lhl/fixposition_driver/install/fixposition_driver_ros2/include/fixposition_driver_ros2/fixposition_driver_ros2
-- Up-to-date: /home/lhl/fixposition_driver/install/fixposition_driver_ros2/include/fixposition_driver_ros2/fixposition_driver_ros2/msg
-- Up-to-date: /home/lhl/fixposition_driver/install/fixposition_driver_ros2/include/fixposition_driver_ros2/fixposition_driver_ros2/msg/gpgll.hpp
-- Up-to-date: /home/lhl/fixposition_driver/install/fixposition_driver_ros2/include/fixposition_driver_ros2/fixposition_driver_ros2/msg/gnsscorr.hpp
-- Up-to-date: /home/lhl/fixposition_driver/install/fixposition_driver_ros2/include/fixposition_driver_ros2/fixposition_driver_ros2/msg/speed.hpp
-- Up-to-date: /home/lhl/fixposition_driver/install/fixposition_driver_ros2/include/fixposition_driver_ros2/fixposition_driver_ros2/msg/eoe.hpp
-- Up-to-date: /home/lhl/fixposition_driver/install/fixposition_driver_ros2/include/fixposition_driver_ros2/fixposition_driver_ros2/msg/wheel_sensor.hpp
-- Up-to-date: /home/lhl/fixposition_driver/install/fixposition_driver_ros2/include/fixposition_driver_ros2/fixposition_driver_ros2/msg/odomenu.hpp
-- Up-to-date: /home/lhl/fixposition_driver/install/fixposition_driver_ros2/include/fixposition_driver_ros2/fixposition_driver_ros2/msg/odomsh.hpp
-- Up-to-date: /home/lhl/fixposition_driver/install/fixposition_driver_ros2/include/fixposition_driver_ros2/fixposition_driver_ros2/msg/gpgga.hpp
-- Up-to-date: /home/lhl/fixposition_driver/install/fixposition_driver_ros2/include/fixposition_driver_ros2/fixposition_driver_ros2/msg/llh.hpp
-- Up-to-date: /home/lhl/fixposition_driver/install/fixposition_driver_ros2/include/fixposition_driver_ros2/fixposition_driver_ros2/msg/gngsa.hpp
-- Up-to-date: /home/lhl/fixposition_driver/install/fixposition_driver_ros2/include/fixposition_driver_ros2/fixposition_driver_ros2/msg/tp.hpp
-- Up-to-date: /home/lhl/fixposition_driver/install/fixposition_driver_ros2/include/fixposition_driver_ros2/fixposition_driver_ros2/msg/detail
-- Up-to-date: /home/lhl/fixposition_driver/install/fixposition_driver_ros2/include/fixposition_driver_ros2/fixposition_driver_ros2/msg/detail/odomenu__traits.hpp
-- Up-to-date: /home/lhl/fixposition_driver/install/fixposition_driver_ros2/include/fixposition_driver_ros2/fixposition_driver_ros2/msg/detail/imubias__traits.hpp
-- Up-to-date: /home/lhl/fixposition_driver/install/fixposition_driver_ros2/include/fixposition_driver_ros2/fixposition_driver_ros2/msg/detail/gnssant__traits.hpp
-- Up-to-date: /home/lhl/fixposition_driver/install/fixposition_driver_ros2/include/fixposition_driver_ros2/fixposition_driver_ros2/msg/detail/nmea__traits.hpp
-- Up-to-date: /home/lhl/fixposition_driver/install/fixposition_driver_ros2/include/fixposition_driver_ros2/fixposition_driver_ros2/msg/detail/gpvtg__struct.hpp
-- Up-to-date: /home/lhl/fixposition_driver/install/fixposition_driver_ros2/include/fixposition_driver_ros2/fixposition_driver_ros2/msg/detail/nmea__builder.hpp
-- Up-to-date: /home/lhl/fixposition_driver/install/fixposition_driver_ros2/include/fixposition_driver_ros2/fixposition_driver_ros2/msg/detail/odomstatus__traits.hpp
-- Up-to-date: /home/lhl/fixposition_driver/install/fixposition_driver_ros2/include/fixposition_driver_ros2/fixposition_driver_ros2/msg/detail/tp__traits.hpp
-- Up-to-date: /home/lhl/fixposition_driver/install/fixposition_driver_ros2/include/fixposition_driver_ros2/fixposition_driver_ros2/msg/detail/gphdt__builder.hpp
-- Up-to-date: /home/lhl/fixposition_driver/install/fixposition_driver_ros2/include/fixposition_driver_ros2/fixposition_driver_ros2/msg/detail/eoe__builder.hpp
-- Up-to-date: /home/lhl/fixposition_driver/install/fixposition_driver_ros2/include/fixposition_driver_ros2/fixposition_driver_ros2/msg/detail/text__struct.hpp
-- Up-to-date: /home/lhl/fixposition_driver/install/fixposition_driver_ros2/include/fixposition_driver_ros2/fixposition_driver_ros2/msg/detail/covwarn__traits.hpp
-- Up-to-date: /home/lhl/fixposition_driver/install/fixposition_driver_ros2/include/fixposition_driver_ros2/fixposition_driver_ros2/msg/detail/gphdt__struct.hpp
-- Up-to-date: /home/lhl/fixposition_driver/install/fixposition_driver_ros2/include/fixposition_driver_ros2/fixposition_driver_ros2/msg/detail/tp__builder.hpp
-- Up-to-date: /home/lhl/fixposition_driver/install/fixposition_driver_ros2/include/fixposition_driver_ros2/fixposition_driver_ros2/msg/detail/odomsh__builder.hpp
-- Up-to-date: /home/lhl/fixposition_driver/install/fixposition_driver_ros2/include/fixposition_driver_ros2/fixposition_driver_ros2/msg/detail/gpgll__traits.hpp
-- Up-to-date: /home/lhl/fixposition_driver/install/fixposition_driver_ros2/include/fixposition_driver_ros2/fixposition_driver_ros2/msg/detail/imubias__struct.hpp
-- Up-to-date: /home/lhl/fixposition_driver/install/fixposition_driver_ros2/include/fixposition_driver_ros2/fixposition_driver_ros2/msg/detail/gpvtg__traits.hpp
-- Up-to-date: /home/lhl/fixposition_driver/install/fixposition_driver_ros2/include/fixposition_driver_ros2/fixposition_driver_ros2/msg/detail/odomsh__traits.hpp
-- Up-to-date: /home/lhl/fixposition_driver/install/fixposition_driver_ros2/include/fixposition_driver_ros2/fixposition_driver_ros2/msg/detail/covwarn__struct.hpp
-- Up-to-date: /home/lhl/fixposition_driver/install/fixposition_driver_ros2/include/fixposition_driver_ros2/fixposition_driver_ros2/msg/detail/odomenu__struct.hpp
-- Up-to-date: /home/lhl/fixposition_driver/install/fixposition_driver_ros2/include/fixposition_driver_ros2/fixposition_driver_ros2/msg/detail/odomstatus__struct.hpp
-- Up-to-date: /home/lhl/fixposition_driver/install/fixposition_driver_ros2/include/fixposition_driver_ros2/fixposition_driver_ros2/msg/detail/covwarn__builder.hpp
-- Up-to-date: /home/lhl/fixposition_driver/install/fixposition_driver_ros2/include/fixposition_driver_ros2/fixposition_driver_ros2/msg/detail/gprmc__builder.hpp
-- Up-to-date: /home/lhl/fixposition_driver/install/fixposition_driver_ros2/include/fixposition_driver_ros2/fixposition_driver_ros2/msg/detail/speed__traits.hpp
-- Up-to-date: /home/lhl/fixposition_driver/install/fixposition_driver_ros2/include/fixposition_driver_ros2/fixposition_driver_ros2/msg/detail/imubias__builder.hpp
-- Up-to-date: /home/lhl/fixposition_driver/install/fixposition_driver_ros2/include/fixposition_driver_ros2/fixposition_driver_ros2/msg/detail/gxgsv__struct.hpp
-- Up-to-date: /home/lhl/fixposition_driver/install/fixposition_driver_ros2/include/fixposition_driver_ros2/fixposition_driver_ros2/msg/detail/gnsssats__traits.hpp
-- Up-to-date: /home/lhl/fixposition_driver/install/fixposition_driver_ros2/include/fixposition_driver_ros2/fixposition_driver_ros2/msg/detail/odomenu__builder.hpp
-- Up-to-date: /home/lhl/fixposition_driver/install/fixposition_driver_ros2/include/fixposition_driver_ros2/fixposition_driver_ros2/msg/detail/gprmc__struct.hpp
-- Up-to-date: /home/lhl/fixposition_driver/install/fixposition_driver_ros2/include/fixposition_driver_ros2/fixposition_driver_ros2/msg/detail/gnsscorr__traits.hpp
-- Up-to-date: /home/lhl/fixposition_driver/install/fixposition_driver_ros2/include/fixposition_driver_ros2/fixposition_driver_ros2/msg/detail/wheel_sensor__traits.hpp
-- Up-to-date: /home/lhl/fixposition_driver/install/fixposition_driver_ros2/include/fixposition_driver_ros2/fixposition_driver_ros2/msg/detail/eoe__traits.hpp
-- Up-to-date: /home/lhl/fixposition_driver/install/fixposition_driver_ros2/include/fixposition_driver_ros2/fixposition_driver_ros2/msg/detail/gxgsv__builder.hpp
-- Up-to-date: /home/lhl/fixposition_driver/install/fixposition_driver_ros2/include/fixposition_driver_ros2/fixposition_driver_ros2/msg/detail/llh__builder.hpp
-- Up-to-date: /home/lhl/fixposition_driver/install/fixposition_driver_ros2/include/fixposition_driver_ros2/fixposition_driver_ros2/msg/detail/odomsh__struct.hpp
-- Up-to-date: /home/lhl/fixposition_driver/install/fixposition_driver_ros2/include/fixposition_driver_ros2/fixposition_driver_ros2/msg/detail/gpzda__struct.hpp
-- Up-to-date: /home/lhl/fixposition_driver/install/fixposition_driver_ros2/include/fixposition_driver_ros2/fixposition_driver_ros2/msg/detail/odometry__struct.hpp
-- Up-to-date: /home/lhl/fixposition_driver/install/fixposition_driver_ros2/include/fixposition_driver_ros2/fixposition_driver_ros2/msg/detail/gpgga__struct.hpp
-- Up-to-date: /home/lhl/fixposition_driver/install/fixposition_driver_ros2/include/fixposition_driver_ros2/fixposition_driver_ros2/msg/detail/gxgsv__traits.hpp
-- Up-to-date: /home/lhl/fixposition_driver/install/fixposition_driver_ros2/include/fixposition_driver_ros2/fixposition_driver_ros2/msg/detail/gngsa__struct.hpp
-- Up-to-date: /home/lhl/fixposition_driver/install/fixposition_driver_ros2/include/fixposition_driver_ros2/fixposition_driver_ros2/msg/detail/llh__struct.hpp
-- Up-to-date: /home/lhl/fixposition_driver/install/fixposition_driver_ros2/include/fixposition_driver_ros2/fixposition_driver_ros2/msg/detail/wheel_sensor__struct.hpp
-- Up-to-date: /home/lhl/fixposition_driver/install/fixposition_driver_ros2/include/fixposition_driver_ros2/fixposition_driver_ros2/msg/detail/odomstatus__builder.hpp
-- Up-to-date: /home/lhl/fixposition_driver/install/fixposition_driver_ros2/include/fixposition_driver_ros2/fixposition_driver_ros2/msg/detail/gpgga__traits.hpp
-- Up-to-date: /home/lhl/fixposition_driver/install/fixposition_driver_ros2/include/fixposition_driver_ros2/fixposition_driver_ros2/msg/detail/gpzda__traits.hpp
-- Up-to-date: /home/lhl/fixposition_driver/install/fixposition_driver_ros2/include/fixposition_driver_ros2/fixposition_driver_ros2/msg/detail/gpgll__builder.hpp
-- Up-to-date: /home/lhl/fixposition_driver/install/fixposition_driver_ros2/include/fixposition_driver_ros2/fixposition_driver_ros2/msg/detail/gpzda__builder.hpp
-- Up-to-date: /home/lhl/fixposition_driver/install/fixposition_driver_ros2/include/fixposition_driver_ros2/fixposition_driver_ros2/msg/detail/llh__traits.hpp
-- Up-to-date: /home/lhl/fixposition_driver/install/fixposition_driver_ros2/include/fixposition_driver_ros2/fixposition_driver_ros2/msg/detail/gphdt__traits.hpp
-- Up-to-date: /home/lhl/fixposition_driver/install/fixposition_driver_ros2/include/fixposition_driver_ros2/fixposition_driver_ros2/msg/detail/gnssant__builder.hpp
-- Up-to-date: /home/lhl/fixposition_driver/install/fixposition_driver_ros2/include/fixposition_driver_ros2/fixposition_driver_ros2/msg/detail/gpgll__struct.hpp
-- Up-to-date: /home/lhl/fixposition_driver/install/fixposition_driver_ros2/include/fixposition_driver_ros2/fixposition_driver_ros2/msg/detail/gnsssats__builder.hpp
-- Up-to-date: /home/lhl/fixposition_driver/install/fixposition_driver_ros2/include/fixposition_driver_ros2/fixposition_driver_ros2/msg/detail/gpgst__builder.hpp
-- Up-to-date: /home/lhl/fixposition_driver/install/fixposition_driver_ros2/include/fixposition_driver_ros2/fixposition_driver_ros2/msg/detail/text__builder.hpp
-- Up-to-date: /home/lhl/fixposition_driver/install/fixposition_driver_ros2/include/fixposition_driver_ros2/fixposition_driver_ros2/msg/detail/gnssant__struct.hpp
-- Up-to-date: /home/lhl/fixposition_driver/install/fixposition_driver_ros2/include/fixposition_driver_ros2/fixposition_driver_ros2/msg/detail/gpgga__builder.hpp
-- Up-to-date: /home/lhl/fixposition_driver/install/fixposition_driver_ros2/include/fixposition_driver_ros2/fixposition_driver_ros2/msg/detail/gnsscorr__builder.hpp
-- Up-to-date: /home/lhl/fixposition_driver/install/fixposition_driver_ros2/include/fixposition_driver_ros2/fixposition_driver_ros2/msg/detail/nmea__struct.hpp
-- Up-to-date: /home/lhl/fixposition_driver/install/fixposition_driver_ros2/include/fixposition_driver_ros2/fixposition_driver_ros2/msg/detail/odometry__builder.hpp
-- Up-to-date: /home/lhl/fixposition_driver/install/fixposition_driver_ros2/include/fixposition_driver_ros2/fixposition_driver_ros2/msg/detail/gpgst__traits.hpp
-- Up-to-date: /home/lhl/fixposition_driver/install/fixposition_driver_ros2/include/fixposition_driver_ros2/fixposition_driver_ros2/msg/detail/gprmc__traits.hpp
-- Up-to-date: /home/lhl/fixposition_driver/install/fixposition_driver_ros2/include/fixposition_driver_ros2/fixposition_driver_ros2/msg/detail/gnsssats__struct.hpp
-- Up-to-date: /home/lhl/fixposition_driver/install/fixposition_driver_ros2/include/fixposition_driver_ros2/fixposition_driver_ros2/msg/detail/speed__builder.hpp
-- Up-to-date: /home/lhl/fixposition_driver/install/fixposition_driver_ros2/include/fixposition_driver_ros2/fixposition_driver_ros2/msg/detail/gpgst__struct.hpp
-- Up-to-date: /home/lhl/fixposition_driver/install/fixposition_driver_ros2/include/fixposition_driver_ros2/fixposition_driver_ros2/msg/detail/eoe__struct.hpp
-- Up-to-date: /home/lhl/fixposition_driver/install/fixposition_driver_ros2/include/fixposition_driver_ros2/fixposition_driver_ros2/msg/detail/text__traits.hpp
-- Up-to-date: /home/lhl/fixposition_driver/install/fixposition_driver_ros2/include/fixposition_driver_ros2/fixposition_driver_ros2/msg/detail/gpvtg__builder.hpp
-- Up-to-date: /home/lhl/fixposition_driver/install/fixposition_driver_ros2/include/fixposition_driver_ros2/fixposition_driver_ros2/msg/detail/gngsa__builder.hpp
-- Up-to-date: /home/lhl/fixposition_driver/install/fixposition_driver_ros2/include/fixposition_driver_ros2/fixposition_driver_ros2/msg/detail/odometry__traits.hpp
-- Up-to-date: /home/lhl/fixposition_driver/install/fixposition_driver_ros2/include/fixposition_driver_ros2/fixposition_driver_ros2/msg/detail/tp__struct.hpp
-- Up-to-date: /home/lhl/fixposition_driver/install/fixposition_driver_ros2/include/fixposition_driver_ros2/fixposition_driver_ros2/msg/detail/wheel_sensor__builder.hpp
-- Up-to-date: /home/lhl/fixposition_driver/install/fixposition_driver_ros2/include/fixposition_driver_ros2/fixposition_driver_ros2/msg/detail/gnsscorr__struct.hpp
-- Up-to-date: /home/lhl/fixposition_driver/install/fixposition_driver_ros2/include/fixposition_driver_ros2/fixposition_driver_ros2/msg/detail/speed__struct.hpp
-- Up-to-date: /home/lhl/fixposition_driver/install/fixposition_driver_ros2/include/fixposition_driver_ros2/fixposition_driver_ros2/msg/detail/gngsa__traits.hpp
-- Up-to-date: /home/lhl/fixposition_driver/install/fixposition_driver_ros2/include/fixposition_driver_ros2/fixposition_driver_ros2/msg/gpzda.hpp
-- Up-to-date: /home/lhl/fixposition_driver/install/fixposition_driver_ros2/include/fixposition_driver_ros2/fixposition_driver_ros2/msg/text.hpp
-- Up-to-date: /home/lhl/fixposition_driver/install/fixposition_driver_ros2/include/fixposition_driver_ros2/fixposition_driver_ros2/msg/gprmc.hpp
-- Up-to-date: /home/lhl/fixposition_driver/install/fixposition_driver_ros2/include/fixposition_driver_ros2/fixposition_driver_ros2/msg/odometry.hpp
-- Up-to-date: /home/lhl/fixposition_driver/install/fixposition_driver_ros2/include/fixposition_driver_ros2/fixposition_driver_ros2/msg/gnsssats.hpp
-- Up-to-date: /home/lhl/fixposition_driver/install/fixposition_driver_ros2/include/fixposition_driver_ros2/fixposition_driver_ros2/msg/odomstatus.hpp
-- Up-to-date: /home/lhl/fixposition_driver/install/fixposition_driver_ros2/include/fixposition_driver_ros2/fixposition_driver_ros2/msg/gpvtg.hpp
-- Up-to-date: /home/lhl/fixposition_driver/install/fixposition_driver_ros2/include/fixposition_driver_ros2/fixposition_driver_ros2/msg/gpgst.hpp
-- Up-to-date: /home/lhl/fixposition_driver/install/fixposition_driver_ros2/include/fixposition_driver_ros2/fixposition_driver_ros2/msg/gnssant.hpp
-- Up-to-date: /home/lhl/fixposition_driver/install/fixposition_driver_ros2/include/fixposition_driver_ros2/fixposition_driver_ros2/msg/covwarn.hpp
-- Up-to-date: /home/lhl/fixposition_driver/install/fixposition_driver_ros2/include/fixposition_driver_ros2/fixposition_driver_ros2/msg/gxgsv.hpp
-- Up-to-date: /home/lhl/fixposition_driver/install/fixposition_driver_ros2/include/fixposition_driver_ros2/fixposition_driver_ros2/msg/gphdt.hpp
-- Up-to-date: /home/lhl/fixposition_driver/install/fixposition_driver_ros2/include/fixposition_driver_ros2/fixposition_driver_ros2/msg/imubias.hpp
-- Up-to-date: /home/lhl/fixposition_driver/install/fixposition_driver_ros2/include/fixposition_driver_ros2/fixposition_driver_ros2/msg/nmea.hpp
-- Up-to-date: /home/lhl/fixposition_driver/install/fixposition_driver_ros2/include/fixposition_driver_ros2/fixposition_driver_ros2
-- Up-to-date: /home/lhl/fixposition_driver/install/fixposition_driver_ros2/include/fixposition_driver_ros2/fixposition_driver_ros2/msg
-- Up-to-date: /home/lhl/fixposition_driver/install/fixposition_driver_ros2/include/fixposition_driver_ros2/fixposition_driver_ros2/msg/detail
-- Up-to-date: /home/lhl/fixposition_driver/install/fixposition_driver_ros2/include/fixposition_driver_ros2/fixposition_driver_ros2/msg/detail/eoe__rosidl_typesupport_fastrtps_cpp.hpp
-- Up-to-date: /home/lhl/fixposition_driver/install/fixposition_driver_ros2/include/fixposition_driver_ros2/fixposition_driver_ros2/msg/detail/gpgst__rosidl_typesupport_fastrtps_cpp.hpp
-- Up-to-date: /home/lhl/fixposition_driver/install/fixposition_driver_ros2/include/fixposition_driver_ros2/fixposition_driver_ros2/msg/detail/gnssant__rosidl_typesupport_fastrtps_cpp.hpp
-- Up-to-date: /home/lhl/fixposition_driver/install/fixposition_driver_ros2/include/fixposition_driver_ros2/fixposition_driver_ros2/msg/detail/wheel_sensor__rosidl_typesupport_fastrtps_cpp.hpp
-- Up-to-date: /home/lhl/fixposition_driver/install/fixposition_driver_ros2/include/fixposition_driver_ros2/fixposition_driver_ros2/msg/detail/gpgll__rosidl_typesupport_fastrtps_cpp.hpp
-- Up-to-date: /home/lhl/fixposition_driver/install/fixposition_driver_ros2/include/fixposition_driver_ros2/fixposition_driver_ros2/msg/detail/gprmc__rosidl_typesupport_fastrtps_cpp.hpp
-- Up-to-date: /home/lhl/fixposition_driver/install/fixposition_driver_ros2/include/fixposition_driver_ros2/fixposition_driver_ros2/msg/detail/text__rosidl_typesupport_fastrtps_cpp.hpp
-- Up-to-date: /home/lhl/fixposition_driver/install/fixposition_driver_ros2/include/fixposition_driver_ros2/fixposition_driver_ros2/msg/detail/gphdt__rosidl_typesupport_fastrtps_cpp.hpp
-- Up-to-date: /home/lhl/fixposition_driver/install/fixposition_driver_ros2/include/fixposition_driver_ros2/fixposition_driver_ros2/msg/detail/gpzda__rosidl_typesupport_fastrtps_cpp.hpp
-- Up-to-date: /home/lhl/fixposition_driver/install/fixposition_driver_ros2/include/fixposition_driver_ros2/fixposition_driver_ros2/msg/detail/nmea__rosidl_typesupport_fastrtps_cpp.hpp
-- Up-to-date: /home/lhl/fixposition_driver/install/fixposition_driver_ros2/include/fixposition_driver_ros2/fixposition_driver_ros2/msg/detail/gnsscorr__rosidl_typesupport_fastrtps_cpp.hpp
-- Up-to-date: /home/lhl/fixposition_driver/install/fixposition_driver_ros2/include/fixposition_driver_ros2/fixposition_driver_ros2/msg/detail/odomenu__rosidl_typesupport_fastrtps_cpp.hpp
-- Up-to-date: /home/lhl/fixposition_driver/install/fixposition_driver_ros2/include/fixposition_driver_ros2/fixposition_driver_ros2/msg/detail/covwarn__rosidl_typesupport_fastrtps_cpp.hpp
-- Up-to-date: /home/lhl/fixposition_driver/install/fixposition_driver_ros2/include/fixposition_driver_ros2/fixposition_driver_ros2/msg/detail/gpvtg__rosidl_typesupport_fastrtps_cpp.hpp
-- Up-to-date: /home/lhl/fixposition_driver/install/fixposition_driver_ros2/include/fixposition_driver_ros2/fixposition_driver_ros2/msg/detail/tp__rosidl_typesupport_fastrtps_cpp.hpp
-- Up-to-date: /home/lhl/fixposition_driver/install/fixposition_driver_ros2/include/fixposition_driver_ros2/fixposition_driver_ros2/msg/detail/gnsssats__rosidl_typesupport_fastrtps_cpp.hpp
-- Up-to-date: /home/lhl/fixposition_driver/install/fixposition_driver_ros2/include/fixposition_driver_ros2/fixposition_driver_ros2/msg/detail/dds_fastrtps
-- Up-to-date: /home/lhl/fixposition_driver/install/fixposition_driver_ros2/include/fixposition_driver_ros2/fixposition_driver_ros2/msg/detail/gngsa__rosidl_typesupport_fastrtps_cpp.hpp
-- Up-to-date: /home/lhl/fixposition_driver/install/fixposition_driver_ros2/include/fixposition_driver_ros2/fixposition_driver_ros2/msg/detail/imubias__rosidl_typesupport_fastrtps_cpp.hpp
-- Up-to-date: /home/lhl/fixposition_driver/install/fixposition_driver_ros2/include/fixposition_driver_ros2/fixposition_driver_ros2/msg/detail/speed__rosidl_typesupport_fastrtps_cpp.hpp
-- Up-to-date: /home/lhl/fixposition_driver/install/fixposition_driver_ros2/include/fixposition_driver_ros2/fixposition_driver_ros2/msg/detail/gxgsv__rosidl_typesupport_fastrtps_cpp.hpp
-- Up-to-date: /home/lhl/fixposition_driver/install/fixposition_driver_ros2/include/fixposition_driver_ros2/fixposition_driver_ros2/msg/detail/odomstatus__rosidl_typesupport_fastrtps_cpp.hpp
-- Up-to-date: /home/lhl/fixposition_driver/install/fixposition_driver_ros2/include/fixposition_driver_ros2/fixposition_driver_ros2/msg/detail/odomsh__rosidl_typesupport_fastrtps_cpp.hpp
-- Up-to-date: /home/lhl/fixposition_driver/install/fixposition_driver_ros2/include/fixposition_driver_ros2/fixposition_driver_ros2/msg/detail/odometry__rosidl_typesupport_fastrtps_cpp.hpp
-- Up-to-date: /home/lhl/fixposition_driver/install/fixposition_driver_ros2/include/fixposition_driver_ros2/fixposition_driver_ros2/msg/detail/gpgga__rosidl_typesupport_fastrtps_cpp.hpp
-- Up-to-date: /home/lhl/fixposition_driver/install/fixposition_driver_ros2/include/fixposition_driver_ros2/fixposition_driver_ros2/msg/detail/llh__rosidl_typesupport_fastrtps_cpp.hpp
-- Up-to-date: /home/lhl/fixposition_driver/install/fixposition_driver_ros2/include/fixposition_driver_ros2/fixposition_driver_ros2/msg/rosidl_typesupport_fastrtps_cpp__visibility_control.h
-- Up-to-date: /home/lhl/fixposition_driver/install/fixposition_driver_ros2/lib/libfixposition_driver_ros2__rosidl_typesupport_fastrtps_cpp.so
-- Up-to-date: /home/lhl/fixposition_driver/install/fixposition_driver_ros2/include/fixposition_driver_ros2/fixposition_driver_ros2
-- Up-to-date: /home/lhl/fixposition_driver/install/fixposition_driver_ros2/include/fixposition_driver_ros2/fixposition_driver_ros2/msg
-- Up-to-date: /home/lhl/fixposition_driver/install/fixposition_driver_ros2/include/fixposition_driver_ros2/fixposition_driver_ros2/msg/detail
-- Up-to-date: /home/lhl/fixposition_driver/install/fixposition_driver_ros2/include/fixposition_driver_ros2/fixposition_driver_ros2/msg/detail/gprmc__rosidl_typesupport_introspection_c.h
-- Up-to-date: /home/lhl/fixposition_driver/install/fixposition_driver_ros2/include/fixposition_driver_ros2/fixposition_driver_ros2/msg/detail/nmea__type_support.c
-- Up-to-date: /home/lhl/fixposition_driver/install/fixposition_driver_ros2/include/fixposition_driver_ros2/fixposition_driver_ros2/msg/detail/text__type_support.c
-- Up-to-date: /home/lhl/fixposition_driver/install/fixposition_driver_ros2/include/fixposition_driver_ros2/fixposition_driver_ros2/msg/detail/gnsssats__rosidl_typesupport_introspection_c.h
-- Up-to-date: /home/lhl/fixposition_driver/install/fixposition_driver_ros2/include/fixposition_driver_ros2/fixposition_driver_ros2/msg/detail/gnsscorr__rosidl_typesupport_introspection_c.h
-- Up-to-date: /home/lhl/fixposition_driver/install/fixposition_driver_ros2/include/fixposition_driver_ros2/fixposition_driver_ros2/msg/detail/odometry__rosidl_typesupport_introspection_c.h
-- Up-to-date: /home/lhl/fixposition_driver/install/fixposition_driver_ros2/include/fixposition_driver_ros2/fixposition_driver_ros2/msg/detail/odomstatus__rosidl_typesupport_introspection_c.h
-- Up-to-date: /home/lhl/fixposition_driver/install/fixposition_driver_ros2/include/fixposition_driver_ros2/fixposition_driver_ros2/msg/detail/odomsh__rosidl_typesupport_introspection_c.h
-- Up-to-date: /home/lhl/fixposition_driver/install/fixposition_driver_ros2/include/fixposition_driver_ros2/fixposition_driver_ros2/msg/detail/gpgll__type_support.c
-- Up-to-date: /home/lhl/fixposition_driver/install/fixposition_driver_ros2/include/fixposition_driver_ros2/fixposition_driver_ros2/msg/detail/gprmc__type_support.c
-- Up-to-date: /home/lhl/fixposition_driver/install/fixposition_driver_ros2/include/fixposition_driver_ros2/fixposition_driver_ros2/msg/detail/nmea__rosidl_typesupport_introspection_c.h
-- Up-to-date: /home/lhl/fixposition_driver/install/fixposition_driver_ros2/include/fixposition_driver_ros2/fixposition_driver_ros2/msg/detail/gxgsv__rosidl_typesupport_introspection_c.h
-- Up-to-date: /home/lhl/fixposition_driver/install/fixposition_driver_ros2/include/fixposition_driver_ros2/fixposition_driver_ros2/msg/detail/eoe__rosidl_typesupport_introspection_c.h
-- Up-to-date: /home/lhl/fixposition_driver/install/fixposition_driver_ros2/include/fixposition_driver_ros2/fixposition_driver_ros2/msg/detail/gpzda__type_support.c
-- Up-to-date: /home/lhl/fixposition_driver/install/fixposition_driver_ros2/include/fixposition_driver_ros2/fixposition_driver_ros2/msg/detail/wheel_sensor__type_support.c
-- Up-to-date: /home/lhl/fixposition_driver/install/fixposition_driver_ros2/include/fixposition_driver_ros2/fixposition_driver_ros2/msg/detail/gxgsv__type_support.c
-- Up-to-date: /home/lhl/fixposition_driver/install/fixposition_driver_ros2/include/fixposition_driver_ros2/fixposition_driver_ros2/msg/detail/odomsh__type_support.c
-- Up-to-date: /home/lhl/fixposition_driver/install/fixposition_driver_ros2/include/fixposition_driver_ros2/fixposition_driver_ros2/msg/detail/imubias__rosidl_typesupport_introspection_c.h
-- Up-to-date: /home/lhl/fixposition_driver/install/fixposition_driver_ros2/include/fixposition_driver_ros2/fixposition_driver_ros2/msg/detail/speed__rosidl_typesupport_introspection_c.h
-- Up-to-date: /home/lhl/fixposition_driver/install/fixposition_driver_ros2/include/fixposition_driver_ros2/fixposition_driver_ros2/msg/detail/wheel_sensor__rosidl_typesupport_introspection_c.h
-- Up-to-date: /home/lhl/fixposition_driver/install/fixposition_driver_ros2/include/fixposition_driver_ros2/fixposition_driver_ros2/msg/detail/gnsscorr__type_support.c
-- Up-to-date: /home/lhl/fixposition_driver/install/fixposition_driver_ros2/include/fixposition_driver_ros2/fixposition_driver_ros2/msg/detail/covwarn__rosidl_typesupport_introspection_c.h
-- Up-to-date: /home/lhl/fixposition_driver/install/fixposition_driver_ros2/include/fixposition_driver_ros2/fixposition_driver_ros2/msg/detail/tp__type_support.c
-- Up-to-date: /home/lhl/fixposition_driver/install/fixposition_driver_ros2/include/fixposition_driver_ros2/fixposition_driver_ros2/msg/detail/text__rosidl_typesupport_introspection_c.h
-- Up-to-date: /home/lhl/fixposition_driver/install/fixposition_driver_ros2/include/fixposition_driver_ros2/fixposition_driver_ros2/msg/detail/gnssant__type_support.c
-- Up-to-date: /home/lhl/fixposition_driver/install/fixposition_driver_ros2/include/fixposition_driver_ros2/fixposition_driver_ros2/msg/detail/gpgst__type_support.c
-- Up-to-date: /home/lhl/fixposition_driver/install/fixposition_driver_ros2/include/fixposition_driver_ros2/fixposition_driver_ros2/msg/detail/llh__type_support.c
-- Up-to-date: /home/lhl/fixposition_driver/install/fixposition_driver_ros2/include/fixposition_driver_ros2/fixposition_driver_ros2/msg/detail/gpvtg__type_support.c
-- Up-to-date: /home/lhl/fixposition_driver/install/fixposition_driver_ros2/include/fixposition_driver_ros2/fixposition_driver_ros2/msg/detail/gngsa__rosidl_typesupport_introspection_c.h
-- Up-to-date: /home/lhl/fixposition_driver/install/fixposition_driver_ros2/include/fixposition_driver_ros2/fixposition_driver_ros2/msg/detail/gpgga__rosidl_typesupport_introspection_c.h
-- Up-to-date: /home/lhl/fixposition_driver/install/fixposition_driver_ros2/include/fixposition_driver_ros2/fixposition_driver_ros2/msg/detail/covwarn__type_support.c
-- Up-to-date: /home/lhl/fixposition_driver/install/fixposition_driver_ros2/include/fixposition_driver_ros2/fixposition_driver_ros2/msg/detail/imubias__type_support.c
-- Up-to-date: /home/lhl/fixposition_driver/install/fixposition_driver_ros2/include/fixposition_driver_ros2/fixposition_driver_ros2/msg/detail/gpgll__rosidl_typesupport_introspection_c.h
-- Up-to-date: /home/lhl/fixposition_driver/install/fixposition_driver_ros2/include/fixposition_driver_ros2/fixposition_driver_ros2/msg/detail/odomenu__rosidl_typesupport_introspection_c.h
-- Up-to-date: /home/lhl/fixposition_driver/install/fixposition_driver_ros2/include/fixposition_driver_ros2/fixposition_driver_ros2/msg/detail/odomstatus__type_support.c
-- Up-to-date: /home/lhl/fixposition_driver/install/fixposition_driver_ros2/include/fixposition_driver_ros2/fixposition_driver_ros2/msg/detail/tp__rosidl_typesupport_introspection_c.h
-- Up-to-date: /home/lhl/fixposition_driver/install/fixposition_driver_ros2/include/fixposition_driver_ros2/fixposition_driver_ros2/msg/detail/gnsssats__type_support.c
-- Up-to-date: /home/lhl/fixposition_driver/install/fixposition_driver_ros2/include/fixposition_driver_ros2/fixposition_driver_ros2/msg/detail/speed__type_support.c
-- Up-to-date: /home/lhl/fixposition_driver/install/fixposition_driver_ros2/include/fixposition_driver_ros2/fixposition_driver_ros2/msg/detail/gngsa__type_support.c
-- Up-to-date: /home/lhl/fixposition_driver/install/fixposition_driver_ros2/include/fixposition_driver_ros2/fixposition_driver_ros2/msg/detail/gpgga__type_support.c
-- Up-to-date: /home/lhl/fixposition_driver/install/fixposition_driver_ros2/include/fixposition_driver_ros2/fixposition_driver_ros2/msg/detail/gnssant__rosidl_typesupport_introspection_c.h
-- Up-to-date: /home/lhl/fixposition_driver/install/fixposition_driver_ros2/include/fixposition_driver_ros2/fixposition_driver_ros2/msg/detail/gpgst__rosidl_typesupport_introspection_c.h
-- Up-to-date: /home/lhl/fixposition_driver/install/fixposition_driver_ros2/include/fixposition_driver_ros2/fixposition_driver_ros2/msg/detail/gphdt__type_support.c
-- Up-to-date: /home/lhl/fixposition_driver/install/fixposition_driver_ros2/include/fixposition_driver_ros2/fixposition_driver_ros2/msg/detail/odomenu__type_support.c
-- Up-to-date: /home/lhl/fixposition_driver/install/fixposition_driver_ros2/include/fixposition_driver_ros2/fixposition_driver_ros2/msg/detail/gpvtg__rosidl_typesupport_introspection_c.h
-- Up-to-date: /home/lhl/fixposition_driver/install/fixposition_driver_ros2/include/fixposition_driver_ros2/fixposition_driver_ros2/msg/detail/llh__rosidl_typesupport_introspection_c.h
-- Up-to-date: /home/lhl/fixposition_driver/install/fixposition_driver_ros2/include/fixposition_driver_ros2/fixposition_driver_ros2/msg/detail/gpzda__rosidl_typesupport_introspection_c.h
-- Up-to-date: /home/lhl/fixposition_driver/install/fixposition_driver_ros2/include/fixposition_driver_ros2/fixposition_driver_ros2/msg/detail/eoe__type_support.c
-- Up-to-date: /home/lhl/fixposition_driver/install/fixposition_driver_ros2/include/fixposition_driver_ros2/fixposition_driver_ros2/msg/detail/gphdt__rosidl_typesupport_introspection_c.h
-- Up-to-date: /home/lhl/fixposition_driver/install/fixposition_driver_ros2/include/fixposition_driver_ros2/fixposition_driver_ros2/msg/detail/odometry__type_support.c
-- Up-to-date: /home/lhl/fixposition_driver/install/fixposition_driver_ros2/include/fixposition_driver_ros2/fixposition_driver_ros2/msg/rosidl_typesupport_introspection_c__visibility_control.h
-- Up-to-date: /home/lhl/fixposition_driver/install/fixposition_driver_ros2/lib/libfixposition_driver_ros2__rosidl_typesupport_introspection_c.so
-- Up-to-date: /home/lhl/fixposition_driver/install/fixposition_driver_ros2/lib/libfixposition_driver_ros2__rosidl_typesupport_c.so
-- Up-to-date: /home/lhl/fixposition_driver/install/fixposition_driver_ros2/include/fixposition_driver_ros2/fixposition_driver_ros2
-- Up-to-date: /home/lhl/fixposition_driver/install/fixposition_driver_ros2/include/fixposition_driver_ros2/fixposition_driver_ros2/msg
-- Up-to-date: /home/lhl/fixposition_driver/install/fixposition_driver_ros2/include/fixposition_driver_ros2/fixposition_driver_ros2/msg/detail
-- Up-to-date: /home/lhl/fixposition_driver/install/fixposition_driver_ros2/include/fixposition_driver_ros2/fixposition_driver_ros2/msg/detail/gxgsv__rosidl_typesupport_introspection_cpp.hpp
-- Up-to-date: /home/lhl/fixposition_driver/install/fixposition_driver_ros2/include/fixposition_driver_ros2/fixposition_driver_ros2/msg/detail/wheel_sensor__type_support.cpp
-- Up-to-date: /home/lhl/fixposition_driver/install/fixposition_driver_ros2/include/fixposition_driver_ros2/fixposition_driver_ros2/msg/detail/odomenu__rosidl_typesupport_introspection_cpp.hpp
-- Up-to-date: /home/lhl/fixposition_driver/install/fixposition_driver_ros2/include/fixposition_driver_ros2/fixposition_driver_ros2/msg/detail/gprmc__rosidl_typesupport_introspection_cpp.hpp
-- Up-to-date: /home/lhl/fixposition_driver/install/fixposition_driver_ros2/include/fixposition_driver_ros2/fixposition_driver_ros2/msg/detail/gnsscorr__rosidl_typesupport_introspection_cpp.hpp
-- Up-to-date: /home/lhl/fixposition_driver/install/fixposition_driver_ros2/include/fixposition_driver_ros2/fixposition_driver_ros2/msg/detail/gphdt__type_support.cpp
-- Up-to-date: /home/lhl/fixposition_driver/install/fixposition_driver_ros2/include/fixposition_driver_ros2/fixposition_driver_ros2/msg/detail/odometry__rosidl_typesupport_introspection_cpp.hpp
-- Up-to-date: /home/lhl/fixposition_driver/install/fixposition_driver_ros2/include/fixposition_driver_ros2/fixposition_driver_ros2/msg/detail/gpvtg__type_support.cpp
-- Up-to-date: /home/lhl/fixposition_driver/install/fixposition_driver_ros2/include/fixposition_driver_ros2/fixposition_driver_ros2/msg/detail/covwarn__type_support.cpp
-- Up-to-date: /home/lhl/fixposition_driver/install/fixposition_driver_ros2/include/fixposition_driver_ros2/fixposition_driver_ros2/msg/detail/imubias__type_support.cpp
-- Up-to-date: /home/lhl/fixposition_driver/install/fixposition_driver_ros2/include/fixposition_driver_ros2/fixposition_driver_ros2/msg/detail/odomenu__type_support.cpp
-- Up-to-date: /home/lhl/fixposition_driver/install/fixposition_driver_ros2/include/fixposition_driver_ros2/fixposition_driver_ros2/msg/detail/odomstatus__rosidl_typesupport_introspection_cpp.hpp
-- Up-to-date: /home/lhl/fixposition_driver/install/fixposition_driver_ros2/include/fixposition_driver_ros2/fixposition_driver_ros2/msg/detail/wheel_sensor__rosidl_typesupport_introspection_cpp.hpp
-- Up-to-date: /home/lhl/fixposition_driver/install/fixposition_driver_ros2/include/fixposition_driver_ros2/fixposition_driver_ros2/msg/detail/nmea__type_support.cpp
-- Up-to-date: /home/lhl/fixposition_driver/install/fixposition_driver_ros2/include/fixposition_driver_ros2/fixposition_driver_ros2/msg/detail/text__type_support.cpp
-- Up-to-date: /home/lhl/fixposition_driver/install/fixposition_driver_ros2/include/fixposition_driver_ros2/fixposition_driver_ros2/msg/detail/gnssant__rosidl_typesupport_introspection_cpp.hpp
-- Up-to-date: /home/lhl/fixposition_driver/install/fixposition_driver_ros2/include/fixposition_driver_ros2/fixposition_driver_ros2/msg/detail/gnssant__type_support.cpp
-- Up-to-date: /home/lhl/fixposition_driver/install/fixposition_driver_ros2/include/fixposition_driver_ros2/fixposition_driver_ros2/msg/detail/gngsa__rosidl_typesupport_introspection_cpp.hpp
-- Up-to-date: /home/lhl/fixposition_driver/install/fixposition_driver_ros2/include/fixposition_driver_ros2/fixposition_driver_ros2/msg/detail/eoe__type_support.cpp
-- Up-to-date: /home/lhl/fixposition_driver/install/fixposition_driver_ros2/include/fixposition_driver_ros2/fixposition_driver_ros2/msg/detail/gphdt__rosidl_typesupport_introspection_cpp.hpp
-- Up-to-date: /home/lhl/fixposition_driver/install/fixposition_driver_ros2/include/fixposition_driver_ros2/fixposition_driver_ros2/msg/detail/gpgga__type_support.cpp
-- Up-to-date: /home/lhl/fixposition_driver/install/fixposition_driver_ros2/include/fixposition_driver_ros2/fixposition_driver_ros2/msg/detail/imubias__rosidl_typesupport_introspection_cpp.hpp
-- Up-to-date: /home/lhl/fixposition_driver/install/fixposition_driver_ros2/include/fixposition_driver_ros2/fixposition_driver_ros2/msg/detail/gpgll__rosidl_typesupport_introspection_cpp.hpp
-- Up-to-date: /home/lhl/fixposition_driver/install/fixposition_driver_ros2/include/fixposition_driver_ros2/fixposition_driver_ros2/msg/detail/gpgst__type_support.cpp
-- Up-to-date: /home/lhl/fixposition_driver/install/fixposition_driver_ros2/include/fixposition_driver_ros2/fixposition_driver_ros2/msg/detail/gpgst__rosidl_typesupport_introspection_cpp.hpp
-- Up-to-date: /home/lhl/fixposition_driver/install/fixposition_driver_ros2/include/fixposition_driver_ros2/fixposition_driver_ros2/msg/detail/odometry__type_support.cpp
-- Up-to-date: /home/lhl/fixposition_driver/install/fixposition_driver_ros2/include/fixposition_driver_ros2/fixposition_driver_ros2/msg/detail/speed__type_support.cpp
-- Up-to-date: /home/lhl/fixposition_driver/install/fixposition_driver_ros2/include/fixposition_driver_ros2/fixposition_driver_ros2/msg/detail/gpzda__type_support.cpp
-- Up-to-date: /home/lhl/fixposition_driver/install/fixposition_driver_ros2/include/fixposition_driver_ros2/fixposition_driver_ros2/msg/detail/eoe__rosidl_typesupport_introspection_cpp.hpp
-- Up-to-date: /home/lhl/fixposition_driver/install/fixposition_driver_ros2/include/fixposition_driver_ros2/fixposition_driver_ros2/msg/detail/llh__rosidl_typesupport_introspection_cpp.hpp
-- Up-to-date: /home/lhl/fixposition_driver/install/fixposition_driver_ros2/include/fixposition_driver_ros2/fixposition_driver_ros2/msg/detail/speed__rosidl_typesupport_introspection_cpp.hpp
-- Up-to-date: /home/lhl/fixposition_driver/install/fixposition_driver_ros2/include/fixposition_driver_ros2/fixposition_driver_ros2/msg/detail/odomsh__rosidl_typesupport_introspection_cpp.hpp
-- Up-to-date: /home/lhl/fixposition_driver/install/fixposition_driver_ros2/include/fixposition_driver_ros2/fixposition_driver_ros2/msg/detail/covwarn__rosidl_typesupport_introspection_cpp.hpp
-- Up-to-date: /home/lhl/fixposition_driver/install/fixposition_driver_ros2/include/fixposition_driver_ros2/fixposition_driver_ros2/msg/detail/gngsa__type_support.cpp
-- Up-to-date: /home/lhl/fixposition_driver/install/fixposition_driver_ros2/include/fixposition_driver_ros2/fixposition_driver_ros2/msg/detail/llh__type_support.cpp
-- Up-to-date: /home/lhl/fixposition_driver/install/fixposition_driver_ros2/include/fixposition_driver_ros2/fixposition_driver_ros2/msg/detail/gpvtg__rosidl_typesupport_introspection_cpp.hpp
-- Up-to-date: /home/lhl/fixposition_driver/install/fixposition_driver_ros2/include/fixposition_driver_ros2/fixposition_driver_ros2/msg/detail/gpzda__rosidl_typesupport_introspection_cpp.hpp
-- Up-to-date: /home/lhl/fixposition_driver/install/fixposition_driver_ros2/include/fixposition_driver_ros2/fixposition_driver_ros2/msg/detail/gnsssats__rosidl_typesupport_introspection_cpp.hpp
-- Up-to-date: /home/lhl/fixposition_driver/install/fixposition_driver_ros2/include/fixposition_driver_ros2/fixposition_driver_ros2/msg/detail/gnsscorr__type_support.cpp
-- Up-to-date: /home/lhl/fixposition_driver/install/fixposition_driver_ros2/include/fixposition_driver_ros2/fixposition_driver_ros2/msg/detail/gnsssats__type_support.cpp
-- Up-to-date: /home/lhl/fixposition_driver/install/fixposition_driver_ros2/include/fixposition_driver_ros2/fixposition_driver_ros2/msg/detail/gxgsv__type_support.cpp
-- Up-to-date: /home/lhl/fixposition_driver/install/fixposition_driver_ros2/include/fixposition_driver_ros2/fixposition_driver_ros2/msg/detail/text__rosidl_typesupport_introspection_cpp.hpp
-- Up-to-date: /home/lhl/fixposition_driver/install/fixposition_driver_ros2/include/fixposition_driver_ros2/fixposition_driver_ros2/msg/detail/gpgga__rosidl_typesupport_introspection_cpp.hpp
-- Up-to-date: /home/lhl/fixposition_driver/install/fixposition_driver_ros2/include/fixposition_driver_ros2/fixposition_driver_ros2/msg/detail/nmea__rosidl_typesupport_introspection_cpp.hpp
-- Up-to-date: /home/lhl/fixposition_driver/install/fixposition_driver_ros2/include/fixposition_driver_ros2/fixposition_driver_ros2/msg/detail/gpgll__type_support.cpp
-- Up-to-date: /home/lhl/fixposition_driver/install/fixposition_driver_ros2/include/fixposition_driver_ros2/fixposition_driver_ros2/msg/detail/odomsh__type_support.cpp
-- Up-to-date: /home/lhl/fixposition_driver/install/fixposition_driver_ros2/include/fixposition_driver_ros2/fixposition_driver_ros2/msg/detail/odomstatus__type_support.cpp
-- Up-to-date: /home/lhl/fixposition_driver/install/fixposition_driver_ros2/include/fixposition_driver_ros2/fixposition_driver_ros2/msg/detail/gprmc__type_support.cpp
-- Up-to-date: /home/lhl/fixposition_driver/install/fixposition_driver_ros2/include/fixposition_driver_ros2/fixposition_driver_ros2/msg/detail/tp__type_support.cpp
-- Up-to-date: /home/lhl/fixposition_driver/install/fixposition_driver_ros2/include/fixposition_driver_ros2/fixposition_driver_ros2/msg/detail/tp__rosidl_typesupport_introspection_cpp.hpp
-- Up-to-date: /home/lhl/fixposition_driver/install/fixposition_driver_ros2/lib/libfixposition_driver_ros2__rosidl_typesupport_introspection_cpp.so
-- Up-to-date: /home/lhl/fixposition_driver/install/fixposition_driver_ros2/lib/libfixposition_driver_ros2__rosidl_typesupport_cpp.so
-- Up-to-date: /home/lhl/fixposition_driver/install/fixposition_driver_ros2/share/fixposition_driver_ros2/environment/pythonpath.sh
-- Up-to-date: /home/lhl/fixposition_driver/install/fixposition_driver_ros2/share/fixposition_driver_ros2/environment/pythonpath.dsv
-- Up-to-date: /home/lhl/fixposition_driver/install/fixposition_driver_ros2/local/lib/python3.10/dist-packages/fixposition_driver_ros2-5.0.0-py3.10.egg-info
-- Installing: /home/lhl/fixposition_driver/install/fixposition_driver_ros2/local/lib/python3.10/dist-packages/fixposition_driver_ros2-5.0.0-py3.10.egg-info/dependency_links.txt
-- Installing: /home/lhl/fixposition_driver/install/fixposition_driver_ros2/local/lib/python3.10/dist-packages/fixposition_driver_ros2-5.0.0-py3.10.egg-info/PKG-INFO
-- Installing: /home/lhl/fixposition_driver/install/fixposition_driver_ros2/local/lib/python3.10/dist-packages/fixposition_driver_ros2-5.0.0-py3.10.egg-info/top_level.txt
-- Installing: /home/lhl/fixposition_driver/install/fixposition_driver_ros2/local/lib/python3.10/dist-packages/fixposition_driver_ros2-5.0.0-py3.10.egg-info/SOURCES.txt
-- Up-to-date: /home/lhl/fixposition_driver/install/fixposition_driver_ros2/local/lib/python3.10/dist-packages/fixposition_driver_ros2
-- Up-to-date: /home/lhl/fixposition_driver/install/fixposition_driver_ros2/local/lib/python3.10/dist-packages/fixposition_driver_ros2/fixposition_driver_ros2_s__rosidl_typesupport_c.cpython-310-aarch64-linux-gnu.so
-- Up-to-date: /home/lhl/fixposition_driver/install/fixposition_driver_ros2/local/lib/python3.10/dist-packages/fixposition_driver_ros2/fixposition_driver_ros2_s__rosidl_typesupport_introspection_c.cpython-310-aarch64-linux-gnu.so
-- Up-to-date: /home/lhl/fixposition_driver/install/fixposition_driver_ros2/local/lib/python3.10/dist-packages/fixposition_driver_ros2/_fixposition_driver_ros2_s.ep.rosidl_typesupport_introspection_c.c
-- Up-to-date: /home/lhl/fixposition_driver/install/fixposition_driver_ros2/local/lib/python3.10/dist-packages/fixposition_driver_ros2/msg
-- Up-to-date: /home/lhl/fixposition_driver/install/fixposition_driver_ros2/local/lib/python3.10/dist-packages/fixposition_driver_ros2/msg/_gngsa.py
-- Up-to-date: /home/lhl/fixposition_driver/install/fixposition_driver_ros2/local/lib/python3.10/dist-packages/fixposition_driver_ros2/msg/_gpvtg_s.c
-- Up-to-date: /home/lhl/fixposition_driver/install/fixposition_driver_ros2/local/lib/python3.10/dist-packages/fixposition_driver_ros2/msg/_odomstatus.py
-- Up-to-date: /home/lhl/fixposition_driver/install/fixposition_driver_ros2/local/lib/python3.10/dist-packages/fixposition_driver_ros2/msg/_gpgst.py
-- Up-to-date: /home/lhl/fixposition_driver/install/fixposition_driver_ros2/local/lib/python3.10/dist-packages/fixposition_driver_ros2/msg/_odometry.py
-- Up-to-date: /home/lhl/fixposition_driver/install/fixposition_driver_ros2/local/lib/python3.10/dist-packages/fixposition_driver_ros2/msg/_gpvtg.py
-- Up-to-date: /home/lhl/fixposition_driver/install/fixposition_driver_ros2/local/lib/python3.10/dist-packages/fixposition_driver_ros2/msg/_gpgll.py
-- Up-to-date: /home/lhl/fixposition_driver/install/fixposition_driver_ros2/local/lib/python3.10/dist-packages/fixposition_driver_ros2/msg/_imubias.py
-- Up-to-date: /home/lhl/fixposition_driver/install/fixposition_driver_ros2/local/lib/python3.10/dist-packages/fixposition_driver_ros2/msg/_gpgga.py
-- Up-to-date: /home/lhl/fixposition_driver/install/fixposition_driver_ros2/local/lib/python3.10/dist-packages/fixposition_driver_ros2/msg/_gnsssats_s.c
-- Up-to-date: /home/lhl/fixposition_driver/install/fixposition_driver_ros2/local/lib/python3.10/dist-packages/fixposition_driver_ros2/msg/_gnssant_s.c
-- Up-to-date: /home/lhl/fixposition_driver/install/fixposition_driver_ros2/local/lib/python3.10/dist-packages/fixposition_driver_ros2/msg/_odomenu_s.c
-- Up-to-date: /home/lhl/fixposition_driver/install/fixposition_driver_ros2/local/lib/python3.10/dist-packages/fixposition_driver_ros2/msg/_gpgga_s.c
-- Up-to-date: /home/lhl/fixposition_driver/install/fixposition_driver_ros2/local/lib/python3.10/dist-packages/fixposition_driver_ros2/msg/_wheel_sensor.py
-- Up-to-date: /home/lhl/fixposition_driver/install/fixposition_driver_ros2/local/lib/python3.10/dist-packages/fixposition_driver_ros2/msg/_gprmc_s.c
-- Up-to-date: /home/lhl/fixposition_driver/install/fixposition_driver_ros2/local/lib/python3.10/dist-packages/fixposition_driver_ros2/msg/_text.py
-- Up-to-date: /home/lhl/fixposition_driver/install/fixposition_driver_ros2/local/lib/python3.10/dist-packages/fixposition_driver_ros2/msg/_odomsh.py
-- Up-to-date: /home/lhl/fixposition_driver/install/fixposition_driver_ros2/local/lib/python3.10/dist-packages/fixposition_driver_ros2/msg/_odomstatus_s.c
-- Up-to-date: /home/lhl/fixposition_driver/install/fixposition_driver_ros2/local/lib/python3.10/dist-packages/fixposition_driver_ros2/msg/_nmea.py
-- Up-to-date: /home/lhl/fixposition_driver/install/fixposition_driver_ros2/local/lib/python3.10/dist-packages/fixposition_driver_ros2/msg/_imubias_s.c
-- Up-to-date: /home/lhl/fixposition_driver/install/fixposition_driver_ros2/local/lib/python3.10/dist-packages/fixposition_driver_ros2/msg/_gnsscorr.py
-- Up-to-date: /home/lhl/fixposition_driver/install/fixposition_driver_ros2/local/lib/python3.10/dist-packages/fixposition_driver_ros2/msg/_gprmc.py
-- Up-to-date: /home/lhl/fixposition_driver/install/fixposition_driver_ros2/local/lib/python3.10/dist-packages/fixposition_driver_ros2/msg/_gngsa_s.c
-- Up-to-date: /home/lhl/fixposition_driver/install/fixposition_driver_ros2/local/lib/python3.10/dist-packages/fixposition_driver_ros2/msg/_speed_s.c
-- Up-to-date: /home/lhl/fixposition_driver/install/fixposition_driver_ros2/local/lib/python3.10/dist-packages/fixposition_driver_ros2/msg/_eoe_s.c
-- Up-to-date: /home/lhl/fixposition_driver/install/fixposition_driver_ros2/local/lib/python3.10/dist-packages/fixposition_driver_ros2/msg/_eoe.py
-- Up-to-date: /home/lhl/fixposition_driver/install/fixposition_driver_ros2/local/lib/python3.10/dist-packages/fixposition_driver_ros2/msg/_nmea_s.c
-- Up-to-date: /home/lhl/fixposition_driver/install/fixposition_driver_ros2/local/lib/python3.10/dist-packages/fixposition_driver_ros2/msg/_odometry_s.c
-- Up-to-date: /home/lhl/fixposition_driver/install/fixposition_driver_ros2/local/lib/python3.10/dist-packages/fixposition_driver_ros2/msg/__init__.py
-- Up-to-date: /home/lhl/fixposition_driver/install/fixposition_driver_ros2/local/lib/python3.10/dist-packages/fixposition_driver_ros2/msg/_llh.py
-- Up-to-date: /home/lhl/fixposition_driver/install/fixposition_driver_ros2/local/lib/python3.10/dist-packages/fixposition_driver_ros2/msg/_llh_s.c
-- Up-to-date: /home/lhl/fixposition_driver/install/fixposition_driver_ros2/local/lib/python3.10/dist-packages/fixposition_driver_ros2/msg/_gnsscorr_s.c
-- Up-to-date: /home/lhl/fixposition_driver/install/fixposition_driver_ros2/local/lib/python3.10/dist-packages/fixposition_driver_ros2/msg/_gphdt_s.c
-- Up-to-date: /home/lhl/fixposition_driver/install/fixposition_driver_ros2/local/lib/python3.10/dist-packages/fixposition_driver_ros2/msg/_tp_s.c
-- Up-to-date: /home/lhl/fixposition_driver/install/fixposition_driver_ros2/local/lib/python3.10/dist-packages/fixposition_driver_ros2/msg/_gpzda.py
-- Up-to-date: /home/lhl/fixposition_driver/install/fixposition_driver_ros2/local/lib/python3.10/dist-packages/fixposition_driver_ros2/msg/_covwarn_s.c
-- Up-to-date: /home/lhl/fixposition_driver/install/fixposition_driver_ros2/local/lib/python3.10/dist-packages/fixposition_driver_ros2/msg/_covwarn.py
-- Up-to-date: /home/lhl/fixposition_driver/install/fixposition_driver_ros2/local/lib/python3.10/dist-packages/fixposition_driver_ros2/msg/_gxgsv.py
-- Up-to-date: /home/lhl/fixposition_driver/install/fixposition_driver_ros2/local/lib/python3.10/dist-packages/fixposition_driver_ros2/msg/_gnsssats.py
-- Up-to-date: /home/lhl/fixposition_driver/install/fixposition_driver_ros2/local/lib/python3.10/dist-packages/fixposition_driver_ros2/msg/_odomenu.py
-- Up-to-date: /home/lhl/fixposition_driver/install/fixposition_driver_ros2/local/lib/python3.10/dist-packages/fixposition_driver_ros2/msg/_gpgst_s.c
-- Up-to-date: /home/lhl/fixposition_driver/install/fixposition_driver_ros2/local/lib/python3.10/dist-packages/fixposition_driver_ros2/msg/_text_s.c
-- Up-to-date: /home/lhl/fixposition_driver/install/fixposition_driver_ros2/local/lib/python3.10/dist-packages/fixposition_driver_ros2/msg/_odomsh_s.c
-- Up-to-date: /home/lhl/fixposition_driver/install/fixposition_driver_ros2/local/lib/python3.10/dist-packages/fixposition_driver_ros2/msg/_gxgsv_s.c
-- Up-to-date: /home/lhl/fixposition_driver/install/fixposition_driver_ros2/local/lib/python3.10/dist-packages/fixposition_driver_ros2/msg/_speed.py
-- Up-to-date: /home/lhl/fixposition_driver/install/fixposition_driver_ros2/local/lib/python3.10/dist-packages/fixposition_driver_ros2/msg/_gphdt.py
-- Up-to-date: /home/lhl/fixposition_driver/install/fixposition_driver_ros2/local/lib/python3.10/dist-packages/fixposition_driver_ros2/msg/_tp.py
-- Up-to-date: /home/lhl/fixposition_driver/install/fixposition_driver_ros2/local/lib/python3.10/dist-packages/fixposition_driver_ros2/msg/_gpgll_s.c
-- Up-to-date: /home/lhl/fixposition_driver/install/fixposition_driver_ros2/local/lib/python3.10/dist-packages/fixposition_driver_ros2/msg/_gnssant.py
-- Up-to-date: /home/lhl/fixposition_driver/install/fixposition_driver_ros2/local/lib/python3.10/dist-packages/fixposition_driver_ros2/msg/_gpzda_s.c
-- Up-to-date: /home/lhl/fixposition_driver/install/fixposition_driver_ros2/local/lib/python3.10/dist-packages/fixposition_driver_ros2/msg/_wheel_sensor_s.c
-- Up-to-date: /home/lhl/fixposition_driver/install/fixposition_driver_ros2/local/lib/python3.10/dist-packages/fixposition_driver_ros2/__init__.py
-- Up-to-date: /home/lhl/fixposition_driver/install/fixposition_driver_ros2/local/lib/python3.10/dist-packages/fixposition_driver_ros2/libfixposition_driver_ros2__rosidl_generator_py.so
-- Up-to-date: /home/lhl/fixposition_driver/install/fixposition_driver_ros2/local/lib/python3.10/dist-packages/fixposition_driver_ros2/_fixposition_driver_ros2_s.ep.rosidl_typesupport_c.c
-- Up-to-date: /home/lhl/fixposition_driver/install/fixposition_driver_ros2/local/lib/python3.10/dist-packages/fixposition_driver_ros2/fixposition_driver_ros2_s__rosidl_typesupport_fastrtps_c.cpython-310-aarch64-linux-gnu.so
-- Up-to-date: /home/lhl/fixposition_driver/install/fixposition_driver_ros2/local/lib/python3.10/dist-packages/fixposition_driver_ros2/_fixposition_driver_ros2_s.ep.rosidl_typesupport_fastrtps_c.c
Listing '/home/lhl/fixposition_driver/install/fixposition_driver_ros2/local/lib/python3.10/dist-packages/fixposition_driver_ros2'...
Listing '/home/lhl/fixposition_driver/install/fixposition_driver_ros2/local/lib/python3.10/dist-packages/fixposition_driver_ros2/msg'...
-- Up-to-date: /home/lhl/fixposition_driver/install/fixposition_driver_ros2/local/lib/python3.10/dist-packages/fixposition_driver_ros2/fixposition_driver_ros2_s__rosidl_typesupport_fastrtps_c.cpython-310-aarch64-linux-gnu.so
-- Up-to-date: /home/lhl/fixposition_driver/install/fixposition_driver_ros2/local/lib/python3.10/dist-packages/fixposition_driver_ros2/fixposition_driver_ros2_s__rosidl_typesupport_introspection_c.cpython-310-aarch64-linux-gnu.so
-- Up-to-date: /home/lhl/fixposition_driver/install/fixposition_driver_ros2/local/lib/python3.10/dist-packages/fixposition_driver_ros2/fixposition_driver_ros2_s__rosidl_typesupport_c.cpython-310-aarch64-linux-gnu.so
-- Up-to-date: /home/lhl/fixposition_driver/install/fixposition_driver_ros2/lib/libfixposition_driver_ros2__rosidl_generator_py.so
-- Up-to-date: /home/lhl/fixposition_driver/install/fixposition_driver_ros2/share/fixposition_driver_ros2/msg/Speed.idl
-- Up-to-date: /home/lhl/fixposition_driver/install/fixposition_driver_ros2/share/fixposition_driver_ros2/msg/Gnsssats.idl
-- Up-to-date: /home/lhl/fixposition_driver/install/fixposition_driver_ros2/share/fixposition_driver_ros2/msg/NMEA.idl
-- Up-to-date: /home/lhl/fixposition_driver/install/fixposition_driver_ros2/share/fixposition_driver_ros2/msg/WheelSensor.idl
-- Up-to-date: /home/lhl/fixposition_driver/install/fixposition_driver_ros2/share/fixposition_driver_ros2/msg/GNSSANT.idl
-- Up-to-date: /home/lhl/fixposition_driver/install/fixposition_driver_ros2/share/fixposition_driver_ros2/msg/GNSSCORR.idl
-- Up-to-date: /home/lhl/fixposition_driver/install/fixposition_driver_ros2/share/fixposition_driver_ros2/msg/IMUBIAS.idl
-- Up-to-date: /home/lhl/fixposition_driver/install/fixposition_driver_ros2/share/fixposition_driver_ros2/msg/EOE.idl
-- Up-to-date: /home/lhl/fixposition_driver/install/fixposition_driver_ros2/share/fixposition_driver_ros2/msg/LLH.idl
-- Up-to-date: /home/lhl/fixposition_driver/install/fixposition_driver_ros2/share/fixposition_driver_ros2/msg/ODOMENU.idl
-- Up-to-date: /home/lhl/fixposition_driver/install/fixposition_driver_ros2/share/fixposition_driver_ros2/msg/ODOMETRY.idl
-- Up-to-date: /home/lhl/fixposition_driver/install/fixposition_driver_ros2/share/fixposition_driver_ros2/msg/ODOMSH.idl
-- Up-to-date: /home/lhl/fixposition_driver/install/fixposition_driver_ros2/share/fixposition_driver_ros2/msg/ODOMSTATUS.idl
-- Up-to-date: /home/lhl/fixposition_driver/install/fixposition_driver_ros2/share/fixposition_driver_ros2/msg/TEXT.idl
-- Up-to-date: /home/lhl/fixposition_driver/install/fixposition_driver_ros2/share/fixposition_driver_ros2/msg/TP.idl
-- Up-to-date: /home/lhl/fixposition_driver/install/fixposition_driver_ros2/share/fixposition_driver_ros2/msg/GPGGA.idl
-- Up-to-date: /home/lhl/fixposition_driver/install/fixposition_driver_ros2/share/fixposition_driver_ros2/msg/GPGLL.idl
-- Up-to-date: /home/lhl/fixposition_driver/install/fixposition_driver_ros2/share/fixposition_driver_ros2/msg/GNGSA.idl
-- Up-to-date: /home/lhl/fixposition_driver/install/fixposition_driver_ros2/share/fixposition_driver_ros2/msg/GPGST.idl
-- Up-to-date: /home/lhl/fixposition_driver/install/fixposition_driver_ros2/share/fixposition_driver_ros2/msg/GXGSV.idl
-- Up-to-date: /home/lhl/fixposition_driver/install/fixposition_driver_ros2/share/fixposition_driver_ros2/msg/GPHDT.idl
-- Up-to-date: /home/lhl/fixposition_driver/install/fixposition_driver_ros2/share/fixposition_driver_ros2/msg/GPRMC.idl
-- Up-to-date: /home/lhl/fixposition_driver/install/fixposition_driver_ros2/share/fixposition_driver_ros2/msg/GPVTG.idl
-- Up-to-date: /home/lhl/fixposition_driver/install/fixposition_driver_ros2/share/fixposition_driver_ros2/msg/GPZDA.idl
-- Up-to-date: /home/lhl/fixposition_driver/install/fixposition_driver_ros2/share/fixposition_driver_ros2/msg/COVWARN.idl
-- Up-to-date: /home/lhl/fixposition_driver/install/fixposition_driver_ros2/share/fixposition_driver_ros2/msg/Speed.msg
-- Up-to-date: /home/lhl/fixposition_driver/install/fixposition_driver_ros2/share/fixposition_driver_ros2/msg/Gnsssats.msg
-- Up-to-date: /home/lhl/fixposition_driver/install/fixposition_driver_ros2/share/fixposition_driver_ros2/msg/NMEA.msg
-- Up-to-date: /home/lhl/fixposition_driver/install/fixposition_driver_ros2/share/fixposition_driver_ros2/msg/WheelSensor.msg
-- Up-to-date: /home/lhl/fixposition_driver/install/fixposition_driver_ros2/share/fixposition_driver_ros2/fpa/GNSSANT.msg
-- Up-to-date: /home/lhl/fixposition_driver/install/fixposition_driver_ros2/share/fixposition_driver_ros2/fpa/GNSSCORR.msg
-- Up-to-date: /home/lhl/fixposition_driver/install/fixposition_driver_ros2/share/fixposition_driver_ros2/fpa/IMUBIAS.msg
-- Up-to-date: /home/lhl/fixposition_driver/install/fixposition_driver_ros2/share/fixposition_driver_ros2/fpa/EOE.msg
-- Up-to-date: /home/lhl/fixposition_driver/install/fixposition_driver_ros2/share/fixposition_driver_ros2/fpa/LLH.msg
-- Up-to-date: /home/lhl/fixposition_driver/install/fixposition_driver_ros2/share/fixposition_driver_ros2/fpa/ODOMENU.msg
-- Up-to-date: /home/lhl/fixposition_driver/install/fixposition_driver_ros2/share/fixposition_driver_ros2/fpa/ODOMETRY.msg
-- Up-to-date: /home/lhl/fixposition_driver/install/fixposition_driver_ros2/share/fixposition_driver_ros2/fpa/ODOMSH.msg
-- Up-to-date: /home/lhl/fixposition_driver/install/fixposition_driver_ros2/share/fixposition_driver_ros2/fpa/ODOMSTATUS.msg
-- Up-to-date: /home/lhl/fixposition_driver/install/fixposition_driver_ros2/share/fixposition_driver_ros2/fpa/TEXT.msg
-- Up-to-date: /home/lhl/fixposition_driver/install/fixposition_driver_ros2/share/fixposition_driver_ros2/fpa/TP.msg
-- Up-to-date: /home/lhl/fixposition_driver/install/fixposition_driver_ros2/share/fixposition_driver_ros2/nmea/GPGGA.msg
-- Up-to-date: /home/lhl/fixposition_driver/install/fixposition_driver_ros2/share/fixposition_driver_ros2/nmea/GPGLL.msg
-- Up-to-date: /home/lhl/fixposition_driver/install/fixposition_driver_ros2/share/fixposition_driver_ros2/nmea/GNGSA.msg
-- Up-to-date: /home/lhl/fixposition_driver/install/fixposition_driver_ros2/share/fixposition_driver_ros2/nmea/GPGST.msg
-- Up-to-date: /home/lhl/fixposition_driver/install/fixposition_driver_ros2/share/fixposition_driver_ros2/nmea/GXGSV.msg
-- Up-to-date: /home/lhl/fixposition_driver/install/fixposition_driver_ros2/share/fixposition_driver_ros2/nmea/GPHDT.msg
-- Up-to-date: /home/lhl/fixposition_driver/install/fixposition_driver_ros2/share/fixposition_driver_ros2/nmea/GPRMC.msg
-- Up-to-date: /home/lhl/fixposition_driver/install/fixposition_driver_ros2/share/fixposition_driver_ros2/nmea/GPVTG.msg
-- Up-to-date: /home/lhl/fixposition_driver/install/fixposition_driver_ros2/share/fixposition_driver_ros2/nmea/GPZDA.msg
-- Up-to-date: /home/lhl/fixposition_driver/install/fixposition_driver_ros2/share/fixposition_driver_ros2/extras/COVWARN.msg
-- Up-to-date: /home/lhl/fixposition_driver/install/fixposition_driver_ros2/.
-- Up-to-date: /home/lhl/fixposition_driver/install/fixposition_driver_ros2/./fixposition_driver_ros2
-- Up-to-date: /home/lhl/fixposition_driver/install/fixposition_driver_ros2/./fixposition_driver_ros2/ros2_msgs.hpp
-- Up-to-date: /home/lhl/fixposition_driver/install/fixposition_driver_ros2/./fixposition_driver_ros2/params.hpp
-- Up-to-date: /home/lhl/fixposition_driver/install/fixposition_driver_ros2/./fixposition_driver_ros2/fixposition_driver_node.hpp
-- Up-to-date: /home/lhl/fixposition_driver/install/fixposition_driver_ros2/./fixposition_driver_ros2/data_to_ros2.hpp
-- Up-to-date: /home/lhl/fixposition_driver/install/fixposition_driver_ros2/lib/fixposition_driver_ros2/fixposition_driver_ros2_exec
-- Up-to-date: /home/lhl/fixposition_driver/install/fixposition_driver_ros2/share/fixposition_driver_ros2//launch
-- Up-to-date: /home/lhl/fixposition_driver/install/fixposition_driver_ros2/share/fixposition_driver_ros2//launch/serial.yaml
-- Up-to-date: /home/lhl/fixposition_driver/install/fixposition_driver_ros2/share/fixposition_driver_ros2//launch/tcp.launch
-- Up-to-date: /home/lhl/fixposition_driver/install/fixposition_driver_ros2/share/fixposition_driver_ros2//launch/serial.launch
-- Up-to-date: /home/lhl/fixposition_driver/install/fixposition_driver_ros2/share/fixposition_driver_ros2//launch/tcp.yaml
-- Up-to-date: /home/lhl/fixposition_driver/install/fixposition_driver_ros2/share/ament_index/resource_index/package_run_dependencies/fixposition_driver_ros2
-- Up-to-date: /home/lhl/fixposition_driver/install/fixposition_driver_ros2/share/ament_index/resource_index/parent_prefix_path/fixposition_driver_ros2
-- Up-to-date: /home/lhl/fixposition_driver/install/fixposition_driver_ros2/share/fixposition_driver_ros2/environment/ament_prefix_path.sh
-- Up-to-date: /home/lhl/fixposition_driver/install/fixposition_driver_ros2/share/fixposition_driver_ros2/environment/ament_prefix_path.dsv
-- Up-to-date: /home/lhl/fixposition_driver/install/fixposition_driver_ros2/share/fixposition_driver_ros2/environment/path.sh
-- Up-to-date: /home/lhl/fixposition_driver/install/fixposition_driver_ros2/share/fixposition_driver_ros2/environment/path.dsv
-- Up-to-date: /home/lhl/fixposition_driver/install/fixposition_driver_ros2/share/fixposition_driver_ros2/local_setup.bash
-- Up-to-date: /home/lhl/fixposition_driver/install/fixposition_driver_ros2/share/fixposition_driver_ros2/local_setup.sh
-- Up-to-date: /home/lhl/fixposition_driver/install/fixposition_driver_ros2/share/fixposition_driver_ros2/local_setup.zsh
-- Up-to-date: /home/lhl/fixposition_driver/install/fixposition_driver_ros2/share/fixposition_driver_ros2/local_setup.dsv
-- Installing: /home/lhl/fixposition_driver/install/fixposition_driver_ros2/share/fixposition_driver_ros2/package.dsv
-- Up-to-date: /home/lhl/fixposition_driver/install/fixposition_driver_ros2/share/ament_index/resource_index/packages/fixposition_driver_ros2
-- Up-to-date: /home/lhl/fixposition_driver/install/fixposition_driver_ros2/share/fixposition_driver_ros2/cmake/export_fixposition_driver_ros2__rosidl_generator_cExport.cmake
-- Up-to-date: /home/lhl/fixposition_driver/install/fixposition_driver_ros2/share/fixposition_driver_ros2/cmake/export_fixposition_driver_ros2__rosidl_generator_cExport-release.cmake
-- Up-to-date: /home/lhl/fixposition_driver/install/fixposition_driver_ros2/share/fixposition_driver_ros2/cmake/export_fixposition_driver_ros2__rosidl_typesupport_fastrtps_cExport.cmake
-- Up-to-date: /home/lhl/fixposition_driver/install/fixposition_driver_ros2/share/fixposition_driver_ros2/cmake/export_fixposition_driver_ros2__rosidl_typesupport_fastrtps_cExport-release.cmake
-- Up-to-date: /home/lhl/fixposition_driver/install/fixposition_driver_ros2/share/fixposition_driver_ros2/cmake/export_fixposition_driver_ros2__rosidl_generator_cppExport.cmake
-- Up-to-date: /home/lhl/fixposition_driver/install/fixposition_driver_ros2/share/fixposition_driver_ros2/cmake/export_fixposition_driver_ros2__rosidl_typesupport_fastrtps_cppExport.cmake
-- Up-to-date: /home/lhl/fixposition_driver/install/fixposition_driver_ros2/share/fixposition_driver_ros2/cmake/export_fixposition_driver_ros2__rosidl_typesupport_fastrtps_cppExport-release.cmake
-- Up-to-date: /home/lhl/fixposition_driver/install/fixposition_driver_ros2/share/fixposition_driver_ros2/cmake/fixposition_driver_ros2__rosidl_typesupport_introspection_cExport.cmake
-- Up-to-date: /home/lhl/fixposition_driver/install/fixposition_driver_ros2/share/fixposition_driver_ros2/cmake/fixposition_driver_ros2__rosidl_typesupport_introspection_cExport-release.cmake
-- Up-to-date: /home/lhl/fixposition_driver/install/fixposition_driver_ros2/share/fixposition_driver_ros2/cmake/fixposition_driver_ros2__rosidl_typesupport_cExport.cmake
-- Up-to-date: /home/lhl/fixposition_driver/install/fixposition_driver_ros2/share/fixposition_driver_ros2/cmake/fixposition_driver_ros2__rosidl_typesupport_cExport-release.cmake
-- Up-to-date: /home/lhl/fixposition_driver/install/fixposition_driver_ros2/share/fixposition_driver_ros2/cmake/fixposition_driver_ros2__rosidl_typesupport_introspection_cppExport.cmake
-- Up-to-date: /home/lhl/fixposition_driver/install/fixposition_driver_ros2/share/fixposition_driver_ros2/cmake/fixposition_driver_ros2__rosidl_typesupport_introspection_cppExport-release.cmake
-- Up-to-date: /home/lhl/fixposition_driver/install/fixposition_driver_ros2/share/fixposition_driver_ros2/cmake/fixposition_driver_ros2__rosidl_typesupport_cppExport.cmake
-- Up-to-date: /home/lhl/fixposition_driver/install/fixposition_driver_ros2/share/fixposition_driver_ros2/cmake/fixposition_driver_ros2__rosidl_typesupport_cppExport-release.cmake
-- Up-to-date: /home/lhl/fixposition_driver/install/fixposition_driver_ros2/share/fixposition_driver_ros2/cmake/export_fixposition_driver_ros2__rosidl_generator_pyExport.cmake
-- Up-to-date: /home/lhl/fixposition_driver/install/fixposition_driver_ros2/share/fixposition_driver_ros2/cmake/export_fixposition_driver_ros2__rosidl_generator_pyExport-release.cmake
-- Up-to-date: /home/lhl/fixposition_driver/install/fixposition_driver_ros2/share/fixposition_driver_ros2/cmake/rosidl_cmake-extras.cmake
-- Up-to-date: /home/lhl/fixposition_driver/install/fixposition_driver_ros2/share/fixposition_driver_ros2/cmake/ament_cmake_export_dependencies-extras.cmake
-- Up-to-date: /home/lhl/fixposition_driver/install/fixposition_driver_ros2/share/fixposition_driver_ros2/cmake/ament_cmake_export_include_directories-extras.cmake
-- Up-to-date: /home/lhl/fixposition_driver/install/fixposition_driver_ros2/share/fixposition_driver_ros2/cmake/ament_cmake_export_libraries-extras.cmake
-- Up-to-date: /home/lhl/fixposition_driver/install/fixposition_driver_ros2/share/fixposition_driver_ros2/cmake/ament_cmake_export_targets-extras.cmake
-- Up-to-date: /home/lhl/fixposition_driver/install/fixposition_driver_ros2/share/fixposition_driver_ros2/cmake/rosidl_cmake_export_typesupport_targets-extras.cmake
-- Up-to-date: /home/lhl/fixposition_driver/install/fixposition_driver_ros2/share/fixposition_driver_ros2/cmake/rosidl_cmake_export_typesupport_libraries-extras.cmake
-- Up-to-date: /home/lhl/fixposition_driver/install/fixposition_driver_ros2/share/fixposition_driver_ros2/cmake/fixposition_driver_ros2Config.cmake
-- Up-to-date: /home/lhl/fixposition_driver/install/fixposition_driver_ros2/share/fixposition_driver_ros2/cmake/fixposition_driver_ros2Config-version.cmake
-- Up-to-date: /home/lhl/fixposition_driver/install/fixposition_driver_ros2/share/fixposition_driver_ros2/package.xml
