[0.031s] Invoking command in '/home/lhl/fixposition_driver/build/rtcm_msgs': CMAKE_PREFIX_PATH=${CMAKE_PREFIX_PATH}:/home/lhl/fixposition_driver/install/fixposition_extractor:/opt/ros/humble /usr/bin/cmake --build /home/lhl/fixposition_driver/build/rtcm_msgs -- -j8 -l8
[0.148s] [  3%] Built target rtcm_msgs__cpp
[0.155s] [ 12%] Built target rtcm_msgs__rosidl_generator_c
[0.182s] [ 12%] Built target ament_cmake_python_copy_rtcm_msgs
[0.195s] [ 41%] Built target rtcm_msgs__rosidl_typesupport_introspection_cpp
[0.195s] [ 41%] Built target rtcm_msgs__rosidl_typesupport_cpp
[0.195s] [ 41%] Built target rtcm_msgs__rosidl_typesupport_fastrtps_cpp
[0.214s] [ 54%] Built target rtcm_msgs__rosidl_typesupport_fastrtps_c
[0.215s] [ 64%] Built target rtcm_msgs__rosidl_typesupport_c
[0.217s] [ 70%] Built target rtcm_msgs__rosidl_typesupport_introspection_c
[0.262s] [ 70%] Built target rtcm_msgs
[0.304s] [ 74%] Built target rtcm_msgs__py
[0.351s] [ 80%] Built target rtcm_msgs__rosidl_generator_py
[0.397s] [ 87%] Built target rtcm_msgs__rosidl_typesupport_c__pyext
[0.401s] [ 93%] Built target rtcm_msgs__rosidl_typesupport_fastrtps_c__pyext
[0.401s] [100%] Built target rtcm_msgs__rosidl_typesupport_introspection_c__pyext
[0.735s] running egg_info
[0.736s] writing rtcm_msgs.egg-info/PKG-INFO
[0.737s] writing dependency_links to rtcm_msgs.egg-info/dependency_links.txt
[0.737s] writing top-level names to rtcm_msgs.egg-info/top_level.txt
[0.742s] reading manifest file 'rtcm_msgs.egg-info/SOURCES.txt'
[0.743s] writing manifest file 'rtcm_msgs.egg-info/SOURCES.txt'
[0.823s] [100%] Built target ament_cmake_python_build_rtcm_msgs_egg
[0.846s] Invoked command in '/home/lhl/fixposition_driver/build/rtcm_msgs' returned '0': CMAKE_PREFIX_PATH=${CMAKE_PREFIX_PATH}:/home/lhl/fixposition_driver/install/fixposition_extractor:/opt/ros/humble /usr/bin/cmake --build /home/lhl/fixposition_driver/build/rtcm_msgs -- -j8 -l8
[0.962s] Invoking command in '/home/lhl/fixposition_driver/build/rtcm_msgs': CMAKE_PREFIX_PATH=${CMAKE_PREFIX_PATH}:/home/lhl/fixposition_driver/install/fixposition_extractor:/opt/ros/humble /usr/bin/cmake --install /home/lhl/fixposition_driver/build/rtcm_msgs
[0.977s] -- Install configuration: ""
[0.978s] -- Up-to-date: /home/lhl/fixposition_driver/install/rtcm_msgs/share/ament_index/resource_index/rosidl_interfaces/rtcm_msgs
[0.978s] -- Up-to-date: /home/lhl/fixposition_driver/install/rtcm_msgs/include/rtcm_msgs/rtcm_msgs
[0.978s] -- Up-to-date: /home/lhl/fixposition_driver/install/rtcm_msgs/include/rtcm_msgs/rtcm_msgs/msg
[0.978s] -- Up-to-date: /home/lhl/fixposition_driver/install/rtcm_msgs/include/rtcm_msgs/rtcm_msgs/msg/detail
[0.978s] -- Up-to-date: /home/lhl/fixposition_driver/install/rtcm_msgs/include/rtcm_msgs/rtcm_msgs/msg/detail/message__type_support.h
[0.979s] -- Up-to-date: /home/lhl/fixposition_driver/install/rtcm_msgs/include/rtcm_msgs/rtcm_msgs/msg/detail/message__functions.h
[0.979s] -- Up-to-date: /home/lhl/fixposition_driver/install/rtcm_msgs/include/rtcm_msgs/rtcm_msgs/msg/detail/message__struct.h
[0.979s] -- Up-to-date: /home/lhl/fixposition_driver/install/rtcm_msgs/include/rtcm_msgs/rtcm_msgs/msg/detail/message__functions.c
[0.979s] -- Up-to-date: /home/lhl/fixposition_driver/install/rtcm_msgs/include/rtcm_msgs/rtcm_msgs/msg/rosidl_generator_c__visibility_control.h
[0.979s] -- Up-to-date: /home/lhl/fixposition_driver/install/rtcm_msgs/include/rtcm_msgs/rtcm_msgs/msg/message.h
[0.979s] -- Up-to-date: /home/lhl/fixposition_driver/install/rtcm_msgs/share/rtcm_msgs/environment/library_path.sh
[0.980s] -- Up-to-date: /home/lhl/fixposition_driver/install/rtcm_msgs/share/rtcm_msgs/environment/library_path.dsv
[0.980s] -- Up-to-date: /home/lhl/fixposition_driver/install/rtcm_msgs/lib/librtcm_msgs__rosidl_generator_c.so
[0.980s] -- Up-to-date: /home/lhl/fixposition_driver/install/rtcm_msgs/include/rtcm_msgs/rtcm_msgs
[0.980s] -- Up-to-date: /home/lhl/fixposition_driver/install/rtcm_msgs/include/rtcm_msgs/rtcm_msgs/msg
[0.980s] -- Up-to-date: /home/lhl/fixposition_driver/install/rtcm_msgs/include/rtcm_msgs/rtcm_msgs/msg/detail
[0.980s] -- Up-to-date: /home/lhl/fixposition_driver/install/rtcm_msgs/include/rtcm_msgs/rtcm_msgs/msg/detail/message__rosidl_typesupport_fastrtps_c.h
[0.981s] -- Up-to-date: /home/lhl/fixposition_driver/install/rtcm_msgs/include/rtcm_msgs/rtcm_msgs/msg/rosidl_typesupport_fastrtps_c__visibility_control.h
[0.981s] -- Up-to-date: /home/lhl/fixposition_driver/install/rtcm_msgs/lib/librtcm_msgs__rosidl_typesupport_fastrtps_c.so
[0.981s] -- Up-to-date: /home/lhl/fixposition_driver/install/rtcm_msgs/include/rtcm_msgs/rtcm_msgs
[0.981s] -- Up-to-date: /home/lhl/fixposition_driver/install/rtcm_msgs/include/rtcm_msgs/rtcm_msgs/msg
[0.981s] -- Up-to-date: /home/lhl/fixposition_driver/install/rtcm_msgs/include/rtcm_msgs/rtcm_msgs/msg/message.hpp
[0.981s] -- Up-to-date: /home/lhl/fixposition_driver/install/rtcm_msgs/include/rtcm_msgs/rtcm_msgs/msg/detail
[0.981s] -- Up-to-date: /home/lhl/fixposition_driver/install/rtcm_msgs/include/rtcm_msgs/rtcm_msgs/msg/detail/message__struct.hpp
[0.982s] -- Up-to-date: /home/lhl/fixposition_driver/install/rtcm_msgs/include/rtcm_msgs/rtcm_msgs/msg/detail/message__traits.hpp
[0.982s] -- Up-to-date: /home/lhl/fixposition_driver/install/rtcm_msgs/include/rtcm_msgs/rtcm_msgs/msg/detail/message__builder.hpp
[0.982s] -- Up-to-date: /home/lhl/fixposition_driver/install/rtcm_msgs/include/rtcm_msgs/rtcm_msgs
[0.982s] -- Up-to-date: /home/lhl/fixposition_driver/install/rtcm_msgs/include/rtcm_msgs/rtcm_msgs/msg
[0.982s] -- Up-to-date: /home/lhl/fixposition_driver/install/rtcm_msgs/include/rtcm_msgs/rtcm_msgs/msg/detail
[0.982s] -- Up-to-date: /home/lhl/fixposition_driver/install/rtcm_msgs/include/rtcm_msgs/rtcm_msgs/msg/detail/message__rosidl_typesupport_fastrtps_cpp.hpp
[0.983s] -- Up-to-date: /home/lhl/fixposition_driver/install/rtcm_msgs/include/rtcm_msgs/rtcm_msgs/msg/detail/dds_fastrtps
[0.983s] -- Up-to-date: /home/lhl/fixposition_driver/install/rtcm_msgs/include/rtcm_msgs/rtcm_msgs/msg/rosidl_typesupport_fastrtps_cpp__visibility_control.h
[0.983s] -- Up-to-date: /home/lhl/fixposition_driver/install/rtcm_msgs/lib/librtcm_msgs__rosidl_typesupport_fastrtps_cpp.so
[0.983s] -- Up-to-date: /home/lhl/fixposition_driver/install/rtcm_msgs/include/rtcm_msgs/rtcm_msgs
[0.983s] -- Up-to-date: /home/lhl/fixposition_driver/install/rtcm_msgs/include/rtcm_msgs/rtcm_msgs/msg
[0.983s] -- Up-to-date: /home/lhl/fixposition_driver/install/rtcm_msgs/include/rtcm_msgs/rtcm_msgs/msg/detail
[0.983s] -- Up-to-date: /home/lhl/fixposition_driver/install/rtcm_msgs/include/rtcm_msgs/rtcm_msgs/msg/detail/message__type_support.c
[0.984s] -- Up-to-date: /home/lhl/fixposition_driver/install/rtcm_msgs/include/rtcm_msgs/rtcm_msgs/msg/detail/message__rosidl_typesupport_introspection_c.h
[0.984s] -- Up-to-date: /home/lhl/fixposition_driver/install/rtcm_msgs/include/rtcm_msgs/rtcm_msgs/msg/rosidl_typesupport_introspection_c__visibility_control.h
[0.984s] -- Up-to-date: /home/lhl/fixposition_driver/install/rtcm_msgs/lib/librtcm_msgs__rosidl_typesupport_introspection_c.so
[0.984s] -- Up-to-date: /home/lhl/fixposition_driver/install/rtcm_msgs/lib/librtcm_msgs__rosidl_typesupport_c.so
[0.984s] -- Up-to-date: /home/lhl/fixposition_driver/install/rtcm_msgs/include/rtcm_msgs/rtcm_msgs
[0.984s] -- Up-to-date: /home/lhl/fixposition_driver/install/rtcm_msgs/include/rtcm_msgs/rtcm_msgs/msg
[0.985s] -- Up-to-date: /home/lhl/fixposition_driver/install/rtcm_msgs/include/rtcm_msgs/rtcm_msgs/msg/detail
[0.985s] -- Up-to-date: /home/lhl/fixposition_driver/install/rtcm_msgs/include/rtcm_msgs/rtcm_msgs/msg/detail/message__rosidl_typesupport_introspection_cpp.hpp
[0.985s] -- Up-to-date: /home/lhl/fixposition_driver/install/rtcm_msgs/include/rtcm_msgs/rtcm_msgs/msg/detail/message__type_support.cpp
[0.985s] -- Up-to-date: /home/lhl/fixposition_driver/install/rtcm_msgs/lib/librtcm_msgs__rosidl_typesupport_introspection_cpp.so
[0.985s] -- Up-to-date: /home/lhl/fixposition_driver/install/rtcm_msgs/lib/librtcm_msgs__rosidl_typesupport_cpp.so
[0.985s] -- Up-to-date: /home/lhl/fixposition_driver/install/rtcm_msgs/share/rtcm_msgs/environment/pythonpath.sh
[0.985s] -- Up-to-date: /home/lhl/fixposition_driver/install/rtcm_msgs/share/rtcm_msgs/environment/pythonpath.dsv
[0.985s] -- Up-to-date: /home/lhl/fixposition_driver/install/rtcm_msgs/local/lib/python3.10/dist-packages/rtcm_msgs-1.1.6-py3.10.egg-info
[0.986s] -- Installing: /home/lhl/fixposition_driver/install/rtcm_msgs/local/lib/python3.10/dist-packages/rtcm_msgs-1.1.6-py3.10.egg-info/dependency_links.txt
[0.986s] -- Installing: /home/lhl/fixposition_driver/install/rtcm_msgs/local/lib/python3.10/dist-packages/rtcm_msgs-1.1.6-py3.10.egg-info/PKG-INFO
[0.986s] -- Installing: /home/lhl/fixposition_driver/install/rtcm_msgs/local/lib/python3.10/dist-packages/rtcm_msgs-1.1.6-py3.10.egg-info/top_level.txt
[0.986s] -- Installing: /home/lhl/fixposition_driver/install/rtcm_msgs/local/lib/python3.10/dist-packages/rtcm_msgs-1.1.6-py3.10.egg-info/SOURCES.txt
[0.986s] -- Up-to-date: /home/lhl/fixposition_driver/install/rtcm_msgs/local/lib/python3.10/dist-packages/rtcm_msgs
[0.986s] -- Up-to-date: /home/lhl/fixposition_driver/install/rtcm_msgs/local/lib/python3.10/dist-packages/rtcm_msgs/_rtcm_msgs_s.ep.rosidl_typesupport_fastrtps_c.c
[0.986s] -- Up-to-date: /home/lhl/fixposition_driver/install/rtcm_msgs/local/lib/python3.10/dist-packages/rtcm_msgs/_rtcm_msgs_s.ep.rosidl_typesupport_c.c
[0.986s] -- Up-to-date: /home/lhl/fixposition_driver/install/rtcm_msgs/local/lib/python3.10/dist-packages/rtcm_msgs/rtcm_msgs_s__rosidl_typesupport_fastrtps_c.cpython-310-aarch64-linux-gnu.so
[0.987s] -- Up-to-date: /home/lhl/fixposition_driver/install/rtcm_msgs/local/lib/python3.10/dist-packages/rtcm_msgs/librtcm_msgs__rosidl_generator_py.so
[0.987s] -- Up-to-date: /home/lhl/fixposition_driver/install/rtcm_msgs/local/lib/python3.10/dist-packages/rtcm_msgs/rtcm_msgs_s__rosidl_typesupport_introspection_c.cpython-310-aarch64-linux-gnu.so
[0.987s] -- Up-to-date: /home/lhl/fixposition_driver/install/rtcm_msgs/local/lib/python3.10/dist-packages/rtcm_msgs/msg
[0.988s] -- Up-to-date: /home/lhl/fixposition_driver/install/rtcm_msgs/local/lib/python3.10/dist-packages/rtcm_msgs/msg/_message.py
[0.988s] -- Up-to-date: /home/lhl/fixposition_driver/install/rtcm_msgs/local/lib/python3.10/dist-packages/rtcm_msgs/msg/_message_s.c
[0.988s] -- Up-to-date: /home/lhl/fixposition_driver/install/rtcm_msgs/local/lib/python3.10/dist-packages/rtcm_msgs/msg/__init__.py
[0.988s] -- Up-to-date: /home/lhl/fixposition_driver/install/rtcm_msgs/local/lib/python3.10/dist-packages/rtcm_msgs/__init__.py
[0.988s] -- Up-to-date: /home/lhl/fixposition_driver/install/rtcm_msgs/local/lib/python3.10/dist-packages/rtcm_msgs/rtcm_msgs_s__rosidl_typesupport_c.cpython-310-aarch64-linux-gnu.so
[0.988s] -- Up-to-date: /home/lhl/fixposition_driver/install/rtcm_msgs/local/lib/python3.10/dist-packages/rtcm_msgs/_rtcm_msgs_s.ep.rosidl_typesupport_introspection_c.c
[1.044s] Listing '/home/lhl/fixposition_driver/install/rtcm_msgs/local/lib/python3.10/dist-packages/rtcm_msgs'...
[1.044s] Listing '/home/lhl/fixposition_driver/install/rtcm_msgs/local/lib/python3.10/dist-packages/rtcm_msgs/msg'...
[1.054s] -- Up-to-date: /home/lhl/fixposition_driver/install/rtcm_msgs/local/lib/python3.10/dist-packages/rtcm_msgs/rtcm_msgs_s__rosidl_typesupport_fastrtps_c.cpython-310-aarch64-linux-gnu.so
[1.055s] -- Up-to-date: /home/lhl/fixposition_driver/install/rtcm_msgs/local/lib/python3.10/dist-packages/rtcm_msgs/rtcm_msgs_s__rosidl_typesupport_introspection_c.cpython-310-aarch64-linux-gnu.so
[1.055s] -- Up-to-date: /home/lhl/fixposition_driver/install/rtcm_msgs/local/lib/python3.10/dist-packages/rtcm_msgs/rtcm_msgs_s__rosidl_typesupport_c.cpython-310-aarch64-linux-gnu.so
[1.055s] -- Up-to-date: /home/lhl/fixposition_driver/install/rtcm_msgs/lib/librtcm_msgs__rosidl_generator_py.so
[1.056s] -- Up-to-date: /home/lhl/fixposition_driver/install/rtcm_msgs/share/rtcm_msgs/msg/Message.idl
[1.056s] -- Up-to-date: /home/lhl/fixposition_driver/install/rtcm_msgs/share/rtcm_msgs/msg/Message.msg
[1.057s] -- Up-to-date: /home/lhl/fixposition_driver/install/rtcm_msgs/share/ament_index/resource_index/package_run_dependencies/rtcm_msgs
[1.057s] -- Up-to-date: /home/lhl/fixposition_driver/install/rtcm_msgs/share/ament_index/resource_index/parent_prefix_path/rtcm_msgs
[1.057s] -- Up-to-date: /home/lhl/fixposition_driver/install/rtcm_msgs/share/rtcm_msgs/environment/ament_prefix_path.sh
[1.057s] -- Up-to-date: /home/lhl/fixposition_driver/install/rtcm_msgs/share/rtcm_msgs/environment/ament_prefix_path.dsv
[1.058s] -- Up-to-date: /home/lhl/fixposition_driver/install/rtcm_msgs/share/rtcm_msgs/environment/path.sh
[1.058s] -- Up-to-date: /home/lhl/fixposition_driver/install/rtcm_msgs/share/rtcm_msgs/environment/path.dsv
[1.058s] -- Up-to-date: /home/lhl/fixposition_driver/install/rtcm_msgs/share/rtcm_msgs/local_setup.bash
[1.058s] -- Up-to-date: /home/lhl/fixposition_driver/install/rtcm_msgs/share/rtcm_msgs/local_setup.sh
[1.058s] -- Up-to-date: /home/lhl/fixposition_driver/install/rtcm_msgs/share/rtcm_msgs/local_setup.zsh
[1.059s] -- Up-to-date: /home/lhl/fixposition_driver/install/rtcm_msgs/share/rtcm_msgs/local_setup.dsv
[1.059s] -- Installing: /home/lhl/fixposition_driver/install/rtcm_msgs/share/rtcm_msgs/package.dsv
[1.059s] -- Up-to-date: /home/lhl/fixposition_driver/install/rtcm_msgs/share/ament_index/resource_index/packages/rtcm_msgs
[1.059s] -- Up-to-date: /home/lhl/fixposition_driver/install/rtcm_msgs/share/rtcm_msgs/cmake/export_rtcm_msgs__rosidl_generator_cExport.cmake
[1.059s] -- Up-to-date: /home/lhl/fixposition_driver/install/rtcm_msgs/share/rtcm_msgs/cmake/export_rtcm_msgs__rosidl_generator_cExport-noconfig.cmake
[1.060s] -- Up-to-date: /home/lhl/fixposition_driver/install/rtcm_msgs/share/rtcm_msgs/cmake/export_rtcm_msgs__rosidl_typesupport_fastrtps_cExport.cmake
[1.060s] -- Up-to-date: /home/lhl/fixposition_driver/install/rtcm_msgs/share/rtcm_msgs/cmake/export_rtcm_msgs__rosidl_typesupport_fastrtps_cExport-noconfig.cmake
[1.060s] -- Up-to-date: /home/lhl/fixposition_driver/install/rtcm_msgs/share/rtcm_msgs/cmake/export_rtcm_msgs__rosidl_generator_cppExport.cmake
[1.060s] -- Up-to-date: /home/lhl/fixposition_driver/install/rtcm_msgs/share/rtcm_msgs/cmake/export_rtcm_msgs__rosidl_typesupport_fastrtps_cppExport.cmake
[1.061s] -- Up-to-date: /home/lhl/fixposition_driver/install/rtcm_msgs/share/rtcm_msgs/cmake/export_rtcm_msgs__rosidl_typesupport_fastrtps_cppExport-noconfig.cmake
[1.061s] -- Up-to-date: /home/lhl/fixposition_driver/install/rtcm_msgs/share/rtcm_msgs/cmake/rtcm_msgs__rosidl_typesupport_introspection_cExport.cmake
[1.061s] -- Up-to-date: /home/lhl/fixposition_driver/install/rtcm_msgs/share/rtcm_msgs/cmake/rtcm_msgs__rosidl_typesupport_introspection_cExport-noconfig.cmake
[1.061s] -- Up-to-date: /home/lhl/fixposition_driver/install/rtcm_msgs/share/rtcm_msgs/cmake/rtcm_msgs__rosidl_typesupport_cExport.cmake
[1.061s] -- Up-to-date: /home/lhl/fixposition_driver/install/rtcm_msgs/share/rtcm_msgs/cmake/rtcm_msgs__rosidl_typesupport_cExport-noconfig.cmake
[1.061s] -- Up-to-date: /home/lhl/fixposition_driver/install/rtcm_msgs/share/rtcm_msgs/cmake/rtcm_msgs__rosidl_typesupport_introspection_cppExport.cmake
[1.061s] -- Up-to-date: /home/lhl/fixposition_driver/install/rtcm_msgs/share/rtcm_msgs/cmake/rtcm_msgs__rosidl_typesupport_introspection_cppExport-noconfig.cmake
[1.062s] -- Up-to-date: /home/lhl/fixposition_driver/install/rtcm_msgs/share/rtcm_msgs/cmake/rtcm_msgs__rosidl_typesupport_cppExport.cmake
[1.062s] -- Up-to-date: /home/lhl/fixposition_driver/install/rtcm_msgs/share/rtcm_msgs/cmake/rtcm_msgs__rosidl_typesupport_cppExport-noconfig.cmake
[1.062s] -- Up-to-date: /home/lhl/fixposition_driver/install/rtcm_msgs/share/rtcm_msgs/cmake/export_rtcm_msgs__rosidl_generator_pyExport.cmake
[1.062s] -- Up-to-date: /home/lhl/fixposition_driver/install/rtcm_msgs/share/rtcm_msgs/cmake/export_rtcm_msgs__rosidl_generator_pyExport-noconfig.cmake
[1.062s] -- Up-to-date: /home/lhl/fixposition_driver/install/rtcm_msgs/share/rtcm_msgs/cmake/rosidl_cmake-extras.cmake
[1.062s] -- Up-to-date: /home/lhl/fixposition_driver/install/rtcm_msgs/share/rtcm_msgs/cmake/ament_cmake_export_dependencies-extras.cmake
[1.062s] -- Up-to-date: /home/lhl/fixposition_driver/install/rtcm_msgs/share/rtcm_msgs/cmake/ament_cmake_export_include_directories-extras.cmake
[1.063s] -- Up-to-date: /home/lhl/fixposition_driver/install/rtcm_msgs/share/rtcm_msgs/cmake/ament_cmake_export_libraries-extras.cmake
[1.063s] -- Up-to-date: /home/lhl/fixposition_driver/install/rtcm_msgs/share/rtcm_msgs/cmake/ament_cmake_export_targets-extras.cmake
[1.063s] -- Up-to-date: /home/lhl/fixposition_driver/install/rtcm_msgs/share/rtcm_msgs/cmake/rosidl_cmake_export_typesupport_targets-extras.cmake
[1.063s] -- Up-to-date: /home/lhl/fixposition_driver/install/rtcm_msgs/share/rtcm_msgs/cmake/rosidl_cmake_export_typesupport_libraries-extras.cmake
[1.063s] -- Up-to-date: /home/lhl/fixposition_driver/install/rtcm_msgs/share/rtcm_msgs/cmake/rtcm_msgsConfig.cmake
[1.063s] -- Up-to-date: /home/lhl/fixposition_driver/install/rtcm_msgs/share/rtcm_msgs/cmake/rtcm_msgsConfig-version.cmake
[1.063s] -- Up-to-date: /home/lhl/fixposition_driver/install/rtcm_msgs/share/rtcm_msgs/package.xml
[1.069s] Invoked command in '/home/lhl/fixposition_driver/build/rtcm_msgs' returned '0': CMAKE_PREFIX_PATH=${CMAKE_PREFIX_PATH}:/home/lhl/fixposition_driver/install/fixposition_extractor:/opt/ros/humble /usr/bin/cmake --install /home/lhl/fixposition_driver/build/rtcm_msgs
